    OpenRGB v0.9
    Commit:  from 
    Launched: 20240315_172434
====================================================================================================

0     |Info:    Found file: Main.orp attempting to validate header
0     |Info:    Valid v4 profile found for Main
1005  |Info:    ------------------------------------------------------
1005  |Info:    |               Start device detection               |
1005  |Info:    ------------------------------------------------------
1005  |Info:    Initializing HID interfaces: Success
1010  |Info:    ------------------------------------------------------
1010  |Info:    |             Detecting I2C interfaces               |
1010  |Info:    ------------------------------------------------------
1010  |Info:    Registering I2C interface: /dev/i2c-3 Device 8086:4C8A Subsystem: 1462:7D07
1010  |Warning: [i2c_smbus_linux] Failed to read i2c device PCI device ID
1010  |Info:    Registering I2C interface: /dev/i2c-10 Device 0000:0000 Subsystem: 0000:0000
1010  |Info:    Registering I2C interface: /dev/i2c-1 Device 8086:4C8A Subsystem: 1462:7D07
1010  |Info:    Registering I2C interface: /dev/i2c-8 Device 8086:4C8A Subsystem: 1462:7D07
1010  |Info:    Registering I2C interface: /dev/i2c-6 Device 8086:4C8A Subsystem: 1462:7D07
1010  |Info:    Registering I2C interface: /dev/i2c-4 Device 8086:4C8A Subsystem: 1462:7D07
1010  |Info:    Registering I2C interface: /dev/i2c-2 Device 8086:4C8A Subsystem: 1462:7D07
1010  |Info:    Registering I2C interface: /dev/i2c-0 Device 8086:43A3 Subsystem: 1462:7D07
1010  |Info:    Registering I2C interface: /dev/i2c-9 Device 8086:4C8A Subsystem: 1462:7D07
1010  |Info:    Registering I2C interface: /dev/i2c-7 Device 8086:4C8A Subsystem: 1462:7D07
1010  |Info:    Registering I2C interface: /dev/i2c-5 Device 8086:4C8A Subsystem: 1462:7D07
1010  |Info:    ------------------------------------------------------
1010  |Info:    |               Detecting I2C devices                |
1010  |Info:    ------------------------------------------------------
1425  |Info:    [Corsair Vengeance Pro RGB] Registering RGB controller
1447  |Info:    [Corsair Vengeance Pro RGB] Registering RGB controller
1697  |Info:    ------------------------------------------------------
1698  |Info:    |               Detecting I2C PCI devices            |
1698  |Info:    ------------------------------------------------------
1698  |Info:    ------------------------------------------------------
1698  |Info:    |               Detecting HID devices                |
1698  |Info:    ------------------------------------------------------
1848  |Info:    [Corsair Commander Core] Registering RGB controller
1919  |Info:    [MSI MPG Z590 GAMING EDGE WIFI (MS-7D07)] Registering RGB controller
2306  |Info:    [G502 HERO Gaming Mouse] Registering RGB controller
2316  |Info:    [Razer Goliathus] Registering RGB controller
2316  |Info:    ------------------------------------------------------
2316  |Info:    |            Detecting libusb HID devices            |
2316  |Info:    ------------------------------------------------------
2331  |Info:    [HyperX Quadcast S] Registering RGB controller
2331  |Info:    ------------------------------------------------------
2331  |Info:    |              Detecting other devices               |
2331  |Info:    ------------------------------------------------------
2335  |Info:    ------------------------------------------------------
2335  |Info:    |                Detection completed                 |
2335  |Info:    ------------------------------------------------------
25716 |Info:    Profile loading: Succeeded for Corsair Vengeance Pro RGB @ I2C: /dev/i2c-0, address 0x59
25716 |Info:    Profile loading: Succeeded for Corsair Vengeance Pro RGB @ I2C: /dev/i2c-0, address 0x5B
25716 |Info:    Profile loading: Succeeded for Corsair Commander Core @ HID: /dev/hidraw5
25716 |Info:    Profile loading: Succeeded for MSI MPG Z590 GAMING EDGE WIFI (MS-7D07) @ HID: /dev/hidraw0
25716 |Info:    Profile loading: Succeeded for G502 HERO Gaming Mouse @ HID: /dev/hidraw3 (Receiver) 
Wireless Index: 255
25716 |Info:    Profile loading: Succeeded for Razer Goliathus @ HID: /dev/hidraw8
25716 |Info:    Profile loading: FAILED! for HyperX Quadcast S @ 1-12.1:1.0
