    OpenRGB v0.9
    Commit:  from 
    Launched: 20240225_093802
====================================================================================================

0     |Info:    Found file: Main.orp attempting to validate header
0     |Info:    Valid v4 profile found for Main
1003  |Info:    ------------------------------------------------------
1003  |Info:    |               Start device detection               |
1003  |Info:    ------------------------------------------------------
1004  |Info:    Initializing HID interfaces: Success
1011  |Info:    ------------------------------------------------------
1011  |Info:    |             Detecting I2C interfaces               |
1011  |Info:    ------------------------------------------------------
1011  |Info:    Registering I2C interface: /dev/i2c-3 Device 10DE:2482 Subsystem: 1043:880E
1011  |Info:    Registering I2C interface: /dev/i2c-1 Device 10DE:2482 Subsystem: 1043:880E
1011  |Info:    Registering I2C interface: /dev/i2c-6 Device 10DE:2482 Subsystem: 1043:880E
1011  |Info:    Registering I2C interface: /dev/i2c-4 Device 10DE:2482 Subsystem: 1043:880E
1011  |Info:    Registering I2C interface: /dev/i2c-2 Device 10DE:2482 Subsystem: 1043:880E
1011  |Info:    Registering I2C interface: /dev/i2c-0 Device 8086:43A3 Subsystem: 1462:7D07
1011  |Info:    Registering I2C interface: /dev/i2c-5 Device 10DE:2482 Subsystem: 1043:880E
1011  |Info:    ------------------------------------------------------
1011  |Info:    |               Detecting I2C devices                |
1011  |Info:    ------------------------------------------------------
1244  |Info:    [Corsair Vengeance Pro RGB] Registering RGB controller
1266  |Info:    [Corsair Vengeance Pro RGB] Registering RGB controller
1363  |Info:    ------------------------------------------------------
1363  |Info:    |               Detecting I2C PCI devices            |
1363  |Info:    ------------------------------------------------------
1684  |Info:    [ASUS ROG STRIX 3070Ti O8G GAMING] Registering RGB controller
1853  |Info:    ------------------------------------------------------
1853  |Info:    |               Detecting HID devices                |
1853  |Info:    ------------------------------------------------------
1866  |Info:    [KLM] Created new Full 104 key ISO QWERTY with 6 rows and 21 columns containing 105 keys
1866  |Info:    [Razer Cynosa Chroma V2] Registering RGB controller
1999  |Info:    [Corsair Commander Core] Registering RGB controller
2073  |Info:    [MSI MPG Z590 GAMING EDGE WIFI (MS-7D07)] Registering RGB controller
2460  |Info:    [G502 HERO Gaming Mouse] Registering RGB controller
2470  |Info:    [Razer Goliathus] Registering RGB controller
2470  |Info:    ------------------------------------------------------
2470  |Info:    |            Detecting libusb HID devices            |
2470  |Info:    ------------------------------------------------------
2493  |Info:    [HyperX Quadcast S] Registering RGB controller
2493  |Info:    ------------------------------------------------------
2493  |Info:    |              Detecting other devices               |
2493  |Info:    ------------------------------------------------------
2497  |Info:    ------------------------------------------------------
2497  |Info:    |                Detection completed                 |
2497  |Info:    ------------------------------------------------------
3210  |Info:    Profile loading: Succeeded for Corsair Vengeance Pro RGB @ I2C: /dev/i2c-0, address 0x59
3210  |Info:    Profile loading: Succeeded for Corsair Vengeance Pro RGB @ I2C: /dev/i2c-0, address 0x5B
3210  |Info:    Profile loading: Succeeded for ASUS ROG STRIX 3070Ti O8G GAMING @ I2C: /dev/i2c-1, address 0x67
3210  |Info:    Profile loading: Succeeded for Razer Cynosa Chroma V2 @ HID: /dev/hidraw9
3210  |Info:    Profile loading: Succeeded for Corsair Commander Core @ HID: /dev/hidraw11
3210  |Info:    Profile loading: Succeeded for MSI MPG Z590 GAMING EDGE WIFI (MS-7D07) @ HID: /dev/hidraw0
3210  |Info:    Profile loading: Succeeded for G502 HERO Gaming Mouse @ HID: /dev/hidraw3 (Receiver) 
Wireless Index: 255
3210  |Info:    Profile loading: Succeeded for Razer Goliathus @ HID: /dev/hidraw4
3210  |Info:    Profile loading: FAILED! for HyperX Quadcast S @ 1-12.1:1.0
