    OpenRGB v0.9
    Commit:  from 
    Launched: 20240705_055524
====================================================================================================

0     |Info:    Found file: Main.orp attempting to validate header
0     |Info:    Valid v4 profile found for Main
1005  |Info:    ------------------------------------------------------
1005  |Info:    |               Start device detection               |
1005  |Info:    ------------------------------------------------------
1006  |Info:    Initializing HID interfaces: Success
1009  |Info:    ------------------------------------------------------
1009  |Info:    |             Detecting I2C interfaces               |
1009  |Info:    ------------------------------------------------------
1009  |Info:    Registering I2C interface: /dev/i2c-3 Device 10DE:2482 Subsystem: 1043:880E
1009  |Info:    Registering I2C interface: /dev/i2c-1 Device 10DE:2482 Subsystem: 1043:880E
1009  |Info:    Registering I2C interface: /dev/i2c-6 Device 8086:43A3 Subsystem: 1462:7D07
1009  |Info:    Registering I2C interface: /dev/i2c-4 Device 10DE:2482 Subsystem: 1043:880E
1009  |Info:    Registering I2C interface: /dev/i2c-2 Device 10DE:2482 Subsystem: 1043:880E
1009  |Info:    Registering I2C interface: /dev/i2c-0 Device 10DE:2482 Subsystem: 1043:880E
1009  |Info:    Registering I2C interface: /dev/i2c-5 Device 10DE:2482 Subsystem: 1043:880E
1009  |Info:    ------------------------------------------------------
1009  |Info:    |               Detecting I2C devices                |
1009  |Info:    ------------------------------------------------------
1081  |Info:    [Corsair Vengeance Pro RGB] Registering RGB controller
1104  |Info:    [Corsair Vengeance Pro RGB] Registering RGB controller
1341  |Info:    ------------------------------------------------------
1341  |Info:    |               Detecting I2C PCI devices            |
1341  |Info:    ------------------------------------------------------
1787  |Info:    [ASUS ROG STRIX 3070Ti O8G GAMING] Registering RGB controller
1830  |Info:    ------------------------------------------------------
1830  |Info:    |               Detecting HID devices                |
1830  |Info:    ------------------------------------------------------
1840  |Info:    [Razer Goliathus] Registering RGB controller
1950  |Info:    [Corsair Commander Core] Registering RGB controller
1965  |Info:    [MSI MPG Z590 GAMING EDGE WIFI (MS-7D07)] Registering RGB controller
2353  |Info:    [G502 HERO Gaming Mouse] Registering RGB controller
2353  |Info:    ------------------------------------------------------
2353  |Info:    |            Detecting libusb HID devices            |
2353  |Info:    ------------------------------------------------------
2367  |Info:    [HyperX Quadcast S] Registering RGB controller
2367  |Info:    ------------------------------------------------------
2367  |Info:    |              Detecting other devices               |
2367  |Info:    ------------------------------------------------------
2371  |Info:    ------------------------------------------------------
2371  |Info:    |                Detection completed                 |
2371  |Info:    ------------------------------------------------------
4779  |Info:    Profile loading: Succeeded for Corsair Vengeance Pro RGB @ I2C: /dev/i2c-6, address 0x59
4779  |Info:    Profile loading: Succeeded for Corsair Vengeance Pro RGB @ I2C: /dev/i2c-6, address 0x5B
4779  |Info:    Profile loading: Succeeded for ASUS ROG STRIX 3070Ti O8G GAMING @ I2C: /dev/i2c-0, address 0x67
4779  |Info:    Profile loading: Succeeded for Razer Goliathus @ HID: /dev/hidraw8
4779  |Info:    Profile loading: Succeeded for Corsair Commander Core @ HID: /dev/hidraw5
4779  |Info:    Profile loading: Succeeded for MSI MPG Z590 GAMING EDGE WIFI (MS-7D07) @ HID: /dev/hidraw0
4779  |Info:    Profile loading: Succeeded for G502 HERO Gaming Mouse @ HID: /dev/hidraw3 (Receiver) 
Wireless Index: 255
4779  |Info:    Profile loading: FAILED! for HyperX Quadcast S @ 1-12.1:1.0
