    OpenRGB v0.9
    Commit:  from 
    Launched: 20240704_032455
====================================================================================================

0     |Info:    Found file: Main.orp attempting to validate header
0     |Info:    Valid v4 profile found for Main
1001  |Info:    ------------------------------------------------------
1001  |Info:    |               Start device detection               |
1001  |Info:    ------------------------------------------------------
1001  |Info:    Initializing HID interfaces: Success
1005  |Info:    ------------------------------------------------------
1005  |Info:    |             Detecting I2C interfaces               |
1005  |Info:    ------------------------------------------------------
1005  |Info:    Registering I2C interface: /dev/i2c-3 Device 10DE:2482 Subsystem: 1043:880E
1005  |Info:    Registering I2C interface: /dev/i2c-1 Device 10DE:2482 Subsystem: 1043:880E
1005  |Info:    Registering I2C interface: /dev/i2c-6 Device 8086:43A3 Subsystem: 1462:7D07
1005  |Info:    Registering I2C interface: /dev/i2c-4 Device 10DE:2482 Subsystem: 1043:880E
1005  |Info:    Registering I2C interface: /dev/i2c-2 Device 10DE:2482 Subsystem: 1043:880E
1005  |Info:    Registering I2C interface: /dev/i2c-0 Device 10DE:2482 Subsystem: 1043:880E
1005  |Info:    Registering I2C interface: /dev/i2c-5 Device 10DE:2482 Subsystem: 1043:880E
1005  |Info:    ------------------------------------------------------
1005  |Info:    |               Detecting I2C devices                |
1005  |Info:    ------------------------------------------------------
1077  |Info:    [Corsair Vengeance Pro RGB] Registering RGB controller
1099  |Info:    [Corsair Vengeance Pro RGB] Registering RGB controller
1338  |Info:    ------------------------------------------------------
1338  |Info:    |               Detecting I2C PCI devices            |
1338  |Info:    ------------------------------------------------------
1671  |Info:    [ASUS ROG STRIX 3070Ti O8G GAMING] Registering RGB controller
1712  |Info:    ------------------------------------------------------
1712  |Info:    |               Detecting HID devices                |
1712  |Info:    ------------------------------------------------------
1723  |Info:    [Razer Goliathus] Registering RGB controller
1855  |Info:    [Corsair Commander Core] Registering RGB controller
1930  |Info:    [MSI MPG Z590 GAMING EDGE WIFI (MS-7D07)] Registering RGB controller
2318  |Info:    [G502 HERO Gaming Mouse] Registering RGB controller
2318  |Info:    ------------------------------------------------------
2318  |Info:    |            Detecting libusb HID devices            |
2318  |Info:    ------------------------------------------------------
2332  |Info:    [HyperX Quadcast S] Registering RGB controller
2332  |Info:    ------------------------------------------------------
2332  |Info:    |              Detecting other devices               |
2332  |Info:    ------------------------------------------------------
2336  |Info:    ------------------------------------------------------
2336  |Info:    |                Detection completed                 |
2336  |Info:    ------------------------------------------------------
4472  |Info:    Profile loading: Succeeded for Corsair Vengeance Pro RGB @ I2C: /dev/i2c-6, address 0x59
4472  |Info:    Profile loading: Succeeded for Corsair Vengeance Pro RGB @ I2C: /dev/i2c-6, address 0x5B
4472  |Info:    Profile loading: Succeeded for ASUS ROG STRIX 3070Ti O8G GAMING @ I2C: /dev/i2c-0, address 0x67
4472  |Info:    Profile loading: Succeeded for Razer Goliathus @ HID: /dev/hidraw8
4472  |Info:    Profile loading: Succeeded for Corsair Commander Core @ HID: /dev/hidraw4
4472  |Info:    Profile loading: Succeeded for MSI MPG Z590 GAMING EDGE WIFI (MS-7D07) @ HID: /dev/hidraw0
4472  |Info:    Profile loading: Succeeded for G502 HERO Gaming Mouse @ HID: /dev/hidraw7 (Receiver) 
Wireless Index: 255
4472  |Info:    Profile loading: FAILED! for HyperX Quadcast S @ 1-12.1:1.0
