    OpenRGB v0.9
    Commit:  from 
    Launched: 20240722_115659
====================================================================================================

1     |Info:    Found file: Main.orp attempting to validate header
1     |Info:    Valid v4 profile found for Main
1002  |Info:    ------------------------------------------------------
1002  |Info:    |               Start device detection               |
1002  |Info:    ------------------------------------------------------
1002  |Info:    Initializing HID interfaces: Success
1006  |Info:    ------------------------------------------------------
1006  |Info:    |             Detecting I2C interfaces               |
1006  |Info:    ------------------------------------------------------
1006  |Info:    Registering I2C interface: /dev/i2c-3 Device 10DE:2482 Subsystem: 1043:880E
1006  |Info:    Registering I2C interface: /dev/i2c-1 Device 10DE:2482 Subsystem: 1043:880E
1006  |Info:    Registering I2C interface: /dev/i2c-6 Device 8086:43A3 Subsystem: 1462:7D07
1006  |Info:    Registering I2C interface: /dev/i2c-4 Device 10DE:2482 Subsystem: 1043:880E
1006  |Info:    Registering I2C interface: /dev/i2c-2 Device 10DE:2482 Subsystem: 1043:880E
1006  |Info:    Registering I2C interface: /dev/i2c-0 Device 10DE:2482 Subsystem: 1043:880E
1006  |Info:    Registering I2C interface: /dev/i2c-5 Device 10DE:2482 Subsystem: 1043:880E
1006  |Info:    ------------------------------------------------------
1006  |Info:    |               Detecting I2C devices                |
1006  |Info:    ------------------------------------------------------
1078  |Info:    [Corsair Vengeance Pro RGB] Registering RGB controller
1100  |Info:    [Corsair Vengeance Pro RGB] Registering RGB controller
1337  |Info:    ------------------------------------------------------
1337  |Info:    |               Detecting I2C PCI devices            |
1337  |Info:    ------------------------------------------------------
1805  |Info:    [ASUS ROG STRIX 3070Ti O8G GAMING] Registering RGB controller
1847  |Info:    ------------------------------------------------------
1847  |Info:    |               Detecting HID devices                |
1847  |Info:    ------------------------------------------------------
1858  |Info:    [Razer Goliathus] Registering RGB controller
1989  |Info:    [Corsair Commander Core] Registering RGB controller
2056  |Info:    [MSI MPG Z590 GAMING EDGE WIFI (MS-7D07)] Registering RGB controller
2444  |Info:    [G502 HERO Gaming Mouse] Registering RGB controller
2444  |Info:    ------------------------------------------------------
2444  |Info:    |            Detecting libusb HID devices            |
2444  |Info:    ------------------------------------------------------
2459  |Info:    [HyperX Quadcast S] Registering RGB controller
2459  |Info:    ------------------------------------------------------
2459  |Info:    |              Detecting other devices               |
2459  |Info:    ------------------------------------------------------
2463  |Info:    ------------------------------------------------------
2463  |Info:    |                Detection completed                 |
2463  |Info:    ------------------------------------------------------
4951  |Info:    Profile loading: Succeeded for Corsair Vengeance Pro RGB @ I2C: /dev/i2c-6, address 0x59
4952  |Info:    Profile loading: Succeeded for Corsair Vengeance Pro RGB @ I2C: /dev/i2c-6, address 0x5B
4952  |Info:    Profile loading: Succeeded for ASUS ROG STRIX 3070Ti O8G GAMING @ I2C: /dev/i2c-0, address 0x67
4952  |Info:    Profile loading: Succeeded for Razer Goliathus @ HID: /dev/hidraw8
4952  |Info:    Profile loading: Succeeded for Corsair Commander Core @ HID: /dev/hidraw5
4952  |Info:    Profile loading: Succeeded for MSI MPG Z590 GAMING EDGE WIFI (MS-7D07) @ HID: /dev/hidraw0
4952  |Info:    Profile loading: Succeeded for G502 HERO Gaming Mouse @ HID: /dev/hidraw12 (Receiver) 
Wireless Index: 255
4952  |Info:    Profile loading: FAILED! for HyperX Quadcast S @ 1-12.1:1.0
