    OpenRGB v0.9
    Commit:  from 
    Launched: 20240302_130301
====================================================================================================

0     |Info:    Found file: Main.orp attempting to validate header
0     |Info:    Valid v4 profile found for Main
1002  |Info:    ------------------------------------------------------
1002  |Info:    |               Start device detection               |
1002  |Info:    ------------------------------------------------------
1003  |Info:    Initializing HID interfaces: Success
1016  |Info:    ------------------------------------------------------
1016  |Info:    |             Detecting I2C interfaces               |
1016  |Info:    ------------------------------------------------------
1017  |Info:    Registering I2C interface: /dev/i2c-3 Device 10DE:2482 Subsystem: 1043:880E
1017  |Info:    Registering I2C interface: /dev/i2c-6 Device 10DE:2482 Subsystem: 1043:880E
1017  |Info:    Registering I2C interface: /dev/i2c-4 Device 10DE:2482 Subsystem: 1043:880E
1017  |Info:    Registering I2C interface: /dev/i2c-2 Device 10DE:2482 Subsystem: 1043:880E
1017  |Info:    Registering I2C interface: /dev/i2c-5 Device 10DE:2482 Subsystem: 1043:880E
1017  |Info:    ------------------------------------------------------
1017  |Info:    |               Detecting I2C devices                |
1017  |Info:    ------------------------------------------------------
1017  |Info:    ------------------------------------------------------
1017  |Info:    |               Detecting I2C PCI devices            |
1017  |Info:    ------------------------------------------------------
1028  |Info:    ------------------------------------------------------
1028  |Info:    |               Detecting HID devices                |
1028  |Info:    ------------------------------------------------------
1041  |Info:    [KLM] Created new Full 104 key ISO QWERTY with 6 rows and 21 columns containing 105 keys
1041  |Info:    [Razer Cynosa Chroma V2] Registering RGB controller
1093  |Info:    [Corsair Commander Core] Registering RGB controller
1109  |Info:    [MSI MPG Z590 GAMING EDGE WIFI (MS-7D07)] Registering RGB controller
1498  |Info:    [G502 HERO Gaming Mouse] Registering RGB controller
1508  |Info:    [Razer Goliathus] Registering RGB controller
1508  |Info:    ------------------------------------------------------
1508  |Info:    |            Detecting libusb HID devices            |
1508  |Info:    ------------------------------------------------------
1528  |Info:    ------------------------------------------------------
1528  |Info:    |              Detecting other devices               |
1528  |Info:    ------------------------------------------------------
1534  |Info:    ------------------------------------------------------
1534  |Info:    |                Detection completed                 |
1534  |Info:    ------------------------------------------------------
1534  |Dialog:  <h2>WARNING:</h2><p>One or more I2C/SMBus interfaces failed to initialize.</p><p>RGB DRAM modules and some motherboards' onboard RGB lighting will not be available without I2C/SMBus.</p><p>On Linux, this is usually because the i2c-dev module is not loaded.  You must load the i2c-dev module along with the correct i2c driver for your motherboard.  This is usually i2c-piix4 for AMD systems and i2c-i801 for Intel systems.</p><p>See <a href='https://help.openrgb.org/'>help.openrgb.org</a> for additional troubleshooting steps if you keep seeing this message.<br></p>
