    OpenRGB v0.9
    Commit:  from 
    Launched: 20240220_054127
====================================================================================================

0     |Info:    Found file: Main.orp attempting to validate header
1     |Info:    Valid v4 profile found for Main
1006  |Info:    ------------------------------------------------------
1006  |Info:    |               Start device detection               |
1006  |Info:    ------------------------------------------------------
1007  |Info:    Initializing HID interfaces: Success
1015  |Info:    ------------------------------------------------------
1015  |Info:    |             Detecting I2C interfaces               |
1015  |Info:    ------------------------------------------------------
1015  |Info:    Registering I2C interface: /dev/i2c-3 Device 10DE:2482 Subsystem: 1043:880E
1015  |Info:    Registering I2C interface: /dev/i2c-1 Device 10DE:2482 Subsystem: 1043:880E
1015  |Info:    Registering I2C interface: /dev/i2c-6 Device 10DE:2482 Subsystem: 1043:880E
1015  |Info:    Registering I2C interface: /dev/i2c-4 Device 10DE:2482 Subsystem: 1043:880E
1015  |Info:    Registering I2C interface: /dev/i2c-2 Device 10DE:2482 Subsystem: 1043:880E
1015  |Info:    Registering I2C interface: /dev/i2c-0 Device 8086:43A3 Subsystem: 1462:7D07
1015  |Info:    Registering I2C interface: /dev/i2c-5 Device 10DE:2482 Subsystem: 1043:880E
1015  |Info:    ------------------------------------------------------
1015  |Info:    |               Detecting I2C devices                |
1015  |Info:    ------------------------------------------------------
1248  |Info:    [Corsair Vengeance Pro RGB] Registering RGB controller
1271  |Info:    [Corsair Vengeance Pro RGB] Registering RGB controller
1375  |Info:    ------------------------------------------------------
1375  |Info:    |               Detecting I2C PCI devices            |
1375  |Info:    ------------------------------------------------------
1684  |Info:    [ASUS ROG STRIX 3070Ti O8G GAMING] Registering RGB controller
1853  |Info:    ------------------------------------------------------
1853  |Info:    |               Detecting HID devices                |
1853  |Info:    ------------------------------------------------------
1866  |Info:    [KLM] Created new Full 104 key ISO QWERTY with 6 rows and 21 columns containing 105 keys
1866  |Info:    [Razer Cynosa Chroma V2] Registering RGB controller
2022  |Info:    [Corsair Commander Core] Registering RGB controller
2095  |Info:    [MSI MPG Z590 GAMING EDGE WIFI (MS-7D07)] Registering RGB controller
2483  |Info:    [G502 HERO Gaming Mouse] Registering RGB controller
2493  |Info:    [Razer Goliathus] Registering RGB controller
2493  |Info:    ------------------------------------------------------
2493  |Info:    |            Detecting libusb HID devices            |
2493  |Info:    ------------------------------------------------------
2516  |Info:    [HyperX Quadcast S] Registering RGB controller
2516  |Info:    ------------------------------------------------------
2516  |Info:    |              Detecting other devices               |
2516  |Info:    ------------------------------------------------------
2519  |Info:    ------------------------------------------------------
2519  |Info:    |                Detection completed                 |
2519  |Info:    ------------------------------------------------------
3564  |Info:    Profile loading: Succeeded for Corsair Vengeance Pro RGB @ I2C: /dev/i2c-0, address 0x59
3564  |Info:    Profile loading: Succeeded for Corsair Vengeance Pro RGB @ I2C: /dev/i2c-0, address 0x5B
3564  |Info:    Profile loading: Succeeded for ASUS ROG STRIX 3070Ti O8G GAMING @ I2C: /dev/i2c-1, address 0x67
3564  |Info:    Profile loading: Succeeded for Razer Cynosa Chroma V2 @ HID: /dev/hidraw9
3564  |Info:    Profile loading: Succeeded for Corsair Commander Core @ HID: /dev/hidraw11
3564  |Info:    Profile loading: Succeeded for MSI MPG Z590 GAMING EDGE WIFI (MS-7D07) @ HID: /dev/hidraw0
3564  |Info:    Profile loading: Succeeded for G502 HERO Gaming Mouse @ HID: /dev/hidraw3 (Receiver) 
Wireless Index: 255
3564  |Info:    Profile loading: Succeeded for Razer Goliathus @ HID: /dev/hidraw4
3564  |Info:    Profile loading: FAILED! for HyperX Quadcast S @ 1-12.1:1.0
