    OpenRGB v0.9
    Commit:  from 
    Launched: 20240314_195154
====================================================================================================

1     |Info:    Found file: Main.orp attempting to validate header
3     |Info:    Valid v4 profile found for Main
1008  |Info:    ------------------------------------------------------
1008  |Info:    |               Start device detection               |
1008  |Info:    ------------------------------------------------------
1008  |Info:    Initializing HID interfaces: Success
1026  |Info:    ------------------------------------------------------
1026  |Info:    |             Detecting I2C interfaces               |
1026  |Info:    ------------------------------------------------------
1026  |Info:    Registering I2C interface: /dev/i2c-3 Device 10DE:2482 Subsystem: 1043:880E
1026  |Info:    Registering I2C interface: /dev/i2c-1 Device 10DE:2482 Subsystem: 1043:880E
1026  |Info:    Registering I2C interface: /dev/i2c-6 Device 10DE:2482 Subsystem: 1043:880E
1026  |Info:    Registering I2C interface: /dev/i2c-4 Device 10DE:2482 Subsystem: 1043:880E
1026  |Info:    Registering I2C interface: /dev/i2c-2 Device 10DE:2482 Subsystem: 1043:880E
1026  |Info:    Registering I2C interface: /dev/i2c-0 Device 8086:43A3 Subsystem: 1462:7D07
1026  |Info:    Registering I2C interface: /dev/i2c-5 Device 10DE:2482 Subsystem: 1043:880E
1026  |Info:    ------------------------------------------------------
1026  |Info:    |               Detecting I2C devices                |
1026  |Info:    ------------------------------------------------------
1098  |Info:    [Corsair Vengeance Pro RGB] Registering RGB controller
1121  |Info:    [Corsair Vengeance Pro RGB] Registering RGB controller
1371  |Info:    ------------------------------------------------------
1371  |Info:    |               Detecting I2C PCI devices            |
1371  |Info:    ------------------------------------------------------
1580  |Info:    [ASUS ROG STRIX 3070Ti O8G GAMING] Registering RGB controller
1743  |Info:    ------------------------------------------------------
1743  |Info:    |               Detecting HID devices                |
1743  |Info:    ------------------------------------------------------
1851  |Info:    [Corsair Commander Core] Registering RGB controller
1924  |Info:    [MSI MPG Z590 GAMING EDGE WIFI (MS-7D07)] Registering RGB controller
2312  |Info:    [G502 HERO Gaming Mouse] Registering RGB controller
2322  |Info:    [Razer Goliathus] Registering RGB controller
2322  |Info:    ------------------------------------------------------
2322  |Info:    |            Detecting libusb HID devices            |
2322  |Info:    ------------------------------------------------------
2336  |Info:    [HyperX Quadcast S] Registering RGB controller
2336  |Info:    ------------------------------------------------------
2336  |Info:    |              Detecting other devices               |
2336  |Info:    ------------------------------------------------------
2340  |Info:    ------------------------------------------------------
2340  |Info:    |                Detection completed                 |
2340  |Info:    ------------------------------------------------------
4188  |Info:    Profile loading: Succeeded for Corsair Vengeance Pro RGB @ I2C: /dev/i2c-0, address 0x59
4188  |Info:    Profile loading: Succeeded for Corsair Vengeance Pro RGB @ I2C: /dev/i2c-0, address 0x5B
4188  |Info:    Profile loading: Succeeded for ASUS ROG STRIX 3070Ti O8G GAMING @ I2C: /dev/i2c-1, address 0x67
4188  |Info:    Profile loading: Succeeded for Corsair Commander Core @ HID: /dev/hidraw6
4188  |Info:    Profile loading: Succeeded for MSI MPG Z590 GAMING EDGE WIFI (MS-7D07) @ HID: /dev/hidraw0
4188  |Info:    Profile loading: Succeeded for G502 HERO Gaming Mouse @ HID: /dev/hidraw3 (Receiver) 
Wireless Index: 255
4188  |Info:    Profile loading: Succeeded for Razer Goliathus @ HID: /dev/hidraw4
4188  |Info:    Profile loading: FAILED! for HyperX Quadcast S @ 1-12.1:1.0
168077|Info:    Profile loading: Succeeded for Corsair Vengeance Pro RGB @ I2C: /dev/i2c-0, address 0x59
168077|Info:    Profile loading: Succeeded for Corsair Vengeance Pro RGB @ I2C: /dev/i2c-0, address 0x5B
168077|Info:    Profile loading: Succeeded for ASUS ROG STRIX 3070Ti O8G GAMING @ I2C: /dev/i2c-1, address 0x67
168077|Info:    Profile loading: Succeeded for Corsair Commander Core @ HID: /dev/hidraw6
168077|Info:    Profile loading: Succeeded for MSI MPG Z590 GAMING EDGE WIFI (MS-7D07) @ HID: /dev/hidraw0
168077|Info:    Profile loading: Succeeded for G502 HERO Gaming Mouse @ HID: /dev/hidraw3 (Receiver) 
Wireless Index: 255
168077|Info:    Profile loading: Succeeded for Razer Goliathus @ HID: /dev/hidraw4
168077|Info:    Profile loading: FAILED! for HyperX Quadcast S @ 1-12.1:1.0
