    OpenRGB v0.9
    Commit:  from 
    Launched: 20240315_205447
====================================================================================================

8     |Info:    Found file: Main.orp attempting to validate header
8     |Info:    Valid v4 profile found for Main
1009  |Info:    ------------------------------------------------------
1009  |Info:    |               Start device detection               |
1009  |Info:    ------------------------------------------------------
1009  |Info:    Initializing HID interfaces: Success
1013  |Info:    ------------------------------------------------------
1013  |Info:    |             Detecting I2C interfaces               |
1013  |Info:    ------------------------------------------------------
1013  |Info:    Registering I2C interface: /dev/i2c-3 Device 10DE:2482 Subsystem: 1043:880E
1013  |Info:    Registering I2C interface: /dev/i2c-1 Device 10DE:2482 Subsystem: 1043:880E
1013  |Info:    Registering I2C interface: /dev/i2c-6 Device 10DE:2482 Subsystem: 1043:880E
1013  |Info:    Registering I2C interface: /dev/i2c-4 Device 10DE:2482 Subsystem: 1043:880E
1013  |Info:    Registering I2C interface: /dev/i2c-2 Device 10DE:2482 Subsystem: 1043:880E
1014  |Info:    Registering I2C interface: /dev/i2c-0 Device 8086:43A3 Subsystem: 1462:7D07
1014  |Info:    Registering I2C interface: /dev/i2c-5 Device 10DE:2482 Subsystem: 1043:880E
1014  |Info:    ------------------------------------------------------
1014  |Info:    |               Detecting I2C devices                |
1014  |Info:    ------------------------------------------------------
1085  |Info:    [Corsair Vengeance Pro RGB] Registering RGB controller
1108  |Info:    [Corsair Vengeance Pro RGB] Registering RGB controller
1357  |Info:    ------------------------------------------------------
1357  |Info:    |               Detecting I2C PCI devices            |
1357  |Info:    ------------------------------------------------------
1567  |Info:    [ASUS ROG STRIX 3070Ti O8G GAMING] Registering RGB controller
1730  |Info:    ------------------------------------------------------
1730  |Info:    |               Detecting HID devices                |
1730  |Info:    ------------------------------------------------------
1838  |Info:    [Corsair Commander Core] Registering RGB controller
1913  |Info:    [MSI MPG Z590 GAMING EDGE WIFI (MS-7D07)] Registering RGB controller
2301  |Info:    [G502 HERO Gaming Mouse] Registering RGB controller
2311  |Info:    [Razer Goliathus] Registering RGB controller
2311  |Info:    ------------------------------------------------------
2311  |Info:    |            Detecting libusb HID devices            |
2311  |Info:    ------------------------------------------------------
2324  |Info:    [HyperX Quadcast S] Registering RGB controller
2324  |Info:    ------------------------------------------------------
2324  |Info:    |              Detecting other devices               |
2324  |Info:    ------------------------------------------------------
2328  |Info:    ------------------------------------------------------
2328  |Info:    |                Detection completed                 |
2328  |Info:    ------------------------------------------------------
