    OpenRGB v0.9
    Commit:  from 
    Launched: 20240719_094206
====================================================================================================

1     |Info:    Found file: Main.orp attempting to validate header
2     |Info:    Valid v4 profile found for Main
1003  |Info:    ------------------------------------------------------
1003  |Info:    |               Start device detection               |
1003  |Info:    ------------------------------------------------------
1003  |Info:    Initializing HID interfaces: Success
1007  |Info:    ------------------------------------------------------
1007  |Info:    |             Detecting I2C interfaces               |
1007  |Info:    ------------------------------------------------------
1007  |Info:    Registering I2C interface: /dev/i2c-3 Device 10DE:2482 Subsystem: 1043:880E
1007  |Info:    Registering I2C interface: /dev/i2c-1 Device 10DE:2482 Subsystem: 1043:880E
1008  |Info:    Registering I2C interface: /dev/i2c-6 Device 8086:43A3 Subsystem: 1462:7D07
1008  |Info:    Registering I2C interface: /dev/i2c-4 Device 10DE:2482 Subsystem: 1043:880E
1008  |Info:    Registering I2C interface: /dev/i2c-2 Device 10DE:2482 Subsystem: 1043:880E
1008  |Info:    Registering I2C interface: /dev/i2c-0 Device 10DE:2482 Subsystem: 1043:880E
1008  |Info:    Registering I2C interface: /dev/i2c-5 Device 10DE:2482 Subsystem: 1043:880E
1008  |Info:    ------------------------------------------------------
1008  |Info:    |               Detecting I2C devices                |
1008  |Info:    ------------------------------------------------------
1079  |Info:    [Corsair Vengeance Pro RGB] Registering RGB controller
1101  |Info:    [Corsair Vengeance Pro RGB] Registering RGB controller
1337  |Info:    ------------------------------------------------------
1337  |Info:    |               Detecting I2C PCI devices            |
1337  |Info:    ------------------------------------------------------
1798  |Info:    [ASUS ROG STRIX 3070Ti O8G GAMING] Registering RGB controller
1840  |Info:    ------------------------------------------------------
1840  |Info:    |               Detecting HID devices                |
1840  |Info:    ------------------------------------------------------
1850  |Info:    [Razer Goliathus] Registering RGB controller
1991  |Info:    [Corsair Commander Core] Registering RGB controller
2060  |Info:    [MSI MPG Z590 GAMING EDGE WIFI (MS-7D07)] Registering RGB controller
2448  |Info:    [G502 HERO Gaming Mouse] Registering RGB controller
2448  |Info:    ------------------------------------------------------
2448  |Info:    |            Detecting libusb HID devices            |
2448  |Info:    ------------------------------------------------------
2462  |Info:    [HyperX Quadcast S] Registering RGB controller
2462  |Info:    ------------------------------------------------------
2462  |Info:    |              Detecting other devices               |
2462  |Info:    ------------------------------------------------------
2466  |Info:    ------------------------------------------------------
2466  |Info:    |                Detection completed                 |
2466  |Info:    ------------------------------------------------------
5051  |Info:    Profile loading: Succeeded for Corsair Vengeance Pro RGB @ I2C: /dev/i2c-6, address 0x59
5051  |Info:    Profile loading: Succeeded for Corsair Vengeance Pro RGB @ I2C: /dev/i2c-6, address 0x5B
5051  |Info:    Profile loading: Succeeded for ASUS ROG STRIX 3070Ti O8G GAMING @ I2C: /dev/i2c-0, address 0x67
5051  |Info:    Profile loading: Succeeded for Razer Goliathus @ HID: /dev/hidraw8
5051  |Info:    Profile loading: Succeeded for Corsair Commander Core @ HID: /dev/hidraw5
5051  |Info:    Profile loading: Succeeded for MSI MPG Z590 GAMING EDGE WIFI (MS-7D07) @ HID: /dev/hidraw13
5051  |Info:    Profile loading: Succeeded for G502 HERO Gaming Mouse @ HID: /dev/hidraw11 (Receiver) 
Wireless Index: 255
5051  |Info:    Profile loading: FAILED! for HyperX Quadcast S @ 1-12.1:1.0
