    OpenRGB v0.9
    Commit:  from 
    Launched: 20240306_212329
====================================================================================================

0     |Info:    Found file: Main.orp attempting to validate header
0     |Info:    Valid v4 profile found for Main
1006  |Info:    ------------------------------------------------------
1006  |Info:    |               Start device detection               |
1006  |Info:    ------------------------------------------------------
1006  |Info:    Initializing HID interfaces: Success
1014  |Info:    ------------------------------------------------------
1014  |Info:    |             Detecting I2C interfaces               |
1014  |Info:    ------------------------------------------------------
1014  |Info:    Registering I2C interface: /dev/i2c-3 Device 10DE:2482 Subsystem: 1043:880E
1014  |Info:    Registering I2C interface: /dev/i2c-1 Device 10DE:2482 Subsystem: 1043:880E
1014  |Info:    Registering I2C interface: /dev/i2c-6 Device 10DE:2482 Subsystem: 1043:880E
1014  |Info:    Registering I2C interface: /dev/i2c-4 Device 10DE:2482 Subsystem: 1043:880E
1014  |Info:    Registering I2C interface: /dev/i2c-2 Device 10DE:2482 Subsystem: 1043:880E
1014  |Info:    Registering I2C interface: /dev/i2c-0 Device 8086:43A3 Subsystem: 1462:7D07
1014  |Info:    Registering I2C interface: /dev/i2c-5 Device 10DE:2482 Subsystem: 1043:880E
1015  |Info:    ------------------------------------------------------
1015  |Info:    |               Detecting I2C devices                |
1015  |Info:    ------------------------------------------------------
1089  |Info:    [Corsair Vengeance Pro RGB] Registering RGB controller
1111  |Info:    [Corsair Vengeance Pro RGB] Registering RGB controller
1360  |Info:    ------------------------------------------------------
1360  |Info:    |               Detecting I2C PCI devices            |
1360  |Info:    ------------------------------------------------------
1575  |Info:    [ASUS ROG STRIX 3070Ti O8G GAMING] Registering RGB controller
1737  |Info:    ------------------------------------------------------
1737  |Info:    |               Detecting HID devices                |
1737  |Info:    ------------------------------------------------------
1751  |Info:    [KLM] Created new Full 104 key ISO QWERTY with 6 rows and 21 columns containing 105 keys
1751  |Info:    [Razer Cynosa Chroma V2] Registering RGB controller
1858  |Info:    [Corsair Commander Core] Registering RGB controller
1939  |Info:    [MSI MPG Z590 GAMING EDGE WIFI (MS-7D07)] Registering RGB controller
2326  |Info:    [G502 HERO Gaming Mouse] Registering RGB controller
2336  |Info:    [Razer Goliathus] Registering RGB controller
2336  |Info:    ------------------------------------------------------
2336  |Info:    |            Detecting libusb HID devices            |
2336  |Info:    ------------------------------------------------------
2352  |Info:    [HyperX Quadcast S] Registering RGB controller
2352  |Info:    ------------------------------------------------------
2352  |Info:    |              Detecting other devices               |
2352  |Info:    ------------------------------------------------------
2356  |Info:    ------------------------------------------------------
2356  |Info:    |                Detection completed                 |
2356  |Info:    ------------------------------------------------------
4921  |Info:    Profile loading: Succeeded for Corsair Vengeance Pro RGB @ I2C: /dev/i2c-0, address 0x59
4921  |Info:    Profile loading: Succeeded for Corsair Vengeance Pro RGB @ I2C: /dev/i2c-0, address 0x5B
4921  |Info:    Profile loading: Succeeded for ASUS ROG STRIX 3070Ti O8G GAMING @ I2C: /dev/i2c-1, address 0x67
4921  |Info:    Profile loading: Succeeded for Razer Cynosa Chroma V2 @ HID: /dev/hidraw11
4921  |Info:    Profile loading: Succeeded for Corsair Commander Core @ HID: /dev/hidraw6
4921  |Info:    Profile loading: Succeeded for MSI MPG Z590 GAMING EDGE WIFI (MS-7D07) @ HID: /dev/hidraw0
4921  |Info:    Profile loading: Succeeded for G502 HERO Gaming Mouse @ HID: /dev/hidraw3 (Receiver) 
Wireless Index: 255
4921  |Info:    Profile loading: Succeeded for Razer Goliathus @ HID: /dev/hidraw4
4921  |Info:    Profile loading: FAILED! for HyperX Quadcast S @ 1-12.1:1.0
