    OpenRGB v0.9
    Commit:  from 
    Launched: 20240121_125824
====================================================================================================

0     |Info:    Found file: Main.orp attempting to validate header
0     |Info:    Valid v4 profile found for Main
1001  |Info:    ------------------------------------------------------
1001  |Info:    |               Start device detection               |
1001  |Info:    ------------------------------------------------------
1001  |Info:    Initializing HID interfaces: Success
1005  |Info:    ------------------------------------------------------
1005  |Info:    |             Detecting I2C interfaces               |
1005  |Info:    ------------------------------------------------------
1005  |Info:    Registering I2C interface: /dev/i2c-3 Device 10DE:2482 Subsystem: 1043:880E
1005  |Info:    Registering I2C interface: /dev/i2c-1 Device 10DE:2482 Subsystem: 1043:880E
1005  |Info:    Registering I2C interface: /dev/i2c-6 Device 10DE:2482 Subsystem: 1043:880E
1005  |Info:    Registering I2C interface: /dev/i2c-4 Device 10DE:2482 Subsystem: 1043:880E
1005  |Info:    Registering I2C interface: /dev/i2c-2 Device 10DE:2482 Subsystem: 1043:880E
1005  |Info:    Registering I2C interface: /dev/i2c-0 Device 8086:43A3 Subsystem: 1462:7D07
1005  |Info:    Registering I2C interface: /dev/i2c-5 Device 10DE:2482 Subsystem: 1043:880E
1005  |Info:    ------------------------------------------------------
1005  |Info:    |               Detecting I2C devices                |
1005  |Info:    ------------------------------------------------------
1236  |Info:    [Corsair Vengeance Pro RGB] Registering RGB controller
1258  |Info:    [Corsair Vengeance Pro RGB] Registering RGB controller
1349  |Info:    ------------------------------------------------------
1349  |Info:    |               Detecting I2C PCI devices            |
1349  |Info:    ------------------------------------------------------
1648  |Info:    [ASUS ROG STRIX 3070Ti O8G GAMING] Registering RGB controller
1816  |Info:    ------------------------------------------------------
1816  |Info:    |               Detecting HID devices                |
1816  |Info:    ------------------------------------------------------
1829  |Info:    [KLM] Created new Full 104 key ISO QWERTY with 6 rows and 21 columns containing 105 keys
1829  |Info:    [Razer Cynosa Chroma V2] Registering RGB controller
2217  |Info:    [G502 HERO Gaming Mouse] Registering RGB controller
2326  |Info:    [Corsair Commander Core] Registering RGB controller
2397  |Info:    [MSI MPG Z590 GAMING EDGE WIFI (MS-7D07)] Registering RGB controller
2407  |Info:    [Razer Goliathus] Registering RGB controller
2407  |Info:    ------------------------------------------------------
2407  |Info:    |            Detecting libusb HID devices            |
2407  |Info:    ------------------------------------------------------
2425  |Info:    [HyperX Quadcast S] Registering RGB controller
2425  |Info:    ------------------------------------------------------
2425  |Info:    |              Detecting other devices               |
2425  |Info:    ------------------------------------------------------
2429  |Info:    ------------------------------------------------------
2429  |Info:    |                Detection completed                 |
2429  |Info:    ------------------------------------------------------
3708  |Info:    Profile loading: Succeeded for Corsair Vengeance Pro RGB @ I2C: /dev/i2c-0, address 0x59
3708  |Info:    Profile loading: Succeeded for Corsair Vengeance Pro RGB @ I2C: /dev/i2c-0, address 0x5B
3708  |Info:    Profile loading: Succeeded for ASUS ROG STRIX 3070Ti O8G GAMING @ I2C: /dev/i2c-1, address 0x67
3708  |Info:    Profile loading: Succeeded for Razer Cynosa Chroma V2 @ HID: /dev/hidraw8
3708  |Info:    Profile loading: Succeeded for G502 HERO Gaming Mouse @ HID: /dev/hidraw11 (Receiver) 
Wireless Index: 255
3708  |Info:    Profile loading: Succeeded for Corsair Commander Core @ HID: /dev/hidraw12
3708  |Info:    Profile loading: Succeeded for MSI MPG Z590 GAMING EDGE WIFI (MS-7D07) @ HID: /dev/hidraw0
3708  |Info:    Profile loading: Succeeded for Razer Goliathus @ HID: /dev/hidraw2
3708  |Info:    Profile loading: Succeeded for HyperX Quadcast S @ 1-4.1:1.0
