    OpenRGB v0.9
    Commit:  from 
    Launched: 20240629_130756
====================================================================================================

0     |Info:    Found file: Main.orp attempting to validate header
0     |Info:    Valid v4 profile found for Main
1008  |Info:    ------------------------------------------------------
1008  |Info:    |               Start device detection               |
1008  |Info:    ------------------------------------------------------
1008  |Info:    Initializing HID interfaces: Success
1027  |Info:    ------------------------------------------------------
1027  |Info:    |             Detecting I2C interfaces               |
1027  |Info:    ------------------------------------------------------
1030  |Info:    Registering I2C interface: /dev/i2c-3 Device 10DE:2482 Subsystem: 1043:880E
1030  |Info:    Registering I2C interface: /dev/i2c-1 Device 10DE:2482 Subsystem: 1043:880E
1030  |Info:    Registering I2C interface: /dev/i2c-6 Device 8086:43A3 Subsystem: 1462:7D07
1030  |Info:    Registering I2C interface: /dev/i2c-4 Device 10DE:2482 Subsystem: 1043:880E
1031  |Info:    Registering I2C interface: /dev/i2c-2 Device 10DE:2482 Subsystem: 1043:880E
1031  |Info:    Registering I2C interface: /dev/i2c-0 Device 10DE:2482 Subsystem: 1043:880E
1031  |Info:    Registering I2C interface: /dev/i2c-5 Device 10DE:2482 Subsystem: 1043:880E
1031  |Info:    ------------------------------------------------------
1031  |Info:    |               Detecting I2C devices                |
1031  |Info:    ------------------------------------------------------
1105  |Info:    [Corsair Vengeance Pro RGB] Registering RGB controller
1127  |Info:    [Corsair Vengeance Pro RGB] Registering RGB controller
1371  |Info:    ------------------------------------------------------
1371  |Info:    |               Detecting I2C PCI devices            |
1371  |Info:    ------------------------------------------------------
1711  |Info:    [ASUS ROG STRIX 3070Ti O8G GAMING] Registering RGB controller
1752  |Info:    ------------------------------------------------------
1752  |Info:    |               Detecting HID devices                |
1752  |Info:    ------------------------------------------------------
1763  |Info:    [Razer Goliathus] Registering RGB controller
1915  |Info:    [Corsair Commander Core] Registering RGB controller
1993  |Info:    [MSI MPG Z590 GAMING EDGE WIFI (MS-7D07)] Registering RGB controller
2380  |Info:    [G502 HERO Gaming Mouse] Registering RGB controller
2380  |Info:    ------------------------------------------------------
2380  |Info:    |            Detecting libusb HID devices            |
2380  |Info:    ------------------------------------------------------
2402  |Info:    [HyperX Quadcast S] Registering RGB controller
2402  |Info:    ------------------------------------------------------
2402  |Info:    |              Detecting other devices               |
2402  |Info:    ------------------------------------------------------
2406  |Info:    ------------------------------------------------------
2406  |Info:    |                Detection completed                 |
2406  |Info:    ------------------------------------------------------
7111  |Info:    Profile loading: Succeeded for Corsair Vengeance Pro RGB @ I2C: /dev/i2c-6, address 0x59
7111  |Info:    Profile loading: Succeeded for Corsair Vengeance Pro RGB @ I2C: /dev/i2c-6, address 0x5B
7111  |Info:    Profile loading: Succeeded for ASUS ROG STRIX 3070Ti O8G GAMING @ I2C: /dev/i2c-0, address 0x67
7111  |Info:    Profile loading: Succeeded for Razer Goliathus @ HID: /dev/hidraw8
7111  |Info:    Profile loading: Succeeded for Corsair Commander Core @ HID: /dev/hidraw5
7111  |Info:    Profile loading: Succeeded for MSI MPG Z590 GAMING EDGE WIFI (MS-7D07) @ HID: /dev/hidraw0
7111  |Info:    Profile loading: Succeeded for G502 HERO Gaming Mouse @ HID: /dev/hidraw3 (Receiver) 
Wireless Index: 255
7111  |Info:    Profile loading: FAILED! for HyperX Quadcast S @ 1-12.1:1.0
