    OpenRGB v0.9
    Commit:  from 
    Launched: 20240306_212150
====================================================================================================

1     |Info:    Found file: Main.orp attempting to validate header
1     |Info:    Valid v4 profile found for Main
1007  |Info:    ------------------------------------------------------
1007  |Info:    |               Start device detection               |
1007  |Info:    ------------------------------------------------------
1007  |Info:    Initializing HID interfaces: Success
1011  |Info:    ------------------------------------------------------
1011  |Info:    |             Detecting I2C interfaces               |
1011  |Info:    ------------------------------------------------------
1011  |Info:    Registering I2C interface: /dev/i2c-3 Device 10DE:2482 Subsystem: 1043:880E
1011  |Info:    Registering I2C interface: /dev/i2c-1 Device 10DE:2482 Subsystem: 1043:880E
1011  |Info:    Registering I2C interface: /dev/i2c-6 Device 10DE:2482 Subsystem: 1043:880E
1011  |Info:    Registering I2C interface: /dev/i2c-4 Device 10DE:2482 Subsystem: 1043:880E
1011  |Info:    Registering I2C interface: /dev/i2c-2 Device 10DE:2482 Subsystem: 1043:880E
1011  |Info:    Registering I2C interface: /dev/i2c-0 Device 8086:43A3 Subsystem: 1462:7D07
1011  |Info:    Registering I2C interface: /dev/i2c-5 Device 10DE:2482 Subsystem: 1043:880E
1011  |Info:    ------------------------------------------------------
1011  |Info:    |               Detecting I2C devices                |
1011  |Info:    ------------------------------------------------------
1083  |Info:    [Corsair Vengeance Pro RGB] Registering RGB controller
1106  |Info:    [Corsair Vengeance Pro RGB] Registering RGB controller
1355  |Info:    ------------------------------------------------------
1355  |Info:    |               Detecting I2C PCI devices            |
1355  |Info:    ------------------------------------------------------
1564  |Info:    [ASUS ROG STRIX 3070Ti O8G GAMING] Registering RGB controller
1726  |Info:    ------------------------------------------------------
1726  |Info:    |               Detecting HID devices                |
1726  |Info:    ------------------------------------------------------
1739  |Info:    [KLM] Created new Full 104 key ISO QWERTY with 6 rows and 21 columns containing 105 keys
1739  |Info:    [Razer Cynosa Chroma V2] Registering RGB controller
1849  |Info:    [Corsair Commander Core] Registering RGB controller
1920  |Info:    [MSI MPG Z590 GAMING EDGE WIFI (MS-7D07)] Registering RGB controller
2308  |Info:    [G502 HERO Gaming Mouse] Registering RGB controller
2318  |Info:    [Razer Goliathus] Registering RGB controller
2318  |Info:    ------------------------------------------------------
2318  |Info:    |            Detecting libusb HID devices            |
2318  |Info:    ------------------------------------------------------
2333  |Info:    [HyperX Quadcast S] Registering RGB controller
2333  |Info:    ------------------------------------------------------
2333  |Info:    |              Detecting other devices               |
2333  |Info:    ------------------------------------------------------
2337  |Info:    ------------------------------------------------------
2337  |Info:    |                Detection completed                 |
2337  |Info:    ------------------------------------------------------
4700  |Info:    Profile loading: Succeeded for Corsair Vengeance Pro RGB @ I2C: /dev/i2c-0, address 0x59
4700  |Info:    Profile loading: Succeeded for Corsair Vengeance Pro RGB @ I2C: /dev/i2c-0, address 0x5B
4700  |Info:    Profile loading: Succeeded for ASUS ROG STRIX 3070Ti O8G GAMING @ I2C: /dev/i2c-1, address 0x67
4700  |Info:    Profile loading: Succeeded for Razer Cynosa Chroma V2 @ HID: /dev/hidraw9
4700  |Info:    Profile loading: Succeeded for Corsair Commander Core @ HID: /dev/hidraw11
4700  |Info:    Profile loading: Succeeded for MSI MPG Z590 GAMING EDGE WIFI (MS-7D07) @ HID: /dev/hidraw0
4700  |Info:    Profile loading: Succeeded for G502 HERO Gaming Mouse @ HID: /dev/hidraw3 (Receiver) 
Wireless Index: 255
4700  |Info:    Profile loading: Succeeded for Razer Goliathus @ HID: /dev/hidraw4
4700  |Info:    Profile loading: FAILED! for HyperX Quadcast S @ 1-12.1:1.0
