    OpenRGB v0.9
    Commit:  from 
    Launched: 20240306_184105
====================================================================================================

1     |Info:    Found file: Main.orp attempting to validate header
1     |Info:    Valid v4 profile found for Main
1015  |Info:    ------------------------------------------------------
1015  |Info:    |               Start device detection               |
1015  |Info:    ------------------------------------------------------
1015  |Info:    Initializing HID interfaces: Success
1022  |Info:    ------------------------------------------------------
1022  |Info:    |             Detecting I2C interfaces               |
1022  |Info:    ------------------------------------------------------
1022  |Info:    Registering I2C interface: /dev/i2c-3 Device 10DE:2482 Subsystem: 1043:880E
1022  |Info:    Registering I2C interface: /dev/i2c-1 Device 10DE:2482 Subsystem: 1043:880E
1022  |Info:    Registering I2C interface: /dev/i2c-6 Device 10DE:2482 Subsystem: 1043:880E
1022  |Info:    Registering I2C interface: /dev/i2c-4 Device 10DE:2482 Subsystem: 1043:880E
1022  |Info:    Registering I2C interface: /dev/i2c-2 Device 10DE:2482 Subsystem: 1043:880E
1022  |Info:    Registering I2C interface: /dev/i2c-0 Device 8086:43A3 Subsystem: 1462:7D07
1022  |Info:    Registering I2C interface: /dev/i2c-5 Device 10DE:2482 Subsystem: 1043:880E
1022  |Info:    ------------------------------------------------------
1022  |Info:    |               Detecting I2C devices                |
1022  |Info:    ------------------------------------------------------
1094  |Info:    [Corsair Vengeance Pro RGB] Registering RGB controller
1116  |Info:    [Corsair Vengeance Pro RGB] Registering RGB controller
1366  |Info:    ------------------------------------------------------
1366  |Info:    |               Detecting I2C PCI devices            |
1366  |Info:    ------------------------------------------------------
1583  |Info:    [ASUS ROG STRIX 3070Ti O8G GAMING] Registering RGB controller
1746  |Info:    ------------------------------------------------------
1746  |Info:    |               Detecting HID devices                |
1746  |Info:    ------------------------------------------------------
1759  |Info:    [KLM] Created new Full 104 key ISO QWERTY with 6 rows and 21 columns containing 105 keys
1759  |Info:    [Razer Cynosa Chroma V2] Registering RGB controller
1866  |Info:    [Corsair Commander Core] Registering RGB controller
1948  |Info:    [MSI MPG Z590 GAMING EDGE WIFI (MS-7D07)] Registering RGB controller
2336  |Info:    [G502 HERO Gaming Mouse] Registering RGB controller
2346  |Info:    [Razer Goliathus] Registering RGB controller
2346  |Info:    ------------------------------------------------------
2346  |Info:    |            Detecting libusb HID devices            |
2346  |Info:    ------------------------------------------------------
2361  |Info:    [HyperX Quadcast S] Registering RGB controller
2361  |Info:    ------------------------------------------------------
2361  |Info:    |              Detecting other devices               |
2361  |Info:    ------------------------------------------------------
2364  |Info:    ------------------------------------------------------
2364  |Info:    |                Detection completed                 |
2364  |Info:    ------------------------------------------------------
4967  |Info:    Profile loading: Succeeded for Corsair Vengeance Pro RGB @ I2C: /dev/i2c-0, address 0x59
4967  |Info:    Profile loading: Succeeded for Corsair Vengeance Pro RGB @ I2C: /dev/i2c-0, address 0x5B
4967  |Info:    Profile loading: Succeeded for ASUS ROG STRIX 3070Ti O8G GAMING @ I2C: /dev/i2c-1, address 0x67
4967  |Info:    Profile loading: Succeeded for Razer Cynosa Chroma V2 @ HID: /dev/hidraw9
4967  |Info:    Profile loading: Succeeded for Corsair Commander Core @ HID: /dev/hidraw11
4967  |Info:    Profile loading: Succeeded for MSI MPG Z590 GAMING EDGE WIFI (MS-7D07) @ HID: /dev/hidraw0
4967  |Info:    Profile loading: Succeeded for G502 HERO Gaming Mouse @ HID: /dev/hidraw3 (Receiver) 
Wireless Index: 255
4967  |Info:    Profile loading: Succeeded for Razer Goliathus @ HID: /dev/hidraw4
4967  |Info:    Profile loading: FAILED! for HyperX Quadcast S @ 1-12.1:1.0
