    OpenRGB v0.9
    Commit:  from 
    Launched: 20240204_132212
====================================================================================================

0     |Info:    Found file: Main.orp attempting to validate header
0     |Info:    Valid v4 profile found for Main
1003  |Info:    ------------------------------------------------------
1003  |Info:    |               Start device detection               |
1003  |Info:    ------------------------------------------------------
1003  |Info:    Initializing HID interfaces: Success
1010  |Info:    ------------------------------------------------------
1010  |Info:    |             Detecting I2C interfaces               |
1010  |Info:    ------------------------------------------------------
1010  |Info:    Registering I2C interface: /dev/i2c-3 Device 10DE:2482 Subsystem: 1043:880E
1010  |Info:    Registering I2C interface: /dev/i2c-1 Device 10DE:2482 Subsystem: 1043:880E
1010  |Info:    Registering I2C interface: /dev/i2c-6 Device 10DE:2482 Subsystem: 1043:880E
1011  |Info:    Registering I2C interface: /dev/i2c-4 Device 10DE:2482 Subsystem: 1043:880E
1011  |Info:    Registering I2C interface: /dev/i2c-2 Device 10DE:2482 Subsystem: 1043:880E
1011  |Info:    Registering I2C interface: /dev/i2c-0 Device 8086:43A3 Subsystem: 1462:7D07
1011  |Info:    Registering I2C interface: /dev/i2c-5 Device 10DE:2482 Subsystem: 1043:880E
1011  |Info:    ------------------------------------------------------
1011  |Info:    |               Detecting I2C devices                |
1011  |Info:    ------------------------------------------------------
1245  |Info:    [Corsair Vengeance Pro RGB] Registering RGB controller
1268  |Info:    [Corsair Vengeance Pro RGB] Registering RGB controller
1363  |Info:    ------------------------------------------------------
1363  |Info:    |               Detecting I2C PCI devices            |
1363  |Info:    ------------------------------------------------------
1682  |Info:    [ASUS ROG STRIX 3070Ti O8G GAMING] Registering RGB controller
1851  |Info:    ------------------------------------------------------
1851  |Info:    |               Detecting HID devices                |
1851  |Info:    ------------------------------------------------------
1864  |Info:    [KLM] Created new Full 104 key ISO QWERTY with 6 rows and 21 columns containing 105 keys
1864  |Info:    [Razer Cynosa Chroma V2] Registering RGB controller
2252  |Info:    [G502 HERO Gaming Mouse] Registering RGB controller
2363  |Info:    [Corsair Commander Core] Registering RGB controller
2436  |Info:    [MSI MPG Z590 GAMING EDGE WIFI (MS-7D07)] Registering RGB controller
2446  |Info:    [Razer Goliathus] Registering RGB controller
2446  |Info:    ------------------------------------------------------
2446  |Info:    |            Detecting libusb HID devices            |
2446  |Info:    ------------------------------------------------------
