    OpenRGB v0.9
    Commit:  from 
    Launched: 20240120_171832
====================================================================================================

22    |Info:    Found file: Main.orp attempting to validate header
23    |Info:    Valid v4 profile found for Main
1024  |Info:    ------------------------------------------------------
1024  |Info:    |               Start device detection               |
1024  |Info:    ------------------------------------------------------
1024  |Info:    Initializing HID interfaces: Success
1028  |Info:    ------------------------------------------------------
1028  |Info:    |             Detecting I2C interfaces               |
1028  |Info:    ------------------------------------------------------
1028  |Info:    Registering I2C interface: /dev/i2c-3 Device 10DE:2482 Subsystem: 1043:880E
1028  |Info:    Registering I2C interface: /dev/i2c-1 Device 10DE:2482 Subsystem: 1043:880E
1028  |Info:    Registering I2C interface: /dev/i2c-6 Device 10DE:2482 Subsystem: 1043:880E
1028  |Info:    Registering I2C interface: /dev/i2c-4 Device 10DE:2482 Subsystem: 1043:880E
1028  |Info:    Registering I2C interface: /dev/i2c-2 Device 10DE:2482 Subsystem: 1043:880E
1028  |Info:    Registering I2C interface: /dev/i2c-0 Device 8086:43A3 Subsystem: 1462:7D07
1028  |Info:    Registering I2C interface: /dev/i2c-5 Device 10DE:2482 Subsystem: 1043:880E
1028  |Info:    ------------------------------------------------------
1028  |Info:    |               Detecting I2C devices                |
1028  |Info:    ------------------------------------------------------
1257  |Info:    [Corsair Vengeance Pro RGB] Registering RGB controller
1279  |Info:    [Corsair Vengeance Pro RGB] Registering RGB controller
1369  |Info:    ------------------------------------------------------
1369  |Info:    |               Detecting I2C PCI devices            |
1369  |Info:    ------------------------------------------------------
1623  |Info:    [ASUS ROG STRIX 3070Ti O8G GAMING] Registering RGB controller
1791  |Info:    ------------------------------------------------------
1791  |Info:    |               Detecting HID devices                |
1791  |Info:    ------------------------------------------------------
1804  |Info:    [KLM] Created new Full 104 key ISO QWERTY with 6 rows and 21 columns containing 105 keys
1804  |Info:    [Razer Cynosa Chroma V2] Registering RGB controller
2191  |Info:    [G502 HERO Gaming Mouse] Registering RGB controller
2349  |Info:    [Corsair Commander Core] Registering RGB controller
2417  |Info:    [MSI MPG Z590 GAMING EDGE WIFI (MS-7D07)] Registering RGB controller
2427  |Info:    [Razer Goliathus] Registering RGB controller
2427  |Info:    ------------------------------------------------------
2427  |Info:    |            Detecting libusb HID devices            |
2427  |Info:    ------------------------------------------------------
