    OpenRGB v0.9
    Commit:  from 
    Launched: 20240316_162513
====================================================================================================

0     |Info:    Found file: Main.orp attempting to validate header
1     |Info:    Valid v4 profile found for Main
1007  |Info:    ------------------------------------------------------
1007  |Info:    |               Start device detection               |
1007  |Info:    ------------------------------------------------------
1007  |Info:    Initializing HID interfaces: Success
1018  |Info:    ------------------------------------------------------
1018  |Info:    |             Detecting I2C interfaces               |
1018  |Info:    ------------------------------------------------------
1018  |Info:    Registering I2C interface: /dev/i2c-3 Device 10DE:2482 Subsystem: 1043:880E
1018  |Info:    Registering I2C interface: /dev/i2c-1 Device 10DE:2482 Subsystem: 1043:880E
1018  |Info:    Registering I2C interface: /dev/i2c-6 Device 10DE:2482 Subsystem: 1043:880E
1018  |Info:    Registering I2C interface: /dev/i2c-4 Device 10DE:2482 Subsystem: 1043:880E
1018  |Info:    Registering I2C interface: /dev/i2c-2 Device 10DE:2482 Subsystem: 1043:880E
1018  |Info:    Registering I2C interface: /dev/i2c-0 Device 8086:43A3 Subsystem: 1462:7D07
1018  |Info:    Registering I2C interface: /dev/i2c-5 Device 10DE:2482 Subsystem: 1043:880E
1018  |Info:    ------------------------------------------------------
1018  |Info:    |               Detecting I2C devices                |
1018  |Info:    ------------------------------------------------------
1090  |Info:    [Corsair Vengeance Pro RGB] Registering RGB controller
1112  |Info:    [Corsair Vengeance Pro RGB] Registering RGB controller
1361  |Info:    ------------------------------------------------------
1361  |Info:    |               Detecting I2C PCI devices            |
1361  |Info:    ------------------------------------------------------
1571  |Info:    [ASUS ROG STRIX 3070Ti O8G GAMING] Registering RGB controller
1734  |Info:    ------------------------------------------------------
1734  |Info:    |               Detecting HID devices                |
1734  |Info:    ------------------------------------------------------
1846  |Info:    [Corsair Commander Core] Registering RGB controller
1916  |Info:    [MSI MPG Z590 GAMING EDGE WIFI (MS-7D07)] Registering RGB controller
2303  |Info:    [G502 HERO Gaming Mouse] Registering RGB controller
2313  |Info:    [Razer Goliathus] Registering RGB controller
2313  |Info:    ------------------------------------------------------
2313  |Info:    |            Detecting libusb HID devices            |
2313  |Info:    ------------------------------------------------------
2327  |Info:    [HyperX Quadcast S] Registering RGB controller
2327  |Info:    ------------------------------------------------------
2327  |Info:    |              Detecting other devices               |
2327  |Info:    ------------------------------------------------------
2331  |Info:    ------------------------------------------------------
2331  |Info:    |                Detection completed                 |
2331  |Info:    ------------------------------------------------------
7409  |Info:    Profile loading: Succeeded for Corsair Vengeance Pro RGB @ I2C: /dev/i2c-0, address 0x59
7409  |Info:    Profile loading: Succeeded for Corsair Vengeance Pro RGB @ I2C: /dev/i2c-0, address 0x5B
7409  |Info:    Profile loading: Succeeded for ASUS ROG STRIX 3070Ti O8G GAMING @ I2C: /dev/i2c-1, address 0x67
7409  |Info:    Profile loading: Succeeded for Corsair Commander Core @ HID: /dev/hidraw5
7409  |Info:    Profile loading: Succeeded for MSI MPG Z590 GAMING EDGE WIFI (MS-7D07) @ HID: /dev/hidraw0
7409  |Info:    Profile loading: Succeeded for G502 HERO Gaming Mouse @ HID: /dev/hidraw3 (Receiver) 
Wireless Index: 255
7409  |Info:    Profile loading: Succeeded for Razer Goliathus @ HID: /dev/hidraw8
7409  |Info:    Profile loading: FAILED! for HyperX Quadcast S @ 1-12.1:1.0
