    OpenRGB v0.9
    Commit:  from 
    Launched: 20240114_122132
====================================================================================================

0     |Info:    Found file: Main.orp attempting to validate header
0     |Info:    Valid v4 profile found for Main
1001  |Info:    ------------------------------------------------------
1001  |Info:    |               Start device detection               |
1001  |Info:    ------------------------------------------------------
1001  |Info:    Initializing HID interfaces: Success
1006  |Info:    ------------------------------------------------------
1006  |Info:    |             Detecting I2C interfaces               |
1006  |Info:    ------------------------------------------------------
1011  |Info:    Registering I2C interface: /dev/i2c-3 Device 10DE:2482 Subsystem: 1043:880E
1011  |Info:    Registering I2C interface: /dev/i2c-1 Device 10DE:2482 Subsystem: 1043:880E
1012  |Info:    Registering I2C interface: /dev/i2c-6 Device 10DE:2482 Subsystem: 1043:880E
1012  |Info:    Registering I2C interface: /dev/i2c-4 Device 10DE:2482 Subsystem: 1043:880E
1012  |Info:    Registering I2C interface: /dev/i2c-2 Device 10DE:2482 Subsystem: 1043:880E
1012  |Info:    Registering I2C interface: /dev/i2c-0 Device 8086:43A3 Subsystem: 1462:7D07
1012  |Info:    Registering I2C interface: /dev/i2c-5 Device 10DE:2482 Subsystem: 1043:880E
1012  |Info:    ------------------------------------------------------
1012  |Info:    |               Detecting I2C devices                |
1012  |Info:    ------------------------------------------------------
1241  |Info:    [Corsair Vengeance Pro RGB] Registering RGB controller
1263  |Info:    [Corsair Vengeance Pro RGB] Registering RGB controller
1353  |Info:    ------------------------------------------------------
1353  |Info:    |               Detecting I2C PCI devices            |
1353  |Info:    ------------------------------------------------------
1605  |Info:    [ASUS ROG STRIX 3070Ti O8G GAMING] Registering RGB controller
1772  |Info:    ------------------------------------------------------
1772  |Info:    |               Detecting HID devices                |
1772  |Info:    ------------------------------------------------------
1786  |Info:    [KLM] Created new Full 104 key ISO QWERTY with 6 rows and 21 columns containing 105 keys
1786  |Info:    [Razer Cynosa Chroma V2] Registering RGB controller
2173  |Info:    [G502 HERO Gaming Mouse] Registering RGB controller
2284  |Info:    [Corsair Commander Core] Registering RGB controller
2352  |Info:    [MSI MPG Z590 GAMING EDGE WIFI (MS-7D07)] Registering RGB controller
2362  |Info:    [Razer Goliathus] Registering RGB controller
2362  |Info:    ------------------------------------------------------
2362  |Info:    |            Detecting libusb HID devices            |
2362  |Info:    ------------------------------------------------------
2379  |Info:    [HyperX Quadcast S] Registering RGB controller
2379  |Info:    ------------------------------------------------------
2379  |Info:    |              Detecting other devices               |
2379  |Info:    ------------------------------------------------------
2384  |Info:    ------------------------------------------------------
2384  |Info:    |                Detection completed                 |
2384  |Info:    ------------------------------------------------------
43712 |Info:    Profile loading: Succeeded for Corsair Vengeance Pro RGB @ I2C: /dev/i2c-0, address 0x59
43712 |Info:    Profile loading: Succeeded for Corsair Vengeance Pro RGB @ I2C: /dev/i2c-0, address 0x5B
43712 |Info:    Profile loading: Succeeded for ASUS ROG STRIX 3070Ti O8G GAMING @ I2C: /dev/i2c-1, address 0x67
43712 |Info:    Profile loading: Succeeded for Razer Cynosa Chroma V2 @ HID: /dev/hidraw8
43712 |Info:    Profile loading: Succeeded for G502 HERO Gaming Mouse @ HID: /dev/hidraw11 (Receiver) 
Wireless Index: 255
43712 |Info:    Profile loading: Succeeded for Corsair Commander Core @ HID: /dev/hidraw12
43712 |Info:    Profile loading: Succeeded for MSI MPG Z590 GAMING EDGE WIFI (MS-7D07) @ HID: /dev/hidraw0
43712 |Info:    Profile loading: Succeeded for Razer Goliathus @ HID: /dev/hidraw2
43712 |Info:    Profile loading: Succeeded for HyperX Quadcast S @ 1-4.1:1.0
