    OpenRGB v0.9
    Commit:  from 
    Launched: 20240722_104234
====================================================================================================

0     |Info:    Found file: Main.orp attempting to validate header
0     |Info:    Valid v4 profile found for Main
1001  |Info:    ------------------------------------------------------
1001  |Info:    |               Start device detection               |
1001  |Info:    ------------------------------------------------------
1001  |Info:    Initializing HID interfaces: Success
1004  |Info:    ------------------------------------------------------
1004  |Info:    |             Detecting I2C interfaces               |
1004  |Info:    ------------------------------------------------------
1004  |Info:    Registering I2C interface: /dev/i2c-3 Device 10DE:2482 Subsystem: 1043:880E
1005  |Info:    Registering I2C interface: /dev/i2c-1 Device 10DE:2482 Subsystem: 1043:880E
1005  |Info:    Registering I2C interface: /dev/i2c-6 Device 8086:43A3 Subsystem: 1462:7D07
1005  |Info:    Registering I2C interface: /dev/i2c-4 Device 10DE:2482 Subsystem: 1043:880E
1005  |Info:    Registering I2C interface: /dev/i2c-2 Device 10DE:2482 Subsystem: 1043:880E
1005  |Info:    Registering I2C interface: /dev/i2c-0 Device 10DE:2482 Subsystem: 1043:880E
1005  |Info:    Registering I2C interface: /dev/i2c-5 Device 10DE:2482 Subsystem: 1043:880E
1005  |Info:    ------------------------------------------------------
1005  |Info:    |               Detecting I2C devices                |
1005  |Info:    ------------------------------------------------------
1076  |Info:    [Corsair Vengeance Pro RGB] Registering RGB controller
1098  |Info:    [Corsair Vengeance Pro RGB] Registering RGB controller
1334  |Info:    ------------------------------------------------------
1334  |Info:    |               Detecting I2C PCI devices            |
1334  |Info:    ------------------------------------------------------
1893  |Info:    [ASUS ROG STRIX 3070Ti O8G GAMING] Registering RGB controller
1935  |Info:    ------------------------------------------------------
1935  |Info:    |               Detecting HID devices                |
1935  |Info:    ------------------------------------------------------
1946  |Info:    [Razer Goliathus] Registering RGB controller
2081  |Info:    [Corsair Commander Core] Registering RGB controller
2149  |Info:    [MSI MPG Z590 GAMING EDGE WIFI (MS-7D07)] Registering RGB controller
2537  |Info:    [G502 HERO Gaming Mouse] Registering RGB controller
2537  |Info:    ------------------------------------------------------
2537  |Info:    |            Detecting libusb HID devices            |
2537  |Info:    ------------------------------------------------------
2550  |Info:    [HyperX Quadcast S] Registering RGB controller
2550  |Info:    ------------------------------------------------------
2550  |Info:    |              Detecting other devices               |
2550  |Info:    ------------------------------------------------------
2554  |Info:    ------------------------------------------------------
2554  |Info:    |                Detection completed                 |
2554  |Info:    ------------------------------------------------------
4626  |Info:    Profile loading: Succeeded for Corsair Vengeance Pro RGB @ I2C: /dev/i2c-6, address 0x59
4626  |Info:    Profile loading: Succeeded for Corsair Vengeance Pro RGB @ I2C: /dev/i2c-6, address 0x5B
4626  |Info:    Profile loading: Succeeded for ASUS ROG STRIX 3070Ti O8G GAMING @ I2C: /dev/i2c-0, address 0x67
4626  |Info:    Profile loading: Succeeded for Razer Goliathus @ HID: /dev/hidraw8
4626  |Info:    Profile loading: Succeeded for Corsair Commander Core @ HID: /dev/hidraw5
4626  |Info:    Profile loading: Succeeded for MSI MPG Z590 GAMING EDGE WIFI (MS-7D07) @ HID: /dev/hidraw0
4626  |Info:    Profile loading: Succeeded for G502 HERO Gaming Mouse @ HID: /dev/hidraw3 (Receiver) 
Wireless Index: 255
4626  |Info:    Profile loading: FAILED! for HyperX Quadcast S @ 1-12.1:1.0
