    OpenRGB v0.9
    Commit:  from 
    Launched: 20240401_100951
====================================================================================================

0     |Info:    Found file: Main.orp attempting to validate header
0     |Info:    Valid v4 profile found for Main
1005  |Info:    ------------------------------------------------------
1005  |Info:    |               Start device detection               |
1005  |Info:    ------------------------------------------------------
1005  |Info:    Initializing HID interfaces: Success
1010  |Info:    ------------------------------------------------------
1010  |Info:    |             Detecting I2C interfaces               |
1010  |Info:    ------------------------------------------------------
1010  |Info:    Registering I2C interface: /dev/i2c-3 Device 10DE:2482 Subsystem: 1043:880E
1010  |Info:    Registering I2C interface: /dev/i2c-1 Device 10DE:2482 Subsystem: 1043:880E
1010  |Info:    Registering I2C interface: /dev/i2c-6 Device 10DE:2482 Subsystem: 1043:880E
1010  |Info:    Registering I2C interface: /dev/i2c-4 Device 10DE:2482 Subsystem: 1043:880E
1010  |Info:    Registering I2C interface: /dev/i2c-2 Device 10DE:2482 Subsystem: 1043:880E
1010  |Info:    Registering I2C interface: /dev/i2c-0 Device 8086:43A3 Subsystem: 1462:7D07
1010  |Info:    Registering I2C interface: /dev/i2c-5 Device 10DE:2482 Subsystem: 1043:880E
1010  |Info:    ------------------------------------------------------
1010  |Info:    |               Detecting I2C devices                |
1010  |Info:    ------------------------------------------------------
1082  |Info:    [Corsair Vengeance Pro RGB] Registering RGB controller
1104  |Info:    [Corsair Vengeance Pro RGB] Registering RGB controller
1340  |Info:    ------------------------------------------------------
1340  |Info:    |               Detecting I2C PCI devices            |
1340  |Info:    ------------------------------------------------------
1550  |Info:    [ASUS ROG STRIX 3070Ti O8G GAMING] Registering RGB controller
1712  |Info:    ------------------------------------------------------
1712  |Info:    |               Detecting HID devices                |
1712  |Info:    ------------------------------------------------------
1785  |Info:    [MSI MPG Z590 GAMING EDGE WIFI (MS-7D07)] Registering RGB controller
2173  |Info:    [G502 HERO Gaming Mouse] Registering RGB controller
2183  |Info:    [Razer Goliathus] Registering RGB controller
2183  |Info:    ------------------------------------------------------
2183  |Info:    |            Detecting libusb HID devices            |
2183  |Info:    ------------------------------------------------------
17153 |Info:    Detection abort requested
17995 |Info:    Profile loading: Succeeded for Corsair Vengeance Pro RGB @ I2C: /dev/i2c-0, address 0x59
17995 |Info:    Profile loading: Succeeded for Corsair Vengeance Pro RGB @ I2C: /dev/i2c-0, address 0x5B
17995 |Info:    Profile loading: Succeeded for ASUS ROG STRIX 3070Ti O8G GAMING @ I2C: /dev/i2c-1, address 0x67
17995 |Info:    Profile loading: Succeeded for MSI MPG Z590 GAMING EDGE WIFI (MS-7D07) @ HID: /dev/hidraw0
17995 |Info:    Profile loading: Succeeded for G502 HERO Gaming Mouse @ HID: /dev/hidraw3 (Receiver) 
Wireless Index: 255
17995 |Info:    Profile loading: Succeeded for Razer Goliathus @ HID: /dev/hidraw4
