    OpenRGB v0.9
    Commit:  from 
    Launched: 20240114_065940
====================================================================================================

0     |Info:    Found file: Main.orp attempting to validate header
0     |Info:    Valid v4 profile found for Main
1001  |Info:    ------------------------------------------------------
1001  |Info:    |               Start device detection               |
1001  |Info:    ------------------------------------------------------
1001  |Info:    Initializing HID interfaces: Success
1005  |Info:    ------------------------------------------------------
1005  |Info:    |             Detecting I2C interfaces               |
1005  |Info:    ------------------------------------------------------
1005  |Info:    Registering I2C interface: /dev/i2c-3 Device 10DE:2482 Subsystem: 1043:880E
1005  |Info:    Registering I2C interface: /dev/i2c-1 Device 10DE:2482 Subsystem: 1043:880E
1005  |Info:    Registering I2C interface: /dev/i2c-6 Device 10DE:2482 Subsystem: 1043:880E
1005  |Info:    Registering I2C interface: /dev/i2c-4 Device 10DE:2482 Subsystem: 1043:880E
1005  |Info:    Registering I2C interface: /dev/i2c-2 Device 10DE:2482 Subsystem: 1043:880E
1005  |Info:    Registering I2C interface: /dev/i2c-0 Device 8086:43A3 Subsystem: 1462:7D07
1005  |Info:    Registering I2C interface: /dev/i2c-5 Device 10DE:2482 Subsystem: 1043:880E
1005  |Info:    ------------------------------------------------------
1005  |Info:    |               Detecting I2C devices                |
1005  |Info:    ------------------------------------------------------
1236  |Info:    [Corsair Vengeance Pro RGB] Registering RGB controller
1259  |Info:    [Corsair Vengeance Pro RGB] Registering RGB controller
1359  |Info:    ------------------------------------------------------
1359  |Info:    |               Detecting I2C PCI devices            |
1359  |Info:    ------------------------------------------------------
1613  |Info:    [ASUS ROG STRIX 3070Ti O8G GAMING] Registering RGB controller
1780  |Info:    ------------------------------------------------------
1780  |Info:    |               Detecting HID devices                |
1780  |Info:    ------------------------------------------------------
1793  |Info:    [KLM] Created new Full 104 key ISO QWERTY with 6 rows and 21 columns containing 105 keys
1793  |Info:    [Razer Cynosa Chroma V2] Registering RGB controller
2180  |Info:    [G502 HERO Gaming Mouse] Registering RGB controller
2287  |Info:    [Corsair Commander Core] Registering RGB controller
2358  |Info:    [MSI MPG Z590 GAMING EDGE WIFI (MS-7D07)] Registering RGB controller
2368  |Info:    [Razer Goliathus] Registering RGB controller
2368  |Info:    ------------------------------------------------------
2368  |Info:    |            Detecting libusb HID devices            |
2368  |Info:    ------------------------------------------------------
2384  |Info:    [HyperX Quadcast S] Registering RGB controller
2384  |Info:    ------------------------------------------------------
2384  |Info:    |              Detecting other devices               |
2384  |Info:    ------------------------------------------------------
2388  |Info:    ------------------------------------------------------
2388  |Info:    |                Detection completed                 |
2388  |Info:    ------------------------------------------------------
53596 |Info:    Found file: Main.orp attempting to validate header
53596 |Info:    Valid v4 profile found for Main
