    OpenRGB v0.9
    Commit:  from 
    Launched: 20240315_194336
====================================================================================================

0     |Info:    Found file: Main.orp attempting to validate header
0     |Info:    Valid v4 profile found for Main
1007  |Info:    ------------------------------------------------------
1007  |Info:    |               Start device detection               |
1007  |Info:    ------------------------------------------------------
1007  |Info:    Initializing HID interfaces: Success
1025  |Info:    ------------------------------------------------------
1025  |Info:    |             Detecting I2C interfaces               |
1025  |Info:    ------------------------------------------------------
1025  |Info:    Registering I2C interface: /dev/i2c-3 Device 10DE:2482 Subsystem: 1043:880E
1025  |Info:    Registering I2C interface: /dev/i2c-1 Device 10DE:2482 Subsystem: 1043:880E
1025  |Info:    Registering I2C interface: /dev/i2c-6 Device 10DE:2482 Subsystem: 1043:880E
1025  |Info:    Registering I2C interface: /dev/i2c-4 Device 10DE:2482 Subsystem: 1043:880E
1025  |Info:    Registering I2C interface: /dev/i2c-2 Device 10DE:2482 Subsystem: 1043:880E
1025  |Info:    Registering I2C interface: /dev/i2c-0 Device 8086:43A3 Subsystem: 1462:7D07
1025  |Info:    Registering I2C interface: /dev/i2c-5 Device 10DE:2482 Subsystem: 1043:880E
1025  |Info:    ------------------------------------------------------
1025  |Info:    |               Detecting I2C devices                |
1025  |Info:    ------------------------------------------------------
1097  |Info:    [Corsair Vengeance Pro RGB] Registering RGB controller
1119  |Info:    [Corsair Vengeance Pro RGB] Registering RGB controller
1368  |Info:    ------------------------------------------------------
1368  |Info:    |               Detecting I2C PCI devices            |
1368  |Info:    ------------------------------------------------------
1578  |Info:    [ASUS ROG STRIX 3070Ti O8G GAMING] Registering RGB controller
1740  |Info:    ------------------------------------------------------
1740  |Info:    |               Detecting HID devices                |
1740  |Info:    ------------------------------------------------------
1848  |Info:    [Corsair Commander Core] Registering RGB controller
1920  |Info:    [MSI MPG Z590 GAMING EDGE WIFI (MS-7D07)] Registering RGB controller
2308  |Info:    [G502 HERO Gaming Mouse] Registering RGB controller
2318  |Info:    [Razer Goliathus] Registering RGB controller
2318  |Info:    ------------------------------------------------------
2318  |Info:    |            Detecting libusb HID devices            |
2318  |Info:    ------------------------------------------------------
2331  |Info:    [HyperX Quadcast S] Registering RGB controller
2331  |Info:    ------------------------------------------------------
2331  |Info:    |              Detecting other devices               |
2331  |Info:    ------------------------------------------------------
2335  |Info:    ------------------------------------------------------
2335  |Info:    |                Detection completed                 |
2335  |Info:    ------------------------------------------------------
4114  |Info:    Profile loading: Succeeded for Corsair Vengeance Pro RGB @ I2C: /dev/i2c-0, address 0x59
4114  |Info:    Profile loading: Succeeded for Corsair Vengeance Pro RGB @ I2C: /dev/i2c-0, address 0x5B
4114  |Info:    Profile loading: Succeeded for ASUS ROG STRIX 3070Ti O8G GAMING @ I2C: /dev/i2c-1, address 0x67
4114  |Info:    Profile loading: Succeeded for Corsair Commander Core @ HID: /dev/hidraw5
4114  |Info:    Profile loading: Succeeded for MSI MPG Z590 GAMING EDGE WIFI (MS-7D07) @ HID: /dev/hidraw0
4114  |Info:    Profile loading: Succeeded for G502 HERO Gaming Mouse @ HID: /dev/hidraw3 (Receiver) 
Wireless Index: 255
4114  |Info:    Profile loading: Succeeded for Razer Goliathus @ HID: /dev/hidraw8
4114  |Info:    Profile loading: FAILED! for HyperX Quadcast S @ 1-12.1:1.0
