    OpenRGB v0.9
    Commit:  from 
    Launched: 20240118_153353
====================================================================================================

22    |Info:    Found file: Main.orp attempting to validate header
23    |Info:    Valid v4 profile found for Main
1024  |Info:    ------------------------------------------------------
1024  |Info:    |               Start device detection               |
1024  |Info:    ------------------------------------------------------
1024  |Info:    Initializing HID interfaces: Success
1028  |Info:    ------------------------------------------------------
1028  |Info:    |             Detecting I2C interfaces               |
1028  |Info:    ------------------------------------------------------
1028  |Info:    Registering I2C interface: /dev/i2c-3 Device 10DE:2482 Subsystem: 1043:880E
1028  |Info:    Registering I2C interface: /dev/i2c-1 Device 10DE:2482 Subsystem: 1043:880E
1028  |Info:    Registering I2C interface: /dev/i2c-6 Device 10DE:2482 Subsystem: 1043:880E
1028  |Info:    Registering I2C interface: /dev/i2c-4 Device 10DE:2482 Subsystem: 1043:880E
1028  |Info:    Registering I2C interface: /dev/i2c-2 Device 10DE:2482 Subsystem: 1043:880E
1028  |Info:    Registering I2C interface: /dev/i2c-0 Device 8086:43A3 Subsystem: 1462:7D07
1029  |Info:    Registering I2C interface: /dev/i2c-5 Device 10DE:2482 Subsystem: 1043:880E
1029  |Info:    ------------------------------------------------------
1029  |Info:    |               Detecting I2C devices                |
1029  |Info:    ------------------------------------------------------
1258  |Info:    [Corsair Vengeance Pro RGB] Registering RGB controller
1280  |Info:    [Corsair Vengeance Pro RGB] Registering RGB controller
1370  |Info:    ------------------------------------------------------
1370  |Info:    |               Detecting I2C PCI devices            |
1370  |Info:    ------------------------------------------------------
1630  |Info:    [ASUS ROG STRIX 3070Ti O8G GAMING] Registering RGB controller
1797  |Info:    ------------------------------------------------------
1797  |Info:    |               Detecting HID devices                |
1797  |Info:    ------------------------------------------------------
1811  |Info:    [KLM] Created new Full 104 key ISO QWERTY with 6 rows and 21 columns containing 105 keys
1811  |Info:    [Razer Cynosa Chroma V2] Registering RGB controller
2198  |Info:    [G502 HERO Gaming Mouse] Registering RGB controller
2331  |Info:    [Corsair Commander Core] Registering RGB controller
2401  |Info:    [MSI MPG Z590 GAMING EDGE WIFI (MS-7D07)] Registering RGB controller
2411  |Info:    [Razer Goliathus] Registering RGB controller
2411  |Info:    ------------------------------------------------------
2411  |Info:    |            Detecting libusb HID devices            |
2411  |Info:    ------------------------------------------------------
2432  |Info:    [HyperX Quadcast S] Registering RGB controller
2432  |Info:    ------------------------------------------------------
2432  |Info:    |              Detecting other devices               |
2432  |Info:    ------------------------------------------------------
2437  |Info:    ------------------------------------------------------
2437  |Info:    |                Detection completed                 |
2437  |Info:    ------------------------------------------------------
8177  |Info:    Profile loading: Succeeded for Corsair Vengeance Pro RGB @ I2C: /dev/i2c-0, address 0x59
8177  |Info:    Profile loading: Succeeded for Corsair Vengeance Pro RGB @ I2C: /dev/i2c-0, address 0x5B
8177  |Info:    Profile loading: Succeeded for ASUS ROG STRIX 3070Ti O8G GAMING @ I2C: /dev/i2c-1, address 0x67
8177  |Info:    Profile loading: Succeeded for Razer Cynosa Chroma V2 @ HID: /dev/hidraw8
8177  |Info:    Profile loading: Succeeded for G502 HERO Gaming Mouse @ HID: /dev/hidraw11 (Receiver) 
Wireless Index: 255
8177  |Info:    Profile loading: Succeeded for Corsair Commander Core @ HID: /dev/hidraw12
8177  |Info:    Profile loading: Succeeded for MSI MPG Z590 GAMING EDGE WIFI (MS-7D07) @ HID: /dev/hidraw0
8177  |Info:    Profile loading: Succeeded for Razer Goliathus @ HID: /dev/hidraw2
8177  |Info:    Profile loading: Succeeded for HyperX Quadcast S @ 1-4.1:1.0
