    OpenRGB v0.9
    Commit:  from 
    Launched: 20240718_031320
====================================================================================================

2     |Info:    Found file: Main.orp attempting to validate header
2     |Info:    Valid v4 profile found for Main
1010  |Info:    ------------------------------------------------------
1010  |Info:    |               Start device detection               |
1010  |Info:    ------------------------------------------------------
1010  |Info:    Initializing HID interfaces: Success
1013  |Info:    ------------------------------------------------------
1013  |Info:    |             Detecting I2C interfaces               |
1013  |Info:    ------------------------------------------------------
1013  |Info:    Registering I2C interface: /dev/i2c-3 Device 10DE:2482 Subsystem: 1043:880E
1013  |Info:    Registering I2C interface: /dev/i2c-1 Device 10DE:2482 Subsystem: 1043:880E
1013  |Info:    Registering I2C interface: /dev/i2c-6 Device 8086:43A3 Subsystem: 1462:7D07
1013  |Info:    Registering I2C interface: /dev/i2c-4 Device 10DE:2482 Subsystem: 1043:880E
1013  |Info:    Registering I2C interface: /dev/i2c-2 Device 10DE:2482 Subsystem: 1043:880E
1013  |Info:    Registering I2C interface: /dev/i2c-0 Device 10DE:2482 Subsystem: 1043:880E
1013  |Info:    Registering I2C interface: /dev/i2c-5 Device 10DE:2482 Subsystem: 1043:880E
1013  |Info:    ------------------------------------------------------
1013  |Info:    |               Detecting I2C devices                |
1013  |Info:    ------------------------------------------------------
1085  |Info:    [Corsair Vengeance Pro RGB] Registering RGB controller
1107  |Info:    [Corsair Vengeance Pro RGB] Registering RGB controller
1344  |Info:    ------------------------------------------------------
1344  |Info:    |               Detecting I2C PCI devices            |
1344  |Info:    ------------------------------------------------------
1788  |Info:    [ASUS ROG STRIX 3070Ti O8G GAMING] Registering RGB controller
1831  |Info:    ------------------------------------------------------
1831  |Info:    |               Detecting HID devices                |
1831  |Info:    ------------------------------------------------------
1841  |Info:    [Razer Goliathus] Registering RGB controller
1976  |Info:    [Corsair Commander Core] Registering RGB controller
2045  |Info:    [MSI MPG Z590 GAMING EDGE WIFI (MS-7D07)] Registering RGB controller
2432  |Info:    [G502 HERO Gaming Mouse] Registering RGB controller
2432  |Info:    ------------------------------------------------------
2432  |Info:    |            Detecting libusb HID devices            |
2432  |Info:    ------------------------------------------------------
2446  |Info:    [HyperX Quadcast S] Registering RGB controller
2446  |Info:    ------------------------------------------------------
2446  |Info:    |              Detecting other devices               |
2446  |Info:    ------------------------------------------------------
2451  |Info:    ------------------------------------------------------
2451  |Info:    |                Detection completed                 |
2451  |Info:    ------------------------------------------------------
4753  |Info:    Profile loading: Succeeded for Corsair Vengeance Pro RGB @ I2C: /dev/i2c-6, address 0x59
4753  |Info:    Profile loading: Succeeded for Corsair Vengeance Pro RGB @ I2C: /dev/i2c-6, address 0x5B
4753  |Info:    Profile loading: Succeeded for ASUS ROG STRIX 3070Ti O8G GAMING @ I2C: /dev/i2c-0, address 0x67
4753  |Info:    Profile loading: Succeeded for Razer Goliathus @ HID: /dev/hidraw8
4753  |Info:    Profile loading: Succeeded for Corsair Commander Core @ HID: /dev/hidraw5
4753  |Info:    Profile loading: Succeeded for MSI MPG Z590 GAMING EDGE WIFI (MS-7D07) @ HID: /dev/hidraw0
4753  |Info:    Profile loading: Succeeded for G502 HERO Gaming Mouse @ HID: /dev/hidraw3 (Receiver) 
Wireless Index: 255
4753  |Info:    Profile loading: FAILED! for HyperX Quadcast S @ 1-12.1:1.0
