    OpenRGB v0.9
    Commit:  from 
    Launched: 20240304_194825
====================================================================================================

7     |Info:    Found file: Main.orp attempting to validate header
7     |Info:    Valid v4 profile found for Main
1008  |Info:    ------------------------------------------------------
1008  |Info:    |               Start device detection               |
1008  |Info:    ------------------------------------------------------
1009  |Info:    Initializing HID interfaces: Success
1015  |Info:    ------------------------------------------------------
1015  |Info:    |             Detecting I2C interfaces               |
1015  |Info:    ------------------------------------------------------
1018  |Info:    Registering I2C interface: /dev/i2c-3 Device 10DE:2482 Subsystem: 1043:880E
1019  |Info:    Registering I2C interface: /dev/i2c-1 Device 10DE:2482 Subsystem: 1043:880E
1019  |Info:    Registering I2C interface: /dev/i2c-6 Device 10DE:2482 Subsystem: 1043:880E
1019  |Info:    Registering I2C interface: /dev/i2c-4 Device 10DE:2482 Subsystem: 1043:880E
1019  |Info:    Registering I2C interface: /dev/i2c-2 Device 10DE:2482 Subsystem: 1043:880E
1019  |Info:    Registering I2C interface: /dev/i2c-0 Device 8086:43A3 Subsystem: 1462:7D07
1019  |Info:    Registering I2C interface: /dev/i2c-5 Device 10DE:2482 Subsystem: 1043:880E
1019  |Info:    ------------------------------------------------------
1019  |Info:    |               Detecting I2C devices                |
1019  |Info:    ------------------------------------------------------
1129  |Info:    [Corsair Vengeance Pro RGB] Registering RGB controller
1152  |Info:    [Corsair Vengeance Pro RGB] Registering RGB controller
1424  |Info:    ------------------------------------------------------
1424  |Info:    |               Detecting I2C PCI devices            |
1424  |Info:    ------------------------------------------------------
1762  |Info:    [ASUS ROG STRIX 3070Ti O8G GAMING] Registering RGB controller
1937  |Info:    ------------------------------------------------------
1937  |Info:    |               Detecting HID devices                |
1937  |Info:    ------------------------------------------------------
1953  |Info:    [KLM] Created new Full 104 key ISO QWERTY with 6 rows and 21 columns containing 105 keys
1953  |Info:    [Razer Cynosa Chroma V2] Registering RGB controller
2005  |Info:    [Corsair Commander Core] Registering RGB controller
2019  |Info:    [MSI MPG Z590 GAMING EDGE WIFI (MS-7D07)] Registering RGB controller
2407  |Info:    [G502 HERO Gaming Mouse] Registering RGB controller
2417  |Info:    [Razer Goliathus] Registering RGB controller
2417  |Info:    ------------------------------------------------------
2417  |Info:    |            Detecting libusb HID devices            |
2417  |Info:    ------------------------------------------------------
2431  |Info:    ------------------------------------------------------
2431  |Info:    |              Detecting other devices               |
2431  |Info:    ------------------------------------------------------
2466  |Info:    ------------------------------------------------------
2466  |Info:    |                Detection completed                 |
2466  |Info:    ------------------------------------------------------
