    OpenRGB v0.9
    Commit:  from 
    Launched: 20240121_083408
====================================================================================================

0     |Info:    Found file: Main.orp attempting to validate header
0     |Info:    Valid v4 profile found for Main
1001  |Info:    ------------------------------------------------------
1001  |Info:    |               Start device detection               |
1001  |Info:    ------------------------------------------------------
1001  |Info:    Initializing HID interfaces: Success
1005  |Info:    ------------------------------------------------------
1005  |Info:    |             Detecting I2C interfaces               |
1005  |Info:    ------------------------------------------------------
1005  |Info:    Registering I2C interface: /dev/i2c-3 Device 10DE:2482 Subsystem: 1043:880E
1005  |Info:    Registering I2C interface: /dev/i2c-1 Device 10DE:2482 Subsystem: 1043:880E
1005  |Info:    Registering I2C interface: /dev/i2c-6 Device 10DE:2482 Subsystem: 1043:880E
1005  |Info:    Registering I2C interface: /dev/i2c-4 Device 10DE:2482 Subsystem: 1043:880E
1005  |Info:    Registering I2C interface: /dev/i2c-2 Device 10DE:2482 Subsystem: 1043:880E
1005  |Info:    Registering I2C interface: /dev/i2c-0 Device 8086:43A3 Subsystem: 1462:7D07
1005  |Info:    Registering I2C interface: /dev/i2c-5 Device 10DE:2482 Subsystem: 1043:880E
1005  |Info:    ------------------------------------------------------
1005  |Info:    |               Detecting I2C devices                |
1005  |Info:    ------------------------------------------------------
1234  |Info:    [Corsair Vengeance Pro RGB] Registering RGB controller
1256  |Info:    [Corsair Vengeance Pro RGB] Registering RGB controller
1346  |Info:    ------------------------------------------------------
1346  |Info:    |               Detecting I2C PCI devices            |
1346  |Info:    ------------------------------------------------------
1652  |Info:    [ASUS ROG STRIX 3070Ti O8G GAMING] Registering RGB controller
1820  |Info:    ------------------------------------------------------
1820  |Info:    |               Detecting HID devices                |
1820  |Info:    ------------------------------------------------------
1833  |Info:    [KLM] Created new Full 104 key ISO QWERTY with 6 rows and 21 columns containing 105 keys
1833  |Info:    [Razer Cynosa Chroma V2] Registering RGB controller
2221  |Info:    [G502 HERO Gaming Mouse] Registering RGB controller
2328  |Info:    [Corsair Commander Core] Registering RGB controller
2399  |Info:    [MSI MPG Z590 GAMING EDGE WIFI (MS-7D07)] Registering RGB controller
2409  |Info:    [Razer Goliathus] Registering RGB controller
2409  |Info:    ------------------------------------------------------
2409  |Info:    |            Detecting libusb HID devices            |
2409  |Info:    ------------------------------------------------------
2425  |Info:    [HyperX Quadcast S] Registering RGB controller
2425  |Info:    ------------------------------------------------------
2425  |Info:    |              Detecting other devices               |
2425  |Info:    ------------------------------------------------------
2429  |Info:    ------------------------------------------------------
2429  |Info:    |                Detection completed                 |
2429  |Info:    ------------------------------------------------------
3975  |Info:    Profile loading: Succeeded for Corsair Vengeance Pro RGB @ I2C: /dev/i2c-0, address 0x59
3975  |Info:    Profile loading: Succeeded for Corsair Vengeance Pro RGB @ I2C: /dev/i2c-0, address 0x5B
3975  |Info:    Profile loading: Succeeded for ASUS ROG STRIX 3070Ti O8G GAMING @ I2C: /dev/i2c-1, address 0x67
3975  |Info:    Profile loading: Succeeded for Razer Cynosa Chroma V2 @ HID: /dev/hidraw8
3975  |Info:    Profile loading: Succeeded for G502 HERO Gaming Mouse @ HID: /dev/hidraw11 (Receiver) 
Wireless Index: 255
3975  |Info:    Profile loading: Succeeded for Corsair Commander Core @ HID: /dev/hidraw12
3975  |Info:    Profile loading: Succeeded for MSI MPG Z590 GAMING EDGE WIFI (MS-7D07) @ HID: /dev/hidraw0
3975  |Info:    Profile loading: Succeeded for Razer Goliathus @ HID: /dev/hidraw2
3975  |Info:    Profile loading: Succeeded for HyperX Quadcast S @ 1-4.1:1.0
5283  |Info:    Profile loading: Succeeded for Corsair Vengeance Pro RGB @ I2C: /dev/i2c-0, address 0x59
5283  |Info:    Profile loading: Succeeded for Corsair Vengeance Pro RGB @ I2C: /dev/i2c-0, address 0x5B
5283  |Info:    Profile loading: Succeeded for ASUS ROG STRIX 3070Ti O8G GAMING @ I2C: /dev/i2c-1, address 0x67
5283  |Info:    Profile loading: Succeeded for Razer Cynosa Chroma V2 @ HID: /dev/hidraw8
5283  |Info:    Profile loading: Succeeded for G502 HERO Gaming Mouse @ HID: /dev/hidraw11 (Receiver) 
Wireless Index: 255
5283  |Info:    Profile loading: Succeeded for Corsair Commander Core @ HID: /dev/hidraw12
5283  |Info:    Profile loading: Succeeded for MSI MPG Z590 GAMING EDGE WIFI (MS-7D07) @ HID: /dev/hidraw0
5283  |Info:    Profile loading: Succeeded for Razer Goliathus @ HID: /dev/hidraw2
5283  |Info:    Profile loading: Succeeded for HyperX Quadcast S @ 1-4.1:1.0
6643  |Info:    Profile loading: Succeeded for Corsair Vengeance Pro RGB @ I2C: /dev/i2c-0, address 0x59
6643  |Info:    Profile loading: Succeeded for Corsair Vengeance Pro RGB @ I2C: /dev/i2c-0, address 0x5B
6643  |Info:    Profile loading: Succeeded for ASUS ROG STRIX 3070Ti O8G GAMING @ I2C: /dev/i2c-1, address 0x67
6643  |Info:    Profile loading: Succeeded for Razer Cynosa Chroma V2 @ HID: /dev/hidraw8
6643  |Info:    Profile loading: Succeeded for G502 HERO Gaming Mouse @ HID: /dev/hidraw11 (Receiver) 
Wireless Index: 255
6643  |Info:    Profile loading: Succeeded for Corsair Commander Core @ HID: /dev/hidraw12
6643  |Info:    Profile loading: Succeeded for MSI MPG Z590 GAMING EDGE WIFI (MS-7D07) @ HID: /dev/hidraw0
6643  |Info:    Profile loading: Succeeded for Razer Goliathus @ HID: /dev/hidraw2
6643  |Info:    Profile loading: Succeeded for HyperX Quadcast S @ 1-4.1:1.0
7968  |Info:    Profile loading: Succeeded for Corsair Vengeance Pro RGB @ I2C: /dev/i2c-0, address 0x59
7968  |Info:    Profile loading: Succeeded for Corsair Vengeance Pro RGB @ I2C: /dev/i2c-0, address 0x5B
7968  |Info:    Profile loading: Succeeded for ASUS ROG STRIX 3070Ti O8G GAMING @ I2C: /dev/i2c-1, address 0x67
7968  |Info:    Profile loading: Succeeded for Razer Cynosa Chroma V2 @ HID: /dev/hidraw8
7968  |Info:    Profile loading: Succeeded for G502 HERO Gaming Mouse @ HID: /dev/hidraw11 (Receiver) 
Wireless Index: 255
7968  |Info:    Profile loading: Succeeded for Corsair Commander Core @ HID: /dev/hidraw12
7968  |Info:    Profile loading: Succeeded for MSI MPG Z590 GAMING EDGE WIFI (MS-7D07) @ HID: /dev/hidraw0
7968  |Info:    Profile loading: Succeeded for Razer Goliathus @ HID: /dev/hidraw2
7968  |Info:    Profile loading: Succeeded for HyperX Quadcast S @ 1-4.1:1.0
