    OpenRGB v0.9
    Commit:  from 
    Launched: 20240502_203018
====================================================================================================

0     |Info:    Found file: Main.orp attempting to validate header
0     |Info:    Valid v4 profile found for Main
1004  |Info:    ------------------------------------------------------
1004  |Info:    |               Start device detection               |
1004  |Info:    ------------------------------------------------------
1004  |Info:    Initializing HID interfaces: Success
1008  |Info:    ------------------------------------------------------
1008  |Info:    |             Detecting I2C interfaces               |
1008  |Info:    ------------------------------------------------------
1008  |Info:    Registering I2C interface: /dev/i2c-3 Device 10DE:2482 Subsystem: 1043:880E
1008  |Info:    Registering I2C interface: /dev/i2c-1 Device 10DE:2482 Subsystem: 1043:880E
1008  |Info:    Registering I2C interface: /dev/i2c-6 Device 10DE:2482 Subsystem: 1043:880E
1008  |Info:    Registering I2C interface: /dev/i2c-4 Device 10DE:2482 Subsystem: 1043:880E
1008  |Info:    Registering I2C interface: /dev/i2c-2 Device 10DE:2482 Subsystem: 1043:880E
1008  |Info:    Registering I2C interface: /dev/i2c-0 Device 8086:43A3 Subsystem: 1462:7D07
1008  |Info:    Registering I2C interface: /dev/i2c-5 Device 10DE:2482 Subsystem: 1043:880E
1008  |Info:    ------------------------------------------------------
1008  |Info:    |               Detecting I2C devices                |
1008  |Info:    ------------------------------------------------------
1081  |Info:    [Corsair Vengeance Pro RGB] Registering RGB controller
1103  |Info:    [Corsair Vengeance Pro RGB] Registering RGB controller
1339  |Info:    ------------------------------------------------------
1339  |Info:    |               Detecting I2C PCI devices            |
1339  |Info:    ------------------------------------------------------
1548  |Info:    [ASUS ROG STRIX 3070Ti O8G GAMING] Registering RGB controller
1710  |Info:    ------------------------------------------------------
1710  |Info:    |               Detecting HID devices                |
1710  |Info:    ------------------------------------------------------
1721  |Info:    [Razer Goliathus] Registering RGB controller
1859  |Info:    [Corsair Commander Core] Registering RGB controller
1933  |Info:    [MSI MPG Z590 GAMING EDGE WIFI (MS-7D07)] Registering RGB controller
2321  |Info:    [G502 HERO Gaming Mouse] Registering RGB controller
2321  |Info:    ------------------------------------------------------
2321  |Info:    |            Detecting libusb HID devices            |
2321  |Info:    ------------------------------------------------------
2341  |Info:    [HyperX Quadcast S] Registering RGB controller
2341  |Info:    ------------------------------------------------------
2341  |Info:    |              Detecting other devices               |
2341  |Info:    ------------------------------------------------------
2345  |Info:    ------------------------------------------------------
2345  |Info:    |                Detection completed                 |
2345  |Info:    ------------------------------------------------------
7430  |Info:    Profile loading: Succeeded for Corsair Vengeance Pro RGB @ I2C: /dev/i2c-0, address 0x59
7430  |Info:    Profile loading: Succeeded for Corsair Vengeance Pro RGB @ I2C: /dev/i2c-0, address 0x5B
7430  |Info:    Profile loading: Succeeded for ASUS ROG STRIX 3070Ti O8G GAMING @ I2C: /dev/i2c-1, address 0x67
7430  |Info:    Profile loading: Succeeded for Razer Goliathus @ HID: /dev/hidraw8
7430  |Info:    Profile loading: Succeeded for Corsair Commander Core @ HID: /dev/hidraw4
7430  |Info:    Profile loading: Succeeded for MSI MPG Z590 GAMING EDGE WIFI (MS-7D07) @ HID: /dev/hidraw13
7430  |Info:    Profile loading: Succeeded for G502 HERO Gaming Mouse @ HID: /dev/hidraw7 (Receiver) 
Wireless Index: 255
7430  |Info:    Profile loading: FAILED! for HyperX Quadcast S @ 1-12.1:1.0
