    OpenRGB v0.9
    Commit:  from 
    Launched: 20240225_135536
====================================================================================================

0     |Info:    Found file: Main.orp attempting to validate header
0     |Info:    Valid v4 profile found for Main
1005  |Info:    ------------------------------------------------------
1006  |Info:    |               Start device detection               |
1006  |Info:    ------------------------------------------------------
1006  |Info:    Initializing HID interfaces: Success
1013  |Info:    ------------------------------------------------------
1013  |Info:    |             Detecting I2C interfaces               |
1013  |Info:    ------------------------------------------------------
1013  |Info:    Registering I2C interface: /dev/i2c-3 Device 10DE:2482 Subsystem: 1043:880E
1013  |Info:    Registering I2C interface: /dev/i2c-1 Device 10DE:2482 Subsystem: 1043:880E
1013  |Info:    Registering I2C interface: /dev/i2c-6 Device 10DE:2482 Subsystem: 1043:880E
1013  |Info:    Registering I2C interface: /dev/i2c-4 Device 10DE:2482 Subsystem: 1043:880E
1013  |Info:    Registering I2C interface: /dev/i2c-2 Device 10DE:2482 Subsystem: 1043:880E
1013  |Info:    Registering I2C interface: /dev/i2c-0 Device 8086:43A3 Subsystem: 1462:7D07
1013  |Info:    Registering I2C interface: /dev/i2c-5 Device 10DE:2482 Subsystem: 1043:880E
1013  |Info:    ------------------------------------------------------
1013  |Info:    |               Detecting I2C devices                |
1013  |Info:    ------------------------------------------------------
1248  |Info:    [Corsair Vengeance Pro RGB] Registering RGB controller
1271  |Info:    [Corsair Vengeance Pro RGB] Registering RGB controller
1373  |Info:    ------------------------------------------------------
1373  |Info:    |               Detecting I2C PCI devices            |
1373  |Info:    ------------------------------------------------------
1632  |Info:    [ASUS ROG STRIX 3070Ti O8G GAMING] Registering RGB controller
1800  |Info:    ------------------------------------------------------
1800  |Info:    |               Detecting HID devices                |
1800  |Info:    ------------------------------------------------------
1813  |Info:    [KLM] Created new Full 104 key ISO QWERTY with 6 rows and 21 columns containing 105 keys
1813  |Info:    [Razer Cynosa Chroma V2] Registering RGB controller
1953  |Info:    [Corsair Commander Core] Registering RGB controller
2026  |Info:    [MSI MPG Z590 GAMING EDGE WIFI (MS-7D07)] Registering RGB controller
2413  |Info:    [G502 HERO Gaming Mouse] Registering RGB controller
2424  |Info:    [Razer Goliathus] Registering RGB controller
2424  |Info:    ------------------------------------------------------
2424  |Info:    |            Detecting libusb HID devices            |
2424  |Info:    ------------------------------------------------------
2451  |Info:    [HyperX Quadcast S] Registering RGB controller
2451  |Info:    ------------------------------------------------------
2451  |Info:    |              Detecting other devices               |
2451  |Info:    ------------------------------------------------------
2454  |Info:    ------------------------------------------------------
2454  |Info:    |                Detection completed                 |
2454  |Info:    ------------------------------------------------------
3335  |Info:    Profile loading: Succeeded for Corsair Vengeance Pro RGB @ I2C: /dev/i2c-0, address 0x59
3335  |Info:    Profile loading: Succeeded for Corsair Vengeance Pro RGB @ I2C: /dev/i2c-0, address 0x5B
3335  |Info:    Profile loading: Succeeded for ASUS ROG STRIX 3070Ti O8G GAMING @ I2C: /dev/i2c-1, address 0x67
3335  |Info:    Profile loading: Succeeded for Razer Cynosa Chroma V2 @ HID: /dev/hidraw9
3335  |Info:    Profile loading: Succeeded for Corsair Commander Core @ HID: /dev/hidraw11
3335  |Info:    Profile loading: Succeeded for MSI MPG Z590 GAMING EDGE WIFI (MS-7D07) @ HID: /dev/hidraw0
3335  |Info:    Profile loading: Succeeded for G502 HERO Gaming Mouse @ HID: /dev/hidraw3 (Receiver) 
Wireless Index: 255
3335  |Info:    Profile loading: Succeeded for Razer Goliathus @ HID: /dev/hidraw4
3335  |Info:    Profile loading: FAILED! for HyperX Quadcast S @ 1-12.1:1.0
