    OpenRGB v0.9
    Commit:  from 
    Launched: 20240729_103604
====================================================================================================

0     |Info:    Found file: Main.orp attempting to validate header
0     |Info:    Valid v4 profile found for Main
1005  |Info:    ------------------------------------------------------
1005  |Info:    |               Start device detection               |
1005  |Info:    ------------------------------------------------------
1005  |Info:    Initializing HID interfaces: Success
1009  |Info:    ------------------------------------------------------
1009  |Info:    |             Detecting I2C interfaces               |
1009  |Info:    ------------------------------------------------------
1009  |Info:    Registering I2C interface: /dev/i2c-3 Device 10DE:2482 Subsystem: 1043:880E
1009  |Info:    Registering I2C interface: /dev/i2c-1 Device 10DE:2482 Subsystem: 1043:880E
1009  |Info:    Registering I2C interface: /dev/i2c-6 Device 8086:43A3 Subsystem: 1462:7D07
1009  |Info:    Registering I2C interface: /dev/i2c-4 Device 10DE:2482 Subsystem: 1043:880E
1009  |Info:    Registering I2C interface: /dev/i2c-2 Device 10DE:2482 Subsystem: 1043:880E
1009  |Info:    Registering I2C interface: /dev/i2c-0 Device 10DE:2482 Subsystem: 1043:880E
1010  |Info:    Registering I2C interface: /dev/i2c-5 Device 10DE:2482 Subsystem: 1043:880E
1010  |Info:    ------------------------------------------------------
1010  |Info:    |               Detecting I2C devices                |
1010  |Info:    ------------------------------------------------------
1083  |Info:    [Corsair Vengeance Pro RGB] Registering RGB controller
1105  |Info:    [Corsair Vengeance Pro RGB] Registering RGB controller
1342  |Info:    ------------------------------------------------------
1342  |Info:    |               Detecting I2C PCI devices            |
1342  |Info:    ------------------------------------------------------
1807  |Info:    [ASUS ROG STRIX 3070Ti O8G GAMING] Registering RGB controller
1849  |Info:    ------------------------------------------------------
1849  |Info:    |               Detecting HID devices                |
1849  |Info:    ------------------------------------------------------
1859  |Info:    [Razer Goliathus] Registering RGB controller
1991  |Info:    [Corsair Commander Core] Registering RGB controller
2063  |Info:    [MSI MPG Z590 GAMING EDGE WIFI (MS-7D07)] Registering RGB controller
2451  |Info:    [G502 HERO Gaming Mouse] Registering RGB controller
2451  |Info:    ------------------------------------------------------
2451  |Info:    |            Detecting libusb HID devices            |
2451  |Info:    ------------------------------------------------------
2465  |Info:    [HyperX Quadcast S] Registering RGB controller
2465  |Info:    ------------------------------------------------------
2465  |Info:    |              Detecting other devices               |
2465  |Info:    ------------------------------------------------------
2469  |Info:    ------------------------------------------------------
2469  |Info:    |                Detection completed                 |
2469  |Info:    ------------------------------------------------------
6929  |Info:    Profile loading: Succeeded for Corsair Vengeance Pro RGB @ I2C: /dev/i2c-6, address 0x59
6929  |Info:    Profile loading: Succeeded for Corsair Vengeance Pro RGB @ I2C: /dev/i2c-6, address 0x5B
6929  |Info:    Profile loading: Succeeded for ASUS ROG STRIX 3070Ti O8G GAMING @ I2C: /dev/i2c-0, address 0x67
6929  |Info:    Profile loading: Succeeded for Razer Goliathus @ HID: /dev/hidraw8
6929  |Info:    Profile loading: Succeeded for Corsair Commander Core @ HID: /dev/hidraw5
6929  |Info:    Profile loading: Succeeded for MSI MPG Z590 GAMING EDGE WIFI (MS-7D07) @ HID: /dev/hidraw0
6929  |Info:    Profile loading: Succeeded for G502 HERO Gaming Mouse @ HID: /dev/hidraw3 (Receiver) 
Wireless Index: 255
6929  |Info:    Profile loading: FAILED! for HyperX Quadcast S @ 1-12.1:1.0
