    OpenRGB v0.9
    Commit:  from 
    Launched: 20240705_052400
====================================================================================================

0     |Info:    Found file: Main.orp attempting to validate header
0     |Info:    Valid v4 profile found for Main
1007  |Info:    ------------------------------------------------------
1007  |Info:    |               Start device detection               |
1007  |Info:    ------------------------------------------------------
1008  |Info:    Initializing HID interfaces: Success
1019  |Info:    ------------------------------------------------------
1019  |Info:    |             Detecting I2C interfaces               |
1019  |Info:    ------------------------------------------------------
1019  |Info:    Registering I2C interface: /dev/i2c-3 Device 10DE:2482 Subsystem: 1043:880E
1019  |Info:    Registering I2C interface: /dev/i2c-1 Device 10DE:2482 Subsystem: 1043:880E
1019  |Info:    Registering I2C interface: /dev/i2c-6 Device 8086:43A3 Subsystem: 1462:7D07
1019  |Info:    Registering I2C interface: /dev/i2c-4 Device 10DE:2482 Subsystem: 1043:880E
1019  |Info:    Registering I2C interface: /dev/i2c-2 Device 10DE:2482 Subsystem: 1043:880E
1019  |Info:    Registering I2C interface: /dev/i2c-0 Device 10DE:2482 Subsystem: 1043:880E
1019  |Info:    Registering I2C interface: /dev/i2c-5 Device 10DE:2482 Subsystem: 1043:880E
1019  |Info:    ------------------------------------------------------
1019  |Info:    |               Detecting I2C devices                |
1019  |Info:    ------------------------------------------------------
1092  |Info:    [Corsair Vengeance Pro RGB] Registering RGB controller
1115  |Info:    [Corsair Vengeance Pro RGB] Registering RGB controller
1353  |Info:    ------------------------------------------------------
1353  |Info:    |               Detecting I2C PCI devices            |
1353  |Info:    ------------------------------------------------------
1822  |Info:    [ASUS ROG STRIX 3070Ti O8G GAMING] Registering RGB controller
1864  |Info:    ------------------------------------------------------
1864  |Info:    |               Detecting HID devices                |
1864  |Info:    ------------------------------------------------------
1874  |Info:    [Razer Goliathus] Registering RGB controller
2007  |Info:    [Corsair Commander Core] Registering RGB controller
2087  |Info:    [MSI MPG Z590 GAMING EDGE WIFI (MS-7D07)] Registering RGB controller
2475  |Info:    [G502 HERO Gaming Mouse] Registering RGB controller
2475  |Info:    ------------------------------------------------------
2475  |Info:    |            Detecting libusb HID devices            |
2475  |Info:    ------------------------------------------------------
2488  |Info:    [HyperX Quadcast S] Registering RGB controller
2488  |Info:    ------------------------------------------------------
2488  |Info:    |              Detecting other devices               |
2488  |Info:    ------------------------------------------------------
2492  |Info:    ------------------------------------------------------
2492  |Info:    |                Detection completed                 |
2492  |Info:    ------------------------------------------------------
5042  |Info:    Profile loading: Succeeded for Corsair Vengeance Pro RGB @ I2C: /dev/i2c-6, address 0x59
5042  |Info:    Profile loading: Succeeded for Corsair Vengeance Pro RGB @ I2C: /dev/i2c-6, address 0x5B
5042  |Info:    Profile loading: Succeeded for ASUS ROG STRIX 3070Ti O8G GAMING @ I2C: /dev/i2c-0, address 0x67
5042  |Info:    Profile loading: Succeeded for Razer Goliathus @ HID: /dev/hidraw8
5042  |Info:    Profile loading: Succeeded for Corsair Commander Core @ HID: /dev/hidraw5
5042  |Info:    Profile loading: Succeeded for MSI MPG Z590 GAMING EDGE WIFI (MS-7D07) @ HID: /dev/hidraw0
5042  |Info:    Profile loading: Succeeded for G502 HERO Gaming Mouse @ HID: /dev/hidraw3 (Receiver) 
Wireless Index: 255
5042  |Info:    Profile loading: FAILED! for HyperX Quadcast S @ 1-12.1:1.0
