    OpenRGB v0.9
    Commit:  from 
    Launched: 20240504_095049
====================================================================================================

0     |Info:    Found file: Main.orp attempting to validate header
0     |Info:    Valid v4 profile found for Main
1004  |Info:    ------------------------------------------------------
1004  |Info:    |               Start device detection               |
1004  |Info:    ------------------------------------------------------
1004  |Info:    Initializing HID interfaces: Success
1010  |Info:    ------------------------------------------------------
1010  |Info:    |             Detecting I2C interfaces               |
1010  |Info:    ------------------------------------------------------
1010  |Info:    Registering I2C interface: /dev/i2c-3 Device 10DE:2482 Subsystem: 1043:880E
1010  |Info:    Registering I2C interface: /dev/i2c-1 Device 10DE:2482 Subsystem: 1043:880E
1010  |Info:    Registering I2C interface: /dev/i2c-6 Device 10DE:2482 Subsystem: 1043:880E
1010  |Info:    Registering I2C interface: /dev/i2c-4 Device 10DE:2482 Subsystem: 1043:880E
1010  |Info:    Registering I2C interface: /dev/i2c-2 Device 10DE:2482 Subsystem: 1043:880E
1010  |Info:    Registering I2C interface: /dev/i2c-0 Device 8086:43A3 Subsystem: 1462:7D07
1010  |Info:    Registering I2C interface: /dev/i2c-5 Device 10DE:2482 Subsystem: 1043:880E
1010  |Info:    ------------------------------------------------------
1010  |Info:    |               Detecting I2C devices                |
1010  |Info:    ------------------------------------------------------
1084  |Info:    [Corsair Vengeance Pro RGB] Registering RGB controller
1107  |Info:    [Corsair Vengeance Pro RGB] Registering RGB controller
1343  |Info:    ------------------------------------------------------
1343  |Info:    |               Detecting I2C PCI devices            |
1343  |Info:    ------------------------------------------------------
1554  |Info:    [ASUS ROG STRIX 3070Ti O8G GAMING] Registering RGB controller
1717  |Info:    ------------------------------------------------------
1717  |Info:    |               Detecting HID devices                |
1717  |Info:    ------------------------------------------------------
1728  |Info:    [Razer Goliathus] Registering RGB controller
1862  |Info:    [Corsair Commander Core] Registering RGB controller
1934  |Info:    [MSI MPG Z590 GAMING EDGE WIFI (MS-7D07)] Registering RGB controller
2321  |Info:    [G502 HERO Gaming Mouse] Registering RGB controller
2321  |Info:    ------------------------------------------------------
2321  |Info:    |            Detecting libusb HID devices            |
2321  |Info:    ------------------------------------------------------
2336  |Info:    [HyperX Quadcast S] Registering RGB controller
2336  |Info:    ------------------------------------------------------
2336  |Info:    |              Detecting other devices               |
2336  |Info:    ------------------------------------------------------
2341  |Info:    ------------------------------------------------------
2341  |Info:    |                Detection completed                 |
2341  |Info:    ------------------------------------------------------
12294 |Info:    Profile loading: Succeeded for Corsair Vengeance Pro RGB @ I2C: /dev/i2c-0, address 0x59
12294 |Info:    Profile loading: Succeeded for Corsair Vengeance Pro RGB @ I2C: /dev/i2c-0, address 0x5B
12294 |Info:    Profile loading: Succeeded for ASUS ROG STRIX 3070Ti O8G GAMING @ I2C: /dev/i2c-1, address 0x67
12294 |Info:    Profile loading: Succeeded for Razer Goliathus @ HID: /dev/hidraw8
12294 |Info:    Profile loading: Succeeded for Corsair Commander Core @ HID: /dev/hidraw5
12294 |Info:    Profile loading: Succeeded for MSI MPG Z590 GAMING EDGE WIFI (MS-7D07) @ HID: /dev/hidraw0
12294 |Info:    Profile loading: Succeeded for G502 HERO Gaming Mouse @ HID: /dev/hidraw3 (Receiver) 
Wireless Index: 255
12294 |Info:    Profile loading: FAILED! for HyperX Quadcast S @ 1-12.1:1.0
