    OpenRGB v0.9
    Commit:  from 
    Launched: 20240313_112516
====================================================================================================

0     |Info:    Found file: Main.orp attempting to validate header
0     |Info:    Valid v4 profile found for Main
1006  |Info:    ------------------------------------------------------
1006  |Info:    |               Start device detection               |
1006  |Info:    ------------------------------------------------------
1006  |Info:    Initializing HID interfaces: Success
1019  |Info:    ------------------------------------------------------
1019  |Info:    |             Detecting I2C interfaces               |
1019  |Info:    ------------------------------------------------------
1020  |Info:    Registering I2C interface: /dev/i2c-0 Device 8086:43A3 Subsystem: 1462:7D07
1020  |Info:    ------------------------------------------------------
1020  |Info:    |               Detecting I2C devices                |
1020  |Info:    ------------------------------------------------------
1093  |Info:    [Corsair Vengeance Pro RGB] Registering RGB controller
1115  |Info:    [Corsair Vengeance Pro RGB] Registering RGB controller
1364  |Info:    ------------------------------------------------------
1364  |Info:    |               Detecting I2C PCI devices            |
1364  |Info:    ------------------------------------------------------
1364  |Info:    ------------------------------------------------------
1364  |Info:    |               Detecting HID devices                |
1364  |Info:    ------------------------------------------------------
1476  |Info:    [Corsair Commander Core] Registering RGB controller
1548  |Info:    [MSI MPG Z590 GAMING EDGE WIFI (MS-7D07)] Registering RGB controller
1936  |Info:    [G502 HERO Gaming Mouse] Registering RGB controller
1946  |Info:    [Razer Goliathus] Registering RGB controller
1946  |Info:    ------------------------------------------------------
1946  |Info:    |            Detecting libusb HID devices            |
1946  |Info:    ------------------------------------------------------
1961  |Info:    [HyperX Quadcast S] Registering RGB controller
1961  |Info:    ------------------------------------------------------
1961  |Info:    |              Detecting other devices               |
1961  |Info:    ------------------------------------------------------
1966  |Info:    ------------------------------------------------------
1966  |Info:    |                Detection completed                 |
1966  |Info:    ------------------------------------------------------
3532  |Info:    Profile loading: Succeeded for Corsair Vengeance Pro RGB @ I2C: /dev/i2c-0, address 0x59
3532  |Info:    Profile loading: Succeeded for Corsair Vengeance Pro RGB @ I2C: /dev/i2c-0, address 0x5B
3532  |Info:    Profile loading: Succeeded for Corsair Commander Core @ HID: /dev/hidraw12
3532  |Info:    Profile loading: Succeeded for MSI MPG Z590 GAMING EDGE WIFI (MS-7D07) @ HID: /dev/hidraw0
3532  |Info:    Profile loading: Succeeded for G502 HERO Gaming Mouse @ HID: /dev/hidraw3 (Receiver) 
Wireless Index: 255
3532  |Info:    Profile loading: Succeeded for Razer Goliathus @ HID: /dev/hidraw6
3532  |Info:    Profile loading: FAILED! for HyperX Quadcast S @ 1-12.1:1.0
