    OpenRGB v0.9
    Commit:  from 
    Launched: 20240430_082739
====================================================================================================

0     |Info:    Found file: Main.orp attempting to validate header
0     |Info:    Valid v4 profile found for Main
1006  |Info:    ------------------------------------------------------
1006  |Info:    |               Start device detection               |
1006  |Info:    ------------------------------------------------------
1007  |Info:    Initializing HID interfaces: Success
1022  |Info:    ------------------------------------------------------
1022  |Info:    |             Detecting I2C interfaces               |
1022  |Info:    ------------------------------------------------------
1022  |Info:    Registering I2C interface: /dev/i2c-3 Device 10DE:2482 Subsystem: 1043:880E
1022  |Info:    Registering I2C interface: /dev/i2c-1 Device 10DE:2482 Subsystem: 1043:880E
1022  |Info:    Registering I2C interface: /dev/i2c-6 Device 10DE:2482 Subsystem: 1043:880E
1022  |Info:    Registering I2C interface: /dev/i2c-4 Device 10DE:2482 Subsystem: 1043:880E
1022  |Info:    Registering I2C interface: /dev/i2c-2 Device 10DE:2482 Subsystem: 1043:880E
1022  |Info:    Registering I2C interface: /dev/i2c-0 Device 8086:43A3 Subsystem: 1462:7D07
1022  |Info:    Registering I2C interface: /dev/i2c-5 Device 10DE:2482 Subsystem: 1043:880E
1022  |Info:    ------------------------------------------------------
1022  |Info:    |               Detecting I2C devices                |
1022  |Info:    ------------------------------------------------------
1096  |Info:    [Corsair Vengeance Pro RGB] Registering RGB controller
1118  |Info:    [Corsair Vengeance Pro RGB] Registering RGB controller
1354  |Info:    ------------------------------------------------------
1354  |Info:    |               Detecting I2C PCI devices            |
1354  |Info:    ------------------------------------------------------
1565  |Info:    [ASUS ROG STRIX 3070Ti O8G GAMING] Registering RGB controller
1728  |Info:    ------------------------------------------------------
1728  |Info:    |               Detecting HID devices                |
1728  |Info:    ------------------------------------------------------
1738  |Info:    [Razer Goliathus] Registering RGB controller
1888  |Info:    [Corsair Commander Core] Registering RGB controller
1957  |Info:    [MSI MPG Z590 GAMING EDGE WIFI (MS-7D07)] Registering RGB controller
2344  |Info:    [G502 HERO Gaming Mouse] Registering RGB controller
2344  |Info:    ------------------------------------------------------
2344  |Info:    |            Detecting libusb HID devices            |
2344  |Info:    ------------------------------------------------------
2358  |Info:    [HyperX Quadcast S] Registering RGB controller
2358  |Info:    ------------------------------------------------------
2358  |Info:    |              Detecting other devices               |
2358  |Info:    ------------------------------------------------------
2363  |Info:    ------------------------------------------------------
2363  |Info:    |                Detection completed                 |
2363  |Info:    ------------------------------------------------------
5592  |Info:    Profile loading: Succeeded for Corsair Vengeance Pro RGB @ I2C: /dev/i2c-0, address 0x59
5592  |Info:    Profile loading: Succeeded for Corsair Vengeance Pro RGB @ I2C: /dev/i2c-0, address 0x5B
5592  |Info:    Profile loading: Succeeded for ASUS ROG STRIX 3070Ti O8G GAMING @ I2C: /dev/i2c-1, address 0x67
5592  |Info:    Profile loading: Succeeded for Razer Goliathus @ HID: /dev/hidraw10
5592  |Info:    Profile loading: Succeeded for Corsair Commander Core @ HID: /dev/hidraw5
5592  |Info:    Profile loading: Succeeded for MSI MPG Z590 GAMING EDGE WIFI (MS-7D07) @ HID: /dev/hidraw0
5592  |Info:    Profile loading: Succeeded for G502 HERO Gaming Mouse @ HID: /dev/hidraw3 (Receiver) 
Wireless Index: 255
5592  |Info:    Profile loading: FAILED! for HyperX Quadcast S @ 1-12.1:1.0
