    OpenRGB v0.9
    Commit:  from 
    Launched: 20240720_100240
====================================================================================================

0     |Info:    Found file: Main.orp attempting to validate header
0     |Info:    Valid v4 profile found for Main
1001  |Info:    ------------------------------------------------------
1001  |Info:    |               Start device detection               |
1001  |Info:    ------------------------------------------------------
1001  |Info:    Initializing HID interfaces: Success
1005  |Info:    ------------------------------------------------------
1005  |Info:    |             Detecting I2C interfaces               |
1005  |Info:    ------------------------------------------------------
1005  |Info:    Registering I2C interface: /dev/i2c-3 Device 10DE:2482 Subsystem: 1043:880E
1005  |Info:    Registering I2C interface: /dev/i2c-1 Device 10DE:2482 Subsystem: 1043:880E
1005  |Info:    Registering I2C interface: /dev/i2c-6 Device 8086:43A3 Subsystem: 1462:7D07
1005  |Info:    Registering I2C interface: /dev/i2c-4 Device 10DE:2482 Subsystem: 1043:880E
1005  |Info:    Registering I2C interface: /dev/i2c-2 Device 10DE:2482 Subsystem: 1043:880E
1005  |Info:    Registering I2C interface: /dev/i2c-0 Device 10DE:2482 Subsystem: 1043:880E
1005  |Info:    Registering I2C interface: /dev/i2c-5 Device 10DE:2482 Subsystem: 1043:880E
1005  |Info:    ------------------------------------------------------
1005  |Info:    |               Detecting I2C devices                |
1005  |Info:    ------------------------------------------------------
1077  |Info:    [Corsair Vengeance Pro RGB] Registering RGB controller
1099  |Info:    [Corsair Vengeance Pro RGB] Registering RGB controller
1336  |Info:    ------------------------------------------------------
1336  |Info:    |               Detecting I2C PCI devices            |
1336  |Info:    ------------------------------------------------------
1843  |Info:    [ASUS ROG STRIX 3070Ti O8G GAMING] Registering RGB controller
1885  |Info:    ------------------------------------------------------
1885  |Info:    |               Detecting HID devices                |
1885  |Info:    ------------------------------------------------------
1896  |Info:    [Razer Goliathus] Registering RGB controller
2004  |Info:    [Corsair Commander Core] Registering RGB controller
2076  |Info:    [MSI MPG Z590 GAMING EDGE WIFI (MS-7D07)] Registering RGB controller
2464  |Info:    [G502 HERO Gaming Mouse] Registering RGB controller
2464  |Info:    ------------------------------------------------------
2464  |Info:    |            Detecting libusb HID devices            |
2464  |Info:    ------------------------------------------------------
2477  |Info:    [HyperX Quadcast S] Registering RGB controller
2477  |Info:    ------------------------------------------------------
2477  |Info:    |              Detecting other devices               |
2477  |Info:    ------------------------------------------------------
2482  |Info:    ------------------------------------------------------
2482  |Info:    |                Detection completed                 |
2482  |Info:    ------------------------------------------------------
3619  |Info:    Profile loading: Succeeded for Corsair Vengeance Pro RGB @ I2C: /dev/i2c-6, address 0x59
3619  |Info:    Profile loading: Succeeded for Corsair Vengeance Pro RGB @ I2C: /dev/i2c-6, address 0x5B
3619  |Info:    Profile loading: Succeeded for ASUS ROG STRIX 3070Ti O8G GAMING @ I2C: /dev/i2c-0, address 0x67
3619  |Info:    Profile loading: Succeeded for Razer Goliathus @ HID: /dev/hidraw8
3619  |Info:    Profile loading: Succeeded for Corsair Commander Core @ HID: /dev/hidraw5
3619  |Info:    Profile loading: Succeeded for MSI MPG Z590 GAMING EDGE WIFI (MS-7D07) @ HID: /dev/hidraw13
3619  |Info:    Profile loading: Succeeded for G502 HERO Gaming Mouse @ HID: /dev/hidraw3 (Receiver) 
Wireless Index: 255
3619  |Info:    Profile loading: FAILED! for HyperX Quadcast S @ 1-12.1:1.0
