    OpenRGB v0.9
    Commit:  from 
    Launched: 20240226_105258
====================================================================================================

0     |Info:    Found file: Main.orp attempting to validate header
0     |Info:    Valid v4 profile found for Main
1004  |Info:    ------------------------------------------------------
1004  |Info:    |               Start device detection               |
1004  |Info:    ------------------------------------------------------
1005  |Info:    Initializing HID interfaces: Success
1012  |Info:    ------------------------------------------------------
1012  |Info:    |             Detecting I2C interfaces               |
1012  |Info:    ------------------------------------------------------
1012  |Info:    Registering I2C interface: /dev/i2c-3 Device 10DE:2482 Subsystem: 1043:880E
1012  |Info:    Registering I2C interface: /dev/i2c-1 Device 10DE:2482 Subsystem: 1043:880E
1012  |Info:    Registering I2C interface: /dev/i2c-6 Device 10DE:2482 Subsystem: 1043:880E
1012  |Info:    Registering I2C interface: /dev/i2c-4 Device 10DE:2482 Subsystem: 1043:880E
1012  |Info:    Registering I2C interface: /dev/i2c-2 Device 10DE:2482 Subsystem: 1043:880E
1012  |Info:    Registering I2C interface: /dev/i2c-0 Device 8086:43A3 Subsystem: 1462:7D07
1013  |Info:    Registering I2C interface: /dev/i2c-5 Device 10DE:2482 Subsystem: 1043:880E
1013  |Info:    ------------------------------------------------------
1013  |Info:    |               Detecting I2C devices                |
1013  |Info:    ------------------------------------------------------
1246  |Info:    [Corsair Vengeance Pro RGB] Registering RGB controller
1268  |Info:    [Corsair Vengeance Pro RGB] Registering RGB controller
1363  |Info:    ------------------------------------------------------
1363  |Info:    |               Detecting I2C PCI devices            |
1363  |Info:    ------------------------------------------------------
1624  |Info:    [ASUS ROG STRIX 3070Ti O8G GAMING] Registering RGB controller
1791  |Info:    ------------------------------------------------------
1791  |Info:    |               Detecting HID devices                |
1791  |Info:    ------------------------------------------------------
1804  |Info:    [KLM] Created new Full 104 key ISO QWERTY with 6 rows and 21 columns containing 105 keys
1805  |Info:    [Razer Cynosa Chroma V2] Registering RGB controller
1957  |Info:    [Corsair Commander Core] Registering RGB controller
2032  |Info:    [MSI MPG Z590 GAMING EDGE WIFI (MS-7D07)] Registering RGB controller
2419  |Info:    [G502 HERO Gaming Mouse] Registering RGB controller
2429  |Info:    [Razer Goliathus] Registering RGB controller
2429  |Info:    ------------------------------------------------------
2429  |Info:    |            Detecting libusb HID devices            |
2429  |Info:    ------------------------------------------------------
2452  |Info:    [HyperX Quadcast S] Registering RGB controller
2452  |Info:    ------------------------------------------------------
2452  |Info:    |              Detecting other devices               |
2452  |Info:    ------------------------------------------------------
2456  |Info:    ------------------------------------------------------
2456  |Info:    |                Detection completed                 |
2456  |Info:    ------------------------------------------------------
3275  |Info:    Profile loading: Succeeded for Corsair Vengeance Pro RGB @ I2C: /dev/i2c-0, address 0x59
3275  |Info:    Profile loading: Succeeded for Corsair Vengeance Pro RGB @ I2C: /dev/i2c-0, address 0x5B
3275  |Info:    Profile loading: Succeeded for ASUS ROG STRIX 3070Ti O8G GAMING @ I2C: /dev/i2c-1, address 0x67
3275  |Info:    Profile loading: Succeeded for Razer Cynosa Chroma V2 @ HID: /dev/hidraw9
3275  |Info:    Profile loading: Succeeded for Corsair Commander Core @ HID: /dev/hidraw11
3275  |Info:    Profile loading: Succeeded for MSI MPG Z590 GAMING EDGE WIFI (MS-7D07) @ HID: /dev/hidraw0
3275  |Info:    Profile loading: Succeeded for G502 HERO Gaming Mouse @ HID: /dev/hidraw3 (Receiver) 
Wireless Index: 255
3275  |Info:    Profile loading: Succeeded for Razer Goliathus @ HID: /dev/hidraw4
3275  |Info:    Profile loading: FAILED! for HyperX Quadcast S @ 1-12.1:1.0
