    OpenRGB v0.9
    Commit:  from 
    Launched: 20240422_194914
====================================================================================================

0     |Info:    Found file: Main.orp attempting to validate header
1     |Info:    Valid v4 profile found for Main
1014  |Info:    ------------------------------------------------------
1014  |Info:    |               Start device detection               |
1014  |Info:    ------------------------------------------------------
1015  |Info:    Initializing HID interfaces: Success
1038  |Info:    ------------------------------------------------------
1038  |Info:    |             Detecting I2C interfaces               |
1038  |Info:    ------------------------------------------------------
1039  |Info:    Registering I2C interface: /dev/i2c-3 Device 10DE:2482 Subsystem: 1043:880E
1039  |Info:    Registering I2C interface: /dev/i2c-1 Device 10DE:2482 Subsystem: 1043:880E
1039  |Info:    Registering I2C interface: /dev/i2c-6 Device 10DE:2482 Subsystem: 1043:880E
1039  |Info:    Registering I2C interface: /dev/i2c-4 Device 10DE:2482 Subsystem: 1043:880E
1039  |Info:    Registering I2C interface: /dev/i2c-2 Device 10DE:2482 Subsystem: 1043:880E
1039  |Info:    Registering I2C interface: /dev/i2c-0 Device 8086:43A3 Subsystem: 1462:7D07
1039  |Info:    Registering I2C interface: /dev/i2c-5 Device 10DE:2482 Subsystem: 1043:880E
1039  |Info:    ------------------------------------------------------
1039  |Info:    |               Detecting I2C devices                |
1039  |Info:    ------------------------------------------------------
1111  |Info:    [Corsair Vengeance Pro RGB] Registering RGB controller
1134  |Info:    [Corsair Vengeance Pro RGB] Registering RGB controller
1370  |Info:    ------------------------------------------------------
1370  |Info:    |               Detecting I2C PCI devices            |
1370  |Info:    ------------------------------------------------------
1579  |Info:    [ASUS ROG STRIX 3070Ti O8G GAMING] Registering RGB controller
1741  |Info:    ------------------------------------------------------
1741  |Info:    |               Detecting HID devices                |
1741  |Info:    ------------------------------------------------------
1876  |Info:    [Corsair Commander Core] Registering RGB controller
1945  |Info:    [MSI MPG Z590 GAMING EDGE WIFI (MS-7D07)] Registering RGB controller
2333  |Info:    [G502 HERO Gaming Mouse] Registering RGB controller
2344  |Info:    [Razer Goliathus] Registering RGB controller
2344  |Info:    ------------------------------------------------------
2344  |Info:    |            Detecting libusb HID devices            |
2344  |Info:    ------------------------------------------------------
2363  |Info:    [HyperX Quadcast S] Registering RGB controller
2363  |Info:    ------------------------------------------------------
2363  |Info:    |              Detecting other devices               |
2363  |Info:    ------------------------------------------------------
2368  |Info:    ------------------------------------------------------
2368  |Info:    |                Detection completed                 |
2368  |Info:    ------------------------------------------------------
4720  |Info:    Profile loading: Succeeded for Corsair Vengeance Pro RGB @ I2C: /dev/i2c-0, address 0x59
4720  |Info:    Profile loading: Succeeded for Corsair Vengeance Pro RGB @ I2C: /dev/i2c-0, address 0x5B
4720  |Info:    Profile loading: Succeeded for ASUS ROG STRIX 3070Ti O8G GAMING @ I2C: /dev/i2c-1, address 0x67
4720  |Info:    Profile loading: Succeeded for Corsair Commander Core @ HID: /dev/hidraw5
4720  |Info:    Profile loading: Succeeded for MSI MPG Z590 GAMING EDGE WIFI (MS-7D07) @ HID: /dev/hidraw0
4720  |Info:    Profile loading: Succeeded for G502 HERO Gaming Mouse @ HID: /dev/hidraw12 (Receiver) 
Wireless Index: 255
4720  |Info:    Profile loading: Succeeded for Razer Goliathus @ HID: /dev/hidraw8
4720  |Info:    Profile loading: FAILED! for HyperX Quadcast S @ 1-12.1:1.0
