    OpenRGB v0.9
    Commit:  from 
    Launched: 20240306_200841
====================================================================================================

0     |Info:    Found file: Main.orp attempting to validate header
0     |Info:    Valid v4 profile found for Main
1014  |Info:    ------------------------------------------------------
1014  |Info:    |               Start device detection               |
1014  |Info:    ------------------------------------------------------
1014  |Info:    Initializing HID interfaces: Success
1023  |Info:    ------------------------------------------------------
1023  |Info:    |             Detecting I2C interfaces               |
1023  |Info:    ------------------------------------------------------
1023  |Info:    Registering I2C interface: /dev/i2c-3 Device 10DE:2482 Subsystem: 1043:880E
1023  |Info:    Registering I2C interface: /dev/i2c-1 Device 10DE:2482 Subsystem: 1043:880E
1023  |Info:    Registering I2C interface: /dev/i2c-6 Device 10DE:2482 Subsystem: 1043:880E
1023  |Info:    Registering I2C interface: /dev/i2c-4 Device 10DE:2482 Subsystem: 1043:880E
1023  |Info:    Registering I2C interface: /dev/i2c-2 Device 10DE:2482 Subsystem: 1043:880E
1023  |Info:    Registering I2C interface: /dev/i2c-0 Device 8086:43A3 Subsystem: 1462:7D07
1023  |Info:    Registering I2C interface: /dev/i2c-5 Device 10DE:2482 Subsystem: 1043:880E
1023  |Info:    ------------------------------------------------------
1023  |Info:    |               Detecting I2C devices                |
1023  |Info:    ------------------------------------------------------
1096  |Info:    [Corsair Vengeance Pro RGB] Registering RGB controller
1118  |Info:    [Corsair Vengeance Pro RGB] Registering RGB controller
1367  |Info:    ------------------------------------------------------
1367  |Info:    |               Detecting I2C PCI devices            |
1367  |Info:    ------------------------------------------------------
1580  |Info:    [ASUS ROG STRIX 3070Ti O8G GAMING] Registering RGB controller
1742  |Info:    ------------------------------------------------------
1742  |Info:    |               Detecting HID devices                |
1742  |Info:    ------------------------------------------------------
1755  |Info:    [KLM] Created new Full 104 key ISO QWERTY with 6 rows and 21 columns containing 105 keys
1755  |Info:    [Razer Cynosa Chroma V2] Registering RGB controller
1863  |Info:    [Corsair Commander Core] Registering RGB controller
1943  |Info:    [MSI MPG Z590 GAMING EDGE WIFI (MS-7D07)] Registering RGB controller
2330  |Info:    [G502 HERO Gaming Mouse] Registering RGB controller
2340  |Info:    [Razer Goliathus] Registering RGB controller
2340  |Info:    ------------------------------------------------------
2340  |Info:    |            Detecting libusb HID devices            |
2340  |Info:    ------------------------------------------------------
2355  |Info:    [HyperX Quadcast S] Registering RGB controller
2355  |Info:    ------------------------------------------------------
2355  |Info:    |              Detecting other devices               |
2355  |Info:    ------------------------------------------------------
2359  |Info:    ------------------------------------------------------
2359  |Info:    |                Detection completed                 |
2359  |Info:    ------------------------------------------------------
4762  |Info:    Profile loading: Succeeded for Corsair Vengeance Pro RGB @ I2C: /dev/i2c-0, address 0x59
4762  |Info:    Profile loading: Succeeded for Corsair Vengeance Pro RGB @ I2C: /dev/i2c-0, address 0x5B
4762  |Info:    Profile loading: Succeeded for ASUS ROG STRIX 3070Ti O8G GAMING @ I2C: /dev/i2c-1, address 0x67
4762  |Info:    Profile loading: Succeeded for Razer Cynosa Chroma V2 @ HID: /dev/hidraw11
4762  |Info:    Profile loading: Succeeded for Corsair Commander Core @ HID: /dev/hidraw6
4762  |Info:    Profile loading: Succeeded for MSI MPG Z590 GAMING EDGE WIFI (MS-7D07) @ HID: /dev/hidraw0
4762  |Info:    Profile loading: Succeeded for G502 HERO Gaming Mouse @ HID: /dev/hidraw3 (Receiver) 
Wireless Index: 255
4762  |Info:    Profile loading: Succeeded for Razer Goliathus @ HID: /dev/hidraw4
4762  |Info:    Profile loading: FAILED! for HyperX Quadcast S @ 1-12.1:1.0
