    OpenRGB v0.9
    Commit:  from 
    Launched: 20240313_110613
====================================================================================================

1     |Info:    Found file: Main.orp attempting to validate header
1     |Info:    Valid v4 profile found for Main
1007  |Info:    ------------------------------------------------------
1007  |Info:    |               Start device detection               |
1007  |Info:    ------------------------------------------------------
1008  |Info:    Initializing HID interfaces: Success
1024  |Info:    ------------------------------------------------------
1024  |Info:    |             Detecting I2C interfaces               |
1024  |Info:    ------------------------------------------------------
1024  |Info:    Registering I2C interface: /dev/i2c-3 Device 10DE:2482 Subsystem: 1043:880E
1024  |Info:    Registering I2C interface: /dev/i2c-1 Device 10DE:2482 Subsystem: 1043:880E
1024  |Info:    Registering I2C interface: /dev/i2c-6 Device 10DE:2482 Subsystem: 1043:880E
1025  |Info:    Registering I2C interface: /dev/i2c-4 Device 10DE:2482 Subsystem: 1043:880E
1025  |Info:    Registering I2C interface: /dev/i2c-2 Device 10DE:2482 Subsystem: 1043:880E
1025  |Info:    Registering I2C interface: /dev/i2c-0 Device 8086:43A3 Subsystem: 1462:7D07
1025  |Info:    Registering I2C interface: /dev/i2c-5 Device 10DE:2482 Subsystem: 1043:880E
1025  |Info:    ------------------------------------------------------
1025  |Info:    |               Detecting I2C devices                |
1025  |Info:    ------------------------------------------------------
1096  |Info:    [Corsair Vengeance Pro RGB] Registering RGB controller
1119  |Info:    [Corsair Vengeance Pro RGB] Registering RGB controller
1370  |Info:    ------------------------------------------------------
1370  |Info:    |               Detecting I2C PCI devices            |
1370  |Info:    ------------------------------------------------------
1582  |Info:    [ASUS ROG STRIX 3070Ti O8G GAMING] Registering RGB controller
1745  |Info:    ------------------------------------------------------
1745  |Info:    |               Detecting HID devices                |
1745  |Info:    ------------------------------------------------------
1902  |Info:    [Corsair Commander Core] Registering RGB controller
1973  |Info:    [MSI MPG Z590 GAMING EDGE WIFI (MS-7D07)] Registering RGB controller
2360  |Info:    [G502 HERO Gaming Mouse] Registering RGB controller
2370  |Info:    [Razer Goliathus] Registering RGB controller
2371  |Info:    ------------------------------------------------------
2371  |Info:    |            Detecting libusb HID devices            |
2371  |Info:    ------------------------------------------------------
2392  |Info:    [HyperX Quadcast S] Registering RGB controller
2392  |Info:    ------------------------------------------------------
2392  |Info:    |              Detecting other devices               |
2392  |Info:    ------------------------------------------------------
2396  |Info:    ------------------------------------------------------
2396  |Info:    |                Detection completed                 |
2396  |Info:    ------------------------------------------------------
4489  |Info:    Profile loading: Succeeded for Corsair Vengeance Pro RGB @ I2C: /dev/i2c-0, address 0x59
4489  |Info:    Profile loading: Succeeded for Corsair Vengeance Pro RGB @ I2C: /dev/i2c-0, address 0x5B
4489  |Info:    Profile loading: Succeeded for ASUS ROG STRIX 3070Ti O8G GAMING @ I2C: /dev/i2c-1, address 0x67
4489  |Info:    Profile loading: Succeeded for Corsair Commander Core @ HID: /dev/hidraw5
4489  |Info:    Profile loading: Succeeded for MSI MPG Z590 GAMING EDGE WIFI (MS-7D07) @ HID: /dev/hidraw0
4489  |Info:    Profile loading: Succeeded for G502 HERO Gaming Mouse @ HID: /dev/hidraw3 (Receiver) 
Wireless Index: 255
4489  |Info:    Profile loading: Succeeded for Razer Goliathus @ HID: /dev/hidraw8
4489  |Info:    Profile loading: FAILED! for HyperX Quadcast S @ 1-12.1:1.0
