    OpenRGB v0.9
    Commit:  from 
    Launched: 20240704_154346
====================================================================================================

0     |Info:    Found file: Main.orp attempting to validate header
0     |Info:    Valid v4 profile found for Main
1005  |Info:    ------------------------------------------------------
1005  |Info:    |               Start device detection               |
1005  |Info:    ------------------------------------------------------
1005  |Info:    Initializing HID interfaces: Success
1008  |Info:    ------------------------------------------------------
1008  |Info:    |             Detecting I2C interfaces               |
1008  |Info:    ------------------------------------------------------
1008  |Info:    Registering I2C interface: /dev/i2c-3 Device 10DE:2482 Subsystem: 1043:880E
1008  |Info:    Registering I2C interface: /dev/i2c-1 Device 10DE:2482 Subsystem: 1043:880E
1009  |Info:    Registering I2C interface: /dev/i2c-6 Device 8086:43A3 Subsystem: 1462:7D07
1009  |Info:    Registering I2C interface: /dev/i2c-4 Device 10DE:2482 Subsystem: 1043:880E
1009  |Info:    Registering I2C interface: /dev/i2c-2 Device 10DE:2482 Subsystem: 1043:880E
1009  |Info:    Registering I2C interface: /dev/i2c-0 Device 10DE:2482 Subsystem: 1043:880E
1009  |Info:    Registering I2C interface: /dev/i2c-5 Device 10DE:2482 Subsystem: 1043:880E
1009  |Info:    ------------------------------------------------------
1009  |Info:    |               Detecting I2C devices                |
1009  |Info:    ------------------------------------------------------
1082  |Info:    [Corsair Vengeance Pro RGB] Registering RGB controller
1105  |Info:    [Corsair Vengeance Pro RGB] Registering RGB controller
1343  |Info:    ------------------------------------------------------
1343  |Info:    |               Detecting I2C PCI devices            |
1343  |Info:    ------------------------------------------------------
1675  |Info:    [ASUS ROG STRIX 3070Ti O8G GAMING] Registering RGB controller
1716  |Info:    ------------------------------------------------------
1716  |Info:    |               Detecting HID devices                |
1716  |Info:    ------------------------------------------------------
1726  |Info:    [Razer Goliathus] Registering RGB controller
1831  |Info:    [Corsair Commander Core] Registering RGB controller
1905  |Info:    [MSI MPG Z590 GAMING EDGE WIFI (MS-7D07)] Registering RGB controller
2520  |Info:    [G502 HERO Gaming Mouse] Registering RGB controller
2520  |Info:    ------------------------------------------------------
2520  |Info:    |            Detecting libusb HID devices            |
2520  |Info:    ------------------------------------------------------
2534  |Info:    [HyperX Quadcast S] Registering RGB controller
2534  |Info:    ------------------------------------------------------
2534  |Info:    |              Detecting other devices               |
2534  |Info:    ------------------------------------------------------
2538  |Info:    ------------------------------------------------------
2538  |Info:    |                Detection completed                 |
2538  |Info:    ------------------------------------------------------
13486 |Info:    Profile loading: Succeeded for Corsair Vengeance Pro RGB @ I2C: /dev/i2c-6, address 0x59
13486 |Info:    Profile loading: Succeeded for Corsair Vengeance Pro RGB @ I2C: /dev/i2c-6, address 0x5B
13486 |Info:    Profile loading: Succeeded for ASUS ROG STRIX 3070Ti O8G GAMING @ I2C: /dev/i2c-0, address 0x67
13486 |Info:    Profile loading: Succeeded for Razer Goliathus @ HID: /dev/hidraw8
13486 |Info:    Profile loading: Succeeded for Corsair Commander Core @ HID: /dev/hidraw5
13486 |Info:    Profile loading: Succeeded for MSI MPG Z590 GAMING EDGE WIFI (MS-7D07) @ HID: /dev/hidraw0
13486 |Info:    Profile loading: Succeeded for G502 HERO Gaming Mouse @ HID: /dev/hidraw3 (Receiver) 
Wireless Index: 255
13486 |Info:    Profile loading: FAILED! for HyperX Quadcast S @ 1-12.1:1.0
