    OpenRGB v0.9
    Commit:  from 
    Launched: 20240304_195254
====================================================================================================

0     |Info:    Found file: Main.orp attempting to validate header
0     |Info:    Valid v4 profile found for Main
1014  |Info:    ------------------------------------------------------
1014  |Info:    |               Start device detection               |
1014  |Info:    ------------------------------------------------------
1015  |Info:    Initializing HID interfaces: Success
1022  |Info:    ------------------------------------------------------
1022  |Info:    |             Detecting I2C interfaces               |
1022  |Info:    ------------------------------------------------------
1024  |Info:    Registering I2C interface: /dev/i2c-3 Device 10DE:2482 Subsystem: 1043:880E
1024  |Info:    Registering I2C interface: /dev/i2c-1 Device 10DE:2482 Subsystem: 1043:880E
1024  |Info:    Registering I2C interface: /dev/i2c-6 Device 10DE:2482 Subsystem: 1043:880E
1024  |Info:    Registering I2C interface: /dev/i2c-4 Device 10DE:2482 Subsystem: 1043:880E
1024  |Info:    Registering I2C interface: /dev/i2c-2 Device 10DE:2482 Subsystem: 1043:880E
1024  |Info:    Registering I2C interface: /dev/i2c-0 Device 8086:43A3 Subsystem: 1462:7D07
1024  |Info:    Registering I2C interface: /dev/i2c-5 Device 10DE:2482 Subsystem: 1043:880E
1025  |Info:    ------------------------------------------------------
1025  |Info:    |               Detecting I2C devices                |
1025  |Info:    ------------------------------------------------------
1165  |Info:    [Corsair Vengeance Pro RGB] Registering RGB controller
1193  |Info:    [Corsair Vengeance Pro RGB] Registering RGB controller
1508  |Info:    ------------------------------------------------------
1508  |Info:    |               Detecting I2C PCI devices            |
1508  |Info:    ------------------------------------------------------
1864  |Info:    [ASUS ROG STRIX 3070Ti O8G GAMING] Registering RGB controller
2034  |Info:    ------------------------------------------------------
2034  |Info:    |               Detecting HID devices                |
2034  |Info:    ------------------------------------------------------
2053  |Info:    [KLM] Created new Full 104 key ISO QWERTY with 6 rows and 21 columns containing 105 keys
2053  |Info:    [Razer Cynosa Chroma V2] Registering RGB controller
2184  |Info:    [Corsair Commander Core] Registering RGB controller
2265  |Info:    [MSI MPG Z590 GAMING EDGE WIFI (MS-7D07)] Registering RGB controller
2658  |Info:    [G502 HERO Gaming Mouse] Registering RGB controller
2674  |Info:    [Razer Goliathus] Registering RGB controller
2674  |Info:    ------------------------------------------------------
2674  |Info:    |            Detecting libusb HID devices            |
2674  |Info:    ------------------------------------------------------
2698  |Info:    [HyperX Quadcast S] Registering RGB controller
2698  |Info:    ------------------------------------------------------
2698  |Info:    |              Detecting other devices               |
2698  |Info:    ------------------------------------------------------
2754  |Info:    ------------------------------------------------------
2754  |Info:    |                Detection completed                 |
2754  |Info:    ------------------------------------------------------
