    OpenRGB v0.9
    Commit:  from 
    Launched: 20240306_214257
====================================================================================================

1     |Info:    Found file: Main.orp attempting to validate header
1     |Info:    Valid v4 profile found for Main
1014  |Info:    ------------------------------------------------------
1015  |Info:    |               Start device detection               |
1015  |Info:    ------------------------------------------------------
1015  |Info:    Initializing HID interfaces: Success
1024  |Info:    ------------------------------------------------------
1024  |Info:    |             Detecting I2C interfaces               |
1024  |Info:    ------------------------------------------------------
1024  |Info:    Registering I2C interface: /dev/i2c-3 Device 10DE:2482 Subsystem: 1043:880E
1024  |Info:    Registering I2C interface: /dev/i2c-1 Device 10DE:2482 Subsystem: 1043:880E
1024  |Info:    Registering I2C interface: /dev/i2c-6 Device 10DE:2482 Subsystem: 1043:880E
1024  |Info:    Registering I2C interface: /dev/i2c-4 Device 10DE:2482 Subsystem: 1043:880E
1024  |Info:    Registering I2C interface: /dev/i2c-2 Device 10DE:2482 Subsystem: 1043:880E
1024  |Info:    Registering I2C interface: /dev/i2c-0 Device 8086:43A3 Subsystem: 1462:7D07
1024  |Info:    Registering I2C interface: /dev/i2c-5 Device 10DE:2482 Subsystem: 1043:880E
1024  |Info:    ------------------------------------------------------
1024  |Info:    |               Detecting I2C devices                |
1024  |Info:    ------------------------------------------------------
1098  |Info:    [Corsair Vengeance Pro RGB] Registering RGB controller
1120  |Info:    [Corsair Vengeance Pro RGB] Registering RGB controller
1370  |Info:    ------------------------------------------------------
1370  |Info:    |               Detecting I2C PCI devices            |
1370  |Info:    ------------------------------------------------------
1581  |Info:    [ASUS ROG STRIX 3070Ti O8G GAMING] Registering RGB controller
1744  |Info:    ------------------------------------------------------
1744  |Info:    |               Detecting HID devices                |
1744  |Info:    ------------------------------------------------------
1757  |Info:    [KLM] Created new Full 104 key ISO QWERTY with 6 rows and 21 columns containing 105 keys
1757  |Info:    [Razer Cynosa Chroma V2] Registering RGB controller
1862  |Info:    [Corsair Commander Core] Registering RGB controller
1942  |Info:    [MSI MPG Z590 GAMING EDGE WIFI (MS-7D07)] Registering RGB controller
2329  |Info:    [G502 HERO Gaming Mouse] Registering RGB controller
2340  |Info:    [Razer Goliathus] Registering RGB controller
2340  |Info:    ------------------------------------------------------
2340  |Info:    |            Detecting libusb HID devices            |
2340  |Info:    ------------------------------------------------------
2355  |Info:    [HyperX Quadcast S] Registering RGB controller
2355  |Info:    ------------------------------------------------------
2355  |Info:    |              Detecting other devices               |
2355  |Info:    ------------------------------------------------------
2359  |Info:    ------------------------------------------------------
2359  |Info:    |                Detection completed                 |
2359  |Info:    ------------------------------------------------------
7791  |Info:    Profile loading: Succeeded for Corsair Vengeance Pro RGB @ I2C: /dev/i2c-0, address 0x59
7791  |Info:    Profile loading: Succeeded for Corsair Vengeance Pro RGB @ I2C: /dev/i2c-0, address 0x5B
7791  |Info:    Profile loading: Succeeded for ASUS ROG STRIX 3070Ti O8G GAMING @ I2C: /dev/i2c-1, address 0x67
7791  |Info:    Profile loading: Succeeded for Razer Cynosa Chroma V2 @ HID: /dev/hidraw9
7791  |Info:    Profile loading: Succeeded for Corsair Commander Core @ HID: /dev/hidraw11
7791  |Info:    Profile loading: Succeeded for MSI MPG Z590 GAMING EDGE WIFI (MS-7D07) @ HID: /dev/hidraw0
7791  |Info:    Profile loading: Succeeded for G502 HERO Gaming Mouse @ HID: /dev/hidraw3 (Receiver) 
Wireless Index: 255
7791  |Info:    Profile loading: Succeeded for Razer Goliathus @ HID: /dev/hidraw4
7791  |Info:    Profile loading: FAILED! for HyperX Quadcast S @ 1-12.1:1.0
