    OpenRGB v0.9
    Commit:  from 
    Launched: 20240114_102047
====================================================================================================

0     |Info:    Found file: Main.orp attempting to validate header
0     |Info:    Valid v4 profile found for Main
1002  |Info:    ------------------------------------------------------
1002  |Info:    |               Start device detection               |
1002  |Info:    ------------------------------------------------------
1003  |Info:    Initializing HID interfaces: Success
1011  |Info:    ------------------------------------------------------
1011  |Info:    |             Detecting I2C interfaces               |
1011  |Info:    ------------------------------------------------------
1011  |Info:    Registering I2C interface: /dev/i2c-3 Device 10DE:2482 Subsystem: 1043:880E
1011  |Info:    Registering I2C interface: /dev/i2c-1 Device 10DE:2482 Subsystem: 1043:880E
1011  |Info:    Registering I2C interface: /dev/i2c-6 Device 10DE:2482 Subsystem: 1043:880E
1011  |Info:    Registering I2C interface: /dev/i2c-4 Device 10DE:2482 Subsystem: 1043:880E
1011  |Info:    Registering I2C interface: /dev/i2c-2 Device 10DE:2482 Subsystem: 1043:880E
1011  |Info:    Registering I2C interface: /dev/i2c-0 Device 8086:43A3 Subsystem: 1462:7D07
1011  |Info:    Registering I2C interface: /dev/i2c-5 Device 10DE:2482 Subsystem: 1043:880E
1011  |Info:    ------------------------------------------------------
1011  |Info:    |               Detecting I2C devices                |
1011  |Info:    ------------------------------------------------------
1242  |Info:    [Corsair Vengeance Pro RGB] Registering RGB controller
1264  |Info:    [Corsair Vengeance Pro RGB] Registering RGB controller
1356  |Info:    ------------------------------------------------------
1356  |Info:    |               Detecting I2C PCI devices            |
1356  |Info:    ------------------------------------------------------
1615  |Info:    [ASUS ROG STRIX 3070Ti O8G GAMING] Registering RGB controller
1783  |Info:    ------------------------------------------------------
1783  |Info:    |               Detecting HID devices                |
1783  |Info:    ------------------------------------------------------
1796  |Info:    [KLM] Created new Full 104 key ISO QWERTY with 6 rows and 21 columns containing 105 keys
1796  |Info:    [Razer Cynosa Chroma V2] Registering RGB controller
2183  |Info:    [G502 HERO Gaming Mouse] Registering RGB controller
2293  |Info:    [Corsair Commander Core] Registering RGB controller
2363  |Info:    [MSI MPG Z590 GAMING EDGE WIFI (MS-7D07)] Registering RGB controller
2374  |Info:    [Razer Goliathus] Registering RGB controller
2374  |Info:    ------------------------------------------------------
2374  |Info:    |            Detecting libusb HID devices            |
2374  |Info:    ------------------------------------------------------
2389  |Info:    [HyperX Quadcast S] Registering RGB controller
2389  |Info:    ------------------------------------------------------
2389  |Info:    |              Detecting other devices               |
2389  |Info:    ------------------------------------------------------
2393  |Info:    ------------------------------------------------------
2393  |Info:    |                Detection completed                 |
2393  |Info:    ------------------------------------------------------
5914  |Info:    Profile loading: Succeeded for Corsair Vengeance Pro RGB @ I2C: /dev/i2c-0, address 0x59
5914  |Info:    Profile loading: Succeeded for Corsair Vengeance Pro RGB @ I2C: /dev/i2c-0, address 0x5B
5914  |Info:    Profile loading: Succeeded for ASUS ROG STRIX 3070Ti O8G GAMING @ I2C: /dev/i2c-1, address 0x67
5914  |Info:    Profile loading: Succeeded for Razer Cynosa Chroma V2 @ HID: /dev/hidraw8
5914  |Info:    Profile loading: Succeeded for G502 HERO Gaming Mouse @ HID: /dev/hidraw11 (Receiver) 
Wireless Index: 255
5914  |Info:    Profile loading: Succeeded for Corsair Commander Core @ HID: /dev/hidraw12
5914  |Info:    Profile loading: Succeeded for MSI MPG Z590 GAMING EDGE WIFI (MS-7D07) @ HID: /dev/hidraw0
5914  |Info:    Profile loading: Succeeded for Razer Goliathus @ HID: /dev/hidraw2
5914  |Info:    Profile loading: Succeeded for HyperX Quadcast S @ 1-4.1:1.0
