    OpenRGB v0.9
    Commit:  from 
    Launched: 20240702_020454
====================================================================================================

0     |Info:    Found file: Main.orp attempting to validate header
0     |Info:    Valid v4 profile found for Main
1001  |Info:    ------------------------------------------------------
1001  |Info:    |               Start device detection               |
1001  |Info:    ------------------------------------------------------
1001  |Info:    Initializing HID interfaces: Success
1005  |Info:    ------------------------------------------------------
1005  |Info:    |             Detecting I2C interfaces               |
1005  |Info:    ------------------------------------------------------
1005  |Info:    Registering I2C interface: /dev/i2c-3 Device 10DE:2482 Subsystem: 1043:880E
1005  |Info:    Registering I2C interface: /dev/i2c-1 Device 10DE:2482 Subsystem: 1043:880E
1005  |Info:    Registering I2C interface: /dev/i2c-6 Device 8086:43A3 Subsystem: 1462:7D07
1005  |Info:    Registering I2C interface: /dev/i2c-4 Device 10DE:2482 Subsystem: 1043:880E
1005  |Info:    Registering I2C interface: /dev/i2c-2 Device 10DE:2482 Subsystem: 1043:880E
1005  |Info:    Registering I2C interface: /dev/i2c-0 Device 10DE:2482 Subsystem: 1043:880E
1005  |Info:    Registering I2C interface: /dev/i2c-5 Device 10DE:2482 Subsystem: 1043:880E
1005  |Info:    ------------------------------------------------------
1005  |Info:    |               Detecting I2C devices                |
1005  |Info:    ------------------------------------------------------
1077  |Info:    [Corsair Vengeance Pro RGB] Registering RGB controller
1099  |Info:    [Corsair Vengeance Pro RGB] Registering RGB controller
1336  |Info:    ------------------------------------------------------
1336  |Info:    |               Detecting I2C PCI devices            |
1336  |Info:    ------------------------------------------------------
1713  |Info:    [ASUS ROG STRIX 3070Ti O8G GAMING] Registering RGB controller
1754  |Info:    ------------------------------------------------------
1754  |Info:    |               Detecting HID devices                |
1754  |Info:    ------------------------------------------------------
1765  |Info:    [Razer Goliathus] Registering RGB controller
1898  |Info:    [Corsair Commander Core] Registering RGB controller
1970  |Info:    [MSI MPG Z590 GAMING EDGE WIFI (MS-7D07)] Registering RGB controller
2358  |Info:    [G502 HERO Gaming Mouse] Registering RGB controller
2358  |Info:    ------------------------------------------------------
2358  |Info:    |            Detecting libusb HID devices            |
2358  |Info:    ------------------------------------------------------
2371  |Info:    [HyperX Quadcast S] Registering RGB controller
2371  |Info:    ------------------------------------------------------
2371  |Info:    |              Detecting other devices               |
2371  |Info:    ------------------------------------------------------
2375  |Info:    ------------------------------------------------------
2375  |Info:    |                Detection completed                 |
2375  |Info:    ------------------------------------------------------
11921 |Info:    Profile loading: Succeeded for Corsair Vengeance Pro RGB @ I2C: /dev/i2c-6, address 0x59
11921 |Info:    Profile loading: Succeeded for Corsair Vengeance Pro RGB @ I2C: /dev/i2c-6, address 0x5B
11921 |Info:    Profile loading: Succeeded for ASUS ROG STRIX 3070Ti O8G GAMING @ I2C: /dev/i2c-0, address 0x67
11921 |Info:    Profile loading: Succeeded for Razer Goliathus @ HID: /dev/hidraw6
11921 |Info:    Profile loading: Succeeded for Corsair Commander Core @ HID: /dev/hidraw10
11921 |Info:    Profile loading: Succeeded for MSI MPG Z590 GAMING EDGE WIFI (MS-7D07) @ HID: /dev/hidraw0
11921 |Info:    Profile loading: Succeeded for G502 HERO Gaming Mouse @ HID: /dev/hidraw3 (Receiver) 
Wireless Index: 255
11921 |Info:    Profile loading: FAILED! for HyperX Quadcast S @ 1-12.1:1.0
14160 |Info:    Profile loading: Succeeded for Corsair Vengeance Pro RGB @ I2C: /dev/i2c-6, address 0x59
14160 |Info:    Profile loading: Succeeded for Corsair Vengeance Pro RGB @ I2C: /dev/i2c-6, address 0x5B
14160 |Info:    Profile loading: Succeeded for ASUS ROG STRIX 3070Ti O8G GAMING @ I2C: /dev/i2c-0, address 0x67
14160 |Info:    Profile loading: Succeeded for Razer Goliathus @ HID: /dev/hidraw6
14160 |Info:    Profile loading: Succeeded for Corsair Commander Core @ HID: /dev/hidraw10
14160 |Info:    Profile loading: Succeeded for MSI MPG Z590 GAMING EDGE WIFI (MS-7D07) @ HID: /dev/hidraw0
14160 |Info:    Profile loading: Succeeded for G502 HERO Gaming Mouse @ HID: /dev/hidraw3 (Receiver) 
Wireless Index: 255
14160 |Info:    Profile loading: FAILED! for HyperX Quadcast S @ 1-12.1:1.0
