    OpenRGB v0.9
    Commit:  from 
    Launched: 20240223_090905
====================================================================================================

0     |Info:    Found file: Main.orp attempting to validate header
0     |Info:    Valid v4 profile found for Main
1003  |Info:    ------------------------------------------------------
1003  |Info:    |               Start device detection               |
1003  |Info:    ------------------------------------------------------
1003  |Info:    Initializing HID interfaces: Success
1010  |Info:    ------------------------------------------------------
1010  |Info:    |             Detecting I2C interfaces               |
1010  |Info:    ------------------------------------------------------
1010  |Info:    Registering I2C interface: /dev/i2c-3 Device 10DE:2482 Subsystem: 1043:880E
1010  |Info:    Registering I2C interface: /dev/i2c-1 Device 10DE:2482 Subsystem: 1043:880E
1010  |Info:    Registering I2C interface: /dev/i2c-6 Device 10DE:2482 Subsystem: 1043:880E
1011  |Info:    Registering I2C interface: /dev/i2c-4 Device 10DE:2482 Subsystem: 1043:880E
1011  |Info:    Registering I2C interface: /dev/i2c-2 Device 10DE:2482 Subsystem: 1043:880E
1011  |Info:    Registering I2C interface: /dev/i2c-0 Device 8086:43A3 Subsystem: 1462:7D07
1011  |Info:    Registering I2C interface: /dev/i2c-5 Device 10DE:2482 Subsystem: 1043:880E
1011  |Info:    ------------------------------------------------------
1011  |Info:    |               Detecting I2C devices                |
1011  |Info:    ------------------------------------------------------
1246  |Info:    [Corsair Vengeance Pro RGB] Registering RGB controller
1268  |Info:    [Corsair Vengeance Pro RGB] Registering RGB controller
1371  |Info:    ------------------------------------------------------
1371  |Info:    |               Detecting I2C PCI devices            |
1371  |Info:    ------------------------------------------------------
1647  |Info:    [ASUS ROG STRIX 3070Ti O8G GAMING] Registering RGB controller
1814  |Info:    ------------------------------------------------------
1814  |Info:    |               Detecting HID devices                |
1814  |Info:    ------------------------------------------------------
1827  |Info:    [KLM] Created new Full 104 key ISO QWERTY with 6 rows and 21 columns containing 105 keys
1827  |Info:    [Razer Cynosa Chroma V2] Registering RGB controller
1962  |Info:    [Corsair Commander Core] Registering RGB controller
2035  |Info:    [MSI MPG Z590 GAMING EDGE WIFI (MS-7D07)] Registering RGB controller
2422  |Info:    [G502 HERO Gaming Mouse] Registering RGB controller
2432  |Info:    [Razer Goliathus] Registering RGB controller
2432  |Info:    ------------------------------------------------------
2432  |Info:    |            Detecting libusb HID devices            |
2432  |Info:    ------------------------------------------------------
2448  |Info:    [HyperX Quadcast S] Registering RGB controller
2448  |Info:    ------------------------------------------------------
2448  |Info:    |              Detecting other devices               |
2448  |Info:    ------------------------------------------------------
2452  |Info:    ------------------------------------------------------
2452  |Info:    |                Detection completed                 |
2452  |Info:    ------------------------------------------------------
3165  |Info:    Profile loading: Succeeded for Corsair Vengeance Pro RGB @ I2C: /dev/i2c-0, address 0x59
3165  |Info:    Profile loading: Succeeded for Corsair Vengeance Pro RGB @ I2C: /dev/i2c-0, address 0x5B
3165  |Info:    Profile loading: Succeeded for ASUS ROG STRIX 3070Ti O8G GAMING @ I2C: /dev/i2c-1, address 0x67
3165  |Info:    Profile loading: Succeeded for Razer Cynosa Chroma V2 @ HID: /dev/hidraw9
3165  |Info:    Profile loading: Succeeded for Corsair Commander Core @ HID: /dev/hidraw11
3165  |Info:    Profile loading: Succeeded for MSI MPG Z590 GAMING EDGE WIFI (MS-7D07) @ HID: /dev/hidraw0
3165  |Info:    Profile loading: Succeeded for G502 HERO Gaming Mouse @ HID: /dev/hidraw3 (Receiver) 
Wireless Index: 255
3165  |Info:    Profile loading: Succeeded for Razer Goliathus @ HID: /dev/hidraw4
3165  |Info:    Profile loading: FAILED! for HyperX Quadcast S @ 1-12.1:1.0
4355  |Info:    Profile loading: Succeeded for Corsair Vengeance Pro RGB @ I2C: /dev/i2c-0, address 0x59
4355  |Info:    Profile loading: Succeeded for Corsair Vengeance Pro RGB @ I2C: /dev/i2c-0, address 0x5B
4355  |Info:    Profile loading: Succeeded for ASUS ROG STRIX 3070Ti O8G GAMING @ I2C: /dev/i2c-1, address 0x67
4355  |Info:    Profile loading: Succeeded for Razer Cynosa Chroma V2 @ HID: /dev/hidraw9
4355  |Info:    Profile loading: Succeeded for Corsair Commander Core @ HID: /dev/hidraw11
4355  |Info:    Profile loading: Succeeded for MSI MPG Z590 GAMING EDGE WIFI (MS-7D07) @ HID: /dev/hidraw0
4355  |Info:    Profile loading: Succeeded for G502 HERO Gaming Mouse @ HID: /dev/hidraw3 (Receiver) 
Wireless Index: 255
4355  |Info:    Profile loading: Succeeded for Razer Goliathus @ HID: /dev/hidraw4
4355  |Info:    Profile loading: FAILED! for HyperX Quadcast S @ 1-12.1:1.0
