    OpenRGB v0.9
    Commit:  from 
    Launched: 20240116_095545
====================================================================================================

0     |Info:    Found file: Main.orp attempting to validate header
0     |Info:    Valid v4 profile found for Main
1001  |Info:    ------------------------------------------------------
1001  |Info:    |               Start device detection               |
1001  |Info:    ------------------------------------------------------
1001  |Info:    Initializing HID interfaces: Success
1004  |Info:    ------------------------------------------------------
1004  |Info:    |             Detecting I2C interfaces               |
1004  |Info:    ------------------------------------------------------
1005  |Info:    Registering I2C interface: /dev/i2c-3 Device 10DE:2482 Subsystem: 1043:880E
1005  |Info:    Registering I2C interface: /dev/i2c-1 Device 10DE:2482 Subsystem: 1043:880E
1005  |Info:    Registering I2C interface: /dev/i2c-6 Device 10DE:2482 Subsystem: 1043:880E
1005  |Info:    Registering I2C interface: /dev/i2c-4 Device 10DE:2482 Subsystem: 1043:880E
1005  |Info:    Registering I2C interface: /dev/i2c-2 Device 10DE:2482 Subsystem: 1043:880E
1005  |Info:    Registering I2C interface: /dev/i2c-0 Device 8086:43A3 Subsystem: 1462:7D07
1005  |Info:    Registering I2C interface: /dev/i2c-5 Device 10DE:2482 Subsystem: 1043:880E
1005  |Info:    ------------------------------------------------------
1005  |Info:    |               Detecting I2C devices                |
1005  |Info:    ------------------------------------------------------
1235  |Info:    [Corsair Vengeance Pro RGB] Registering RGB controller
1257  |Info:    [Corsair Vengeance Pro RGB] Registering RGB controller
1347  |Info:    ------------------------------------------------------
1347  |Info:    |               Detecting I2C PCI devices            |
1347  |Info:    ------------------------------------------------------
1602  |Info:    [ASUS ROG STRIX 3070Ti O8G GAMING] Registering RGB controller
1770  |Info:    ------------------------------------------------------
1770  |Info:    |               Detecting HID devices                |
1770  |Info:    ------------------------------------------------------
1783  |Info:    [KLM] Created new Full 104 key ANSI QWERTY with 6 rows and 21 columns containing 104 keys
1783  |Info:    [Razer Cynosa Chroma V2] Registering RGB controller
2170  |Info:    [G502 HERO Gaming Mouse] Registering RGB controller
2275  |Info:    [Corsair Commander Core] Registering RGB controller
2344  |Info:    [MSI MPG Z590 GAMING EDGE WIFI (MS-7D07)] Registering RGB controller
2354  |Info:    [Razer Goliathus] Registering RGB controller
2354  |Info:    ------------------------------------------------------
2354  |Info:    |            Detecting libusb HID devices            |
2354  |Info:    ------------------------------------------------------
