    OpenRGB v0.9
    Commit:  from 
    Launched: 20240525_175531
====================================================================================================

0     |Info:    Found file: Main.orp attempting to validate header
0     |Info:    Valid v4 profile found for Main
1004  |Info:    ------------------------------------------------------
1004  |Info:    |               Start device detection               |
1004  |Info:    ------------------------------------------------------
1004  |Info:    Initializing HID interfaces: Success
1007  |Info:    ------------------------------------------------------
1007  |Info:    |             Detecting I2C interfaces               |
1007  |Info:    ------------------------------------------------------
1007  |Info:    Registering I2C interface: /dev/i2c-3 Device 10DE:2482 Subsystem: 1043:880E
1008  |Info:    Registering I2C interface: /dev/i2c-1 Device 10DE:2482 Subsystem: 1043:880E
1008  |Info:    Registering I2C interface: /dev/i2c-6 Device 8086:43A3 Subsystem: 1462:7D07
1008  |Info:    Registering I2C interface: /dev/i2c-4 Device 10DE:2482 Subsystem: 1043:880E
1008  |Info:    Registering I2C interface: /dev/i2c-2 Device 10DE:2482 Subsystem: 1043:880E
1008  |Info:    Registering I2C interface: /dev/i2c-0 Device 10DE:2482 Subsystem: 1043:880E
1008  |Info:    Registering I2C interface: /dev/i2c-5 Device 10DE:2482 Subsystem: 1043:880E
1008  |Info:    ------------------------------------------------------
1008  |Info:    |               Detecting I2C devices                |
1008  |Info:    ------------------------------------------------------
1079  |Info:    [Corsair Vengeance Pro RGB] Registering RGB controller
1102  |Info:    [Corsair Vengeance Pro RGB] Registering RGB controller
1338  |Info:    ------------------------------------------------------
1338  |Info:    |               Detecting I2C PCI devices            |
1338  |Info:    ------------------------------------------------------
1671  |Info:    [ASUS ROG STRIX 3070Ti O8G GAMING] Registering RGB controller
1712  |Info:    ------------------------------------------------------
1712  |Info:    |               Detecting HID devices                |
1712  |Info:    ------------------------------------------------------
1722  |Info:    [Razer Goliathus] Registering RGB controller
1859  |Info:    [Corsair Commander Core] Registering RGB controller
1929  |Info:    [MSI MPG Z590 GAMING EDGE WIFI (MS-7D07)] Registering RGB controller
2317  |Info:    [G502 HERO Gaming Mouse] Registering RGB controller
2317  |Info:    ------------------------------------------------------
2317  |Info:    |            Detecting libusb HID devices            |
2317  |Info:    ------------------------------------------------------
2330  |Info:    [HyperX Quadcast S] Registering RGB controller
2330  |Info:    ------------------------------------------------------
2330  |Info:    |              Detecting other devices               |
2330  |Info:    ------------------------------------------------------
2334  |Info:    ------------------------------------------------------
2334  |Info:    |                Detection completed                 |
2334  |Info:    ------------------------------------------------------
7767  |Info:    Profile loading: Succeeded for Corsair Vengeance Pro RGB @ I2C: /dev/i2c-6, address 0x59
7767  |Info:    Profile loading: Succeeded for Corsair Vengeance Pro RGB @ I2C: /dev/i2c-6, address 0x5B
7767  |Info:    Profile loading: Succeeded for ASUS ROG STRIX 3070Ti O8G GAMING @ I2C: /dev/i2c-0, address 0x67
7767  |Info:    Profile loading: Succeeded for Razer Goliathus @ HID: /dev/hidraw8
7767  |Info:    Profile loading: Succeeded for Corsair Commander Core @ HID: /dev/hidraw5
7767  |Info:    Profile loading: Succeeded for MSI MPG Z590 GAMING EDGE WIFI (MS-7D07) @ HID: /dev/hidraw0
7767  |Info:    Profile loading: Succeeded for G502 HERO Gaming Mouse @ HID: /dev/hidraw3 (Receiver) 
Wireless Index: 255
7767  |Info:    Profile loading: FAILED! for HyperX Quadcast S @ 1-12.1:1.0
