    OpenRGB v0.9
    Commit:  from 
    Launched: 20240726_083057
====================================================================================================

0     |Info:    Found file: Main.orp attempting to validate header
0     |Info:    Valid v4 profile found for Main
1005  |Info:    ------------------------------------------------------
1005  |Info:    |               Start device detection               |
1005  |Info:    ------------------------------------------------------
1005  |Info:    Initializing HID interfaces: Success
1009  |Info:    ------------------------------------------------------
1009  |Info:    |             Detecting I2C interfaces               |
1009  |Info:    ------------------------------------------------------
1009  |Info:    Registering I2C interface: /dev/i2c-3 Device 10DE:2482 Subsystem: 1043:880E
1009  |Info:    Registering I2C interface: /dev/i2c-1 Device 10DE:2482 Subsystem: 1043:880E
1009  |Info:    Registering I2C interface: /dev/i2c-6 Device 8086:43A3 Subsystem: 1462:7D07
1009  |Info:    Registering I2C interface: /dev/i2c-4 Device 10DE:2482 Subsystem: 1043:880E
1009  |Info:    Registering I2C interface: /dev/i2c-2 Device 10DE:2482 Subsystem: 1043:880E
1009  |Info:    Registering I2C interface: /dev/i2c-0 Device 10DE:2482 Subsystem: 1043:880E
1009  |Info:    Registering I2C interface: /dev/i2c-5 Device 10DE:2482 Subsystem: 1043:880E
1009  |Info:    ------------------------------------------------------
1009  |Info:    |               Detecting I2C devices                |
1009  |Info:    ------------------------------------------------------
1081  |Info:    [Corsair Vengeance Pro RGB] Registering RGB controller
1103  |Info:    [Corsair Vengeance Pro RGB] Registering RGB controller
1339  |Info:    ------------------------------------------------------
1339  |Info:    |               Detecting I2C PCI devices            |
1339  |Info:    ------------------------------------------------------
1807  |Info:    [ASUS ROG STRIX 3070Ti O8G GAMING] Registering RGB controller
1850  |Info:    ------------------------------------------------------
1850  |Info:    |               Detecting HID devices                |
1850  |Info:    ------------------------------------------------------
1861  |Info:    [Razer Goliathus] Registering RGB controller
1991  |Info:    [Corsair Commander Core] Registering RGB controller
2064  |Info:    [MSI MPG Z590 GAMING EDGE WIFI (MS-7D07)] Registering RGB controller
2451  |Info:    [G502 HERO Gaming Mouse] Registering RGB controller
2451  |Info:    ------------------------------------------------------
2451  |Info:    |            Detecting libusb HID devices            |
2451  |Info:    ------------------------------------------------------
2466  |Info:    [HyperX Quadcast S] Registering RGB controller
2466  |Info:    ------------------------------------------------------
2466  |Info:    |              Detecting other devices               |
2466  |Info:    ------------------------------------------------------
2470  |Info:    ------------------------------------------------------
2470  |Info:    |                Detection completed                 |
2470  |Info:    ------------------------------------------------------
5124  |Info:    Profile loading: Succeeded for Corsair Vengeance Pro RGB @ I2C: /dev/i2c-6, address 0x59
5124  |Info:    Profile loading: Succeeded for Corsair Vengeance Pro RGB @ I2C: /dev/i2c-6, address 0x5B
5124  |Info:    Profile loading: Succeeded for ASUS ROG STRIX 3070Ti O8G GAMING @ I2C: /dev/i2c-0, address 0x67
5124  |Info:    Profile loading: Succeeded for Razer Goliathus @ HID: /dev/hidraw8
5124  |Info:    Profile loading: Succeeded for Corsair Commander Core @ HID: /dev/hidraw5
5124  |Info:    Profile loading: Succeeded for MSI MPG Z590 GAMING EDGE WIFI (MS-7D07) @ HID: /dev/hidraw0
5124  |Info:    Profile loading: Succeeded for G502 HERO Gaming Mouse @ HID: /dev/hidraw3 (Receiver) 
Wireless Index: 255
5124  |Info:    Profile loading: FAILED! for HyperX Quadcast S @ 1-12.1:1.0
