    OpenRGB v0.9
    Commit:  from 
    Launched: 20240115_093859
====================================================================================================

0     |Info:    Found file: Main.orp attempting to validate header
0     |Info:    Valid v4 profile found for Main
1001  |Info:    ------------------------------------------------------
1001  |Info:    |               Start device detection               |
1001  |Info:    ------------------------------------------------------
1001  |Info:    Initializing HID interfaces: Success
1004  |Info:    ------------------------------------------------------
1004  |Info:    |             Detecting I2C interfaces               |
1004  |Info:    ------------------------------------------------------
1004  |Info:    Registering I2C interface: /dev/i2c-3 Device 10DE:2482 Subsystem: 1043:880E
1005  |Info:    Registering I2C interface: /dev/i2c-1 Device 10DE:2482 Subsystem: 1043:880E
1005  |Info:    Registering I2C interface: /dev/i2c-6 Device 10DE:2482 Subsystem: 1043:880E
1005  |Info:    Registering I2C interface: /dev/i2c-4 Device 10DE:2482 Subsystem: 1043:880E
1005  |Info:    Registering I2C interface: /dev/i2c-2 Device 10DE:2482 Subsystem: 1043:880E
1005  |Info:    Registering I2C interface: /dev/i2c-0 Device 8086:43A3 Subsystem: 1462:7D07
1005  |Info:    Registering I2C interface: /dev/i2c-5 Device 10DE:2482 Subsystem: 1043:880E
1005  |Info:    ------------------------------------------------------
1005  |Info:    |               Detecting I2C devices                |
1005  |Info:    ------------------------------------------------------
1235  |Info:    [Corsair Vengeance Pro RGB] Registering RGB controller
1258  |Info:    [Corsair Vengeance Pro RGB] Registering RGB controller
1347  |Info:    ------------------------------------------------------
1347  |Info:    |               Detecting I2C PCI devices            |
1347  |Info:    ------------------------------------------------------
1598  |Info:    [ASUS ROG STRIX 3070Ti O8G GAMING] Registering RGB controller
1751  |Info:    ------------------------------------------------------
1751  |Info:    |               Detecting HID devices                |
1751  |Info:    ------------------------------------------------------
1764  |Info:    [KLM] Created new Full 104 key ISO QWERTY with 6 rows and 21 columns containing 105 keys
1764  |Info:    [Razer Cynosa Chroma V2] Registering RGB controller
2151  |Info:    [G502 HERO Gaming Mouse] Registering RGB controller
2302  |Info:    [Corsair Commander Core] Registering RGB controller
2372  |Info:    [MSI MPG Z590 GAMING EDGE WIFI (MS-7D07)] Registering RGB controller
2382  |Info:    [Razer Goliathus] Registering RGB controller
2382  |Info:    ------------------------------------------------------
2382  |Info:    |            Detecting libusb HID devices            |
2382  |Info:    ------------------------------------------------------
2397  |Info:    [HyperX Quadcast S] Registering RGB controller
2398  |Info:    ------------------------------------------------------
2398  |Info:    |              Detecting other devices               |
2398  |Info:    ------------------------------------------------------
2401  |Info:    ------------------------------------------------------
2401  |Info:    |                Detection completed                 |
2401  |Info:    ------------------------------------------------------
