    OpenRGB v0.9
    Commit:  from 
    Launched: 20240416_190254
====================================================================================================

9     |Info:    Found file: Main.orp attempting to validate header
9     |Info:    Valid v4 profile found for Main
1011  |Info:    ------------------------------------------------------
1011  |Info:    |               Start device detection               |
1011  |Info:    ------------------------------------------------------
1011  |Info:    Initializing HID interfaces: Success
1015  |Info:    ------------------------------------------------------
1015  |Info:    |             Detecting I2C interfaces               |
1015  |Info:    ------------------------------------------------------
1015  |Info:    Registering I2C interface: /dev/i2c-3 Device 10DE:2482 Subsystem: 1043:880E
1015  |Info:    Registering I2C interface: /dev/i2c-1 Device 10DE:2482 Subsystem: 1043:880E
1015  |Info:    Registering I2C interface: /dev/i2c-6 Device 10DE:2482 Subsystem: 1043:880E
1016  |Info:    Registering I2C interface: /dev/i2c-4 Device 10DE:2482 Subsystem: 1043:880E
1016  |Info:    Registering I2C interface: /dev/i2c-2 Device 10DE:2482 Subsystem: 1043:880E
1016  |Info:    Registering I2C interface: /dev/i2c-0 Device 8086:43A3 Subsystem: 1462:7D07
1016  |Info:    Registering I2C interface: /dev/i2c-5 Device 10DE:2482 Subsystem: 1043:880E
1016  |Info:    ------------------------------------------------------
1016  |Info:    |               Detecting I2C devices                |
1016  |Info:    ------------------------------------------------------
1088  |Info:    [Corsair Vengeance Pro RGB] Registering RGB controller
1110  |Info:    [Corsair Vengeance Pro RGB] Registering RGB controller
1346  |Info:    ------------------------------------------------------
1346  |Info:    |               Detecting I2C PCI devices            |
1346  |Info:    ------------------------------------------------------
1559  |Info:    [ASUS ROG STRIX 3070Ti O8G GAMING] Registering RGB controller
1721  |Info:    ------------------------------------------------------
1721  |Info:    |               Detecting HID devices                |
1721  |Info:    ------------------------------------------------------
1828  |Info:    [Corsair Commander Core] Registering RGB controller
1901  |Info:    [MSI MPG Z590 GAMING EDGE WIFI (MS-7D07)] Registering RGB controller
2288  |Info:    [G502 HERO Gaming Mouse] Registering RGB controller
2299  |Info:    [Razer Goliathus] Registering RGB controller
2299  |Info:    ------------------------------------------------------
2299  |Info:    |            Detecting libusb HID devices            |
2299  |Info:    ------------------------------------------------------
2312  |Info:    [HyperX Quadcast S] Registering RGB controller
2312  |Info:    ------------------------------------------------------
2312  |Info:    |              Detecting other devices               |
2312  |Info:    ------------------------------------------------------
2316  |Info:    ------------------------------------------------------
2316  |Info:    |                Detection completed                 |
2316  |Info:    ------------------------------------------------------
4081  |Info:    Profile loading: Succeeded for Corsair Vengeance Pro RGB @ I2C: /dev/i2c-0, address 0x59
4081  |Info:    Profile loading: Succeeded for Corsair Vengeance Pro RGB @ I2C: /dev/i2c-0, address 0x5B
4081  |Info:    Profile loading: Succeeded for ASUS ROG STRIX 3070Ti O8G GAMING @ I2C: /dev/i2c-1, address 0x67
4081  |Info:    Profile loading: Succeeded for Corsair Commander Core @ HID: /dev/hidraw5
4081  |Info:    Profile loading: Succeeded for MSI MPG Z590 GAMING EDGE WIFI (MS-7D07) @ HID: /dev/hidraw0
4081  |Info:    Profile loading: Succeeded for G502 HERO Gaming Mouse @ HID: /dev/hidraw3 (Receiver) 
Wireless Index: 255
4081  |Info:    Profile loading: Succeeded for Razer Goliathus @ HID: /dev/hidraw8
4081  |Info:    Profile loading: FAILED! for HyperX Quadcast S @ 1-12.1:1.0
