    OpenRGB v0.9
    Commit:  from 
    Launched: 20240324_142901
====================================================================================================

0     |Info:    Found file: Main.orp attempting to validate header
0     |Info:    Valid v4 profile found for Main
1006  |Info:    ------------------------------------------------------
1006  |Info:    |               Start device detection               |
1006  |Info:    ------------------------------------------------------
1006  |Info:    Initializing HID interfaces: Success
1014  |Info:    ------------------------------------------------------
1014  |Info:    |             Detecting I2C interfaces               |
1014  |Info:    ------------------------------------------------------
1014  |Info:    Registering I2C interface: /dev/i2c-3 Device 10DE:2482 Subsystem: 1043:880E
1014  |Info:    Registering I2C interface: /dev/i2c-1 Device 10DE:2482 Subsystem: 1043:880E
1014  |Info:    Registering I2C interface: /dev/i2c-6 Device 10DE:2482 Subsystem: 1043:880E
1014  |Info:    Registering I2C interface: /dev/i2c-4 Device 10DE:2482 Subsystem: 1043:880E
1014  |Info:    Registering I2C interface: /dev/i2c-2 Device 10DE:2482 Subsystem: 1043:880E
1015  |Info:    Registering I2C interface: /dev/i2c-0 Device 8086:43A3 Subsystem: 1462:7D07
1015  |Info:    Registering I2C interface: /dev/i2c-5 Device 10DE:2482 Subsystem: 1043:880E
1015  |Info:    ------------------------------------------------------
1015  |Info:    |               Detecting I2C devices                |
1015  |Info:    ------------------------------------------------------
1088  |Info:    [Corsair Vengeance Pro RGB] Registering RGB controller
1110  |Info:    [Corsair Vengeance Pro RGB] Registering RGB controller
1347  |Info:    ------------------------------------------------------
1347  |Info:    |               Detecting I2C PCI devices            |
1347  |Info:    ------------------------------------------------------
1556  |Info:    [ASUS ROG STRIX 3070Ti O8G GAMING] Registering RGB controller
1719  |Info:    ------------------------------------------------------
1719  |Info:    |               Detecting HID devices                |
1719  |Info:    ------------------------------------------------------
1826  |Info:    [Corsair Commander Core] Registering RGB controller
1899  |Info:    [MSI MPG Z590 GAMING EDGE WIFI (MS-7D07)] Registering RGB controller
2287  |Info:    [G502 HERO Gaming Mouse] Registering RGB controller
2297  |Info:    [Razer Goliathus] Registering RGB controller
2297  |Info:    ------------------------------------------------------
2297  |Info:    |            Detecting libusb HID devices            |
2297  |Info:    ------------------------------------------------------
2314  |Info:    [HyperX Quadcast S] Registering RGB controller
2314  |Info:    ------------------------------------------------------
2314  |Info:    |              Detecting other devices               |
2314  |Info:    ------------------------------------------------------
2319  |Info:    ------------------------------------------------------
2319  |Info:    |                Detection completed                 |
2319  |Info:    ------------------------------------------------------
5706  |Info:    Profile loading: Succeeded for Corsair Vengeance Pro RGB @ I2C: /dev/i2c-0, address 0x59
5706  |Info:    Profile loading: Succeeded for Corsair Vengeance Pro RGB @ I2C: /dev/i2c-0, address 0x5B
5706  |Info:    Profile loading: Succeeded for ASUS ROG STRIX 3070Ti O8G GAMING @ I2C: /dev/i2c-1, address 0x67
5706  |Info:    Profile loading: Succeeded for Corsair Commander Core @ HID: /dev/hidraw5
5706  |Info:    Profile loading: Succeeded for MSI MPG Z590 GAMING EDGE WIFI (MS-7D07) @ HID: /dev/hidraw0
5706  |Info:    Profile loading: Succeeded for G502 HERO Gaming Mouse @ HID: /dev/hidraw3 (Receiver) 
Wireless Index: 255
5706  |Info:    Profile loading: Succeeded for Razer Goliathus @ HID: /dev/hidraw8
5706  |Info:    Profile loading: FAILED! for HyperX Quadcast S @ 1-12.1:1.0
