    OpenRGB v0.9
    Commit:  from 
    Launched: 20240515_113336
====================================================================================================

0     |Info:    Found file: Main.orp attempting to validate header
1     |Info:    Valid v4 profile found for Main
1005  |Info:    ------------------------------------------------------
1005  |Info:    |               Start device detection               |
1005  |Info:    ------------------------------------------------------
1005  |Info:    Initializing HID interfaces: Success
1009  |Info:    ------------------------------------------------------
1009  |Info:    |             Detecting I2C interfaces               |
1009  |Info:    ------------------------------------------------------
1009  |Info:    Registering I2C interface: /dev/i2c-3 Device 10DE:2482 Subsystem: 1043:880E
1010  |Info:    Registering I2C interface: /dev/i2c-1 Device 10DE:2482 Subsystem: 1043:880E
1010  |Info:    Registering I2C interface: /dev/i2c-6 Device 10DE:2482 Subsystem: 1043:880E
1010  |Info:    Registering I2C interface: /dev/i2c-4 Device 10DE:2482 Subsystem: 1043:880E
1010  |Info:    Registering I2C interface: /dev/i2c-2 Device 10DE:2482 Subsystem: 1043:880E
1010  |Info:    Registering I2C interface: /dev/i2c-0 Device 8086:43A3 Subsystem: 1462:7D07
1010  |Info:    Registering I2C interface: /dev/i2c-5 Device 10DE:2482 Subsystem: 1043:880E
1010  |Info:    ------------------------------------------------------
1010  |Info:    |               Detecting I2C devices                |
1010  |Info:    ------------------------------------------------------
1081  |Info:    [Corsair Vengeance Pro RGB] Registering RGB controller
1103  |Info:    [Corsair Vengeance Pro RGB] Registering RGB controller
1340  |Info:    ------------------------------------------------------
1340  |Info:    |               Detecting I2C PCI devices            |
1340  |Info:    ------------------------------------------------------
1549  |Info:    [ASUS ROG STRIX 3070Ti O8G GAMING] Registering RGB controller
1711  |Info:    ------------------------------------------------------
1711  |Info:    |               Detecting HID devices                |
1711  |Info:    ------------------------------------------------------
1722  |Info:    [Razer Goliathus] Registering RGB controller
1870  |Info:    [Corsair Commander Core] Registering RGB controller
1940  |Info:    [MSI MPG Z590 GAMING EDGE WIFI (MS-7D07)] Registering RGB controller
2327  |Info:    [G502 HERO Gaming Mouse] Registering RGB controller
2327  |Info:    ------------------------------------------------------
2327  |Info:    |            Detecting libusb HID devices            |
2327  |Info:    ------------------------------------------------------
2341  |Info:    [HyperX Quadcast S] Registering RGB controller
2341  |Info:    ------------------------------------------------------
2341  |Info:    |              Detecting other devices               |
2341  |Info:    ------------------------------------------------------
2345  |Info:    ------------------------------------------------------
2345  |Info:    |                Detection completed                 |
2345  |Info:    ------------------------------------------------------
6544  |Info:    Profile loading: Succeeded for Corsair Vengeance Pro RGB @ I2C: /dev/i2c-0, address 0x59
6544  |Info:    Profile loading: Succeeded for Corsair Vengeance Pro RGB @ I2C: /dev/i2c-0, address 0x5B
6544  |Info:    Profile loading: Succeeded for ASUS ROG STRIX 3070Ti O8G GAMING @ I2C: /dev/i2c-1, address 0x67
6544  |Info:    Profile loading: Succeeded for Razer Goliathus @ HID: /dev/hidraw8
6544  |Info:    Profile loading: Succeeded for Corsair Commander Core @ HID: /dev/hidraw5
6544  |Info:    Profile loading: Succeeded for MSI MPG Z590 GAMING EDGE WIFI (MS-7D07) @ HID: /dev/hidraw0
6544  |Info:    Profile loading: Succeeded for G502 HERO Gaming Mouse @ HID: /dev/hidraw3 (Receiver) 
Wireless Index: 255
6544  |Info:    Profile loading: FAILED! for HyperX Quadcast S @ 1-12.1:1.0
