    OpenRGB v0.9
    Commit:  from 
    Launched: 20240514_145301
====================================================================================================

0     |Info:    Found file: Main.orp attempting to validate header
0     |Info:    Valid v4 profile found for Main
1002  |Info:    ------------------------------------------------------
1002  |Info:    |               Start device detection               |
1002  |Info:    ------------------------------------------------------
1002  |Info:    Initializing HID interfaces: Success
1006  |Info:    ------------------------------------------------------
1006  |Info:    |             Detecting I2C interfaces               |
1006  |Info:    ------------------------------------------------------
1006  |Info:    Registering I2C interface: /dev/i2c-3 Device 10DE:2482 Subsystem: 1043:880E
1006  |Info:    Registering I2C interface: /dev/i2c-1 Device 10DE:2482 Subsystem: 1043:880E
1006  |Info:    Registering I2C interface: /dev/i2c-6 Device 10DE:2482 Subsystem: 1043:880E
1006  |Info:    Registering I2C interface: /dev/i2c-4 Device 10DE:2482 Subsystem: 1043:880E
1006  |Info:    Registering I2C interface: /dev/i2c-2 Device 10DE:2482 Subsystem: 1043:880E
1006  |Info:    Registering I2C interface: /dev/i2c-0 Device 8086:43A3 Subsystem: 1462:7D07
1006  |Info:    Registering I2C interface: /dev/i2c-5 Device 10DE:2482 Subsystem: 1043:880E
1006  |Info:    ------------------------------------------------------
1006  |Info:    |               Detecting I2C devices                |
1006  |Info:    ------------------------------------------------------
1077  |Info:    [Corsair Vengeance Pro RGB] Registering RGB controller
1100  |Info:    [Corsair Vengeance Pro RGB] Registering RGB controller
1335  |Info:    ------------------------------------------------------
1335  |Info:    |               Detecting I2C PCI devices            |
1335  |Info:    ------------------------------------------------------
1546  |Info:    [ASUS ROG STRIX 3070Ti O8G GAMING] Registering RGB controller
1709  |Info:    ------------------------------------------------------
1709  |Info:    |               Detecting HID devices                |
1709  |Info:    ------------------------------------------------------
1720  |Info:    [Razer Goliathus] Registering RGB controller
1851  |Info:    [Corsair Commander Core] Registering RGB controller
1923  |Info:    [MSI MPG Z590 GAMING EDGE WIFI (MS-7D07)] Registering RGB controller
2310  |Info:    [G502 HERO Gaming Mouse] Registering RGB controller
2310  |Info:    ------------------------------------------------------
2310  |Info:    |            Detecting libusb HID devices            |
2310  |Info:    ------------------------------------------------------
2331  |Info:    [HyperX Quadcast S] Registering RGB controller
2331  |Info:    ------------------------------------------------------
2331  |Info:    |              Detecting other devices               |
2331  |Info:    ------------------------------------------------------
2335  |Info:    ------------------------------------------------------
2335  |Info:    |                Detection completed                 |
2335  |Info:    ------------------------------------------------------
5059  |Info:    Profile loading: Succeeded for Corsair Vengeance Pro RGB @ I2C: /dev/i2c-0, address 0x59
5059  |Info:    Profile loading: Succeeded for Corsair Vengeance Pro RGB @ I2C: /dev/i2c-0, address 0x5B
5059  |Info:    Profile loading: Succeeded for ASUS ROG STRIX 3070Ti O8G GAMING @ I2C: /dev/i2c-1, address 0x67
5059  |Info:    Profile loading: Succeeded for Razer Goliathus @ HID: /dev/hidraw8
5059  |Info:    Profile loading: Succeeded for Corsair Commander Core @ HID: /dev/hidraw4
5059  |Info:    Profile loading: Succeeded for MSI MPG Z590 GAMING EDGE WIFI (MS-7D07) @ HID: /dev/hidraw0
5059  |Info:    Profile loading: Succeeded for G502 HERO Gaming Mouse @ HID: /dev/hidraw7 (Receiver) 
Wireless Index: 255
5059  |Info:    Profile loading: FAILED! for HyperX Quadcast S @ 1-12.1:1.0
