    OpenRGB v0.9
    Commit:  from 
    Launched: 20240502_223213
====================================================================================================

0     |Info:    Found file: Main.orp attempting to validate header
0     |Info:    Valid v4 profile found for Main
1001  |Info:    ------------------------------------------------------
1001  |Info:    |               Start device detection               |
1001  |Info:    ------------------------------------------------------
1001  |Info:    Initializing HID interfaces: Success
1006  |Info:    ------------------------------------------------------
1006  |Info:    |             Detecting I2C interfaces               |
1006  |Info:    ------------------------------------------------------
1006  |Info:    Registering I2C interface: /dev/i2c-3 Device 10DE:2482 Subsystem: 1043:880E
1006  |Info:    Registering I2C interface: /dev/i2c-1 Device 10DE:2482 Subsystem: 1043:880E
1006  |Info:    Registering I2C interface: /dev/i2c-6 Device 10DE:2482 Subsystem: 1043:880E
1006  |Info:    Registering I2C interface: /dev/i2c-4 Device 10DE:2482 Subsystem: 1043:880E
1006  |Info:    Registering I2C interface: /dev/i2c-2 Device 10DE:2482 Subsystem: 1043:880E
1006  |Info:    Registering I2C interface: /dev/i2c-0 Device 8086:43A3 Subsystem: 1462:7D07
1006  |Info:    Registering I2C interface: /dev/i2c-5 Device 10DE:2482 Subsystem: 1043:880E
1006  |Info:    ------------------------------------------------------
1006  |Info:    |               Detecting I2C devices                |
1006  |Info:    ------------------------------------------------------
1078  |Info:    [Corsair Vengeance Pro RGB] Registering RGB controller
1100  |Info:    [Corsair Vengeance Pro RGB] Registering RGB controller
1335  |Info:    ------------------------------------------------------
1335  |Info:    |               Detecting I2C PCI devices            |
1335  |Info:    ------------------------------------------------------
1544  |Info:    [ASUS ROG STRIX 3070Ti O8G GAMING] Registering RGB controller
1707  |Info:    ------------------------------------------------------
1707  |Info:    |               Detecting HID devices                |
1707  |Info:    ------------------------------------------------------
1718  |Info:    [Razer Goliathus] Registering RGB controller
1856  |Info:    [Corsair Commander Core] Registering RGB controller
1925  |Info:    [MSI MPG Z590 GAMING EDGE WIFI (MS-7D07)] Registering RGB controller
2313  |Info:    [G502 HERO Gaming Mouse] Registering RGB controller
2313  |Info:    ------------------------------------------------------
2313  |Info:    |            Detecting libusb HID devices            |
2313  |Info:    ------------------------------------------------------
2333  |Info:    [HyperX Quadcast S] Registering RGB controller
2333  |Info:    ------------------------------------------------------
2333  |Info:    |              Detecting other devices               |
2333  |Info:    ------------------------------------------------------
2337  |Info:    ------------------------------------------------------
2337  |Info:    |                Detection completed                 |
2337  |Info:    ------------------------------------------------------
4334  |Info:    Profile loading: Succeeded for Corsair Vengeance Pro RGB @ I2C: /dev/i2c-0, address 0x59
4334  |Info:    Profile loading: Succeeded for Corsair Vengeance Pro RGB @ I2C: /dev/i2c-0, address 0x5B
4334  |Info:    Profile loading: Succeeded for ASUS ROG STRIX 3070Ti O8G GAMING @ I2C: /dev/i2c-1, address 0x67
4334  |Info:    Profile loading: Succeeded for Razer Goliathus @ HID: /dev/hidraw8
4334  |Info:    Profile loading: Succeeded for Corsair Commander Core @ HID: /dev/hidraw4
4334  |Info:    Profile loading: Succeeded for MSI MPG Z590 GAMING EDGE WIFI (MS-7D07) @ HID: /dev/hidraw13
4334  |Info:    Profile loading: Succeeded for G502 HERO Gaming Mouse @ HID: /dev/hidraw7 (Receiver) 
Wireless Index: 255
4334  |Info:    Profile loading: FAILED! for HyperX Quadcast S @ 1-12.1:1.0
