    OpenRGB v0.9
    Commit:  from 
    Launched: 20240304_202429
====================================================================================================

0     |Info:    Found file: Main.orp attempting to validate header
0     |Info:    Valid v4 profile found for Main
1014  |Info:    ------------------------------------------------------
1014  |Info:    |               Start device detection               |
1014  |Info:    ------------------------------------------------------
1014  |Info:    Initializing HID interfaces: Success
1035  |Info:    ------------------------------------------------------
1035  |Info:    |             Detecting I2C interfaces               |
1035  |Info:    ------------------------------------------------------
1035  |Info:    Registering I2C interface: /dev/i2c-3 Device 10DE:2482 Subsystem: 1043:880E
1035  |Info:    Registering I2C interface: /dev/i2c-1 Device 10DE:2482 Subsystem: 1043:880E
1035  |Info:    Registering I2C interface: /dev/i2c-6 Device 10DE:2482 Subsystem: 1043:880E
1035  |Info:    Registering I2C interface: /dev/i2c-4 Device 10DE:2482 Subsystem: 1043:880E
1035  |Info:    Registering I2C interface: /dev/i2c-2 Device 10DE:2482 Subsystem: 1043:880E
1035  |Info:    Registering I2C interface: /dev/i2c-0 Device 8086:43A3 Subsystem: 1462:7D07
1035  |Info:    Registering I2C interface: /dev/i2c-5 Device 10DE:2482 Subsystem: 1043:880E
1035  |Info:    ------------------------------------------------------
1035  |Info:    |               Detecting I2C devices                |
1035  |Info:    ------------------------------------------------------
1108  |Info:    [Corsair Vengeance Pro RGB] Registering RGB controller
1131  |Info:    [Corsair Vengeance Pro RGB] Registering RGB controller
1390  |Info:    ------------------------------------------------------
1390  |Info:    |               Detecting I2C PCI devices            |
1390  |Info:    ------------------------------------------------------
1640  |Info:    [ASUS ROG STRIX 3070Ti O8G GAMING] Registering RGB controller
1807  |Info:    ------------------------------------------------------
1807  |Info:    |               Detecting HID devices                |
1807  |Info:    ------------------------------------------------------
1820  |Info:    [KLM] Created new Full 104 key ISO QWERTY with 6 rows and 21 columns containing 105 keys
1820  |Info:    [Razer Cynosa Chroma V2] Registering RGB controller
1955  |Info:    [Corsair Commander Core] Registering RGB controller
2026  |Info:    [MSI MPG Z590 GAMING EDGE WIFI (MS-7D07)] Registering RGB controller
2414  |Info:    [G502 HERO Gaming Mouse] Registering RGB controller
2424  |Info:    [Razer Goliathus] Registering RGB controller
2424  |Info:    ------------------------------------------------------
2424  |Info:    |            Detecting libusb HID devices            |
2424  |Info:    ------------------------------------------------------
2439  |Info:    [HyperX Quadcast S] Registering RGB controller
2439  |Info:    ------------------------------------------------------
2439  |Info:    |              Detecting other devices               |
2439  |Info:    ------------------------------------------------------
2443  |Info:    ------------------------------------------------------
2443  |Info:    |                Detection completed                 |
2443  |Info:    ------------------------------------------------------
13138 |Info:    Profile loading: Succeeded for Corsair Vengeance Pro RGB @ I2C: /dev/i2c-0, address 0x59
13138 |Info:    Profile loading: Succeeded for Corsair Vengeance Pro RGB @ I2C: /dev/i2c-0, address 0x5B
13138 |Info:    Profile loading: Succeeded for ASUS ROG STRIX 3070Ti O8G GAMING @ I2C: /dev/i2c-1, address 0x67
13138 |Info:    Profile loading: Succeeded for Razer Cynosa Chroma V2 @ HID: /dev/hidraw11
13138 |Info:    Profile loading: Succeeded for Corsair Commander Core @ HID: /dev/hidraw6
13138 |Info:    Profile loading: Succeeded for MSI MPG Z590 GAMING EDGE WIFI (MS-7D07) @ HID: /dev/hidraw0
13138 |Info:    Profile loading: Succeeded for G502 HERO Gaming Mouse @ HID: /dev/hidraw3 (Receiver) 
Wireless Index: 255
13138 |Info:    Profile loading: Succeeded for Razer Goliathus @ HID: /dev/hidraw4
13138 |Info:    Profile loading: FAILED! for HyperX Quadcast S @ 1-12.1:1.0
