    OpenRGB v0.9
    Commit:  from 
    Launched: 20240203_185640
====================================================================================================

0     |Info:    Found file: Main.orp attempting to validate header
0     |Info:    Valid v4 profile found for Main
1002  |Info:    ------------------------------------------------------
1002  |Info:    |               Start device detection               |
1002  |Info:    ------------------------------------------------------
1002  |Info:    Initializing HID interfaces: Success
1005  |Info:    ------------------------------------------------------
1005  |Info:    |             Detecting I2C interfaces               |
1005  |Info:    ------------------------------------------------------
1006  |Info:    Registering I2C interface: /dev/i2c-3 Device 10DE:2482 Subsystem: 1043:880E
1006  |Info:    Registering I2C interface: /dev/i2c-1 Device 10DE:2482 Subsystem: 1043:880E
1006  |Info:    Registering I2C interface: /dev/i2c-6 Device 10DE:2482 Subsystem: 1043:880E
1006  |Info:    Registering I2C interface: /dev/i2c-4 Device 10DE:2482 Subsystem: 1043:880E
1006  |Info:    Registering I2C interface: /dev/i2c-2 Device 10DE:2482 Subsystem: 1043:880E
1006  |Info:    Registering I2C interface: /dev/i2c-0 Device 8086:43A3 Subsystem: 1462:7D07
1006  |Info:    Registering I2C interface: /dev/i2c-5 Device 10DE:2482 Subsystem: 1043:880E
1006  |Info:    ------------------------------------------------------
1006  |Info:    |               Detecting I2C devices                |
1006  |Info:    ------------------------------------------------------
1236  |Info:    [Corsair Vengeance Pro RGB] Registering RGB controller
1258  |Info:    [Corsair Vengeance Pro RGB] Registering RGB controller
1349  |Info:    ------------------------------------------------------
1349  |Info:    |               Detecting I2C PCI devices            |
1349  |Info:    ------------------------------------------------------
1633  |Info:    [ASUS ROG STRIX 3070Ti O8G GAMING] Registering RGB controller
1802  |Info:    ------------------------------------------------------
1802  |Info:    |               Detecting HID devices                |
1802  |Info:    ------------------------------------------------------
1815  |Info:    [KLM] Created new Full 104 key ISO QWERTY with 6 rows and 21 columns containing 105 keys
1815  |Info:    [Razer Cynosa Chroma V2] Registering RGB controller
2203  |Info:    [G502 HERO Gaming Mouse] Registering RGB controller
2340  |Info:    [Corsair Commander Core] Registering RGB controller
2409  |Info:    [MSI MPG Z590 GAMING EDGE WIFI (MS-7D07)] Registering RGB controller
2419  |Info:    [Razer Goliathus] Registering RGB controller
2419  |Info:    ------------------------------------------------------
2419  |Info:    |            Detecting libusb HID devices            |
2419  |Info:    ------------------------------------------------------
