    OpenRGB v0.9
    Commit:  from 
    Launched: 20240606_123135
====================================================================================================

0     |Info:    Found file: Main.orp attempting to validate header
0     |Info:    Valid v4 profile found for Main
1004  |Info:    ------------------------------------------------------
1004  |Info:    |               Start device detection               |
1004  |Info:    ------------------------------------------------------
1004  |Info:    Initializing HID interfaces: Success
1008  |Info:    ------------------------------------------------------
1008  |Info:    |             Detecting I2C interfaces               |
1008  |Info:    ------------------------------------------------------
1008  |Info:    Registering I2C interface: /dev/i2c-3 Device 10DE:2482 Subsystem: 1043:880E
1008  |Info:    Registering I2C interface: /dev/i2c-1 Device 10DE:2482 Subsystem: 1043:880E
1008  |Info:    Registering I2C interface: /dev/i2c-6 Device 8086:43A3 Subsystem: 1462:7D07
1008  |Info:    Registering I2C interface: /dev/i2c-4 Device 10DE:2482 Subsystem: 1043:880E
1008  |Info:    Registering I2C interface: /dev/i2c-2 Device 10DE:2482 Subsystem: 1043:880E
1008  |Info:    Registering I2C interface: /dev/i2c-0 Device 10DE:2482 Subsystem: 1043:880E
1008  |Info:    Registering I2C interface: /dev/i2c-5 Device 10DE:2482 Subsystem: 1043:880E
1008  |Info:    ------------------------------------------------------
1008  |Info:    |               Detecting I2C devices                |
1008  |Info:    ------------------------------------------------------
1080  |Info:    [Corsair Vengeance Pro RGB] Registering RGB controller
1102  |Info:    [Corsair Vengeance Pro RGB] Registering RGB controller
1339  |Info:    ------------------------------------------------------
1339  |Info:    |               Detecting I2C PCI devices            |
1339  |Info:    ------------------------------------------------------
1670  |Info:    [ASUS ROG STRIX 3070Ti O8G GAMING] Registering RGB controller
1711  |Info:    ------------------------------------------------------
1711  |Info:    |               Detecting HID devices                |
1711  |Info:    ------------------------------------------------------
1721  |Info:    [Razer Goliathus] Registering RGB controller
1862  |Info:    [Corsair Commander Core] Registering RGB controller
1937  |Info:    [MSI MPG Z590 GAMING EDGE WIFI (MS-7D07)] Registering RGB controller
2325  |Info:    [G502 HERO Gaming Mouse] Registering RGB controller
2325  |Info:    ------------------------------------------------------
2325  |Info:    |            Detecting libusb HID devices            |
2325  |Info:    ------------------------------------------------------
2339  |Info:    [HyperX Quadcast S] Registering RGB controller
2339  |Info:    ------------------------------------------------------
2339  |Info:    |              Detecting other devices               |
2339  |Info:    ------------------------------------------------------
2344  |Info:    ------------------------------------------------------
2344  |Info:    |                Detection completed                 |
2344  |Info:    ------------------------------------------------------
14105 |Info:    Profile loading: Succeeded for Corsair Vengeance Pro RGB @ I2C: /dev/i2c-6, address 0x59
14105 |Info:    Profile loading: Succeeded for Corsair Vengeance Pro RGB @ I2C: /dev/i2c-6, address 0x5B
14105 |Info:    Profile loading: Succeeded for ASUS ROG STRIX 3070Ti O8G GAMING @ I2C: /dev/i2c-0, address 0x67
14106 |Info:    Profile loading: Succeeded for Razer Goliathus @ HID: /dev/hidraw8
14106 |Info:    Profile loading: Succeeded for Corsair Commander Core @ HID: /dev/hidraw5
14106 |Info:    Profile loading: Succeeded for MSI MPG Z590 GAMING EDGE WIFI (MS-7D07) @ HID: /dev/hidraw0
14106 |Info:    Profile loading: Succeeded for G502 HERO Gaming Mouse @ HID: /dev/hidraw3 (Receiver) 
Wireless Index: 255
14106 |Info:    Profile loading: FAILED! for HyperX Quadcast S @ 1-12.1:1.0
