    OpenRGB v0.9
    Commit:  from 
    Launched: 20240114_065806
====================================================================================================

1001  |Info:    Saving detector settings
1002  |Info:    ------------------------------------------------------
1002  |Info:    |               Start device detection               |
1002  |Info:    ------------------------------------------------------
1002  |Info:    Initializing HID interfaces: Success
1007  |Info:    ------------------------------------------------------
1007  |Info:    |             Detecting I2C interfaces               |
1007  |Info:    ------------------------------------------------------
1007  |Info:    Registering I2C interface: /dev/i2c-3 Device 10DE:2482 Subsystem: 1043:880E
1007  |Info:    Registering I2C interface: /dev/i2c-1 Device 10DE:2482 Subsystem: 1043:880E
1007  |Info:    Registering I2C interface: /dev/i2c-6 Device 10DE:2482 Subsystem: 1043:880E
1007  |Info:    Registering I2C interface: /dev/i2c-4 Device 10DE:2482 Subsystem: 1043:880E
1007  |Info:    Registering I2C interface: /dev/i2c-2 Device 10DE:2482 Subsystem: 1043:880E
1007  |Info:    Registering I2C interface: /dev/i2c-0 Device 8086:43A3 Subsystem: 1462:7D07
1007  |Info:    Registering I2C interface: /dev/i2c-5 Device 10DE:2482 Subsystem: 1043:880E
1007  |Info:    ------------------------------------------------------
1007  |Info:    |               Detecting I2C devices                |
1007  |Info:    ------------------------------------------------------
1239  |Info:    [Corsair Vengeance Pro RGB] Registering RGB controller
1261  |Info:    [Corsair Vengeance Pro RGB] Registering RGB controller
1355  |Info:    ------------------------------------------------------
1355  |Info:    |               Detecting I2C PCI devices            |
1355  |Info:    ------------------------------------------------------
1619  |Info:    [ASUS ROG STRIX 3070Ti O8G GAMING] Registering RGB controller
1787  |Info:    ------------------------------------------------------
1787  |Info:    |               Detecting HID devices                |
1787  |Info:    ------------------------------------------------------
1800  |Info:    [KLM] Created new Full 104 key ISO QWERTY with 6 rows and 21 columns containing 105 keys
1801  |Info:    [Razer Cynosa Chroma V2] Registering RGB controller
2188  |Info:    [G502 HERO Gaming Mouse] Registering RGB controller
2295  |Info:    [Corsair Commander Core] Registering RGB controller
2367  |Info:    [MSI MPG Z590 GAMING EDGE WIFI (MS-7D07)] Registering RGB controller
2377  |Info:    [Razer Goliathus] Registering RGB controller
2377  |Info:    ------------------------------------------------------
2377  |Info:    |            Detecting libusb HID devices            |
2377  |Info:    ------------------------------------------------------
