    OpenRGB v0.9
    Commit:  from 
    Launched: 20240805_140246
====================================================================================================

0     |Info:    Found file: Main.orp attempting to validate header
0     |Info:    Valid v4 profile found for Main
1005  |Info:    ------------------------------------------------------
1005  |Info:    |               Start device detection               |
1005  |Info:    ------------------------------------------------------
1005  |Info:    Initializing HID interfaces: Success
1008  |Info:    ------------------------------------------------------
1008  |Info:    |             Detecting I2C interfaces               |
1008  |Info:    ------------------------------------------------------
1008  |Info:    Registering I2C interface: /dev/i2c-3 Device 10DE:2482 Subsystem: 1043:880E
1008  |Info:    Registering I2C interface: /dev/i2c-1 Device 10DE:2482 Subsystem: 1043:880E
1008  |Info:    Registering I2C interface: /dev/i2c-6 Device 8086:43A3 Subsystem: 1462:7D07
1008  |Info:    Registering I2C interface: /dev/i2c-4 Device 10DE:2482 Subsystem: 1043:880E
1008  |Info:    Registering I2C interface: /dev/i2c-2 Device 10DE:2482 Subsystem: 1043:880E
1008  |Info:    Registering I2C interface: /dev/i2c-0 Device 10DE:2482 Subsystem: 1043:880E
1008  |Info:    Registering I2C interface: /dev/i2c-5 Device 10DE:2482 Subsystem: 1043:880E
1008  |Info:    ------------------------------------------------------
1008  |Info:    |               Detecting I2C devices                |
1008  |Info:    ------------------------------------------------------
1081  |Info:    [Corsair Vengeance Pro RGB] Registering RGB controller
1103  |Info:    [Corsair Vengeance Pro RGB] Registering RGB controller
1341  |Info:    ------------------------------------------------------
1342  |Info:    |               Detecting I2C PCI devices            |
1342  |Info:    ------------------------------------------------------
1799  |Info:    [ASUS ROG STRIX 3070Ti O8G GAMING] Registering RGB controller
1841  |Info:    ------------------------------------------------------
1841  |Info:    |               Detecting HID devices                |
1841  |Info:    ------------------------------------------------------
1851  |Info:    [Razer Goliathus] Registering RGB controller
1961  |Info:    [Corsair Commander Core] Registering RGB controller
2042  |Info:    [MSI MPG Z590 GAMING EDGE WIFI (MS-7D07)] Registering RGB controller
2429  |Info:    [G502 HERO Gaming Mouse] Registering RGB controller
2429  |Info:    ------------------------------------------------------
2429  |Info:    |            Detecting libusb HID devices            |
2429  |Info:    ------------------------------------------------------
2444  |Info:    [HyperX Quadcast S] Registering RGB controller
2444  |Info:    ------------------------------------------------------
2444  |Info:    |              Detecting other devices               |
2444  |Info:    ------------------------------------------------------
2449  |Info:    ------------------------------------------------------
2449  |Info:    |                Detection completed                 |
2449  |Info:    ------------------------------------------------------
4416  |Info:    Profile loading: Succeeded for Corsair Vengeance Pro RGB @ I2C: /dev/i2c-6, address 0x59
4416  |Info:    Profile loading: Succeeded for Corsair Vengeance Pro RGB @ I2C: /dev/i2c-6, address 0x5B
4416  |Info:    Profile loading: Succeeded for ASUS ROG STRIX 3070Ti O8G GAMING @ I2C: /dev/i2c-0, address 0x67
4416  |Info:    Profile loading: Succeeded for Razer Goliathus @ HID: /dev/hidraw8
4416  |Info:    Profile loading: Succeeded for Corsair Commander Core @ HID: /dev/hidraw5
4416  |Info:    Profile loading: Succeeded for MSI MPG Z590 GAMING EDGE WIFI (MS-7D07) @ HID: /dev/hidraw0
4416  |Info:    Profile loading: Succeeded for G502 HERO Gaming Mouse @ HID: /dev/hidraw3 (Receiver) 
Wireless Index: 255
4416  |Info:    Profile loading: FAILED! for HyperX Quadcast S @ 1-12.1:1.0
