    OpenRGB v0.9
    Commit:  from 
    Launched: 20240215_052725
====================================================================================================

7     |Info:    Found file: Main.orp attempting to validate header
7     |Info:    Valid v4 profile found for Main
1011  |Info:    ------------------------------------------------------
1011  |Info:    |               Start device detection               |
1011  |Info:    ------------------------------------------------------
1011  |Info:    Initializing HID interfaces: Success
1018  |Info:    ------------------------------------------------------
1018  |Info:    |             Detecting I2C interfaces               |
1018  |Info:    ------------------------------------------------------
1018  |Info:    Registering I2C interface: /dev/i2c-3 Device 10DE:2482 Subsystem: 1043:880E
1019  |Info:    Registering I2C interface: /dev/i2c-1 Device 10DE:2482 Subsystem: 1043:880E
1019  |Info:    Registering I2C interface: /dev/i2c-6 Device 10DE:2482 Subsystem: 1043:880E
1019  |Info:    Registering I2C interface: /dev/i2c-4 Device 10DE:2482 Subsystem: 1043:880E
1019  |Info:    Registering I2C interface: /dev/i2c-2 Device 10DE:2482 Subsystem: 1043:880E
1019  |Info:    Registering I2C interface: /dev/i2c-0 Device 8086:43A3 Subsystem: 1462:7D07
1019  |Info:    Registering I2C interface: /dev/i2c-5 Device 10DE:2482 Subsystem: 1043:880E
1019  |Info:    ------------------------------------------------------
1019  |Info:    |               Detecting I2C devices                |
1019  |Info:    ------------------------------------------------------
1257  |Info:    [Corsair Vengeance Pro RGB] Registering RGB controller
1280  |Info:    [Corsair Vengeance Pro RGB] Registering RGB controller
1382  |Info:    ------------------------------------------------------
1382  |Info:    |               Detecting I2C PCI devices            |
1382  |Info:    ------------------------------------------------------
1691  |Info:    [ASUS ROG STRIX 3070Ti O8G GAMING] Registering RGB controller
1860  |Info:    ------------------------------------------------------
1860  |Info:    |               Detecting HID devices                |
1860  |Info:    ------------------------------------------------------
1873  |Info:    [KLM] Created new Full 104 key ISO QWERTY with 6 rows and 21 columns containing 105 keys
1873  |Info:    [Razer Cynosa Chroma V2] Registering RGB controller
2261  |Info:    [G502 HERO Gaming Mouse] Registering RGB controller
2369  |Info:    [Corsair Commander Core] Registering RGB controller
2440  |Info:    [MSI MPG Z590 GAMING EDGE WIFI (MS-7D07)] Registering RGB controller
2450  |Info:    [Razer Goliathus] Registering RGB controller
2450  |Info:    ------------------------------------------------------
2450  |Info:    |            Detecting libusb HID devices            |
2450  |Info:    ------------------------------------------------------
