    OpenRGB v0.9
    Commit:  from 
    Launched: 20240404_160014
====================================================================================================

2     |Info:    Found file: Main.orp attempting to validate header
2     |Info:    Valid v4 profile found for Main
1014  |Info:    ------------------------------------------------------
1014  |Info:    |               Start device detection               |
1014  |Info:    ------------------------------------------------------
1014  |Info:    Initializing HID interfaces: Success
1018  |Info:    ------------------------------------------------------
1018  |Info:    |             Detecting I2C interfaces               |
1018  |Info:    ------------------------------------------------------
1018  |Info:    Registering I2C interface: /dev/i2c-3 Device 10DE:2482 Subsystem: 1043:880E
1018  |Info:    Registering I2C interface: /dev/i2c-1 Device 10DE:2482 Subsystem: 1043:880E
1018  |Info:    Registering I2C interface: /dev/i2c-6 Device 8086:43A3 Subsystem: 1462:7D07
1018  |Info:    Registering I2C interface: /dev/i2c-4 Device 10DE:2482 Subsystem: 1043:880E
1018  |Info:    Registering I2C interface: /dev/i2c-2 Device 10DE:2482 Subsystem: 1043:880E
1018  |Info:    Registering I2C interface: /dev/i2c-0 Device 10DE:2482 Subsystem: 1043:880E
1018  |Info:    Registering I2C interface: /dev/i2c-5 Device 10DE:2482 Subsystem: 1043:880E
1018  |Info:    ------------------------------------------------------
1018  |Info:    |               Detecting I2C devices                |
1018  |Info:    ------------------------------------------------------
1090  |Info:    [Corsair Vengeance Pro RGB] Registering RGB controller
1113  |Info:    [Corsair Vengeance Pro RGB] Registering RGB controller
1349  |Info:    ------------------------------------------------------
1349  |Info:    |               Detecting I2C PCI devices            |
1349  |Info:    ------------------------------------------------------
1680  |Info:    [ASUS ROG STRIX 3070Ti O8G GAMING] Registering RGB controller
1721  |Info:    ------------------------------------------------------
1721  |Info:    |               Detecting HID devices                |
1721  |Info:    ------------------------------------------------------
1853  |Info:    [Corsair Commander Core] Registering RGB controller
1926  |Info:    [MSI MPG Z590 GAMING EDGE WIFI (MS-7D07)] Registering RGB controller
2313  |Info:    [G502 HERO Gaming Mouse] Registering RGB controller
2323  |Info:    [Razer Goliathus] Registering RGB controller
2323  |Info:    ------------------------------------------------------
2323  |Info:    |            Detecting libusb HID devices            |
2323  |Info:    ------------------------------------------------------
2351  |Info:    [HyperX Quadcast S] Registering RGB controller
2351  |Info:    ------------------------------------------------------
2351  |Info:    |              Detecting other devices               |
2351  |Info:    ------------------------------------------------------
2355  |Info:    ------------------------------------------------------
2355  |Info:    |                Detection completed                 |
2355  |Info:    ------------------------------------------------------
4122  |Info:    Profile loading: Succeeded for Corsair Vengeance Pro RGB @ I2C: /dev/i2c-6, address 0x59
4122  |Info:    Profile loading: Succeeded for Corsair Vengeance Pro RGB @ I2C: /dev/i2c-6, address 0x5B
4122  |Info:    Profile loading: Succeeded for ASUS ROG STRIX 3070Ti O8G GAMING @ I2C: /dev/i2c-0, address 0x67
4122  |Info:    Profile loading: Succeeded for Corsair Commander Core @ HID: /dev/hidraw5
4122  |Info:    Profile loading: Succeeded for MSI MPG Z590 GAMING EDGE WIFI (MS-7D07) @ HID: /dev/hidraw0
4122  |Info:    Profile loading: Succeeded for G502 HERO Gaming Mouse @ HID: /dev/hidraw12 (Receiver) 
Wireless Index: 255
4122  |Info:    Profile loading: Succeeded for Razer Goliathus @ HID: /dev/hidraw8
4122  |Info:    Profile loading: FAILED! for HyperX Quadcast S @ 1-12.1:1.0
