    OpenRGB v0.9
    Commit:  from 
    Launched: 20240316_062307
====================================================================================================

0     |Info:    Found file: Main.orp attempting to validate header
0     |Info:    Valid v4 profile found for Main
1004  |Info:    ------------------------------------------------------
1004  |Info:    |               Start device detection               |
1004  |Info:    ------------------------------------------------------
1005  |Info:    Initializing HID interfaces: Success
1009  |Info:    ------------------------------------------------------
1009  |Info:    |             Detecting I2C interfaces               |
1009  |Info:    ------------------------------------------------------
1009  |Info:    Registering I2C interface: /dev/i2c-3 Device 10DE:2482 Subsystem: 1043:880E
1009  |Info:    Registering I2C interface: /dev/i2c-1 Device 10DE:2482 Subsystem: 1043:880E
1009  |Info:    Registering I2C interface: /dev/i2c-6 Device 10DE:2482 Subsystem: 1043:880E
1009  |Info:    Registering I2C interface: /dev/i2c-4 Device 10DE:2482 Subsystem: 1043:880E
1009  |Info:    Registering I2C interface: /dev/i2c-2 Device 10DE:2482 Subsystem: 1043:880E
1009  |Info:    Registering I2C interface: /dev/i2c-0 Device 8086:43A3 Subsystem: 1462:7D07
1009  |Info:    Registering I2C interface: /dev/i2c-5 Device 10DE:2482 Subsystem: 1043:880E
1009  |Info:    ------------------------------------------------------
1009  |Info:    |               Detecting I2C devices                |
1009  |Info:    ------------------------------------------------------
1081  |Info:    [Corsair Vengeance Pro RGB] Registering RGB controller
1104  |Info:    [Corsair Vengeance Pro RGB] Registering RGB controller
1353  |Info:    ------------------------------------------------------
1353  |Info:    |               Detecting I2C PCI devices            |
1353  |Info:    ------------------------------------------------------
1566  |Info:    [ASUS ROG STRIX 3070Ti O8G GAMING] Registering RGB controller
1729  |Info:    ------------------------------------------------------
1729  |Info:    |               Detecting HID devices                |
1729  |Info:    ------------------------------------------------------
1861  |Info:    [Corsair Commander Core] Registering RGB controller
1932  |Info:    [MSI MPG Z590 GAMING EDGE WIFI (MS-7D07)] Registering RGB controller
2319  |Info:    [G502 HERO Gaming Mouse] Registering RGB controller
2330  |Info:    [Razer Goliathus] Registering RGB controller
2330  |Info:    ------------------------------------------------------
2330  |Info:    |            Detecting libusb HID devices            |
2330  |Info:    ------------------------------------------------------
2349  |Info:    [HyperX Quadcast S] Registering RGB controller
2349  |Info:    ------------------------------------------------------
2349  |Info:    |              Detecting other devices               |
2349  |Info:    ------------------------------------------------------
2353  |Info:    ------------------------------------------------------
2353  |Info:    |                Detection completed                 |
2353  |Info:    ------------------------------------------------------
5495  |Info:    Profile loading: Succeeded for Corsair Vengeance Pro RGB @ I2C: /dev/i2c-0, address 0x59
5495  |Info:    Profile loading: Succeeded for Corsair Vengeance Pro RGB @ I2C: /dev/i2c-0, address 0x5B
5495  |Info:    Profile loading: Succeeded for ASUS ROG STRIX 3070Ti O8G GAMING @ I2C: /dev/i2c-1, address 0x67
5495  |Info:    Profile loading: Succeeded for Corsair Commander Core @ HID: /dev/hidraw5
5495  |Info:    Profile loading: Succeeded for MSI MPG Z590 GAMING EDGE WIFI (MS-7D07) @ HID: /dev/hidraw0
5495  |Info:    Profile loading: Succeeded for G502 HERO Gaming Mouse @ HID: /dev/hidraw7 (Receiver) 
Wireless Index: 255
5495  |Info:    Profile loading: Succeeded for Razer Goliathus @ HID: /dev/hidraw8
5495  |Info:    Profile loading: FAILED! for HyperX Quadcast S @ 1-12.1:1.0
8894  |Info:    Profile loading: Succeeded for Corsair Vengeance Pro RGB @ I2C: /dev/i2c-0, address 0x59
8894  |Info:    Profile loading: Succeeded for Corsair Vengeance Pro RGB @ I2C: /dev/i2c-0, address 0x5B
8894  |Info:    Profile loading: Succeeded for ASUS ROG STRIX 3070Ti O8G GAMING @ I2C: /dev/i2c-1, address 0x67
8894  |Info:    Profile loading: Succeeded for Corsair Commander Core @ HID: /dev/hidraw5
8894  |Info:    Profile loading: Succeeded for MSI MPG Z590 GAMING EDGE WIFI (MS-7D07) @ HID: /dev/hidraw0
8894  |Info:    Profile loading: Succeeded for G502 HERO Gaming Mouse @ HID: /dev/hidraw7 (Receiver) 
Wireless Index: 255
8894  |Info:    Profile loading: Succeeded for Razer Goliathus @ HID: /dev/hidraw8
8894  |Info:    Profile loading: FAILED! for HyperX Quadcast S @ 1-12.1:1.0
9258  |Info:    Profile loading: Succeeded for Corsair Vengeance Pro RGB @ I2C: /dev/i2c-0, address 0x59
9258  |Info:    Profile loading: Succeeded for Corsair Vengeance Pro RGB @ I2C: /dev/i2c-0, address 0x5B
9258  |Info:    Profile loading: Succeeded for ASUS ROG STRIX 3070Ti O8G GAMING @ I2C: /dev/i2c-1, address 0x67
9258  |Info:    Profile loading: Succeeded for Corsair Commander Core @ HID: /dev/hidraw5
9258  |Info:    Profile loading: Succeeded for MSI MPG Z590 GAMING EDGE WIFI (MS-7D07) @ HID: /dev/hidraw0
9258  |Info:    Profile loading: Succeeded for G502 HERO Gaming Mouse @ HID: /dev/hidraw7 (Receiver) 
Wireless Index: 255
9258  |Info:    Profile loading: Succeeded for Razer Goliathus @ HID: /dev/hidraw8
9258  |Info:    Profile loading: FAILED! for HyperX Quadcast S @ 1-12.1:1.0
9608  |Info:    Profile loading: Succeeded for Corsair Vengeance Pro RGB @ I2C: /dev/i2c-0, address 0x59
9608  |Info:    Profile loading: Succeeded for Corsair Vengeance Pro RGB @ I2C: /dev/i2c-0, address 0x5B
9608  |Info:    Profile loading: Succeeded for ASUS ROG STRIX 3070Ti O8G GAMING @ I2C: /dev/i2c-1, address 0x67
9608  |Info:    Profile loading: Succeeded for Corsair Commander Core @ HID: /dev/hidraw5
9608  |Info:    Profile loading: Succeeded for MSI MPG Z590 GAMING EDGE WIFI (MS-7D07) @ HID: /dev/hidraw0
9608  |Info:    Profile loading: Succeeded for G502 HERO Gaming Mouse @ HID: /dev/hidraw7 (Receiver) 
Wireless Index: 255
9608  |Info:    Profile loading: Succeeded for Razer Goliathus @ HID: /dev/hidraw8
9608  |Info:    Profile loading: FAILED! for HyperX Quadcast S @ 1-12.1:1.0
