    OpenRGB v0.9
    Commit:  from 
    Launched: 20240218_195242
====================================================================================================

0     |Info:    Found file: Main.orp attempting to validate header
0     |Info:    Valid v4 profile found for Main
1003  |Info:    ------------------------------------------------------
1003  |Info:    |               Start device detection               |
1003  |Info:    ------------------------------------------------------
1004  |Info:    Initializing HID interfaces: Success
1011  |Info:    ------------------------------------------------------
1011  |Info:    |             Detecting I2C interfaces               |
1011  |Info:    ------------------------------------------------------
1011  |Info:    Registering I2C interface: /dev/i2c-3 Device 10DE:2482 Subsystem: 1043:880E
1011  |Info:    Registering I2C interface: /dev/i2c-1 Device 10DE:2482 Subsystem: 1043:880E
1011  |Info:    Registering I2C interface: /dev/i2c-6 Device 10DE:2482 Subsystem: 1043:880E
1011  |Info:    Registering I2C interface: /dev/i2c-4 Device 10DE:2482 Subsystem: 1043:880E
1011  |Info:    Registering I2C interface: /dev/i2c-2 Device 10DE:2482 Subsystem: 1043:880E
1011  |Info:    Registering I2C interface: /dev/i2c-0 Device 8086:43A3 Subsystem: 1462:7D07
1011  |Info:    Registering I2C interface: /dev/i2c-5 Device 10DE:2482 Subsystem: 1043:880E
1011  |Info:    ------------------------------------------------------
1011  |Info:    |               Detecting I2C devices                |
1011  |Info:    ------------------------------------------------------
1246  |Info:    [Corsair Vengeance Pro RGB] Registering RGB controller
1269  |Info:    [Corsair Vengeance Pro RGB] Registering RGB controller
1362  |Info:    ------------------------------------------------------
1362  |Info:    |               Detecting I2C PCI devices            |
1362  |Info:    ------------------------------------------------------
1690  |Info:    [ASUS ROG STRIX 3070Ti O8G GAMING] Registering RGB controller
1859  |Info:    ------------------------------------------------------
1859  |Info:    |               Detecting HID devices                |
1859  |Info:    ------------------------------------------------------
1872  |Info:    [KLM] Created new Full 104 key ISO QWERTY with 6 rows and 21 columns containing 105 keys
1872  |Info:    [Razer Cynosa Chroma V2] Registering RGB controller
2029  |Info:    [Corsair Commander Core] Registering RGB controller
2101  |Info:    [MSI MPG Z590 GAMING EDGE WIFI (MS-7D07)] Registering RGB controller
2489  |Info:    [G502 HERO Gaming Mouse] Registering RGB controller
2499  |Info:    [Razer Goliathus] Registering RGB controller
2499  |Info:    ------------------------------------------------------
2499  |Info:    |            Detecting libusb HID devices            |
2499  |Info:    ------------------------------------------------------
2522  |Info:    [HyperX Quadcast S] Registering RGB controller
2522  |Info:    ------------------------------------------------------
2522  |Info:    |              Detecting other devices               |
2522  |Info:    ------------------------------------------------------
2526  |Info:    ------------------------------------------------------
2526  |Info:    |                Detection completed                 |
2526  |Info:    ------------------------------------------------------
3199  |Info:    Profile loading: Succeeded for Corsair Vengeance Pro RGB @ I2C: /dev/i2c-0, address 0x59
3199  |Info:    Profile loading: Succeeded for Corsair Vengeance Pro RGB @ I2C: /dev/i2c-0, address 0x5B
3199  |Info:    Profile loading: Succeeded for ASUS ROG STRIX 3070Ti O8G GAMING @ I2C: /dev/i2c-1, address 0x67
3199  |Info:    Profile loading: Succeeded for Razer Cynosa Chroma V2 @ HID: /dev/hidraw9
3199  |Info:    Profile loading: Succeeded for Corsair Commander Core @ HID: /dev/hidraw11
3199  |Info:    Profile loading: Succeeded for MSI MPG Z590 GAMING EDGE WIFI (MS-7D07) @ HID: /dev/hidraw0
3199  |Info:    Profile loading: Succeeded for G502 HERO Gaming Mouse @ HID: /dev/hidraw3 (Receiver) 
Wireless Index: 255
3199  |Info:    Profile loading: Succeeded for Razer Goliathus @ HID: /dev/hidraw4
3199  |Info:    Profile loading: FAILED! for HyperX Quadcast S @ 1-12.1:1.0
7810  |Info:    Profile loading: Succeeded for Corsair Vengeance Pro RGB @ I2C: /dev/i2c-0, address 0x59
7810  |Info:    Profile loading: Succeeded for Corsair Vengeance Pro RGB @ I2C: /dev/i2c-0, address 0x5B
7810  |Info:    Profile loading: Succeeded for ASUS ROG STRIX 3070Ti O8G GAMING @ I2C: /dev/i2c-1, address 0x67
7810  |Info:    Profile loading: Succeeded for Razer Cynosa Chroma V2 @ HID: /dev/hidraw9
7810  |Info:    Profile loading: Succeeded for Corsair Commander Core @ HID: /dev/hidraw11
7810  |Info:    Profile loading: Succeeded for MSI MPG Z590 GAMING EDGE WIFI (MS-7D07) @ HID: /dev/hidraw0
7810  |Info:    Profile loading: Succeeded for G502 HERO Gaming Mouse @ HID: /dev/hidraw3 (Receiver) 
Wireless Index: 255
7810  |Info:    Profile loading: Succeeded for Razer Goliathus @ HID: /dev/hidraw4
7810  |Info:    Profile loading: FAILED! for HyperX Quadcast S @ 1-12.1:1.0
55154 |Info:    Profile loading: Succeeded for Corsair Vengeance Pro RGB @ I2C: /dev/i2c-0, address 0x59
55154 |Info:    Profile loading: Succeeded for Corsair Vengeance Pro RGB @ I2C: /dev/i2c-0, address 0x5B
55154 |Info:    Profile loading: Succeeded for ASUS ROG STRIX 3070Ti O8G GAMING @ I2C: /dev/i2c-1, address 0x67
55154 |Info:    Profile loading: Succeeded for Razer Cynosa Chroma V2 @ HID: /dev/hidraw9
55154 |Info:    Profile loading: Succeeded for Corsair Commander Core @ HID: /dev/hidraw11
55154 |Info:    Profile loading: Succeeded for MSI MPG Z590 GAMING EDGE WIFI (MS-7D07) @ HID: /dev/hidraw0
55154 |Info:    Profile loading: Succeeded for G502 HERO Gaming Mouse @ HID: /dev/hidraw3 (Receiver) 
Wireless Index: 255
55154 |Info:    Profile loading: Succeeded for Razer Goliathus @ HID: /dev/hidraw4
55154 |Info:    Profile loading: FAILED! for HyperX Quadcast S @ 1-12.1:1.0
67908 |Info:    Profile loading: Succeeded for Corsair Vengeance Pro RGB @ I2C: /dev/i2c-0, address 0x59
67908 |Info:    Profile loading: Succeeded for Corsair Vengeance Pro RGB @ I2C: /dev/i2c-0, address 0x5B
67908 |Info:    Profile loading: Succeeded for ASUS ROG STRIX 3070Ti O8G GAMING @ I2C: /dev/i2c-1, address 0x67
67908 |Info:    Profile loading: Succeeded for Razer Cynosa Chroma V2 @ HID: /dev/hidraw9
67908 |Info:    Profile loading: Succeeded for Corsair Commander Core @ HID: /dev/hidraw11
67908 |Info:    Profile loading: Succeeded for MSI MPG Z590 GAMING EDGE WIFI (MS-7D07) @ HID: /dev/hidraw0
67908 |Info:    Profile loading: Succeeded for G502 HERO Gaming Mouse @ HID: /dev/hidraw3 (Receiver) 
Wireless Index: 255
67908 |Info:    Profile loading: Succeeded for Razer Goliathus @ HID: /dev/hidraw4
67908 |Info:    Profile loading: FAILED! for HyperX Quadcast S @ 1-12.1:1.0
68408 |Info:    Profile loading: Succeeded for Corsair Vengeance Pro RGB @ I2C: /dev/i2c-0, address 0x59
68409 |Info:    Profile loading: Succeeded for Corsair Vengeance Pro RGB @ I2C: /dev/i2c-0, address 0x5B
68409 |Info:    Profile loading: Succeeded for ASUS ROG STRIX 3070Ti O8G GAMING @ I2C: /dev/i2c-1, address 0x67
68409 |Info:    Profile loading: Succeeded for Razer Cynosa Chroma V2 @ HID: /dev/hidraw9
68409 |Info:    Profile loading: Succeeded for Corsair Commander Core @ HID: /dev/hidraw11
68409 |Info:    Profile loading: Succeeded for MSI MPG Z590 GAMING EDGE WIFI (MS-7D07) @ HID: /dev/hidraw0
68409 |Info:    Profile loading: Succeeded for G502 HERO Gaming Mouse @ HID: /dev/hidraw3 (Receiver) 
Wireless Index: 255
68409 |Info:    Profile loading: Succeeded for Razer Goliathus @ HID: /dev/hidraw4
68409 |Info:    Profile loading: FAILED! for HyperX Quadcast S @ 1-12.1:1.0
