    OpenRGB v0.9
    Commit:  from 
    Launched: 20240313_023050
====================================================================================================

0     |Info:    Found file: Main.orp attempting to validate header
0     |Info:    Valid v4 profile found for Main
1006  |Info:    ------------------------------------------------------
1006  |Info:    |               Start device detection               |
1006  |Info:    ------------------------------------------------------
1006  |Info:    Initializing HID interfaces: Success
1016  |Info:    ------------------------------------------------------
1016  |Info:    |             Detecting I2C interfaces               |
1016  |Info:    ------------------------------------------------------
1018  |Info:    Registering I2C interface: /dev/i2c-0 Device 8086:43A3 Subsystem: 1462:7D07
1018  |Info:    ------------------------------------------------------
1018  |Info:    |               Detecting I2C devices                |
1018  |Info:    ------------------------------------------------------
1091  |Info:    [Corsair Vengeance Pro RGB] Registering RGB controller
1114  |Info:    [Corsair Vengeance Pro RGB] Registering RGB controller
1363  |Info:    ------------------------------------------------------
1363  |Info:    |               Detecting I2C PCI devices            |
1363  |Info:    ------------------------------------------------------
1364  |Info:    ------------------------------------------------------
1364  |Info:    |               Detecting HID devices                |
1364  |Info:    ------------------------------------------------------
1472  |Info:    [Corsair Commander Core] Registering RGB controller
1545  |Info:    [MSI MPG Z590 GAMING EDGE WIFI (MS-7D07)] Registering RGB controller
1933  |Info:    [G502 HERO Gaming Mouse] Registering RGB controller
1943  |Info:    [Razer Goliathus] Registering RGB controller
1943  |Info:    ------------------------------------------------------
1943  |Info:    |            Detecting libusb HID devices            |
1943  |Info:    ------------------------------------------------------
1958  |Info:    [HyperX Quadcast S] Registering RGB controller
1958  |Info:    ------------------------------------------------------
1958  |Info:    |              Detecting other devices               |
1958  |Info:    ------------------------------------------------------
1963  |Info:    ------------------------------------------------------
1963  |Info:    |                Detection completed                 |
1963  |Info:    ------------------------------------------------------
3815  |Info:    Profile loading: Succeeded for Corsair Vengeance Pro RGB @ I2C: /dev/i2c-0, address 0x59
3815  |Info:    Profile loading: Succeeded for Corsair Vengeance Pro RGB @ I2C: /dev/i2c-0, address 0x5B
3815  |Info:    Profile loading: Succeeded for Corsair Commander Core @ HID: /dev/hidraw12
3815  |Info:    Profile loading: Succeeded for MSI MPG Z590 GAMING EDGE WIFI (MS-7D07) @ HID: /dev/hidraw0
3815  |Info:    Profile loading: Succeeded for G502 HERO Gaming Mouse @ HID: /dev/hidraw3 (Receiver) 
Wireless Index: 255
3815  |Info:    Profile loading: Succeeded for Razer Goliathus @ HID: /dev/hidraw6
3815  |Info:    Profile loading: FAILED! for HyperX Quadcast S @ 1-12.1:1.0
