    OpenRGB v0.9
    Commit:  from 
    Launched: 20240326_092818
====================================================================================================

0     |Info:    Found file: Main.orp attempting to validate header
0     |Info:    Valid v4 profile found for Main
1006  |Info:    ------------------------------------------------------
1006  |Info:    |               Start device detection               |
1006  |Info:    ------------------------------------------------------
1007  |Info:    Initializing HID interfaces: Success
1016  |Info:    ------------------------------------------------------
1016  |Info:    |             Detecting I2C interfaces               |
1016  |Info:    ------------------------------------------------------
1017  |Info:    Registering I2C interface: /dev/i2c-3 Device 10DE:2482 Subsystem: 1043:880E
1019  |Info:    Registering I2C interface: /dev/i2c-1 Device 10DE:2482 Subsystem: 1043:880E
1019  |Info:    Registering I2C interface: /dev/i2c-6 Device 10DE:2482 Subsystem: 1043:880E
1019  |Info:    Registering I2C interface: /dev/i2c-4 Device 10DE:2482 Subsystem: 1043:880E
1019  |Info:    Registering I2C interface: /dev/i2c-2 Device 10DE:2482 Subsystem: 1043:880E
1019  |Info:    Registering I2C interface: /dev/i2c-0 Device 8086:43A3 Subsystem: 1462:7D07
1019  |Info:    Registering I2C interface: /dev/i2c-5 Device 10DE:2482 Subsystem: 1043:880E
1019  |Info:    ------------------------------------------------------
1019  |Info:    |               Detecting I2C devices                |
1019  |Info:    ------------------------------------------------------
1091  |Info:    [Corsair Vengeance Pro RGB] Registering RGB controller
1113  |Info:    [Corsair Vengeance Pro RGB] Registering RGB controller
1350  |Info:    ------------------------------------------------------
1350  |Info:    |               Detecting I2C PCI devices            |
1350  |Info:    ------------------------------------------------------
1559  |Info:    [ASUS ROG STRIX 3070Ti O8G GAMING] Registering RGB controller
1722  |Info:    ------------------------------------------------------
1722  |Info:    |               Detecting HID devices                |
1722  |Info:    ------------------------------------------------------
1830  |Info:    [Corsair Commander Core] Registering RGB controller
1903  |Info:    [MSI MPG Z590 GAMING EDGE WIFI (MS-7D07)] Registering RGB controller
2290  |Info:    [G502 HERO Gaming Mouse] Registering RGB controller
2301  |Info:    [Razer Goliathus] Registering RGB controller
2301  |Info:    ------------------------------------------------------
2301  |Info:    |            Detecting libusb HID devices            |
2301  |Info:    ------------------------------------------------------
2314  |Info:    [HyperX Quadcast S] Registering RGB controller
2314  |Info:    ------------------------------------------------------
2314  |Info:    |              Detecting other devices               |
2314  |Info:    ------------------------------------------------------
2319  |Info:    ------------------------------------------------------
2319  |Info:    |                Detection completed                 |
2319  |Info:    ------------------------------------------------------
3867  |Info:    Profile loading: Succeeded for Corsair Vengeance Pro RGB @ I2C: /dev/i2c-0, address 0x59
3867  |Info:    Profile loading: Succeeded for Corsair Vengeance Pro RGB @ I2C: /dev/i2c-0, address 0x5B
3867  |Info:    Profile loading: Succeeded for ASUS ROG STRIX 3070Ti O8G GAMING @ I2C: /dev/i2c-1, address 0x67
3867  |Info:    Profile loading: Succeeded for Corsair Commander Core @ HID: /dev/hidraw5
3867  |Info:    Profile loading: Succeeded for MSI MPG Z590 GAMING EDGE WIFI (MS-7D07) @ HID: /dev/hidraw0
3867  |Info:    Profile loading: Succeeded for G502 HERO Gaming Mouse @ HID: /dev/hidraw3 (Receiver) 
Wireless Index: 255
3867  |Info:    Profile loading: Succeeded for Razer Goliathus @ HID: /dev/hidraw8
3867  |Info:    Profile loading: FAILED! for HyperX Quadcast S @ 1-12.1:1.0
26651 |Info:    Profile loading: Succeeded for Corsair Vengeance Pro RGB @ I2C: /dev/i2c-0, address 0x59
26651 |Info:    Profile loading: Succeeded for Corsair Vengeance Pro RGB @ I2C: /dev/i2c-0, address 0x5B
26651 |Info:    Profile loading: Succeeded for ASUS ROG STRIX 3070Ti O8G GAMING @ I2C: /dev/i2c-1, address 0x67
26651 |Info:    Profile loading: Succeeded for Corsair Commander Core @ HID: /dev/hidraw5
26651 |Info:    Profile loading: Succeeded for MSI MPG Z590 GAMING EDGE WIFI (MS-7D07) @ HID: /dev/hidraw0
26651 |Info:    Profile loading: Succeeded for G502 HERO Gaming Mouse @ HID: /dev/hidraw3 (Receiver) 
Wireless Index: 255
26651 |Info:    Profile loading: Succeeded for Razer Goliathus @ HID: /dev/hidraw8
26651 |Info:    Profile loading: FAILED! for HyperX Quadcast S @ 1-12.1:1.0
