    OpenRGB v0.9
    Commit:  from 
    Launched: 20240422_223926
====================================================================================================

0     |Info:    Found file: Main.orp attempting to validate header
0     |Info:    Valid v4 profile found for Main
1005  |Info:    ------------------------------------------------------
1005  |Info:    |               Start device detection               |
1005  |Info:    ------------------------------------------------------
1005  |Info:    Initializing HID interfaces: Success
1014  |Info:    ------------------------------------------------------
1014  |Info:    |             Detecting I2C interfaces               |
1014  |Info:    ------------------------------------------------------
1018  |Info:    Registering I2C interface: /dev/i2c-3 Device 10DE:2482 Subsystem: 1043:880E
1018  |Info:    Registering I2C interface: /dev/i2c-1 Device 10DE:2482 Subsystem: 1043:880E
1018  |Info:    Registering I2C interface: /dev/i2c-6 Device 10DE:2482 Subsystem: 1043:880E
1018  |Info:    Registering I2C interface: /dev/i2c-4 Device 10DE:2482 Subsystem: 1043:880E
1018  |Info:    Registering I2C interface: /dev/i2c-2 Device 10DE:2482 Subsystem: 1043:880E
1018  |Info:    Registering I2C interface: /dev/i2c-0 Device 8086:43A3 Subsystem: 1462:7D07
1018  |Info:    Registering I2C interface: /dev/i2c-5 Device 10DE:2482 Subsystem: 1043:880E
1018  |Info:    ------------------------------------------------------
1018  |Info:    |               Detecting I2C devices                |
1018  |Info:    ------------------------------------------------------
1091  |Info:    [Corsair Vengeance Pro RGB] Registering RGB controller
1113  |Info:    [Corsair Vengeance Pro RGB] Registering RGB controller
1351  |Info:    ------------------------------------------------------
1351  |Info:    |               Detecting I2C PCI devices            |
1351  |Info:    ------------------------------------------------------
1564  |Info:    [ASUS ROG STRIX 3070Ti O8G GAMING] Registering RGB controller
1726  |Info:    ------------------------------------------------------
1726  |Info:    |               Detecting HID devices                |
1726  |Info:    ------------------------------------------------------
1859  |Info:    [Corsair Commander Core] Registering RGB controller
1930  |Info:    [MSI MPG Z590 GAMING EDGE WIFI (MS-7D07)] Registering RGB controller
2318  |Info:    [G502 HERO Gaming Mouse] Registering RGB controller
2328  |Info:    [Razer Goliathus] Registering RGB controller
2329  |Info:    ------------------------------------------------------
2329  |Info:    |            Detecting libusb HID devices            |
2329  |Info:    ------------------------------------------------------
2348  |Info:    [HyperX Quadcast S] Registering RGB controller
2348  |Info:    ------------------------------------------------------
2348  |Info:    |              Detecting other devices               |
2348  |Info:    ------------------------------------------------------
2353  |Info:    ------------------------------------------------------
2353  |Info:    |                Detection completed                 |
2353  |Info:    ------------------------------------------------------
3713  |Info:    Profile loading: Succeeded for Corsair Vengeance Pro RGB @ I2C: /dev/i2c-0, address 0x59
3713  |Info:    Profile loading: Succeeded for Corsair Vengeance Pro RGB @ I2C: /dev/i2c-0, address 0x5B
3713  |Info:    Profile loading: Succeeded for ASUS ROG STRIX 3070Ti O8G GAMING @ I2C: /dev/i2c-1, address 0x67
3713  |Info:    Profile loading: Succeeded for Corsair Commander Core @ HID: /dev/hidraw5
3713  |Info:    Profile loading: Succeeded for MSI MPG Z590 GAMING EDGE WIFI (MS-7D07) @ HID: /dev/hidraw0
3713  |Info:    Profile loading: Succeeded for G502 HERO Gaming Mouse @ HID: /dev/hidraw12 (Receiver) 
Wireless Index: 255
3713  |Info:    Profile loading: Succeeded for Razer Goliathus @ HID: /dev/hidraw8
3713  |Info:    Profile loading: FAILED! for HyperX Quadcast S @ 1-12.1:1.0
