    OpenRGB v0.9
    Commit:  from 
    Launched: 20240304_234951
====================================================================================================

0     |Info:    Found file: Main.orp attempting to validate header
0     |Info:    Valid v4 profile found for Main
1005  |Info:    ------------------------------------------------------
1005  |Info:    |               Start device detection               |
1005  |Info:    ------------------------------------------------------
1005  |Info:    Initializing HID interfaces: Success
1009  |Info:    ------------------------------------------------------
1009  |Info:    |             Detecting I2C interfaces               |
1009  |Info:    ------------------------------------------------------
1009  |Info:    Registering I2C interface: /dev/i2c-0 Device 8086:43A3 Subsystem: 1462:7D07
1009  |Info:    ------------------------------------------------------
1009  |Info:    |               Detecting I2C devices                |
1009  |Info:    ------------------------------------------------------
1081  |Info:    [Corsair Vengeance Pro RGB] Registering RGB controller
1103  |Info:    [Corsair Vengeance Pro RGB] Registering RGB controller
1352  |Info:    ------------------------------------------------------
1352  |Info:    |               Detecting I2C PCI devices            |
1352  |Info:    ------------------------------------------------------
1353  |Info:    ------------------------------------------------------
1353  |Info:    |               Detecting HID devices                |
1353  |Info:    ------------------------------------------------------
1366  |Info:    [KLM] Created new Full 104 key ISO QWERTY with 6 rows and 21 columns containing 105 keys
1366  |Info:    [Razer Cynosa Chroma V2] Registering RGB controller
1473  |Info:    [Corsair Commander Core] Registering RGB controller
1545  |Info:    [MSI MPG Z590 GAMING EDGE WIFI (MS-7D07)] Registering RGB controller
1933  |Info:    [G502 HERO Gaming Mouse] Registering RGB controller
1943  |Info:    [Razer Goliathus] Registering RGB controller
1943  |Info:    ------------------------------------------------------
1943  |Info:    |            Detecting libusb HID devices            |
1943  |Info:    ------------------------------------------------------
1958  |Info:    [HyperX Quadcast S] Registering RGB controller
1958  |Info:    ------------------------------------------------------
1958  |Info:    |              Detecting other devices               |
1958  |Info:    ------------------------------------------------------
1962  |Info:    ------------------------------------------------------
1962  |Info:    |                Detection completed                 |
1962  |Info:    ------------------------------------------------------
