    OpenRGB v0.9
    Commit:  from 
    Launched: 20240128_162208
====================================================================================================

7     |Info:    Found file: Main.orp attempting to validate header
7     |Info:    Valid v4 profile found for Main
1008  |Info:    ------------------------------------------------------
1008  |Info:    |               Start device detection               |
1008  |Info:    ------------------------------------------------------
1008  |Info:    Initializing HID interfaces: Success
1012  |Info:    ------------------------------------------------------
1012  |Info:    |             Detecting I2C interfaces               |
1012  |Info:    ------------------------------------------------------
1012  |Info:    Registering I2C interface: /dev/i2c-3 Device 10DE:2482 Subsystem: 1043:880E
1012  |Info:    Registering I2C interface: /dev/i2c-1 Device 10DE:2482 Subsystem: 1043:880E
1012  |Info:    Registering I2C interface: /dev/i2c-6 Device 10DE:2482 Subsystem: 1043:880E
1012  |Info:    Registering I2C interface: /dev/i2c-4 Device 10DE:2482 Subsystem: 1043:880E
1012  |Info:    Registering I2C interface: /dev/i2c-2 Device 10DE:2482 Subsystem: 1043:880E
1012  |Info:    Registering I2C interface: /dev/i2c-0 Device 8086:43A3 Subsystem: 1462:7D07
1012  |Info:    Registering I2C interface: /dev/i2c-5 Device 10DE:2482 Subsystem: 1043:880E
1012  |Info:    ------------------------------------------------------
1012  |Info:    |               Detecting I2C devices                |
1012  |Info:    ------------------------------------------------------
1241  |Info:    [Corsair Vengeance Pro RGB] Registering RGB controller
1263  |Info:    [Corsair Vengeance Pro RGB] Registering RGB controller
1353  |Info:    ------------------------------------------------------
1353  |Info:    |               Detecting I2C PCI devices            |
1353  |Info:    ------------------------------------------------------
1565  |Info:    [ASUS ROG STRIX 3070Ti O8G GAMING] Registering RGB controller
1729  |Info:    ------------------------------------------------------
1729  |Info:    |               Detecting HID devices                |
1729  |Info:    ------------------------------------------------------
1741  |Info:    [KLM] Created new Full 104 key ISO QWERTY with 6 rows and 21 columns containing 105 keys
1741  |Info:    [Razer Cynosa Chroma V2] Registering RGB controller
2129  |Info:    [G502 HERO Gaming Mouse] Registering RGB controller
2180  |Info:    [Corsair Commander Core] Registering RGB controller
2196  |Info:    [MSI MPG Z590 GAMING EDGE WIFI (MS-7D07)] Registering RGB controller
2206  |Info:    [Razer Goliathus] Registering RGB controller
2206  |Info:    ------------------------------------------------------
2206  |Info:    |            Detecting libusb HID devices            |
2206  |Info:    ------------------------------------------------------
