    OpenRGB v0.9
    Commit:  from 
    Launched: 20240313_024546
====================================================================================================

1     |Info:    Found file: Main.orp attempting to validate header
1     |Info:    Valid v4 profile found for Main
1005  |Info:    ------------------------------------------------------
1005  |Info:    |               Start device detection               |
1005  |Info:    ------------------------------------------------------
1005  |Info:    Initializing HID interfaces: Success
1010  |Info:    ------------------------------------------------------
1010  |Info:    |             Detecting I2C interfaces               |
1010  |Info:    ------------------------------------------------------
1010  |Info:    Registering I2C interface: /dev/i2c-0 Device 8086:43A3 Subsystem: 1462:7D07
1010  |Info:    ------------------------------------------------------
1010  |Info:    |               Detecting I2C devices                |
1010  |Info:    ------------------------------------------------------
1083  |Info:    [Corsair Vengeance Pro RGB] Registering RGB controller
1105  |Info:    [Corsair Vengeance Pro RGB] Registering RGB controller
1354  |Info:    ------------------------------------------------------
1354  |Info:    |               Detecting I2C PCI devices            |
1354  |Info:    ------------------------------------------------------
1355  |Info:    ------------------------------------------------------
1355  |Info:    |               Detecting HID devices                |
1355  |Info:    ------------------------------------------------------
1491  |Info:    [Corsair Commander Core] Registering RGB controller
1564  |Info:    [MSI MPG Z590 GAMING EDGE WIFI (MS-7D07)] Registering RGB controller
1951  |Info:    [G502 HERO Gaming Mouse] Registering RGB controller
1962  |Info:    [Razer Goliathus] Registering RGB controller
1962  |Info:    ------------------------------------------------------
1962  |Info:    |            Detecting libusb HID devices            |
1962  |Info:    ------------------------------------------------------
1976  |Info:    [HyperX Quadcast S] Registering RGB controller
1976  |Info:    ------------------------------------------------------
1976  |Info:    |              Detecting other devices               |
1976  |Info:    ------------------------------------------------------
1982  |Info:    ------------------------------------------------------
1982  |Info:    |                Detection completed                 |
1982  |Info:    ------------------------------------------------------
29749 |Info:    Profile loading: Succeeded for Corsair Vengeance Pro RGB @ I2C: /dev/i2c-0, address 0x59
29749 |Info:    Profile loading: Succeeded for Corsair Vengeance Pro RGB @ I2C: /dev/i2c-0, address 0x5B
29749 |Info:    Profile loading: Succeeded for Corsair Commander Core @ HID: /dev/hidraw5
29749 |Info:    Profile loading: Succeeded for MSI MPG Z590 GAMING EDGE WIFI (MS-7D07) @ HID: /dev/hidraw0
29749 |Info:    Profile loading: Succeeded for G502 HERO Gaming Mouse @ HID: /dev/hidraw3 (Receiver) 
Wireless Index: 255
29749 |Info:    Profile loading: Succeeded for Razer Goliathus @ HID: /dev/hidraw8
29749 |Info:    Profile loading: FAILED! for HyperX Quadcast S @ 1-12.1:1.0
