    OpenRGB v0.9
    Commit:  from 
    Launched: 20240203_212400
====================================================================================================

0     |Info:    Found file: Main.orp attempting to validate header
0     |Info:    Valid v4 profile found for Main
1003  |Info:    ------------------------------------------------------
1003  |Info:    |               Start device detection               |
1003  |Info:    ------------------------------------------------------
1004  |Info:    Initializing HID interfaces: Success
1012  |Info:    ------------------------------------------------------
1012  |Info:    |             Detecting I2C interfaces               |
1012  |Info:    ------------------------------------------------------
1012  |Info:    Registering I2C interface: /dev/i2c-3 Device 10DE:2482 Subsystem: 1043:880E
1012  |Info:    Registering I2C interface: /dev/i2c-1 Device 10DE:2482 Subsystem: 1043:880E
1012  |Info:    Registering I2C interface: /dev/i2c-6 Device 10DE:2482 Subsystem: 1043:880E
1012  |Info:    Registering I2C interface: /dev/i2c-4 Device 10DE:2482 Subsystem: 1043:880E
1012  |Info:    Registering I2C interface: /dev/i2c-2 Device 10DE:2482 Subsystem: 1043:880E
1012  |Info:    Registering I2C interface: /dev/i2c-0 Device 8086:43A3 Subsystem: 1462:7D07
1012  |Info:    Registering I2C interface: /dev/i2c-5 Device 10DE:2482 Subsystem: 1043:880E
1012  |Info:    ------------------------------------------------------
1012  |Info:    |               Detecting I2C devices                |
1012  |Info:    ------------------------------------------------------
1247  |Info:    [Corsair Vengeance Pro RGB] Registering RGB controller
1270  |Info:    [Corsair Vengeance Pro RGB] Registering RGB controller
1363  |Info:    ------------------------------------------------------
1363  |Info:    |               Detecting I2C PCI devices            |
1363  |Info:    ------------------------------------------------------
1682  |Info:    [ASUS ROG STRIX 3070Ti O8G GAMING] Registering RGB controller
1850  |Info:    ------------------------------------------------------
1850  |Info:    |               Detecting HID devices                |
1850  |Info:    ------------------------------------------------------
1863  |Info:    [KLM] Created new Full 104 key ISO QWERTY with 6 rows and 21 columns containing 105 keys
1863  |Info:    [Razer Cynosa Chroma V2] Registering RGB controller
2251  |Info:    [G502 HERO Gaming Mouse] Registering RGB controller
2413  |Info:    [Corsair Commander Core] Registering RGB controller
2488  |Info:    [MSI MPG Z590 GAMING EDGE WIFI (MS-7D07)] Registering RGB controller
2498  |Info:    [Razer Goliathus] Registering RGB controller
2498  |Info:    ------------------------------------------------------
2498  |Info:    |            Detecting libusb HID devices            |
2498  |Info:    ------------------------------------------------------
