    OpenRGB v0.9
    Commit:  from 
    Launched: 20240702_001459
====================================================================================================

0     |Info:    Found file: Main.orp attempting to validate header
0     |Info:    Valid v4 profile found for Main
1001  |Info:    ------------------------------------------------------
1001  |Info:    |               Start device detection               |
1001  |Info:    ------------------------------------------------------
1001  |Info:    Initializing HID interfaces: Success
1006  |Info:    ------------------------------------------------------
1006  |Info:    |             Detecting I2C interfaces               |
1006  |Info:    ------------------------------------------------------
1006  |Info:    Registering I2C interface: /dev/i2c-3 Device 10DE:2482 Subsystem: 1043:880E
1006  |Info:    Registering I2C interface: /dev/i2c-1 Device 10DE:2482 Subsystem: 1043:880E
1006  |Info:    Registering I2C interface: /dev/i2c-6 Device 8086:43A3 Subsystem: 1462:7D07
1006  |Info:    Registering I2C interface: /dev/i2c-4 Device 10DE:2482 Subsystem: 1043:880E
1006  |Info:    Registering I2C interface: /dev/i2c-2 Device 10DE:2482 Subsystem: 1043:880E
1006  |Info:    Registering I2C interface: /dev/i2c-0 Device 10DE:2482 Subsystem: 1043:880E
1006  |Info:    Registering I2C interface: /dev/i2c-5 Device 10DE:2482 Subsystem: 1043:880E
1006  |Info:    ------------------------------------------------------
1006  |Info:    |               Detecting I2C devices                |
1006  |Info:    ------------------------------------------------------
1078  |Info:    [Corsair Vengeance Pro RGB] Registering RGB controller
1100  |Info:    [Corsair Vengeance Pro RGB] Registering RGB controller
1336  |Info:    ------------------------------------------------------
1336  |Info:    |               Detecting I2C PCI devices            |
1336  |Info:    ------------------------------------------------------
1720  |Info:    [ASUS ROG STRIX 3070Ti O8G GAMING] Registering RGB controller
1761  |Info:    ------------------------------------------------------
1761  |Info:    |               Detecting HID devices                |
1761  |Info:    ------------------------------------------------------
1771  |Info:    [Razer Goliathus] Registering RGB controller
1878  |Info:    [Corsair Commander Core] Registering RGB controller
1948  |Info:    [MSI MPG Z590 GAMING EDGE WIFI (MS-7D07)] Registering RGB controller
2336  |Info:    [G502 HERO Gaming Mouse] Registering RGB controller
2336  |Info:    ------------------------------------------------------
2336  |Info:    |            Detecting libusb HID devices            |
2336  |Info:    ------------------------------------------------------
2350  |Info:    [HyperX Quadcast S] Registering RGB controller
2350  |Info:    ------------------------------------------------------
2350  |Info:    |              Detecting other devices               |
2350  |Info:    ------------------------------------------------------
2354  |Info:    ------------------------------------------------------
2354  |Info:    |                Detection completed                 |
2354  |Info:    ------------------------------------------------------
