    OpenRGB v0.9
    Commit:  from 
    Launched: 20240421_110052
====================================================================================================

0     |Info:    Found file: Main.orp attempting to validate header
0     |Info:    Valid v4 profile found for Main
1006  |Info:    ------------------------------------------------------
1006  |Info:    |               Start device detection               |
1006  |Info:    ------------------------------------------------------
1007  |Info:    Initializing HID interfaces: Success
1017  |Info:    ------------------------------------------------------
1017  |Info:    |             Detecting I2C interfaces               |
1017  |Info:    ------------------------------------------------------
1017  |Info:    Registering I2C interface: /dev/i2c-3 Device 10DE:2482 Subsystem: 1043:880E
1017  |Info:    Registering I2C interface: /dev/i2c-1 Device 10DE:2482 Subsystem: 1043:880E
1017  |Info:    Registering I2C interface: /dev/i2c-6 Device 10DE:2482 Subsystem: 1043:880E
1019  |Info:    Registering I2C interface: /dev/i2c-4 Device 10DE:2482 Subsystem: 1043:880E
1019  |Info:    Registering I2C interface: /dev/i2c-2 Device 10DE:2482 Subsystem: 1043:880E
1019  |Info:    Registering I2C interface: /dev/i2c-0 Device 8086:43A3 Subsystem: 1462:7D07
1019  |Info:    Registering I2C interface: /dev/i2c-5 Device 10DE:2482 Subsystem: 1043:880E
1019  |Info:    ------------------------------------------------------
1019  |Info:    |               Detecting I2C devices                |
1019  |Info:    ------------------------------------------------------
1091  |Info:    [Corsair Vengeance Pro RGB] Registering RGB controller
1113  |Info:    [Corsair Vengeance Pro RGB] Registering RGB controller
1351  |Info:    ------------------------------------------------------
1351  |Info:    |               Detecting I2C PCI devices            |
1351  |Info:    ------------------------------------------------------
1561  |Info:    [ASUS ROG STRIX 3070Ti O8G GAMING] Registering RGB controller
1724  |Info:    ------------------------------------------------------
1724  |Info:    |               Detecting HID devices                |
1724  |Info:    ------------------------------------------------------
1862  |Info:    [Corsair Commander Core] Registering RGB controller
1875  |Info:    [MSI MPG Z590 GAMING EDGE WIFI (MS-7D07)] Registering RGB controller
2263  |Info:    [G502 HERO Gaming Mouse] Registering RGB controller
2274  |Info:    [Razer Goliathus] Registering RGB controller
2274  |Info:    ------------------------------------------------------
2274  |Info:    |            Detecting libusb HID devices            |
2274  |Info:    ------------------------------------------------------
2287  |Info:    [HyperX Quadcast S] Registering RGB controller
2287  |Info:    ------------------------------------------------------
2287  |Info:    |              Detecting other devices               |
2287  |Info:    ------------------------------------------------------
2291  |Info:    ------------------------------------------------------
2291  |Info:    |                Detection completed                 |
2291  |Info:    ------------------------------------------------------
11724 |Info:    Profile loading: Succeeded for Corsair Vengeance Pro RGB @ I2C: /dev/i2c-0, address 0x59
11725 |Info:    Profile loading: Succeeded for Corsair Vengeance Pro RGB @ I2C: /dev/i2c-0, address 0x5B
11725 |Info:    Profile loading: Succeeded for ASUS ROG STRIX 3070Ti O8G GAMING @ I2C: /dev/i2c-1, address 0x67
11725 |Info:    Profile loading: Succeeded for Corsair Commander Core @ HID: /dev/hidraw5
11725 |Info:    Profile loading: Succeeded for MSI MPG Z590 GAMING EDGE WIFI (MS-7D07) @ HID: /dev/hidraw0
11725 |Info:    Profile loading: Succeeded for G502 HERO Gaming Mouse @ HID: /dev/hidraw3 (Receiver) 
Wireless Index: 255
11725 |Info:    Profile loading: Succeeded for Razer Goliathus @ HID: /dev/hidraw8
11725 |Info:    Profile loading: FAILED! for HyperX Quadcast S @ 1-12.1:1.0
