    OpenRGB v0.9
    Commit:  from 
    Launched: 20240202_230757
====================================================================================================

0     |Info:    Found file: Main.orp attempting to validate header
0     |Info:    Valid v4 profile found for Main
1003  |Info:    ------------------------------------------------------
1003  |Info:    |               Start device detection               |
1003  |Info:    ------------------------------------------------------
1003  |Info:    Initializing HID interfaces: Success
1023  |Info:    ------------------------------------------------------
1023  |Info:    |             Detecting I2C interfaces               |
1023  |Info:    ------------------------------------------------------
1023  |Info:    Registering I2C interface: /dev/i2c-3 Device 10DE:2482 Subsystem: 1043:880E
1023  |Info:    Registering I2C interface: /dev/i2c-1 Device 10DE:2482 Subsystem: 1043:880E
1023  |Info:    Registering I2C interface: /dev/i2c-6 Device 10DE:2482 Subsystem: 1043:880E
1023  |Info:    Registering I2C interface: /dev/i2c-4 Device 10DE:2482 Subsystem: 1043:880E
1024  |Info:    Registering I2C interface: /dev/i2c-2 Device 10DE:2482 Subsystem: 1043:880E
1024  |Info:    Registering I2C interface: /dev/i2c-0 Device 8086:43A3 Subsystem: 1462:7D07
1024  |Info:    Registering I2C interface: /dev/i2c-5 Device 10DE:2482 Subsystem: 1043:880E
1024  |Info:    ------------------------------------------------------
1024  |Info:    |               Detecting I2C devices                |
1024  |Info:    ------------------------------------------------------
1268  |Info:    [Corsair Vengeance Pro RGB] Registering RGB controller
1291  |Info:    [Corsair Vengeance Pro RGB] Registering RGB controller
1390  |Info:    ------------------------------------------------------
1390  |Info:    |               Detecting I2C PCI devices            |
1390  |Info:    ------------------------------------------------------
1704  |Info:    [ASUS ROG STRIX 3070Ti O8G GAMING] Registering RGB controller
1873  |Info:    ------------------------------------------------------
1873  |Info:    |               Detecting HID devices                |
1873  |Info:    ------------------------------------------------------
1886  |Info:    [KLM] Created new Full 104 key ISO QWERTY with 6 rows and 21 columns containing 105 keys
1886  |Info:    [Razer Cynosa Chroma V2] Registering RGB controller
2277  |Info:    [G502 HERO Gaming Mouse] Registering RGB controller
2387  |Info:    [Corsair Commander Core] Registering RGB controller
2459  |Info:    [MSI MPG Z590 GAMING EDGE WIFI (MS-7D07)] Registering RGB controller
2470  |Info:    [Razer Goliathus] Registering RGB controller
2470  |Info:    ------------------------------------------------------
2470  |Info:    |            Detecting libusb HID devices            |
2470  |Info:    ------------------------------------------------------
