    OpenRGB v0.9
    Commit:  from 
    Launched: 20240318_204805
====================================================================================================

0     |Info:    Found file: Main.orp attempting to validate header
0     |Info:    Valid v4 profile found for Main
1001  |Info:    ------------------------------------------------------
1001  |Info:    |               Start device detection               |
1001  |Info:    ------------------------------------------------------
1001  |Info:    Initializing HID interfaces: Success
1006  |Info:    ------------------------------------------------------
1006  |Info:    |             Detecting I2C interfaces               |
1006  |Info:    ------------------------------------------------------
1006  |Info:    Registering I2C interface: /dev/i2c-3 Device 10DE:2482 Subsystem: 1043:880E
1006  |Info:    Registering I2C interface: /dev/i2c-1 Device 10DE:2482 Subsystem: 1043:880E
1006  |Info:    Registering I2C interface: /dev/i2c-6 Device 10DE:2482 Subsystem: 1043:880E
1006  |Info:    Registering I2C interface: /dev/i2c-4 Device 10DE:2482 Subsystem: 1043:880E
1006  |Info:    Registering I2C interface: /dev/i2c-2 Device 10DE:2482 Subsystem: 1043:880E
1006  |Info:    Registering I2C interface: /dev/i2c-0 Device 8086:43A3 Subsystem: 1462:7D07
1006  |Info:    Registering I2C interface: /dev/i2c-5 Device 10DE:2482 Subsystem: 1043:880E
1006  |Info:    ------------------------------------------------------
1006  |Info:    |               Detecting I2C devices                |
1006  |Info:    ------------------------------------------------------
1077  |Info:    [Corsair Vengeance Pro RGB] Registering RGB controller
1099  |Info:    [Corsair Vengeance Pro RGB] Registering RGB controller
1337  |Info:    ------------------------------------------------------
1337  |Info:    |               Detecting I2C PCI devices            |
1337  |Info:    ------------------------------------------------------
1546  |Info:    [ASUS ROG STRIX 3070Ti O8G GAMING] Registering RGB controller
1708  |Info:    ------------------------------------------------------
1708  |Info:    |               Detecting HID devices                |
1708  |Info:    ------------------------------------------------------
1813  |Info:    [Corsair Commander Core] Registering RGB controller
1885  |Info:    [MSI MPG Z590 GAMING EDGE WIFI (MS-7D07)] Registering RGB controller
2272  |Info:    [G502 HERO Gaming Mouse] Registering RGB controller
2282  |Info:    [Razer Goliathus] Registering RGB controller
2282  |Info:    ------------------------------------------------------
2282  |Info:    |            Detecting libusb HID devices            |
2282  |Info:    ------------------------------------------------------
2295  |Info:    [HyperX Quadcast S] Registering RGB controller
2295  |Info:    ------------------------------------------------------
2295  |Info:    |              Detecting other devices               |
2295  |Info:    ------------------------------------------------------
2299  |Info:    ------------------------------------------------------
2299  |Info:    |                Detection completed                 |
2299  |Info:    ------------------------------------------------------
6782  |Info:    Profile loading: Succeeded for Corsair Vengeance Pro RGB @ I2C: /dev/i2c-0, address 0x59
6782  |Info:    Profile loading: Succeeded for Corsair Vengeance Pro RGB @ I2C: /dev/i2c-0, address 0x5B
6782  |Info:    Profile loading: Succeeded for ASUS ROG STRIX 3070Ti O8G GAMING @ I2C: /dev/i2c-1, address 0x67
6782  |Info:    Profile loading: Succeeded for Corsair Commander Core @ HID: /dev/hidraw5
6782  |Info:    Profile loading: Succeeded for MSI MPG Z590 GAMING EDGE WIFI (MS-7D07) @ HID: /dev/hidraw0
6782  |Info:    Profile loading: Succeeded for G502 HERO Gaming Mouse @ HID: /dev/hidraw3 (Receiver) 
Wireless Index: 255
6782  |Info:    Profile loading: Succeeded for Razer Goliathus @ HID: /dev/hidraw8
6782  |Info:    Profile loading: FAILED! for HyperX Quadcast S @ 1-12.1:1.0
