    OpenRGB v0.9
    Commit:  from 
    Launched: 20240304_232950
====================================================================================================

0     |Info:    Found file: Main.orp attempting to validate header
0     |Info:    Valid v4 profile found for Main
1007  |Info:    ------------------------------------------------------
1007  |Info:    |               Start device detection               |
1007  |Info:    ------------------------------------------------------
1007  |Info:    Initializing HID interfaces: Success
1016  |Info:    ------------------------------------------------------
1016  |Info:    |             Detecting I2C interfaces               |
1016  |Info:    ------------------------------------------------------
1016  |Info:    Registering I2C interface: /dev/i2c-0 Device 8086:43A3 Subsystem: 1462:7D07
1016  |Info:    ------------------------------------------------------
1016  |Info:    |               Detecting I2C devices                |
1016  |Info:    ------------------------------------------------------
1089  |Info:    [Corsair Vengeance Pro RGB] Registering RGB controller
1111  |Info:    [Corsair Vengeance Pro RGB] Registering RGB controller
1361  |Info:    ------------------------------------------------------
1361  |Info:    |               Detecting I2C PCI devices            |
1361  |Info:    ------------------------------------------------------
1361  |Info:    ------------------------------------------------------
1361  |Info:    |               Detecting HID devices                |
1361  |Info:    ------------------------------------------------------
1374  |Info:    [KLM] Created new Full 104 key ISO QWERTY with 6 rows and 21 columns containing 105 keys
1374  |Info:    [Razer Cynosa Chroma V2] Registering RGB controller
1482  |Info:    [Corsair Commander Core] Registering RGB controller
1558  |Info:    [MSI MPG Z590 GAMING EDGE WIFI (MS-7D07)] Registering RGB controller
1945  |Info:    [G502 HERO Gaming Mouse] Registering RGB controller
1955  |Info:    [Razer Goliathus] Registering RGB controller
1955  |Info:    ------------------------------------------------------
1955  |Info:    |            Detecting libusb HID devices            |
1955  |Info:    ------------------------------------------------------
1971  |Info:    [HyperX Quadcast S] Registering RGB controller
1971  |Info:    ------------------------------------------------------
1971  |Info:    |              Detecting other devices               |
1971  |Info:    ------------------------------------------------------
1976  |Info:    ------------------------------------------------------
1976  |Info:    |                Detection completed                 |
1976  |Info:    ------------------------------------------------------
