    OpenRGB v0.9
    Commit:  from 
    Launched: 20240321_084544
====================================================================================================

0     |Info:    Found file: Main.orp attempting to validate header
0     |Info:    Valid v4 profile found for Main
1006  |Info:    ------------------------------------------------------
1006  |Info:    |               Start device detection               |
1006  |Info:    ------------------------------------------------------
1007  |Info:    Initializing HID interfaces: Success
1015  |Info:    ------------------------------------------------------
1015  |Info:    |             Detecting I2C interfaces               |
1015  |Info:    ------------------------------------------------------
1015  |Info:    Registering I2C interface: /dev/i2c-3 Device 10DE:2482 Subsystem: 1043:880E
1015  |Info:    Registering I2C interface: /dev/i2c-1 Device 10DE:2482 Subsystem: 1043:880E
1015  |Info:    Registering I2C interface: /dev/i2c-6 Device 10DE:2482 Subsystem: 1043:880E
1015  |Info:    Registering I2C interface: /dev/i2c-4 Device 10DE:2482 Subsystem: 1043:880E
1015  |Info:    Registering I2C interface: /dev/i2c-2 Device 10DE:2482 Subsystem: 1043:880E
1015  |Info:    Registering I2C interface: /dev/i2c-0 Device 8086:43A3 Subsystem: 1462:7D07
1015  |Info:    Registering I2C interface: /dev/i2c-5 Device 10DE:2482 Subsystem: 1043:880E
1015  |Info:    ------------------------------------------------------
1015  |Info:    |               Detecting I2C devices                |
1015  |Info:    ------------------------------------------------------
1090  |Info:    [Corsair Vengeance Pro RGB] Registering RGB controller
1112  |Info:    [Corsair Vengeance Pro RGB] Registering RGB controller
1350  |Info:    ------------------------------------------------------
1350  |Info:    |               Detecting I2C PCI devices            |
1350  |Info:    ------------------------------------------------------
1565  |Info:    [ASUS ROG STRIX 3070Ti O8G GAMING] Registering RGB controller
1729  |Info:    ------------------------------------------------------
1729  |Info:    |               Detecting HID devices                |
1729  |Info:    ------------------------------------------------------
1837  |Info:    [Corsair Commander Core] Registering RGB controller
1906  |Info:    [MSI MPG Z590 GAMING EDGE WIFI (MS-7D07)] Registering RGB controller
2294  |Info:    [G502 HERO Gaming Mouse] Registering RGB controller
2304  |Info:    [Razer Goliathus] Registering RGB controller
2304  |Info:    ------------------------------------------------------
2304  |Info:    |            Detecting libusb HID devices            |
2305  |Info:    ------------------------------------------------------
2319  |Info:    [HyperX Quadcast S] Registering RGB controller
2319  |Info:    ------------------------------------------------------
2319  |Info:    |              Detecting other devices               |
2319  |Info:    ------------------------------------------------------
2323  |Info:    ------------------------------------------------------
2323  |Info:    |                Detection completed                 |
2323  |Info:    ------------------------------------------------------
