    OpenRGB v0.9
    Commit:  from 
    Launched: 20240307_140627
====================================================================================================

0     |Info:    Found file: Main.orp attempting to validate header
0     |Info:    Valid v4 profile found for Main
1001  |Info:    ------------------------------------------------------
1001  |Info:    |               Start device detection               |
1001  |Info:    ------------------------------------------------------
1001  |Info:    Initializing HID interfaces: Success
1006  |Info:    ------------------------------------------------------
1006  |Info:    |             Detecting I2C interfaces               |
1006  |Info:    ------------------------------------------------------
1007  |Info:    Registering I2C interface: /dev/i2c-3 Device 10DE:2482 Subsystem: 1043:880E
1007  |Info:    Registering I2C interface: /dev/i2c-1 Device 10DE:2482 Subsystem: 1043:880E
1007  |Info:    Registering I2C interface: /dev/i2c-6 Device 10DE:2482 Subsystem: 1043:880E
1007  |Info:    Registering I2C interface: /dev/i2c-4 Device 10DE:2482 Subsystem: 1043:880E
1007  |Info:    Registering I2C interface: /dev/i2c-2 Device 10DE:2482 Subsystem: 1043:880E
1007  |Info:    Registering I2C interface: /dev/i2c-0 Device 8086:43A3 Subsystem: 1462:7D07
1007  |Info:    Registering I2C interface: /dev/i2c-5 Device 10DE:2482 Subsystem: 1043:880E
1007  |Info:    ------------------------------------------------------
1007  |Info:    |               Detecting I2C devices                |
1007  |Info:    ------------------------------------------------------
1079  |Info:    [Corsair Vengeance Pro RGB] Registering RGB controller
1101  |Info:    [Corsair Vengeance Pro RGB] Registering RGB controller
1352  |Info:    ------------------------------------------------------
1352  |Info:    |               Detecting I2C PCI devices            |
1352  |Info:    ------------------------------------------------------
1564  |Info:    [ASUS ROG STRIX 3070Ti O8G GAMING] Registering RGB controller
1727  |Info:    ------------------------------------------------------
1727  |Info:    |               Detecting HID devices                |
1727  |Info:    ------------------------------------------------------
1740  |Info:    [KLM] Created new Full 104 key ISO QWERTY with 6 rows and 21 columns containing 105 keys
1740  |Info:    [Razer Cynosa Chroma V2] Registering RGB controller
1846  |Info:    [Corsair Commander Core] Registering RGB controller
1917  |Info:    [MSI MPG Z590 GAMING EDGE WIFI (MS-7D07)] Registering RGB controller
2304  |Info:    [G502 HERO Gaming Mouse] Registering RGB controller
2314  |Info:    [Razer Goliathus] Registering RGB controller
2314  |Info:    ------------------------------------------------------
2314  |Info:    |            Detecting libusb HID devices            |
2314  |Info:    ------------------------------------------------------
2329  |Info:    [HyperX Quadcast S] Registering RGB controller
2329  |Info:    ------------------------------------------------------
2329  |Info:    |              Detecting other devices               |
2329  |Info:    ------------------------------------------------------
2333  |Info:    ------------------------------------------------------
2333  |Info:    |                Detection completed                 |
2333  |Info:    ------------------------------------------------------
8155  |Info:    Profile loading: Succeeded for Corsair Vengeance Pro RGB @ I2C: /dev/i2c-0, address 0x59
8155  |Info:    Profile loading: Succeeded for Corsair Vengeance Pro RGB @ I2C: /dev/i2c-0, address 0x5B
8155  |Info:    Profile loading: Succeeded for ASUS ROG STRIX 3070Ti O8G GAMING @ I2C: /dev/i2c-1, address 0x67
8155  |Info:    Profile loading: Succeeded for Razer Cynosa Chroma V2 @ HID: /dev/hidraw11
8155  |Info:    Profile loading: Succeeded for Corsair Commander Core @ HID: /dev/hidraw6
8155  |Info:    Profile loading: Succeeded for MSI MPG Z590 GAMING EDGE WIFI (MS-7D07) @ HID: /dev/hidraw0
8155  |Info:    Profile loading: Succeeded for G502 HERO Gaming Mouse @ HID: /dev/hidraw3 (Receiver) 
Wireless Index: 255
8155  |Info:    Profile loading: Succeeded for Razer Goliathus @ HID: /dev/hidraw4
8155  |Info:    Profile loading: FAILED! for HyperX Quadcast S @ 1-12.1:1.0
