    OpenRGB v0.9
    Commit:  from 
    Launched: 20240313_005941
====================================================================================================

0     |Info:    Found file: Main.orp attempting to validate header
0     |Info:    Valid v4 profile found for Main
1004  |Info:    ------------------------------------------------------
1004  |Info:    |               Start device detection               |
1004  |Info:    ------------------------------------------------------
1005  |Info:    Initializing HID interfaces: Success
1009  |Info:    ------------------------------------------------------
1009  |Info:    |             Detecting I2C interfaces               |
1009  |Info:    ------------------------------------------------------
1009  |Info:    Registering I2C interface: /dev/i2c-0 Device 8086:43A3 Subsystem: 1462:7D07
1009  |Info:    ------------------------------------------------------
1009  |Info:    |               Detecting I2C devices                |
1009  |Info:    ------------------------------------------------------
1095  |Info:    [Corsair Vengeance Pro RGB] Registering RGB controller
1117  |Info:    [Corsair Vengeance Pro RGB] Registering RGB controller
1375  |Info:    ------------------------------------------------------
1375  |Info:    |               Detecting I2C PCI devices            |
1375  |Info:    ------------------------------------------------------
1376  |Info:    ------------------------------------------------------
1376  |Info:    |               Detecting HID devices                |
1376  |Info:    ------------------------------------------------------
1483  |Info:    [Corsair Commander Core] Registering RGB controller
1560  |Info:    [MSI MPG Z590 GAMING EDGE WIFI (MS-7D07)] Registering RGB controller
1947  |Info:    [G502 HERO Gaming Mouse] Registering RGB controller
1958  |Info:    [Razer Goliathus] Registering RGB controller
1958  |Info:    ------------------------------------------------------
1958  |Info:    |            Detecting libusb HID devices            |
1958  |Info:    ------------------------------------------------------
1972  |Info:    [HyperX Quadcast S] Registering RGB controller
1972  |Info:    ------------------------------------------------------
1972  |Info:    |              Detecting other devices               |
1972  |Info:    ------------------------------------------------------
1976  |Info:    ------------------------------------------------------
1976  |Info:    |                Detection completed                 |
1976  |Info:    ------------------------------------------------------
3488  |Info:    Profile loading: Succeeded for Corsair Vengeance Pro RGB @ I2C: /dev/i2c-0, address 0x59
3488  |Info:    Profile loading: Succeeded for Corsair Vengeance Pro RGB @ I2C: /dev/i2c-0, address 0x5B
3488  |Info:    Profile loading: Succeeded for Corsair Commander Core @ HID: /dev/hidraw5
3488  |Info:    Profile loading: Succeeded for MSI MPG Z590 GAMING EDGE WIFI (MS-7D07) @ HID: /dev/hidraw0
3488  |Info:    Profile loading: Succeeded for G502 HERO Gaming Mouse @ HID: /dev/hidraw3 (Receiver) 
Wireless Index: 255
3488  |Info:    Profile loading: Succeeded for Razer Goliathus @ HID: /dev/hidraw8
3488  |Info:    Profile loading: FAILED! for HyperX Quadcast S @ 1-12.1:1.0
