    OpenRGB v0.9
    Commit:  from 
    Launched: 20240404_131031
====================================================================================================

0     |Info:    Found file: Main.orp attempting to validate header
0     |Info:    Valid v4 profile found for Main
1006  |Info:    ------------------------------------------------------
1006  |Info:    |               Start device detection               |
1006  |Info:    ------------------------------------------------------
1006  |Info:    Initializing HID interfaces: Success
1015  |Info:    ------------------------------------------------------
1015  |Info:    |             Detecting I2C interfaces               |
1015  |Info:    ------------------------------------------------------
1015  |Info:    Registering I2C interface: /dev/i2c-3 Device 10DE:2482 Subsystem: 1043:880E
1015  |Info:    Registering I2C interface: /dev/i2c-1 Device 10DE:2482 Subsystem: 1043:880E
1015  |Info:    Registering I2C interface: /dev/i2c-6 Device 8086:43A3 Subsystem: 1462:7D07
1015  |Info:    Registering I2C interface: /dev/i2c-4 Device 10DE:2482 Subsystem: 1043:880E
1015  |Info:    Registering I2C interface: /dev/i2c-2 Device 10DE:2482 Subsystem: 1043:880E
1015  |Info:    Registering I2C interface: /dev/i2c-0 Device 10DE:2482 Subsystem: 1043:880E
1015  |Info:    Registering I2C interface: /dev/i2c-5 Device 10DE:2482 Subsystem: 1043:880E
1015  |Info:    ------------------------------------------------------
1015  |Info:    |               Detecting I2C devices                |
1015  |Info:    ------------------------------------------------------
1087  |Info:    [Corsair Vengeance Pro RGB] Registering RGB controller
1109  |Info:    [Corsair Vengeance Pro RGB] Registering RGB controller
1345  |Info:    ------------------------------------------------------
1345  |Info:    |               Detecting I2C PCI devices            |
1345  |Info:    ------------------------------------------------------
1678  |Info:    [ASUS ROG STRIX 3070Ti O8G GAMING] Registering RGB controller
1719  |Info:    ------------------------------------------------------
1719  |Info:    |               Detecting HID devices                |
1719  |Info:    ------------------------------------------------------
1827  |Info:    [Corsair Commander Core] Registering RGB controller
1845  |Info:    [MSI MPG Z590 GAMING EDGE WIFI (MS-7D07)] Registering RGB controller
2232  |Info:    [G502 HERO Gaming Mouse] Registering RGB controller
2243  |Info:    [Razer Goliathus] Registering RGB controller
2243  |Info:    ------------------------------------------------------
2243  |Info:    |            Detecting libusb HID devices            |
2243  |Info:    ------------------------------------------------------
2258  |Info:    [HyperX Quadcast S] Registering RGB controller
2258  |Info:    ------------------------------------------------------
2258  |Info:    |              Detecting other devices               |
2258  |Info:    ------------------------------------------------------
2262  |Info:    ------------------------------------------------------
2262  |Info:    |                Detection completed                 |
2262  |Info:    ------------------------------------------------------
5233  |Info:    Profile loading: Succeeded for Corsair Vengeance Pro RGB @ I2C: /dev/i2c-6, address 0x59
5233  |Info:    Profile loading: Succeeded for Corsair Vengeance Pro RGB @ I2C: /dev/i2c-6, address 0x5B
5233  |Info:    Profile loading: Succeeded for ASUS ROG STRIX 3070Ti O8G GAMING @ I2C: /dev/i2c-0, address 0x67
5233  |Info:    Profile loading: Succeeded for Corsair Commander Core @ HID: /dev/hidraw5
5233  |Info:    Profile loading: Succeeded for MSI MPG Z590 GAMING EDGE WIFI (MS-7D07) @ HID: /dev/hidraw0
5233  |Info:    Profile loading: Succeeded for G502 HERO Gaming Mouse @ HID: /dev/hidraw3 (Receiver) 
Wireless Index: 255
5233  |Info:    Profile loading: Succeeded for Razer Goliathus @ HID: /dev/hidraw8
5233  |Info:    Profile loading: FAILED! for HyperX Quadcast S @ 1-12.1:1.0
