    OpenRGB v0.9
    Commit:  from 
    Launched: 20240417_052601
====================================================================================================

0     |Info:    Found file: Main.orp attempting to validate header
0     |Info:    Valid v4 profile found for Main
1005  |Info:    ------------------------------------------------------
1005  |Info:    |               Start device detection               |
1005  |Info:    ------------------------------------------------------
1005  |Info:    Initializing HID interfaces: Success
1012  |Info:    ------------------------------------------------------
1012  |Info:    |             Detecting I2C interfaces               |
1012  |Info:    ------------------------------------------------------
1012  |Info:    Registering I2C interface: /dev/i2c-3 Device 10DE:2482 Subsystem: 1043:880E
1012  |Info:    Registering I2C interface: /dev/i2c-1 Device 10DE:2482 Subsystem: 1043:880E
1013  |Info:    Registering I2C interface: /dev/i2c-6 Device 10DE:2482 Subsystem: 1043:880E
1013  |Info:    Registering I2C interface: /dev/i2c-4 Device 10DE:2482 Subsystem: 1043:880E
1013  |Info:    Registering I2C interface: /dev/i2c-2 Device 10DE:2482 Subsystem: 1043:880E
1013  |Info:    Registering I2C interface: /dev/i2c-0 Device 8086:43A3 Subsystem: 1462:7D07
1013  |Info:    Registering I2C interface: /dev/i2c-5 Device 10DE:2482 Subsystem: 1043:880E
1013  |Info:    ------------------------------------------------------
1013  |Info:    |               Detecting I2C devices                |
1013  |Info:    ------------------------------------------------------
1086  |Info:    [Corsair Vengeance Pro RGB] Registering RGB controller
1109  |Info:    [Corsair Vengeance Pro RGB] Registering RGB controller
1351  |Info:    ------------------------------------------------------
1351  |Info:    |               Detecting I2C PCI devices            |
1351  |Info:    ------------------------------------------------------
1562  |Info:    [ASUS ROG STRIX 3070Ti O8G GAMING] Registering RGB controller
1725  |Info:    ------------------------------------------------------
1725  |Info:    |               Detecting HID devices                |
1725  |Info:    ------------------------------------------------------
1835  |Info:    [Corsair Commander Core] Registering RGB controller
1910  |Info:    [MSI MPG Z590 GAMING EDGE WIFI (MS-7D07)] Registering RGB controller
2298  |Info:    [G502 HERO Gaming Mouse] Registering RGB controller
2308  |Info:    [Razer Goliathus] Registering RGB controller
2308  |Info:    ------------------------------------------------------
2308  |Info:    |            Detecting libusb HID devices            |
2308  |Info:    ------------------------------------------------------
2329  |Info:    [HyperX Quadcast S] Registering RGB controller
2329  |Info:    ------------------------------------------------------
2329  |Info:    |              Detecting other devices               |
2329  |Info:    ------------------------------------------------------
2333  |Info:    ------------------------------------------------------
2333  |Info:    |                Detection completed                 |
2333  |Info:    ------------------------------------------------------
