    OpenRGB v0.9
    Commit:  from 
    Launched: 20240212_205903
====================================================================================================

0     |Info:    Found file: Main.orp attempting to validate header
0     |Info:    Valid v4 profile found for Main
1004  |Info:    ------------------------------------------------------
1004  |Info:    |               Start device detection               |
1004  |Info:    ------------------------------------------------------
1005  |Info:    Initializing HID interfaces: Success
1019  |Info:    ------------------------------------------------------
1019  |Info:    |             Detecting I2C interfaces               |
1019  |Info:    ------------------------------------------------------
1019  |Info:    Registering I2C interface: /dev/i2c-3 Device 10DE:2482 Subsystem: 1043:880E
1019  |Info:    Registering I2C interface: /dev/i2c-1 Device 10DE:2482 Subsystem: 1043:880E
1019  |Info:    Registering I2C interface: /dev/i2c-6 Device 10DE:2482 Subsystem: 1043:880E
1019  |Info:    Registering I2C interface: /dev/i2c-4 Device 10DE:2482 Subsystem: 1043:880E
1019  |Info:    Registering I2C interface: /dev/i2c-2 Device 10DE:2482 Subsystem: 1043:880E
1019  |Info:    Registering I2C interface: /dev/i2c-0 Device 8086:43A3 Subsystem: 1462:7D07
1019  |Info:    Registering I2C interface: /dev/i2c-5 Device 10DE:2482 Subsystem: 1043:880E
1019  |Info:    ------------------------------------------------------
1019  |Info:    |               Detecting I2C devices                |
1019  |Info:    ------------------------------------------------------
1249  |Info:    [Corsair Vengeance Pro RGB] Registering RGB controller
1272  |Info:    [Corsair Vengeance Pro RGB] Registering RGB controller
1363  |Info:    ------------------------------------------------------
1363  |Info:    |               Detecting I2C PCI devices            |
1363  |Info:    ------------------------------------------------------
1631  |Info:    [ASUS ROG STRIX 3070Ti O8G GAMING] Registering RGB controller
1799  |Info:    ------------------------------------------------------
1799  |Info:    |               Detecting HID devices                |
1799  |Info:    ------------------------------------------------------
1812  |Info:    [KLM] Created new Full 104 key ISO QWERTY with 6 rows and 21 columns containing 105 keys
1812  |Info:    [Razer Cynosa Chroma V2] Registering RGB controller
2199  |Info:    [G502 HERO Gaming Mouse] Registering RGB controller
2307  |Info:    [Corsair Commander Core] Registering RGB controller
2380  |Info:    [MSI MPG Z590 GAMING EDGE WIFI (MS-7D07)] Registering RGB controller
2391  |Info:    [Razer Goliathus] Registering RGB controller
2391  |Info:    ------------------------------------------------------
2391  |Info:    |            Detecting libusb HID devices            |
2391  |Info:    ------------------------------------------------------
