    OpenRGB v0.9
    Commit:  from 
    Launched: 20240118_092329
====================================================================================================

23    |Info:    Found file: Main.orp attempting to validate header
24    |Info:    Valid v4 profile found for Main
1026  |Info:    ------------------------------------------------------
1026  |Info:    |               Start device detection               |
1026  |Info:    ------------------------------------------------------
1026  |Info:    Initializing HID interfaces: Success
1030  |Info:    ------------------------------------------------------
1031  |Info:    |             Detecting I2C interfaces               |
1031  |Info:    ------------------------------------------------------
1031  |Info:    Registering I2C interface: /dev/i2c-3 Device 10DE:2482 Subsystem: 1043:880E
1031  |Info:    Registering I2C interface: /dev/i2c-1 Device 10DE:2482 Subsystem: 1043:880E
1031  |Info:    Registering I2C interface: /dev/i2c-6 Device 10DE:2482 Subsystem: 1043:880E
1031  |Info:    Registering I2C interface: /dev/i2c-4 Device 10DE:2482 Subsystem: 1043:880E
1031  |Info:    Registering I2C interface: /dev/i2c-2 Device 10DE:2482 Subsystem: 1043:880E
1031  |Info:    Registering I2C interface: /dev/i2c-0 Device 8086:43A3 Subsystem: 1462:7D07
1031  |Info:    Registering I2C interface: /dev/i2c-5 Device 10DE:2482 Subsystem: 1043:880E
1031  |Info:    ------------------------------------------------------
1031  |Info:    |               Detecting I2C devices                |
1031  |Info:    ------------------------------------------------------
1260  |Info:    [Corsair Vengeance Pro RGB] Registering RGB controller
1282  |Info:    [Corsair Vengeance Pro RGB] Registering RGB controller
1373  |Info:    ------------------------------------------------------
1373  |Info:    |               Detecting I2C PCI devices            |
1373  |Info:    ------------------------------------------------------
1631  |Info:    [ASUS ROG STRIX 3070Ti O8G GAMING] Registering RGB controller
1799  |Info:    ------------------------------------------------------
1799  |Info:    |               Detecting HID devices                |
1799  |Info:    ------------------------------------------------------
1812  |Info:    [KLM] Created new Full 104 key ISO QWERTY with 6 rows and 21 columns containing 105 keys
1812  |Info:    [Razer Cynosa Chroma V2] Registering RGB controller
2199  |Info:    [G502 HERO Gaming Mouse] Registering RGB controller
2337  |Info:    [Corsair Commander Core] Registering RGB controller
2407  |Info:    [MSI MPG Z590 GAMING EDGE WIFI (MS-7D07)] Registering RGB controller
2418  |Info:    [Razer Goliathus] Registering RGB controller
2418  |Info:    ------------------------------------------------------
2418  |Info:    |            Detecting libusb HID devices            |
2418  |Info:    ------------------------------------------------------
