    OpenRGB v0.9
    Commit:  from 
    Launched: 20240302_120842
====================================================================================================

0     |Info:    Found file: Main.orp attempting to validate header
0     |Info:    Valid v4 profile found for Main
1003  |Info:    ------------------------------------------------------
1003  |Info:    |               Start device detection               |
1003  |Info:    ------------------------------------------------------
1003  |Info:    Initializing HID interfaces: Success
1011  |Info:    ------------------------------------------------------
1011  |Info:    |             Detecting I2C interfaces               |
1011  |Info:    ------------------------------------------------------
1011  |Info:    Registering I2C interface: /dev/i2c-3 Device 10DE:2482 Subsystem: 1043:880E
1011  |Info:    Registering I2C interface: /dev/i2c-6 Device 10DE:2482 Subsystem: 1043:880E
1011  |Info:    Registering I2C interface: /dev/i2c-4 Device 10DE:2482 Subsystem: 1043:880E
1011  |Info:    Registering I2C interface: /dev/i2c-2 Device 10DE:2482 Subsystem: 1043:880E
1011  |Info:    Registering I2C interface: /dev/i2c-5 Device 10DE:2482 Subsystem: 1043:880E
1011  |Info:    ------------------------------------------------------
1011  |Info:    |               Detecting I2C devices                |
1011  |Info:    ------------------------------------------------------
1011  |Info:    ------------------------------------------------------
1011  |Info:    |               Detecting I2C PCI devices            |
1011  |Info:    ------------------------------------------------------
1012  |Info:    ------------------------------------------------------
1012  |Info:    |               Detecting HID devices                |
1012  |Info:    ------------------------------------------------------
1025  |Info:    [KLM] Created new Full 104 key ISO QWERTY with 6 rows and 21 columns containing 105 keys
1025  |Info:    [Razer Cynosa Chroma V2] Registering RGB controller
1157  |Info:    [Corsair Commander Core] Registering RGB controller
1227  |Info:    [MSI MPG Z590 GAMING EDGE WIFI (MS-7D07)] Registering RGB controller
1615  |Info:    [G502 HERO Gaming Mouse] Registering RGB controller
1625  |Info:    [Razer Goliathus] Registering RGB controller
1625  |Info:    ------------------------------------------------------
1625  |Info:    |            Detecting libusb HID devices            |
1625  |Info:    ------------------------------------------------------
1653  |Info:    [HyperX Quadcast S] Registering RGB controller
1653  |Info:    ------------------------------------------------------
1653  |Info:    |              Detecting other devices               |
1653  |Info:    ------------------------------------------------------
1656  |Info:    ------------------------------------------------------
1656  |Info:    |                Detection completed                 |
1656  |Info:    ------------------------------------------------------
1656  |Dialog:  <h2>WARNING:</h2><p>One or more I2C/SMBus interfaces failed to initialize.</p><p>RGB DRAM modules and some motherboards' onboard RGB lighting will not be available without I2C/SMBus.</p><p>On Linux, this is usually because the i2c-dev module is not loaded.  You must load the i2c-dev module along with the correct i2c driver for your motherboard.  This is usually i2c-piix4 for AMD systems and i2c-i801 for Intel systems.</p><p>See <a href='https://help.openrgb.org/'>help.openrgb.org</a> for additional troubleshooting steps if you keep seeing this message.<br></p>
16919 |Info:    Profile loading: Succeeded for Razer Cynosa Chroma V2 @ HID: /dev/hidraw11
16919 |Info:    Profile loading: Succeeded for Corsair Commander Core @ HID: /dev/hidraw6
16919 |Info:    Profile loading: Succeeded for MSI MPG Z590 GAMING EDGE WIFI (MS-7D07) @ HID: /dev/hidraw0
16919 |Info:    Profile loading: Succeeded for G502 HERO Gaming Mouse @ HID: /dev/hidraw3 (Receiver) 
Wireless Index: 255
16919 |Info:    Profile loading: Succeeded for Razer Goliathus @ HID: /dev/hidraw4
16919 |Info:    Profile loading: FAILED! for HyperX Quadcast S @ 1-12.1:1.0
