    OpenRGB v0.9
    Commit:  from 
    Launched: 20240306_212812
====================================================================================================

0     |Info:    Found file: Main.orp attempting to validate header
0     |Info:    Valid v4 profile found for Main
1014  |Info:    ------------------------------------------------------
1014  |Info:    |               Start device detection               |
1014  |Info:    ------------------------------------------------------
1015  |Info:    Initializing HID interfaces: Success
1023  |Info:    ------------------------------------------------------
1023  |Info:    |             Detecting I2C interfaces               |
1023  |Info:    ------------------------------------------------------
1023  |Info:    Registering I2C interface: /dev/i2c-3 Device 10DE:2482 Subsystem: 1043:880E
1023  |Info:    Registering I2C interface: /dev/i2c-1 Device 10DE:2482 Subsystem: 1043:880E
1023  |Info:    Registering I2C interface: /dev/i2c-6 Device 10DE:2482 Subsystem: 1043:880E
1023  |Info:    Registering I2C interface: /dev/i2c-4 Device 10DE:2482 Subsystem: 1043:880E
1023  |Info:    Registering I2C interface: /dev/i2c-2 Device 10DE:2482 Subsystem: 1043:880E
1024  |Info:    Registering I2C interface: /dev/i2c-0 Device 8086:43A3 Subsystem: 1462:7D07
1024  |Info:    Registering I2C interface: /dev/i2c-5 Device 10DE:2482 Subsystem: 1043:880E
1024  |Info:    ------------------------------------------------------
1024  |Info:    |               Detecting I2C devices                |
1024  |Info:    ------------------------------------------------------
1097  |Info:    [Corsair Vengeance Pro RGB] Registering RGB controller
1119  |Info:    [Corsair Vengeance Pro RGB] Registering RGB controller
1368  |Info:    ------------------------------------------------------
1368  |Info:    |               Detecting I2C PCI devices            |
1368  |Info:    ------------------------------------------------------
1578  |Info:    [ASUS ROG STRIX 3070Ti O8G GAMING] Registering RGB controller
1741  |Info:    ------------------------------------------------------
1741  |Info:    |               Detecting HID devices                |
1741  |Info:    ------------------------------------------------------
1754  |Info:    [KLM] Created new Full 104 key ISO QWERTY with 6 rows and 21 columns containing 105 keys
1754  |Info:    [Razer Cynosa Chroma V2] Registering RGB controller
1919  |Info:    [Corsair Commander Core] Registering RGB controller
2002  |Info:    [MSI MPG Z590 GAMING EDGE WIFI (MS-7D07)] Registering RGB controller
2390  |Info:    [G502 HERO Gaming Mouse] Registering RGB controller
2400  |Info:    [Razer Goliathus] Registering RGB controller
2400  |Info:    ------------------------------------------------------
2400  |Info:    |            Detecting libusb HID devices            |
2400  |Info:    ------------------------------------------------------
2423  |Info:    [HyperX Quadcast S] Registering RGB controller
2423  |Info:    ------------------------------------------------------
2423  |Info:    |              Detecting other devices               |
2423  |Info:    ------------------------------------------------------
2427  |Info:    ------------------------------------------------------
2427  |Info:    |                Detection completed                 |
2427  |Info:    ------------------------------------------------------
6451  |Info:    Profile loading: Succeeded for Corsair Vengeance Pro RGB @ I2C: /dev/i2c-0, address 0x59
6451  |Info:    Profile loading: Succeeded for Corsair Vengeance Pro RGB @ I2C: /dev/i2c-0, address 0x5B
6451  |Info:    Profile loading: Succeeded for ASUS ROG STRIX 3070Ti O8G GAMING @ I2C: /dev/i2c-1, address 0x67
6451  |Info:    Profile loading: Succeeded for Razer Cynosa Chroma V2 @ HID: /dev/hidraw11
6451  |Info:    Profile loading: Succeeded for Corsair Commander Core @ HID: /dev/hidraw6
6451  |Info:    Profile loading: Succeeded for MSI MPG Z590 GAMING EDGE WIFI (MS-7D07) @ HID: /dev/hidraw0
6451  |Info:    Profile loading: Succeeded for G502 HERO Gaming Mouse @ HID: /dev/hidraw3 (Receiver) 
Wireless Index: 255
6451  |Info:    Profile loading: Succeeded for Razer Goliathus @ HID: /dev/hidraw4
6451  |Info:    Profile loading: FAILED! for HyperX Quadcast S @ 1-12.1:1.0
