    OpenRGB v0.9
    Commit:  from 
    Launched: 20240114_145042
====================================================================================================

0     |Info:    Found file: Main.orp attempting to validate header
0     |Info:    Valid v4 profile found for Main
1002  |Info:    ------------------------------------------------------
1003  |Info:    |               Start device detection               |
1003  |Info:    ------------------------------------------------------
1003  |Info:    Initializing HID interfaces: Success
1022  |Info:    ------------------------------------------------------
1022  |Info:    |             Detecting I2C interfaces               |
1022  |Info:    ------------------------------------------------------
1023  |Info:    Registering I2C interface: /dev/i2c-3 Device 10DE:2482 Subsystem: 1043:880E
1023  |Info:    Registering I2C interface: /dev/i2c-1 Device 10DE:2482 Subsystem: 1043:880E
1023  |Info:    Registering I2C interface: /dev/i2c-6 Device 10DE:2482 Subsystem: 1043:880E
1023  |Info:    Registering I2C interface: /dev/i2c-4 Device 10DE:2482 Subsystem: 1043:880E
1023  |Info:    Registering I2C interface: /dev/i2c-2 Device 10DE:2482 Subsystem: 1043:880E
1023  |Info:    Registering I2C interface: /dev/i2c-0 Device 8086:43A3 Subsystem: 1462:7D07
1024  |Info:    Registering I2C interface: /dev/i2c-5 Device 10DE:2482 Subsystem: 1043:880E
1024  |Info:    ------------------------------------------------------
1024  |Info:    |               Detecting I2C devices                |
1024  |Info:    ------------------------------------------------------
1266  |Info:    [Corsair Vengeance Pro RGB] Registering RGB controller
1289  |Info:    [Corsair Vengeance Pro RGB] Registering RGB controller
1389  |Info:    ------------------------------------------------------
1389  |Info:    |               Detecting I2C PCI devices            |
1389  |Info:    ------------------------------------------------------
1656  |Info:    [ASUS ROG STRIX 3070Ti O8G GAMING] Registering RGB controller
1823  |Info:    ------------------------------------------------------
1823  |Info:    |               Detecting HID devices                |
1823  |Info:    ------------------------------------------------------
1837  |Info:    [KLM] Created new Full 104 key ISO QWERTY with 6 rows and 21 columns containing 105 keys
1837  |Info:    [Razer Cynosa Chroma V2] Registering RGB controller
2224  |Info:    [G502 HERO Gaming Mouse] Registering RGB controller
2361  |Info:    [Corsair Commander Core] Registering RGB controller
2434  |Info:    [MSI MPG Z590 GAMING EDGE WIFI (MS-7D07)] Registering RGB controller
2444  |Info:    [Razer Goliathus] Registering RGB controller
2444  |Info:    ------------------------------------------------------
2444  |Info:    |            Detecting libusb HID devices            |
2444  |Info:    ------------------------------------------------------
