    OpenRGB v0.9
    Commit:  from 
    Launched: 20240307_123227
====================================================================================================

1     |Info:    Found file: Main.orp attempting to validate header
1     |Info:    Valid v4 profile found for Main
1014  |Info:    ------------------------------------------------------
1014  |Info:    |               Start device detection               |
1014  |Info:    ------------------------------------------------------
1015  |Info:    Initializing HID interfaces: Success
1023  |Info:    ------------------------------------------------------
1023  |Info:    |             Detecting I2C interfaces               |
1023  |Info:    ------------------------------------------------------
1023  |Info:    Registering I2C interface: /dev/i2c-3 Device 10DE:2482 Subsystem: 1043:880E
1023  |Info:    Registering I2C interface: /dev/i2c-1 Device 10DE:2482 Subsystem: 1043:880E
1023  |Info:    Registering I2C interface: /dev/i2c-6 Device 10DE:2482 Subsystem: 1043:880E
1023  |Info:    Registering I2C interface: /dev/i2c-4 Device 10DE:2482 Subsystem: 1043:880E
1023  |Info:    Registering I2C interface: /dev/i2c-2 Device 10DE:2482 Subsystem: 1043:880E
1023  |Info:    Registering I2C interface: /dev/i2c-0 Device 8086:43A3 Subsystem: 1462:7D07
1023  |Info:    Registering I2C interface: /dev/i2c-5 Device 10DE:2482 Subsystem: 1043:880E
1023  |Info:    ------------------------------------------------------
1023  |Info:    |               Detecting I2C devices                |
1023  |Info:    ------------------------------------------------------
1096  |Info:    [Corsair Vengeance Pro RGB] Registering RGB controller
1118  |Info:    [Corsair Vengeance Pro RGB] Registering RGB controller
1368  |Info:    ------------------------------------------------------
1368  |Info:    |               Detecting I2C PCI devices            |
1368  |Info:    ------------------------------------------------------
1584  |Info:    [ASUS ROG STRIX 3070Ti O8G GAMING] Registering RGB controller
1746  |Info:    ------------------------------------------------------
1746  |Info:    |               Detecting HID devices                |
1746  |Info:    ------------------------------------------------------
1759  |Info:    [KLM] Created new Full 104 key ISO QWERTY with 6 rows and 21 columns containing 105 keys
1759  |Info:    [Razer Cynosa Chroma V2] Registering RGB controller
1912  |Info:    [Corsair Commander Core] Registering RGB controller
1993  |Info:    [MSI MPG Z590 GAMING EDGE WIFI (MS-7D07)] Registering RGB controller
2380  |Info:    [G502 HERO Gaming Mouse] Registering RGB controller
2391  |Info:    [Razer Goliathus] Registering RGB controller
2391  |Info:    ------------------------------------------------------
2391  |Info:    |            Detecting libusb HID devices            |
2391  |Info:    ------------------------------------------------------
2406  |Info:    [HyperX Quadcast S] Registering RGB controller
2406  |Info:    ------------------------------------------------------
2406  |Info:    |              Detecting other devices               |
2406  |Info:    ------------------------------------------------------
2409  |Info:    ------------------------------------------------------
2409  |Info:    |                Detection completed                 |
2409  |Info:    ------------------------------------------------------
5139  |Info:    Profile loading: Succeeded for Corsair Vengeance Pro RGB @ I2C: /dev/i2c-0, address 0x59
5139  |Info:    Profile loading: Succeeded for Corsair Vengeance Pro RGB @ I2C: /dev/i2c-0, address 0x5B
5139  |Info:    Profile loading: Succeeded for ASUS ROG STRIX 3070Ti O8G GAMING @ I2C: /dev/i2c-1, address 0x67
5139  |Info:    Profile loading: FAILED! for Razer Cynosa Chroma V2 @ HID: /dev/hidraw11
5139  |Info:    Profile loading: Succeeded for Corsair Commander Core @ HID: /dev/hidraw6
5139  |Info:    Profile loading: Succeeded for MSI MPG Z590 GAMING EDGE WIFI (MS-7D07) @ HID: /dev/hidraw0
5139  |Info:    Profile loading: Succeeded for G502 HERO Gaming Mouse @ HID: /dev/hidraw3 (Receiver) 
Wireless Index: 255
5139  |Info:    Profile loading: Succeeded for Razer Goliathus @ HID: /dev/hidraw4
5139  |Info:    Profile loading: FAILED! for HyperX Quadcast S @ 1-12.1:1.0
6390  |Info:    Profile loading: Succeeded for Corsair Vengeance Pro RGB @ I2C: /dev/i2c-0, address 0x59
6390  |Info:    Profile loading: Succeeded for Corsair Vengeance Pro RGB @ I2C: /dev/i2c-0, address 0x5B
6390  |Info:    Profile loading: Succeeded for ASUS ROG STRIX 3070Ti O8G GAMING @ I2C: /dev/i2c-1, address 0x67
6390  |Info:    Profile loading: FAILED! for Razer Cynosa Chroma V2 @ HID: /dev/hidraw11
6390  |Info:    Profile loading: Succeeded for Corsair Commander Core @ HID: /dev/hidraw6
6390  |Info:    Profile loading: Succeeded for MSI MPG Z590 GAMING EDGE WIFI (MS-7D07) @ HID: /dev/hidraw0
6390  |Info:    Profile loading: Succeeded for G502 HERO Gaming Mouse @ HID: /dev/hidraw3 (Receiver) 
Wireless Index: 255
6390  |Info:    Profile loading: Succeeded for Razer Goliathus @ HID: /dev/hidraw4
6390  |Info:    Profile loading: FAILED! for HyperX Quadcast S @ 1-12.1:1.0
