    OpenRGB v0.9
    Commit:  from 
    Launched: 20240502_220037
====================================================================================================

7     |Info:    Found file: Main.orp attempting to validate header
7     |Info:    Valid v4 profile found for Main
1008  |Info:    ------------------------------------------------------
1008  |Info:    |               Start device detection               |
1008  |Info:    ------------------------------------------------------
1008  |Info:    Initializing HID interfaces: Success
1013  |Info:    ------------------------------------------------------
1013  |Info:    |             Detecting I2C interfaces               |
1013  |Info:    ------------------------------------------------------
1013  |Info:    Registering I2C interface: /dev/i2c-3 Device 10DE:2482 Subsystem: 1043:880E
1013  |Info:    Registering I2C interface: /dev/i2c-1 Device 10DE:2482 Subsystem: 1043:880E
1013  |Info:    Registering I2C interface: /dev/i2c-6 Device 10DE:2482 Subsystem: 1043:880E
1013  |Info:    Registering I2C interface: /dev/i2c-4 Device 10DE:2482 Subsystem: 1043:880E
1013  |Info:    Registering I2C interface: /dev/i2c-2 Device 10DE:2482 Subsystem: 1043:880E
1013  |Info:    Registering I2C interface: /dev/i2c-0 Device 8086:43A3 Subsystem: 1462:7D07
1013  |Info:    Registering I2C interface: /dev/i2c-5 Device 10DE:2482 Subsystem: 1043:880E
1013  |Info:    ------------------------------------------------------
1013  |Info:    |               Detecting I2C devices                |
1013  |Info:    ------------------------------------------------------
1085  |Info:    [Corsair Vengeance Pro RGB] Registering RGB controller
1107  |Info:    [Corsair Vengeance Pro RGB] Registering RGB controller
1344  |Info:    ------------------------------------------------------
1344  |Info:    |               Detecting I2C PCI devices            |
1344  |Info:    ------------------------------------------------------
1553  |Info:    [ASUS ROG STRIX 3070Ti O8G GAMING] Registering RGB controller
1717  |Info:    ------------------------------------------------------
1717  |Info:    |               Detecting HID devices                |
1717  |Info:    ------------------------------------------------------
1727  |Info:    [Razer Goliathus] Registering RGB controller
1833  |Info:    [Corsair Commander Core] Registering RGB controller
1849  |Info:    [MSI MPG Z590 GAMING EDGE WIFI (MS-7D07)] Registering RGB controller
2236  |Info:    [G502 HERO Gaming Mouse] Registering RGB controller
2236  |Info:    ------------------------------------------------------
2236  |Info:    |            Detecting libusb HID devices            |
2236  |Info:    ------------------------------------------------------
2256  |Info:    [HyperX Quadcast S] Registering RGB controller
2256  |Info:    ------------------------------------------------------
2256  |Info:    |              Detecting other devices               |
2256  |Info:    ------------------------------------------------------
2261  |Info:    ------------------------------------------------------
2261  |Info:    |                Detection completed                 |
2261  |Info:    ------------------------------------------------------
