    OpenRGB v0.9
    Commit:  from 
    Launched: 20240123_213134
====================================================================================================

18    |Info:    Found file: Main.orp attempting to validate header
19    |Info:    Valid v4 profile found for Main
1021  |Info:    ------------------------------------------------------
1021  |Info:    |               Start device detection               |
1021  |Info:    ------------------------------------------------------
1021  |Info:    Initializing HID interfaces: Success
1025  |Info:    ------------------------------------------------------
1025  |Info:    |             Detecting I2C interfaces               |
1025  |Info:    ------------------------------------------------------
1025  |Info:    Registering I2C interface: /dev/i2c-3 Device 10DE:2482 Subsystem: 1043:880E
1025  |Info:    Registering I2C interface: /dev/i2c-1 Device 10DE:2482 Subsystem: 1043:880E
1025  |Info:    Registering I2C interface: /dev/i2c-6 Device 10DE:2482 Subsystem: 1043:880E
1025  |Info:    Registering I2C interface: /dev/i2c-4 Device 10DE:2482 Subsystem: 1043:880E
1026  |Info:    Registering I2C interface: /dev/i2c-2 Device 10DE:2482 Subsystem: 1043:880E
1026  |Info:    Registering I2C interface: /dev/i2c-0 Device 8086:43A3 Subsystem: 1462:7D07
1026  |Info:    Registering I2C interface: /dev/i2c-5 Device 10DE:2482 Subsystem: 1043:880E
1026  |Info:    ------------------------------------------------------
1026  |Info:    |               Detecting I2C devices                |
1026  |Info:    ------------------------------------------------------
1254  |Info:    [Corsair Vengeance Pro RGB] Registering RGB controller
1276  |Info:    [Corsair Vengeance Pro RGB] Registering RGB controller
1366  |Info:    ------------------------------------------------------
1366  |Info:    |               Detecting I2C PCI devices            |
1366  |Info:    ------------------------------------------------------
1621  |Info:    [ASUS ROG STRIX 3070Ti O8G GAMING] Registering RGB controller
1788  |Info:    ------------------------------------------------------
1788  |Info:    |               Detecting HID devices                |
1788  |Info:    ------------------------------------------------------
1801  |Info:    [KLM] Created new Full 104 key ISO QWERTY with 6 rows and 21 columns containing 105 keys
1801  |Info:    [Razer Cynosa Chroma V2] Registering RGB controller
2188  |Info:    [G502 HERO Gaming Mouse] Registering RGB controller
2344  |Info:    [Corsair Commander Core] Registering RGB controller
2417  |Info:    [MSI MPG Z590 GAMING EDGE WIFI (MS-7D07)] Registering RGB controller
2427  |Info:    [Razer Goliathus] Registering RGB controller
2427  |Info:    ------------------------------------------------------
2427  |Info:    |            Detecting libusb HID devices            |
2427  |Info:    ------------------------------------------------------
