    OpenRGB v0.9
    Commit:  from 
    Launched: 20240212_040553
====================================================================================================

0     |Info:    Found file: Main.orp attempting to validate header
0     |Info:    Valid v4 profile found for Main
1001  |Info:    ------------------------------------------------------
1001  |Info:    |               Start device detection               |
1001  |Info:    ------------------------------------------------------
1001  |Info:    Initializing HID interfaces: Success
1004  |Info:    ------------------------------------------------------
1004  |Info:    |             Detecting I2C interfaces               |
1004  |Info:    ------------------------------------------------------
1005  |Info:    Registering I2C interface: /dev/i2c-3 Device 10DE:2482 Subsystem: 1043:880E
1005  |Info:    Registering I2C interface: /dev/i2c-1 Device 10DE:2482 Subsystem: 1043:880E
1005  |Info:    Registering I2C interface: /dev/i2c-6 Device 10DE:2482 Subsystem: 1043:880E
1005  |Info:    Registering I2C interface: /dev/i2c-4 Device 10DE:2482 Subsystem: 1043:880E
1005  |Info:    Registering I2C interface: /dev/i2c-2 Device 10DE:2482 Subsystem: 1043:880E
1005  |Info:    Registering I2C interface: /dev/i2c-0 Device 8086:43A3 Subsystem: 1462:7D07
1005  |Info:    Registering I2C interface: /dev/i2c-5 Device 10DE:2482 Subsystem: 1043:880E
1005  |Info:    ------------------------------------------------------
1005  |Info:    |               Detecting I2C devices                |
1005  |Info:    ------------------------------------------------------
1233  |Info:    [Corsair Vengeance Pro RGB] Registering RGB controller
1256  |Info:    [Corsair Vengeance Pro RGB] Registering RGB controller
1345  |Info:    ------------------------------------------------------
1345  |Info:    |               Detecting I2C PCI devices            |
1345  |Info:    ------------------------------------------------------
1597  |Info:    [ASUS ROG STRIX 3070Ti O8G GAMING] Registering RGB controller
1764  |Info:    ------------------------------------------------------
1764  |Info:    |               Detecting HID devices                |
1764  |Info:    ------------------------------------------------------
1776  |Info:    [KLM] Created new Full 104 key ISO QWERTY with 6 rows and 21 columns containing 105 keys
1777  |Info:    [Razer Cynosa Chroma V2] Registering RGB controller
2163  |Info:    [G502 HERO Gaming Mouse] Registering RGB controller
2214  |Info:    [Corsair Commander Core] Registering RGB controller
2228  |Info:    [MSI MPG Z590 GAMING EDGE WIFI (MS-7D07)] Registering RGB controller
2238  |Info:    [Razer Goliathus] Registering RGB controller
2239  |Info:    ------------------------------------------------------
2239  |Info:    |            Detecting libusb HID devices            |
2239  |Info:    ------------------------------------------------------
