    OpenRGB v0.9
    Commit:  from 
    Launched: 20240314_194540
====================================================================================================

1     |Info:    Found file: Main.orp attempting to validate header
1     |Info:    Valid v4 profile found for Main
1008  |Info:    ------------------------------------------------------
1008  |Info:    |               Start device detection               |
1008  |Info:    ------------------------------------------------------
1008  |Info:    Initializing HID interfaces: Success
1024  |Info:    ------------------------------------------------------
1024  |Info:    |             Detecting I2C interfaces               |
1024  |Info:    ------------------------------------------------------
1025  |Info:    Registering I2C interface: /dev/i2c-0 Device 8086:43A3 Subsystem: 1462:7D07
1025  |Info:    ------------------------------------------------------
1025  |Info:    |               Detecting I2C devices                |
1025  |Info:    ------------------------------------------------------
1096  |Info:    [Corsair Vengeance Pro RGB] Registering RGB controller
1119  |Info:    [Corsair Vengeance Pro RGB] Registering RGB controller
1368  |Info:    ------------------------------------------------------
1368  |Info:    |               Detecting I2C PCI devices            |
1368  |Info:    ------------------------------------------------------
1369  |Info:    ------------------------------------------------------
1369  |Info:    |               Detecting HID devices                |
1369  |Info:    ------------------------------------------------------
1475  |Info:    [Corsair Commander Core] Registering RGB controller
1545  |Info:    [MSI MPG Z590 GAMING EDGE WIFI (MS-7D07)] Registering RGB controller
1933  |Info:    [G502 HERO Gaming Mouse] Registering RGB controller
1943  |Info:    [Razer Goliathus] Registering RGB controller
1943  |Info:    ------------------------------------------------------
1943  |Info:    |            Detecting libusb HID devices            |
1943  |Info:    ------------------------------------------------------
1962  |Info:    [HyperX Quadcast S] Registering RGB controller
1962  |Info:    ------------------------------------------------------
1962  |Info:    |              Detecting other devices               |
1962  |Info:    ------------------------------------------------------
1966  |Info:    ------------------------------------------------------
1966  |Info:    |                Detection completed                 |
1966  |Info:    ------------------------------------------------------
45758 |Info:    Profile loading: Succeeded for Corsair Vengeance Pro RGB @ I2C: /dev/i2c-0, address 0x59
45758 |Info:    Profile loading: Succeeded for Corsair Vengeance Pro RGB @ I2C: /dev/i2c-0, address 0x5B
45758 |Info:    Profile loading: Succeeded for Corsair Commander Core @ HID: /dev/hidraw5
45758 |Info:    Profile loading: Succeeded for MSI MPG Z590 GAMING EDGE WIFI (MS-7D07) @ HID: /dev/hidraw0
45758 |Info:    Profile loading: Succeeded for G502 HERO Gaming Mouse @ HID: /dev/hidraw3 (Receiver) 
Wireless Index: 255
45758 |Info:    Profile loading: Succeeded for Razer Goliathus @ HID: /dev/hidraw4
45758 |Info:    Profile loading: FAILED! for HyperX Quadcast S @ 1-12.1:1.0
