    OpenRGB v0.9
    Commit:  from 
    Launched: 20240316_172259
====================================================================================================

0     |Info:    Found file: Main.orp attempting to validate header
0     |Info:    Valid v4 profile found for Main
1005  |Info:    ------------------------------------------------------
1005  |Info:    |               Start device detection               |
1005  |Info:    ------------------------------------------------------
1006  |Info:    Initializing HID interfaces: Success
1016  |Info:    ------------------------------------------------------
1016  |Info:    |             Detecting I2C interfaces               |
1016  |Info:    ------------------------------------------------------
1016  |Info:    Registering I2C interface: /dev/i2c-3 Device 10DE:2482 Subsystem: 1043:880E
1016  |Info:    Registering I2C interface: /dev/i2c-1 Device 10DE:2482 Subsystem: 1043:880E
1016  |Info:    Registering I2C interface: /dev/i2c-6 Device 10DE:2482 Subsystem: 1043:880E
1016  |Info:    Registering I2C interface: /dev/i2c-4 Device 10DE:2482 Subsystem: 1043:880E
1016  |Info:    Registering I2C interface: /dev/i2c-2 Device 10DE:2482 Subsystem: 1043:880E
1016  |Info:    Registering I2C interface: /dev/i2c-0 Device 8086:43A3 Subsystem: 1462:7D07
1016  |Info:    Registering I2C interface: /dev/i2c-5 Device 10DE:2482 Subsystem: 1043:880E
1016  |Info:    ------------------------------------------------------
1016  |Info:    |               Detecting I2C devices                |
1016  |Info:    ------------------------------------------------------
1088  |Info:    [Corsair Vengeance Pro RGB] Registering RGB controller
1110  |Info:    [Corsair Vengeance Pro RGB] Registering RGB controller
1361  |Info:    ------------------------------------------------------
1361  |Info:    |               Detecting I2C PCI devices            |
1361  |Info:    ------------------------------------------------------
1571  |Info:    [ASUS ROG STRIX 3070Ti O8G GAMING] Registering RGB controller
1734  |Info:    ------------------------------------------------------
1734  |Info:    |               Detecting HID devices                |
1734  |Info:    ------------------------------------------------------
1891  |Info:    [Corsair Commander Core] Registering RGB controller
1964  |Info:    [MSI MPG Z590 GAMING EDGE WIFI (MS-7D07)] Registering RGB controller
2352  |Info:    [G502 HERO Gaming Mouse] Registering RGB controller
2362  |Info:    [Razer Goliathus] Registering RGB controller
2362  |Info:    ------------------------------------------------------
2362  |Info:    |            Detecting libusb HID devices            |
2362  |Info:    ------------------------------------------------------
2381  |Info:    [HyperX Quadcast S] Registering RGB controller
2381  |Info:    ------------------------------------------------------
2381  |Info:    |              Detecting other devices               |
2381  |Info:    ------------------------------------------------------
2385  |Info:    ------------------------------------------------------
2385  |Info:    |                Detection completed                 |
2385  |Info:    ------------------------------------------------------
5232  |Info:    Profile loading: Succeeded for Corsair Vengeance Pro RGB @ I2C: /dev/i2c-0, address 0x59
5232  |Info:    Profile loading: Succeeded for Corsair Vengeance Pro RGB @ I2C: /dev/i2c-0, address 0x5B
5232  |Info:    Profile loading: Succeeded for ASUS ROG STRIX 3070Ti O8G GAMING @ I2C: /dev/i2c-1, address 0x67
5232  |Info:    Profile loading: Succeeded for Corsair Commander Core @ HID: /dev/hidraw5
5232  |Info:    Profile loading: Succeeded for MSI MPG Z590 GAMING EDGE WIFI (MS-7D07) @ HID: /dev/hidraw0
5232  |Info:    Profile loading: Succeeded for G502 HERO Gaming Mouse @ HID: /dev/hidraw7 (Receiver) 
Wireless Index: 255
5232  |Info:    Profile loading: Succeeded for Razer Goliathus @ HID: /dev/hidraw8
5232  |Info:    Profile loading: FAILED! for HyperX Quadcast S @ 1-12.1:1.0
