    OpenRGB v0.9
    Commit:  from 
    Launched: 20240316_233318
====================================================================================================

1     |Info:    Found file: Main.orp attempting to validate header
1     |Info:    Valid v4 profile found for Main
1015  |Info:    ------------------------------------------------------
1015  |Info:    |               Start device detection               |
1015  |Info:    ------------------------------------------------------
1016  |Info:    Initializing HID interfaces: Success
1036  |Info:    ------------------------------------------------------
1036  |Info:    |             Detecting I2C interfaces               |
1036  |Info:    ------------------------------------------------------
1036  |Info:    Registering I2C interface: /dev/i2c-3 Device 10DE:2482 Subsystem: 1043:880E
1036  |Info:    Registering I2C interface: /dev/i2c-1 Device 10DE:2482 Subsystem: 1043:880E
1036  |Info:    Registering I2C interface: /dev/i2c-6 Device 10DE:2482 Subsystem: 1043:880E
1036  |Info:    Registering I2C interface: /dev/i2c-4 Device 10DE:2482 Subsystem: 1043:880E
1036  |Info:    Registering I2C interface: /dev/i2c-2 Device 10DE:2482 Subsystem: 1043:880E
1037  |Info:    Registering I2C interface: /dev/i2c-0 Device 8086:43A3 Subsystem: 1462:7D07
1037  |Info:    Registering I2C interface: /dev/i2c-5 Device 10DE:2482 Subsystem: 1043:880E
1037  |Info:    ------------------------------------------------------
1037  |Info:    |               Detecting I2C devices                |
1037  |Info:    ------------------------------------------------------
1108  |Info:    [Corsair Vengeance Pro RGB] Registering RGB controller
1130  |Info:    [Corsair Vengeance Pro RGB] Registering RGB controller
1381  |Info:    ------------------------------------------------------
1381  |Info:    |               Detecting I2C PCI devices            |
1381  |Info:    ------------------------------------------------------
1590  |Info:    [ASUS ROG STRIX 3070Ti O8G GAMING] Registering RGB controller
1753  |Info:    ------------------------------------------------------
1753  |Info:    |               Detecting HID devices                |
1753  |Info:    ------------------------------------------------------
1901  |Info:    [Corsair Commander Core] Registering RGB controller
1984  |Info:    [MSI MPG Z590 GAMING EDGE WIFI (MS-7D07)] Registering RGB controller
2371  |Info:    [G502 HERO Gaming Mouse] Registering RGB controller
2382  |Info:    [Razer Goliathus] Registering RGB controller
2382  |Info:    ------------------------------------------------------
2382  |Info:    |            Detecting libusb HID devices            |
2382  |Info:    ------------------------------------------------------
2409  |Info:    [HyperX Quadcast S] Registering RGB controller
2409  |Info:    ------------------------------------------------------
2409  |Info:    |              Detecting other devices               |
2409  |Info:    ------------------------------------------------------
2413  |Info:    ------------------------------------------------------
2413  |Info:    |                Detection completed                 |
2413  |Info:    ------------------------------------------------------
4523  |Info:    Profile loading: Succeeded for Corsair Vengeance Pro RGB @ I2C: /dev/i2c-0, address 0x59
4523  |Info:    Profile loading: Succeeded for Corsair Vengeance Pro RGB @ I2C: /dev/i2c-0, address 0x5B
4523  |Info:    Profile loading: Succeeded for ASUS ROG STRIX 3070Ti O8G GAMING @ I2C: /dev/i2c-1, address 0x67
4523  |Info:    Profile loading: Succeeded for Corsair Commander Core @ HID: /dev/hidraw5
4523  |Info:    Profile loading: Succeeded for MSI MPG Z590 GAMING EDGE WIFI (MS-7D07) @ HID: /dev/hidraw15
4523  |Info:    Profile loading: Succeeded for G502 HERO Gaming Mouse @ HID: /dev/hidraw4 (Receiver) 
Wireless Index: 255
4523  |Info:    Profile loading: Succeeded for Razer Goliathus @ HID: /dev/hidraw8
4523  |Info:    Profile loading: FAILED! for HyperX Quadcast S @ 1-12.1:1.0
