    OpenRGB v0.9
    Commit:  from 
    Launched: 20240117_121816
====================================================================================================

23    |Info:    Found file: Main.orp attempting to validate header
24    |Info:    Valid v4 profile found for Main
1026  |Info:    ------------------------------------------------------
1026  |Info:    |               Start device detection               |
1026  |Info:    ------------------------------------------------------
1026  |Info:    Initializing HID interfaces: Success
1029  |Info:    ------------------------------------------------------
1029  |Info:    |             Detecting I2C interfaces               |
1029  |Info:    ------------------------------------------------------
1029  |Info:    Registering I2C interface: /dev/i2c-3 Device 10DE:2482 Subsystem: 1043:880E
1029  |Info:    Registering I2C interface: /dev/i2c-1 Device 10DE:2482 Subsystem: 1043:880E
1029  |Info:    Registering I2C interface: /dev/i2c-6 Device 10DE:2482 Subsystem: 1043:880E
1029  |Info:    Registering I2C interface: /dev/i2c-4 Device 10DE:2482 Subsystem: 1043:880E
1029  |Info:    Registering I2C interface: /dev/i2c-2 Device 10DE:2482 Subsystem: 1043:880E
1030  |Info:    Registering I2C interface: /dev/i2c-0 Device 8086:43A3 Subsystem: 1462:7D07
1030  |Info:    Registering I2C interface: /dev/i2c-5 Device 10DE:2482 Subsystem: 1043:880E
1030  |Info:    ------------------------------------------------------
1030  |Info:    |               Detecting I2C devices                |
1030  |Info:    ------------------------------------------------------
1258  |Info:    [Corsair Vengeance Pro RGB] Registering RGB controller
1280  |Info:    [Corsair Vengeance Pro RGB] Registering RGB controller
1370  |Info:    ------------------------------------------------------
1370  |Info:    |               Detecting I2C PCI devices            |
1370  |Info:    ------------------------------------------------------
1628  |Info:    [ASUS ROG STRIX 3070Ti O8G GAMING] Registering RGB controller
1795  |Info:    ------------------------------------------------------
1795  |Info:    |               Detecting HID devices                |
1795  |Info:    ------------------------------------------------------
1809  |Info:    [KLM] Created new Full 104 key ISO QWERTY with 6 rows and 21 columns containing 105 keys
1809  |Info:    [Razer Cynosa Chroma V2] Registering RGB controller
2196  |Info:    [G502 HERO Gaming Mouse] Registering RGB controller
2338  |Info:    [Corsair Commander Core] Registering RGB controller
2412  |Info:    [MSI MPG Z590 GAMING EDGE WIFI (MS-7D07)] Registering RGB controller
2423  |Info:    [Razer Goliathus] Registering RGB controller
2423  |Info:    ------------------------------------------------------
2423  |Info:    |            Detecting libusb HID devices            |
2423  |Info:    ------------------------------------------------------
