    OpenRGB v0.9
    Commit:  from 
    Launched: 20240304_234711
====================================================================================================

0     |Info:    Found file: Main.orp attempting to validate header
0     |Info:    Valid v4 profile found for Main
1006  |Info:    ------------------------------------------------------
1006  |Info:    |               Start device detection               |
1006  |Info:    ------------------------------------------------------
1006  |Info:    Initializing HID interfaces: Success
1023  |Info:    ------------------------------------------------------
1023  |Info:    |             Detecting I2C interfaces               |
1023  |Info:    ------------------------------------------------------
1023  |Info:    Registering I2C interface: /dev/i2c-0 Device 8086:43A3 Subsystem: 1462:7D07
1023  |Info:    ------------------------------------------------------
1023  |Info:    |               Detecting I2C devices                |
1023  |Info:    ------------------------------------------------------
1096  |Info:    [Corsair Vengeance Pro RGB] Registering RGB controller
1119  |Info:    [Corsair Vengeance Pro RGB] Registering RGB controller
1369  |Info:    ------------------------------------------------------
1369  |Info:    |               Detecting I2C PCI devices            |
1369  |Info:    ------------------------------------------------------
1370  |Info:    ------------------------------------------------------
1370  |Info:    |               Detecting HID devices                |
1370  |Info:    ------------------------------------------------------
1383  |Info:    [KLM] Created new Full 104 key ISO QWERTY with 6 rows and 21 columns containing 105 keys
1383  |Info:    [Razer Cynosa Chroma V2] Registering RGB controller
1493  |Info:    [Corsair Commander Core] Registering RGB controller
1566  |Info:    [MSI MPG Z590 GAMING EDGE WIFI (MS-7D07)] Registering RGB controller
1953  |Info:    [G502 HERO Gaming Mouse] Registering RGB controller
1963  |Info:    [Razer Goliathus] Registering RGB controller
1963  |Info:    ------------------------------------------------------
1963  |Info:    |            Detecting libusb HID devices            |
1963  |Info:    ------------------------------------------------------
1978  |Info:    [HyperX Quadcast S] Registering RGB controller
1978  |Info:    ------------------------------------------------------
1978  |Info:    |              Detecting other devices               |
1978  |Info:    ------------------------------------------------------
1982  |Info:    ------------------------------------------------------
1982  |Info:    |                Detection completed                 |
1982  |Info:    ------------------------------------------------------
80809 |Info:    Profile loading: Succeeded for Corsair Vengeance Pro RGB @ I2C: /dev/i2c-0, address 0x59
80809 |Info:    Profile loading: Succeeded for Corsair Vengeance Pro RGB @ I2C: /dev/i2c-0, address 0x5B
80809 |Info:    Profile loading: Succeeded for Razer Cynosa Chroma V2 @ HID: /dev/hidraw11
80809 |Info:    Profile loading: Succeeded for Corsair Commander Core @ HID: /dev/hidraw6
80809 |Info:    Profile loading: Succeeded for MSI MPG Z590 GAMING EDGE WIFI (MS-7D07) @ HID: /dev/hidraw0
80809 |Info:    Profile loading: Succeeded for G502 HERO Gaming Mouse @ HID: /dev/hidraw3 (Receiver) 
Wireless Index: 255
80809 |Info:    Profile loading: Succeeded for Razer Goliathus @ HID: /dev/hidraw4
80809 |Info:    Profile loading: FAILED! for HyperX Quadcast S @ 1-12.1:1.0
