    OpenRGB v0.9
    Commit:  from 
    Launched: 20240415_022854
====================================================================================================

0     |Info:    Found file: Main.orp attempting to validate header
0     |Info:    Valid v4 profile found for Main
1001  |Info:    ------------------------------------------------------
1001  |Info:    |               Start device detection               |
1001  |Info:    ------------------------------------------------------
1001  |Info:    Initializing HID interfaces: Success
1005  |Info:    ------------------------------------------------------
1005  |Info:    |             Detecting I2C interfaces               |
1005  |Info:    ------------------------------------------------------
1005  |Info:    Registering I2C interface: /dev/i2c-3 Device 10DE:2482 Subsystem: 1043:880E
1005  |Info:    Registering I2C interface: /dev/i2c-1 Device 10DE:2482 Subsystem: 1043:880E
1006  |Info:    Registering I2C interface: /dev/i2c-6 Device 10DE:2482 Subsystem: 1043:880E
1006  |Info:    Registering I2C interface: /dev/i2c-4 Device 10DE:2482 Subsystem: 1043:880E
1006  |Info:    Registering I2C interface: /dev/i2c-2 Device 10DE:2482 Subsystem: 1043:880E
1006  |Info:    Registering I2C interface: /dev/i2c-0 Device 8086:43A3 Subsystem: 1462:7D07
1006  |Info:    Registering I2C interface: /dev/i2c-5 Device 10DE:2482 Subsystem: 1043:880E
1006  |Info:    ------------------------------------------------------
1006  |Info:    |               Detecting I2C devices                |
1006  |Info:    ------------------------------------------------------
1077  |Info:    [Corsair Vengeance Pro RGB] Registering RGB controller
1099  |Info:    [Corsair Vengeance Pro RGB] Registering RGB controller
1335  |Info:    ------------------------------------------------------
1335  |Info:    |               Detecting I2C PCI devices            |
1335  |Info:    ------------------------------------------------------
1544  |Info:    [ASUS ROG STRIX 3070Ti O8G GAMING] Registering RGB controller
1706  |Info:    ------------------------------------------------------
1706  |Info:    |               Detecting HID devices                |
1706  |Info:    ------------------------------------------------------
1814  |Info:    [Corsair Commander Core] Registering RGB controller
1886  |Info:    [MSI MPG Z590 GAMING EDGE WIFI (MS-7D07)] Registering RGB controller
2274  |Info:    [G502 HERO Gaming Mouse] Registering RGB controller
2284  |Info:    [Razer Goliathus] Registering RGB controller
2284  |Info:    ------------------------------------------------------
2284  |Info:    |            Detecting libusb HID devices            |
2284  |Info:    ------------------------------------------------------
2297  |Info:    [HyperX Quadcast S] Registering RGB controller
2297  |Info:    ------------------------------------------------------
2297  |Info:    |              Detecting other devices               |
2297  |Info:    ------------------------------------------------------
2301  |Info:    ------------------------------------------------------
2301  |Info:    |                Detection completed                 |
2301  |Info:    ------------------------------------------------------
