    OpenRGB v0.9
    Commit:  from 
    Launched: 20240225_200643
====================================================================================================

0     |Info:    Found file: Main.orp attempting to validate header
0     |Info:    Valid v4 profile found for Main
1004  |Info:    ------------------------------------------------------
1004  |Info:    |               Start device detection               |
1004  |Info:    ------------------------------------------------------
1004  |Info:    Initializing HID interfaces: Success
1019  |Info:    ------------------------------------------------------
1019  |Info:    |             Detecting I2C interfaces               |
1019  |Info:    ------------------------------------------------------
1019  |Info:    Registering I2C interface: /dev/i2c-3 Device 10DE:2482 Subsystem: 1043:880E
1019  |Info:    Registering I2C interface: /dev/i2c-1 Device 10DE:2482 Subsystem: 1043:880E
1019  |Info:    Registering I2C interface: /dev/i2c-6 Device 10DE:2482 Subsystem: 1043:880E
1019  |Info:    Registering I2C interface: /dev/i2c-4 Device 10DE:2482 Subsystem: 1043:880E
1019  |Info:    Registering I2C interface: /dev/i2c-2 Device 10DE:2482 Subsystem: 1043:880E
1019  |Info:    Registering I2C interface: /dev/i2c-0 Device 8086:43A3 Subsystem: 1462:7D07
1020  |Info:    Registering I2C interface: /dev/i2c-5 Device 10DE:2482 Subsystem: 1043:880E
1020  |Info:    ------------------------------------------------------
1020  |Info:    |               Detecting I2C devices                |
1020  |Info:    ------------------------------------------------------
1251  |Info:    [Corsair Vengeance Pro RGB] Registering RGB controller
1274  |Info:    [Corsair Vengeance Pro RGB] Registering RGB controller
1368  |Info:    ------------------------------------------------------
1368  |Info:    |               Detecting I2C PCI devices            |
1368  |Info:    ------------------------------------------------------
1663  |Info:    [ASUS ROG STRIX 3070Ti O8G GAMING] Registering RGB controller
1831  |Info:    ------------------------------------------------------
1831  |Info:    |               Detecting HID devices                |
1831  |Info:    ------------------------------------------------------
1844  |Info:    [KLM] Created new Full 104 key ISO QWERTY with 6 rows and 21 columns containing 105 keys
1844  |Info:    [Razer Cynosa Chroma V2] Registering RGB controller
1979  |Info:    [Corsair Commander Core] Registering RGB controller
2049  |Info:    [MSI MPG Z590 GAMING EDGE WIFI (MS-7D07)] Registering RGB controller
2436  |Info:    [G502 HERO Gaming Mouse] Registering RGB controller
2446  |Info:    [Razer Goliathus] Registering RGB controller
2446  |Info:    ------------------------------------------------------
2446  |Info:    |            Detecting libusb HID devices            |
2446  |Info:    ------------------------------------------------------
2470  |Info:    [HyperX Quadcast S] Registering RGB controller
2470  |Info:    ------------------------------------------------------
2470  |Info:    |              Detecting other devices               |
2470  |Info:    ------------------------------------------------------
2473  |Info:    ------------------------------------------------------
2473  |Info:    |                Detection completed                 |
2473  |Info:    ------------------------------------------------------
3513  |Info:    Profile loading: Succeeded for Corsair Vengeance Pro RGB @ I2C: /dev/i2c-0, address 0x59
3513  |Info:    Profile loading: Succeeded for Corsair Vengeance Pro RGB @ I2C: /dev/i2c-0, address 0x5B
3513  |Info:    Profile loading: Succeeded for ASUS ROG STRIX 3070Ti O8G GAMING @ I2C: /dev/i2c-1, address 0x67
3513  |Info:    Profile loading: Succeeded for Razer Cynosa Chroma V2 @ HID: /dev/hidraw9
3513  |Info:    Profile loading: Succeeded for Corsair Commander Core @ HID: /dev/hidraw11
3513  |Info:    Profile loading: Succeeded for MSI MPG Z590 GAMING EDGE WIFI (MS-7D07) @ HID: /dev/hidraw0
3513  |Info:    Profile loading: Succeeded for G502 HERO Gaming Mouse @ HID: /dev/hidraw3 (Receiver) 
Wireless Index: 255
3513  |Info:    Profile loading: Succeeded for Razer Goliathus @ HID: /dev/hidraw4
3513  |Info:    Profile loading: FAILED! for HyperX Quadcast S @ 1-12.1:1.0
