    OpenRGB v0.9
    Commit:  from 
    Launched: 20240722_111043
====================================================================================================

0     |Info:    Found file: Main.orp attempting to validate header
1     |Info:    Valid v4 profile found for Main
1007  |Info:    ------------------------------------------------------
1007  |Info:    |               Start device detection               |
1007  |Info:    ------------------------------------------------------
1007  |Info:    Initializing HID interfaces: Success
1014  |Info:    ------------------------------------------------------
1014  |Info:    |             Detecting I2C interfaces               |
1014  |Info:    ------------------------------------------------------
1014  |Info:    Registering I2C interface: /dev/i2c-3 Device 10DE:2482 Subsystem: 1043:880E
1014  |Info:    Registering I2C interface: /dev/i2c-1 Device 10DE:2482 Subsystem: 1043:880E
1014  |Info:    Registering I2C interface: /dev/i2c-6 Device 8086:43A3 Subsystem: 1462:7D07
1014  |Info:    Registering I2C interface: /dev/i2c-4 Device 10DE:2482 Subsystem: 1043:880E
1014  |Info:    Registering I2C interface: /dev/i2c-2 Device 10DE:2482 Subsystem: 1043:880E
1014  |Info:    Registering I2C interface: /dev/i2c-0 Device 10DE:2482 Subsystem: 1043:880E
1014  |Info:    Registering I2C interface: /dev/i2c-5 Device 10DE:2482 Subsystem: 1043:880E
1014  |Info:    ------------------------------------------------------
1014  |Info:    |               Detecting I2C devices                |
1014  |Info:    ------------------------------------------------------
1086  |Info:    [Corsair Vengeance Pro RGB] Registering RGB controller
1109  |Info:    [Corsair Vengeance Pro RGB] Registering RGB controller
1353  |Info:    ------------------------------------------------------
1353  |Info:    |               Detecting I2C PCI devices            |
1353  |Info:    ------------------------------------------------------
1827  |Info:    [ASUS ROG STRIX 3070Ti O8G GAMING] Registering RGB controller
1869  |Info:    ------------------------------------------------------
1869  |Info:    |               Detecting HID devices                |
1869  |Info:    ------------------------------------------------------
1879  |Info:    [Razer Goliathus] Registering RGB controller
2019  |Info:    [Corsair Commander Core] Registering RGB controller
2101  |Info:    [MSI MPG Z590 GAMING EDGE WIFI (MS-7D07)] Registering RGB controller
2488  |Info:    [G502 HERO Gaming Mouse] Registering RGB controller
2488  |Info:    ------------------------------------------------------
2488  |Info:    |            Detecting libusb HID devices            |
2488  |Info:    ------------------------------------------------------
2512  |Info:    [HyperX Quadcast S] Registering RGB controller
2512  |Info:    ------------------------------------------------------
2512  |Info:    |              Detecting other devices               |
2512  |Info:    ------------------------------------------------------
2516  |Info:    ------------------------------------------------------
2516  |Info:    |                Detection completed                 |
2516  |Info:    ------------------------------------------------------
3948  |Info:    Profile loading: Succeeded for Corsair Vengeance Pro RGB @ I2C: /dev/i2c-6, address 0x59
3948  |Info:    Profile loading: Succeeded for Corsair Vengeance Pro RGB @ I2C: /dev/i2c-6, address 0x5B
3948  |Info:    Profile loading: Succeeded for ASUS ROG STRIX 3070Ti O8G GAMING @ I2C: /dev/i2c-0, address 0x67
3948  |Info:    Profile loading: Succeeded for Razer Goliathus @ HID: /dev/hidraw8
3948  |Info:    Profile loading: Succeeded for Corsair Commander Core @ HID: /dev/hidraw5
3948  |Info:    Profile loading: Succeeded for MSI MPG Z590 GAMING EDGE WIFI (MS-7D07) @ HID: /dev/hidraw0
3948  |Info:    Profile loading: Succeeded for G502 HERO Gaming Mouse @ HID: /dev/hidraw3 (Receiver) 
Wireless Index: 255
3948  |Info:    Profile loading: FAILED! for HyperX Quadcast S @ 1-12.1:1.0
