    OpenRGB v0.9
    Commit:  from 
    Launched: 20240226_115158
====================================================================================================

0     |Info:    Found file: Main.orp attempting to validate header
0     |Info:    Valid v4 profile found for Main
1005  |Info:    ------------------------------------------------------
1005  |Info:    |               Start device detection               |
1005  |Info:    ------------------------------------------------------
1005  |Info:    Initializing HID interfaces: Success
1016  |Info:    ------------------------------------------------------
1016  |Info:    |             Detecting I2C interfaces               |
1016  |Info:    ------------------------------------------------------
1016  |Info:    Registering I2C interface: /dev/i2c-3 Device 10DE:2482 Subsystem: 1043:880E
1016  |Info:    Registering I2C interface: /dev/i2c-1 Device 10DE:2482 Subsystem: 1043:880E
1016  |Info:    Registering I2C interface: /dev/i2c-6 Device 10DE:2482 Subsystem: 1043:880E
1016  |Info:    Registering I2C interface: /dev/i2c-4 Device 10DE:2482 Subsystem: 1043:880E
1016  |Info:    Registering I2C interface: /dev/i2c-2 Device 10DE:2482 Subsystem: 1043:880E
1017  |Info:    Registering I2C interface: /dev/i2c-0 Device 8086:43A3 Subsystem: 1462:7D07
1017  |Info:    Registering I2C interface: /dev/i2c-5 Device 10DE:2482 Subsystem: 1043:880E
1017  |Info:    ------------------------------------------------------
1017  |Info:    |               Detecting I2C devices                |
1017  |Info:    ------------------------------------------------------
1249  |Info:    [Corsair Vengeance Pro RGB] Registering RGB controller
1272  |Info:    [Corsair Vengeance Pro RGB] Registering RGB controller
1372  |Info:    ------------------------------------------------------
1372  |Info:    |               Detecting I2C PCI devices            |
1372  |Info:    ------------------------------------------------------
1695  |Info:    [ASUS ROG STRIX 3070Ti O8G GAMING] Registering RGB controller
1864  |Info:    ------------------------------------------------------
1864  |Info:    |               Detecting HID devices                |
1864  |Info:    ------------------------------------------------------
1877  |Info:    [KLM] Created new Full 104 key ISO QWERTY with 6 rows and 21 columns containing 105 keys
1877  |Info:    [Razer Cynosa Chroma V2] Registering RGB controller
2010  |Info:    [Corsair Commander Core] Registering RGB controller
2082  |Info:    [MSI MPG Z590 GAMING EDGE WIFI (MS-7D07)] Registering RGB controller
2470  |Info:    [G502 HERO Gaming Mouse] Registering RGB controller
2480  |Info:    [Razer Goliathus] Registering RGB controller
2480  |Info:    ------------------------------------------------------
2480  |Info:    |            Detecting libusb HID devices            |
2480  |Info:    ------------------------------------------------------
2502  |Info:    [HyperX Quadcast S] Registering RGB controller
2502  |Info:    ------------------------------------------------------
2502  |Info:    |              Detecting other devices               |
2502  |Info:    ------------------------------------------------------
2506  |Info:    ------------------------------------------------------
2506  |Info:    |                Detection completed                 |
2506  |Info:    ------------------------------------------------------
3630  |Info:    Profile loading: Succeeded for Corsair Vengeance Pro RGB @ I2C: /dev/i2c-0, address 0x59
3630  |Info:    Profile loading: Succeeded for Corsair Vengeance Pro RGB @ I2C: /dev/i2c-0, address 0x5B
3630  |Info:    Profile loading: Succeeded for ASUS ROG STRIX 3070Ti O8G GAMING @ I2C: /dev/i2c-1, address 0x67
3630  |Info:    Profile loading: Succeeded for Razer Cynosa Chroma V2 @ HID: /dev/hidraw9
3630  |Info:    Profile loading: Succeeded for Corsair Commander Core @ HID: /dev/hidraw11
3630  |Info:    Profile loading: Succeeded for MSI MPG Z590 GAMING EDGE WIFI (MS-7D07) @ HID: /dev/hidraw0
3630  |Info:    Profile loading: Succeeded for G502 HERO Gaming Mouse @ HID: /dev/hidraw3 (Receiver) 
Wireless Index: 255
3630  |Info:    Profile loading: Succeeded for Razer Goliathus @ HID: /dev/hidraw4
3630  |Info:    Profile loading: FAILED! for HyperX Quadcast S @ 1-12.1:1.0
