    OpenRGB v0.9
    Commit:  from 
    Launched: 20240215_031233
====================================================================================================

0     |Info:    Found file: Main.orp attempting to validate header
0     |Info:    Valid v4 profile found for Main
1006  |Info:    ------------------------------------------------------
1006  |Info:    |               Start device detection               |
1006  |Info:    ------------------------------------------------------
1007  |Info:    Initializing HID interfaces: Success
1014  |Info:    ------------------------------------------------------
1014  |Info:    |             Detecting I2C interfaces               |
1014  |Info:    ------------------------------------------------------
1014  |Info:    Registering I2C interface: /dev/i2c-3 Device 10DE:2482 Subsystem: 1043:880E
1014  |Info:    Registering I2C interface: /dev/i2c-1 Device 10DE:2482 Subsystem: 1043:880E
1014  |Info:    Registering I2C interface: /dev/i2c-6 Device 10DE:2482 Subsystem: 1043:880E
1014  |Info:    Registering I2C interface: /dev/i2c-4 Device 10DE:2482 Subsystem: 1043:880E
1014  |Info:    Registering I2C interface: /dev/i2c-2 Device 10DE:2482 Subsystem: 1043:880E
1014  |Info:    Registering I2C interface: /dev/i2c-0 Device 8086:43A3 Subsystem: 1462:7D07
1014  |Info:    Registering I2C interface: /dev/i2c-5 Device 10DE:2482 Subsystem: 1043:880E
1014  |Info:    ------------------------------------------------------
1014  |Info:    |               Detecting I2C devices                |
1014  |Info:    ------------------------------------------------------
1248  |Info:    [Corsair Vengeance Pro RGB] Registering RGB controller
1271  |Info:    [Corsair Vengeance Pro RGB] Registering RGB controller
1362  |Info:    ------------------------------------------------------
1362  |Info:    |               Detecting I2C PCI devices            |
1362  |Info:    ------------------------------------------------------
1681  |Info:    [ASUS ROG STRIX 3070Ti O8G GAMING] Registering RGB controller
1851  |Info:    ------------------------------------------------------
1851  |Info:    |               Detecting HID devices                |
1851  |Info:    ------------------------------------------------------
1865  |Info:    [KLM] Created new Full 104 key ISO QWERTY with 6 rows and 21 columns containing 105 keys
1865  |Info:    [Razer Cynosa Chroma V2] Registering RGB controller
2252  |Info:    [G502 HERO Gaming Mouse] Registering RGB controller
2406  |Info:    [Corsair Commander Core] Registering RGB controller
2482  |Info:    [MSI MPG Z590 GAMING EDGE WIFI (MS-7D07)] Registering RGB controller
2494  |Info:    [Razer Goliathus] Registering RGB controller
2494  |Info:    ------------------------------------------------------
2494  |Info:    |            Detecting libusb HID devices            |
2494  |Info:    ------------------------------------------------------
