    OpenRGB v0.9
    Commit:  from 
    Launched: 20240114_122130
====================================================================================================

0     |Info:    Found file: Main.orp attempting to validate header
0     |Info:    Valid v4 profile found for Main
1002  |Info:    ------------------------------------------------------
1002  |Info:    |               Start device detection               |
1002  |Info:    ------------------------------------------------------
1003  |Info:    Initializing HID interfaces: Success
1010  |Info:    ------------------------------------------------------
1010  |Info:    |             Detecting I2C interfaces               |
1010  |Info:    ------------------------------------------------------
1010  |Info:    Registering I2C interface: /dev/i2c-3 Device 10DE:2482 Subsystem: 1043:880E
1010  |Info:    Registering I2C interface: /dev/i2c-1 Device 10DE:2482 Subsystem: 1043:880E
1010  |Info:    Registering I2C interface: /dev/i2c-6 Device 10DE:2482 Subsystem: 1043:880E
1010  |Info:    Registering I2C interface: /dev/i2c-4 Device 10DE:2482 Subsystem: 1043:880E
1010  |Info:    Registering I2C interface: /dev/i2c-2 Device 10DE:2482 Subsystem: 1043:880E
1010  |Info:    Registering I2C interface: /dev/i2c-0 Device 8086:43A3 Subsystem: 1462:7D07
1010  |Info:    Registering I2C interface: /dev/i2c-5 Device 10DE:2482 Subsystem: 1043:880E
1010  |Info:    ------------------------------------------------------
1010  |Info:    |               Detecting I2C devices                |
1010  |Info:    ------------------------------------------------------
1244  |Info:    [Corsair Vengeance Pro RGB] Registering RGB controller
1267  |Info:    [Corsair Vengeance Pro RGB] Registering RGB controller
1359  |Info:    ------------------------------------------------------
1359  |Info:    |               Detecting I2C PCI devices            |
1359  |Info:    ------------------------------------------------------
1607  |Info:    [ASUS ROG STRIX 3070Ti O8G GAMING] Registering RGB controller
1776  |Info:    ------------------------------------------------------
1776  |Info:    |               Detecting HID devices                |
1776  |Info:    ------------------------------------------------------
1789  |Info:    [KLM] Created new Full 104 key ISO QWERTY with 6 rows and 21 columns containing 105 keys
1789  |Info:    [Razer Cynosa Chroma V2] Registering RGB controller
2176  |Info:    [G502 HERO Gaming Mouse] Registering RGB controller
2281  |Info:    [Corsair Commander Core] Registering RGB controller
2353  |Info:    [MSI MPG Z590 GAMING EDGE WIFI (MS-7D07)] Registering RGB controller
2363  |Info:    [Razer Goliathus] Registering RGB controller
2363  |Info:    ------------------------------------------------------
2363  |Info:    |            Detecting libusb HID devices            |
2363  |Info:    ------------------------------------------------------
2379  |Info:    [HyperX Quadcast S] Registering RGB controller
2379  |Info:    ------------------------------------------------------
2379  |Info:    |              Detecting other devices               |
2379  |Info:    ------------------------------------------------------
2383  |Info:    ------------------------------------------------------
2383  |Info:    |                Detection completed                 |
2383  |Info:    ------------------------------------------------------
