    OpenRGB v0.9
    Commit:  from 
    Launched: 20240121_112752
====================================================================================================

0     |Info:    Found file: Main.orp attempting to validate header
0     |Info:    Valid v4 profile found for Main
1004  |Info:    ------------------------------------------------------
1004  |Info:    |               Start device detection               |
1004  |Info:    ------------------------------------------------------
1005  |Info:    Initializing HID interfaces: Success
1020  |Info:    ------------------------------------------------------
1020  |Info:    |             Detecting I2C interfaces               |
1020  |Info:    ------------------------------------------------------
1020  |Info:    Registering I2C interface: /dev/i2c-3 Device 10DE:2482 Subsystem: 1043:880E
1020  |Info:    Registering I2C interface: /dev/i2c-1 Device 10DE:2482 Subsystem: 1043:880E
1020  |Info:    Registering I2C interface: /dev/i2c-6 Device 10DE:2482 Subsystem: 1043:880E
1020  |Info:    Registering I2C interface: /dev/i2c-4 Device 10DE:2482 Subsystem: 1043:880E
1020  |Info:    Registering I2C interface: /dev/i2c-2 Device 10DE:2482 Subsystem: 1043:880E
1020  |Info:    Registering I2C interface: /dev/i2c-0 Device 8086:43A3 Subsystem: 1462:7D07
1020  |Info:    Registering I2C interface: /dev/i2c-5 Device 10DE:2482 Subsystem: 1043:880E
1020  |Info:    ------------------------------------------------------
1020  |Info:    |               Detecting I2C devices                |
1020  |Info:    ------------------------------------------------------
1251  |Info:    [Corsair Vengeance Pro RGB] Registering RGB controller
1273  |Info:    [Corsair Vengeance Pro RGB] Registering RGB controller
1366  |Info:    ------------------------------------------------------
1366  |Info:    |               Detecting I2C PCI devices            |
1366  |Info:    ------------------------------------------------------
1618  |Info:    [ASUS ROG STRIX 3070Ti O8G GAMING] Registering RGB controller
1786  |Info:    ------------------------------------------------------
1786  |Info:    |               Detecting HID devices                |
1786  |Info:    ------------------------------------------------------
1799  |Info:    [KLM] Created new Full 104 key ISO QWERTY with 6 rows and 21 columns containing 105 keys
1799  |Info:    [Razer Cynosa Chroma V2] Registering RGB controller
2187  |Info:    [G502 HERO Gaming Mouse] Registering RGB controller
2335  |Info:    [Corsair Commander Core] Registering RGB controller
2407  |Info:    [MSI MPG Z590 GAMING EDGE WIFI (MS-7D07)] Registering RGB controller
2417  |Info:    [Razer Goliathus] Registering RGB controller
2417  |Info:    ------------------------------------------------------
2417  |Info:    |            Detecting libusb HID devices            |
2417  |Info:    ------------------------------------------------------
