    OpenRGB v0.9
    Commit:  from 
    Launched: 20240703_223637
====================================================================================================

0     |Info:    Found file: Main.orp attempting to validate header
0     |Info:    Valid v4 profile found for Main
1007  |Info:    ------------------------------------------------------
1007  |Info:    |               Start device detection               |
1007  |Info:    ------------------------------------------------------
1007  |Info:    Initializing HID interfaces: Success
1026  |Info:    ------------------------------------------------------
1026  |Info:    |             Detecting I2C interfaces               |
1026  |Info:    ------------------------------------------------------
1029  |Info:    Registering I2C interface: /dev/i2c-3 Device 10DE:2482 Subsystem: 1043:880E
1029  |Info:    Registering I2C interface: /dev/i2c-1 Device 10DE:2482 Subsystem: 1043:880E
1029  |Info:    Registering I2C interface: /dev/i2c-6 Device 8086:43A3 Subsystem: 1462:7D07
1029  |Info:    Registering I2C interface: /dev/i2c-4 Device 10DE:2482 Subsystem: 1043:880E
1029  |Info:    Registering I2C interface: /dev/i2c-2 Device 10DE:2482 Subsystem: 1043:880E
1029  |Info:    Registering I2C interface: /dev/i2c-0 Device 10DE:2482 Subsystem: 1043:880E
1029  |Info:    Registering I2C interface: /dev/i2c-5 Device 10DE:2482 Subsystem: 1043:880E
1029  |Info:    ------------------------------------------------------
1029  |Info:    |               Detecting I2C devices                |
1030  |Info:    ------------------------------------------------------
1103  |Info:    [Corsair Vengeance Pro RGB] Registering RGB controller
1125  |Info:    [Corsair Vengeance Pro RGB] Registering RGB controller
1366  |Info:    ------------------------------------------------------
1366  |Info:    |               Detecting I2C PCI devices            |
1366  |Info:    ------------------------------------------------------
1703  |Info:    [ASUS ROG STRIX 3070Ti O8G GAMING] Registering RGB controller
1744  |Info:    ------------------------------------------------------
1744  |Info:    |               Detecting HID devices                |
1744  |Info:    ------------------------------------------------------
1755  |Info:    [Razer Goliathus] Registering RGB controller
1887  |Info:    [Corsair Commander Core] Registering RGB controller
1967  |Info:    [MSI MPG Z590 GAMING EDGE WIFI (MS-7D07)] Registering RGB controller
2354  |Info:    [G502 HERO Gaming Mouse] Registering RGB controller
2354  |Info:    ------------------------------------------------------
2354  |Info:    |            Detecting libusb HID devices            |
2354  |Info:    ------------------------------------------------------
2376  |Info:    [HyperX Quadcast S] Registering RGB controller
2376  |Info:    ------------------------------------------------------
2376  |Info:    |              Detecting other devices               |
2376  |Info:    ------------------------------------------------------
2380  |Info:    ------------------------------------------------------
2380  |Info:    |                Detection completed                 |
2380  |Info:    ------------------------------------------------------
4404  |Info:    Profile loading: Succeeded for Corsair Vengeance Pro RGB @ I2C: /dev/i2c-6, address 0x59
4404  |Info:    Profile loading: Succeeded for Corsair Vengeance Pro RGB @ I2C: /dev/i2c-6, address 0x5B
4404  |Info:    Profile loading: Succeeded for ASUS ROG STRIX 3070Ti O8G GAMING @ I2C: /dev/i2c-0, address 0x67
4404  |Info:    Profile loading: Succeeded for Razer Goliathus @ HID: /dev/hidraw8
4404  |Info:    Profile loading: Succeeded for Corsair Commander Core @ HID: /dev/hidraw5
4404  |Info:    Profile loading: Succeeded for MSI MPG Z590 GAMING EDGE WIFI (MS-7D07) @ HID: /dev/hidraw0
4404  |Info:    Profile loading: Succeeded for G502 HERO Gaming Mouse @ HID: /dev/hidraw3 (Receiver) 
Wireless Index: 255
4404  |Info:    Profile loading: FAILED! for HyperX Quadcast S @ 1-12.1:1.0
