    OpenRGB v0.9
    Commit:  from 
    Launched: 20240306_215737
====================================================================================================

0     |Info:    Found file: Main.orp attempting to validate header
0     |Info:    Valid v4 profile found for Main
1013  |Info:    ------------------------------------------------------
1014  |Info:    |               Start device detection               |
1014  |Info:    ------------------------------------------------------
1014  |Info:    Initializing HID interfaces: Success
1025  |Info:    ------------------------------------------------------
1025  |Info:    |             Detecting I2C interfaces               |
1025  |Info:    ------------------------------------------------------
1025  |Info:    Registering I2C interface: /dev/i2c-3 Device 10DE:2482 Subsystem: 1043:880E
1025  |Info:    Registering I2C interface: /dev/i2c-1 Device 10DE:2482 Subsystem: 1043:880E
1025  |Info:    Registering I2C interface: /dev/i2c-6 Device 10DE:2482 Subsystem: 1043:880E
1025  |Info:    Registering I2C interface: /dev/i2c-4 Device 10DE:2482 Subsystem: 1043:880E
1025  |Info:    Registering I2C interface: /dev/i2c-2 Device 10DE:2482 Subsystem: 1043:880E
1026  |Info:    Registering I2C interface: /dev/i2c-0 Device 8086:43A3 Subsystem: 1462:7D07
1026  |Info:    Registering I2C interface: /dev/i2c-5 Device 10DE:2482 Subsystem: 1043:880E
1026  |Info:    ------------------------------------------------------
1026  |Info:    |               Detecting I2C devices                |
1026  |Info:    ------------------------------------------------------
1099  |Info:    [Corsair Vengeance Pro RGB] Registering RGB controller
1121  |Info:    [Corsair Vengeance Pro RGB] Registering RGB controller
1370  |Info:    ------------------------------------------------------
1371  |Info:    |               Detecting I2C PCI devices            |
1371  |Info:    ------------------------------------------------------
1587  |Info:    [ASUS ROG STRIX 3070Ti O8G GAMING] Registering RGB controller
1749  |Info:    ------------------------------------------------------
1749  |Info:    |               Detecting HID devices                |
1749  |Info:    ------------------------------------------------------
1763  |Info:    [KLM] Created new Full 104 key ISO QWERTY with 6 rows and 21 columns containing 105 keys
1763  |Info:    [Razer Cynosa Chroma V2] Registering RGB controller
9941  |Info:    Detection abort requested
11528 |Info:    Profile loading: Succeeded for Corsair Vengeance Pro RGB @ I2C: /dev/i2c-0, address 0x59
11528 |Info:    Profile loading: Succeeded for Corsair Vengeance Pro RGB @ I2C: /dev/i2c-0, address 0x5B
11528 |Info:    Profile loading: Succeeded for ASUS ROG STRIX 3070Ti O8G GAMING @ I2C: /dev/i2c-1, address 0x67
11528 |Info:    Profile loading: Succeeded for Razer Cynosa Chroma V2 @ HID: /dev/hidraw11
