    OpenRGB v0.9
    Commit:  from 
    Launched: 20240313_155030
====================================================================================================

0     |Info:    Found file: Main.orp attempting to validate header
1     |Info:    Valid v4 profile found for Main
1006  |Info:    ------------------------------------------------------
1006  |Info:    |               Start device detection               |
1006  |Info:    ------------------------------------------------------
1007  |Info:    Initializing HID interfaces: Success
1016  |Info:    ------------------------------------------------------
1016  |Info:    |             Detecting I2C interfaces               |
1016  |Info:    ------------------------------------------------------
1016  |Info:    Registering I2C interface: /dev/i2c-3 Device 10DE:2482 Subsystem: 1043:880E
1016  |Info:    Registering I2C interface: /dev/i2c-1 Device 10DE:2482 Subsystem: 1043:880E
1016  |Info:    Registering I2C interface: /dev/i2c-6 Device 10DE:2482 Subsystem: 1043:880E
1016  |Info:    Registering I2C interface: /dev/i2c-4 Device 10DE:2482 Subsystem: 1043:880E
1016  |Info:    Registering I2C interface: /dev/i2c-2 Device 10DE:2482 Subsystem: 1043:880E
1016  |Info:    Registering I2C interface: /dev/i2c-0 Device 8086:43A3 Subsystem: 1462:7D07
1016  |Info:    Registering I2C interface: /dev/i2c-5 Device 10DE:2482 Subsystem: 1043:880E
1016  |Info:    ------------------------------------------------------
1016  |Info:    |               Detecting I2C devices                |
1016  |Info:    ------------------------------------------------------
1087  |Info:    [Corsair Vengeance Pro RGB] Registering RGB controller
1110  |Info:    [Corsair Vengeance Pro RGB] Registering RGB controller
1361  |Info:    ------------------------------------------------------
1361  |Info:    |               Detecting I2C PCI devices            |
1361  |Info:    ------------------------------------------------------
1573  |Info:    [ASUS ROG STRIX 3070Ti O8G GAMING] Registering RGB controller
1735  |Info:    ------------------------------------------------------
1735  |Info:    |               Detecting HID devices                |
1735  |Info:    ------------------------------------------------------
1884  |Info:    [Corsair Commander Core] Registering RGB controller
1954  |Info:    [MSI MPG Z590 GAMING EDGE WIFI (MS-7D07)] Registering RGB controller
2342  |Info:    [G502 HERO Gaming Mouse] Registering RGB controller
2352  |Info:    [Razer Goliathus] Registering RGB controller
2352  |Info:    ------------------------------------------------------
2352  |Info:    |            Detecting libusb HID devices            |
2352  |Info:    ------------------------------------------------------
2374  |Info:    [HyperX Quadcast S] Registering RGB controller
2374  |Info:    ------------------------------------------------------
2374  |Info:    |              Detecting other devices               |
2374  |Info:    ------------------------------------------------------
2378  |Info:    ------------------------------------------------------
2378  |Info:    |                Detection completed                 |
2378  |Info:    ------------------------------------------------------
76295 |Info:    Profile loading: Succeeded for Corsair Vengeance Pro RGB @ I2C: /dev/i2c-0, address 0x59
76295 |Info:    Profile loading: Succeeded for Corsair Vengeance Pro RGB @ I2C: /dev/i2c-0, address 0x5B
76295 |Info:    Profile loading: Succeeded for ASUS ROG STRIX 3070Ti O8G GAMING @ I2C: /dev/i2c-1, address 0x67
76295 |Info:    Profile loading: Succeeded for Corsair Commander Core @ HID: /dev/hidraw5
76295 |Info:    Profile loading: Succeeded for MSI MPG Z590 GAMING EDGE WIFI (MS-7D07) @ HID: /dev/hidraw0
76295 |Info:    Profile loading: Succeeded for G502 HERO Gaming Mouse @ HID: /dev/hidraw3 (Receiver) 
Wireless Index: 255
76295 |Info:    Profile loading: Succeeded for Razer Goliathus @ HID: /dev/hidraw8
76295 |Info:    Profile loading: FAILED! for HyperX Quadcast S @ 1-12.1:1.0
