    OpenRGB v0.9
    Commit:  from 
    Launched: 20240718_153012
====================================================================================================

0     |Info:    Found file: Main.orp attempting to validate header
3     |Info:    Valid v4 profile found for Main
1008  |Info:    ------------------------------------------------------
1008  |Info:    |               Start device detection               |
1008  |Info:    ------------------------------------------------------
1008  |Info:    Initializing HID interfaces: Success
1012  |Info:    ------------------------------------------------------
1012  |Info:    |             Detecting I2C interfaces               |
1012  |Info:    ------------------------------------------------------
1012  |Info:    Registering I2C interface: /dev/i2c-3 Device 10DE:2482 Subsystem: 1043:880E
1012  |Info:    Registering I2C interface: /dev/i2c-1 Device 10DE:2482 Subsystem: 1043:880E
1012  |Info:    Registering I2C interface: /dev/i2c-6 Device 8086:43A3 Subsystem: 1462:7D07
1012  |Info:    Registering I2C interface: /dev/i2c-4 Device 10DE:2482 Subsystem: 1043:880E
1012  |Info:    Registering I2C interface: /dev/i2c-2 Device 10DE:2482 Subsystem: 1043:880E
1012  |Info:    Registering I2C interface: /dev/i2c-0 Device 10DE:2482 Subsystem: 1043:880E
1012  |Info:    Registering I2C interface: /dev/i2c-5 Device 10DE:2482 Subsystem: 1043:880E
1012  |Info:    ------------------------------------------------------
1012  |Info:    |               Detecting I2C devices                |
1012  |Info:    ------------------------------------------------------
1084  |Info:    [Corsair Vengeance Pro RGB] Registering RGB controller
1106  |Info:    [Corsair Vengeance Pro RGB] Registering RGB controller
1345  |Info:    ------------------------------------------------------
1345  |Info:    |               Detecting I2C PCI devices            |
1345  |Info:    ------------------------------------------------------
1796  |Info:    [ASUS ROG STRIX 3070Ti O8G GAMING] Registering RGB controller
1838  |Info:    ------------------------------------------------------
1838  |Info:    |               Detecting HID devices                |
1838  |Info:    ------------------------------------------------------
1848  |Info:    [Razer Goliathus] Registering RGB controller
1982  |Info:    [Corsair Commander Core] Registering RGB controller
2052  |Info:    [MSI MPG Z590 GAMING EDGE WIFI (MS-7D07)] Registering RGB controller
2440  |Info:    [G502 HERO Gaming Mouse] Registering RGB controller
2440  |Info:    ------------------------------------------------------
2440  |Info:    |            Detecting libusb HID devices            |
2440  |Info:    ------------------------------------------------------
2454  |Info:    [HyperX Quadcast S] Registering RGB controller
2454  |Info:    ------------------------------------------------------
2454  |Info:    |              Detecting other devices               |
2454  |Info:    ------------------------------------------------------
2459  |Info:    ------------------------------------------------------
2459  |Info:    |                Detection completed                 |
2459  |Info:    ------------------------------------------------------
3800  |Info:    Profile loading: Succeeded for Corsair Vengeance Pro RGB @ I2C: /dev/i2c-6, address 0x59
3800  |Info:    Profile loading: Succeeded for Corsair Vengeance Pro RGB @ I2C: /dev/i2c-6, address 0x5B
3800  |Info:    Profile loading: Succeeded for ASUS ROG STRIX 3070Ti O8G GAMING @ I2C: /dev/i2c-0, address 0x67
3800  |Info:    Profile loading: Succeeded for Razer Goliathus @ HID: /dev/hidraw6
3800  |Info:    Profile loading: Succeeded for Corsair Commander Core @ HID: /dev/hidraw10
3800  |Info:    Profile loading: Succeeded for MSI MPG Z590 GAMING EDGE WIFI (MS-7D07) @ HID: /dev/hidraw0
3800  |Info:    Profile loading: Succeeded for G502 HERO Gaming Mouse @ HID: /dev/hidraw3 (Receiver) 
Wireless Index: 255
3800  |Info:    Profile loading: FAILED! for HyperX Quadcast S @ 1-12.1:1.0
