    OpenRGB v0.9
    Commit:  from 
    Launched: 20240408_142457
====================================================================================================

7     |Info:    Found file: Main.orp attempting to validate header
7     |Info:    Valid v4 profile found for Main
1008  |Info:    ------------------------------------------------------
1008  |Info:    |               Start device detection               |
1008  |Info:    ------------------------------------------------------
1008  |Info:    Initializing HID interfaces: Success
1013  |Info:    ------------------------------------------------------
1013  |Info:    |             Detecting I2C interfaces               |
1013  |Info:    ------------------------------------------------------
1013  |Info:    Registering I2C interface: /dev/i2c-3 Device 10DE:2482 Subsystem: 1043:880E
1013  |Info:    Registering I2C interface: /dev/i2c-1 Device 10DE:2482 Subsystem: 1043:880E
1013  |Info:    Registering I2C interface: /dev/i2c-6 Device 10DE:2482 Subsystem: 1043:880E
1013  |Info:    Registering I2C interface: /dev/i2c-4 Device 10DE:2482 Subsystem: 1043:880E
1013  |Info:    Registering I2C interface: /dev/i2c-2 Device 10DE:2482 Subsystem: 1043:880E
1013  |Info:    Registering I2C interface: /dev/i2c-0 Device 8086:43A3 Subsystem: 1462:7D07
1013  |Info:    Registering I2C interface: /dev/i2c-5 Device 10DE:2482 Subsystem: 1043:880E
1013  |Info:    ------------------------------------------------------
1013  |Info:    |               Detecting I2C devices                |
1013  |Info:    ------------------------------------------------------
1084  |Info:    [Corsair Vengeance Pro RGB] Registering RGB controller
1107  |Info:    [Corsair Vengeance Pro RGB] Registering RGB controller
1343  |Info:    ------------------------------------------------------
1343  |Info:    |               Detecting I2C PCI devices            |
1343  |Info:    ------------------------------------------------------
1553  |Info:    [ASUS ROG STRIX 3070Ti O8G GAMING] Registering RGB controller
1715  |Info:    ------------------------------------------------------
1715  |Info:    |               Detecting HID devices                |
1715  |Info:    ------------------------------------------------------
1862  |Info:    [Corsair Commander Core] Registering RGB controller
1878  |Info:    [MSI MPG Z590 GAMING EDGE WIFI (MS-7D07)] Registering RGB controller
2266  |Info:    [G502 HERO Gaming Mouse] Registering RGB controller
2276  |Info:    [Razer Goliathus] Registering RGB controller
2276  |Info:    ------------------------------------------------------
2276  |Info:    |            Detecting libusb HID devices            |
2276  |Info:    ------------------------------------------------------
2295  |Info:    [HyperX Quadcast S] Registering RGB controller
2295  |Info:    ------------------------------------------------------
2295  |Info:    |              Detecting other devices               |
2295  |Info:    ------------------------------------------------------
2299  |Info:    ------------------------------------------------------
2299  |Info:    |                Detection completed                 |
2299  |Info:    ------------------------------------------------------
