    OpenRGB v0.9
    Commit:  from 
    Launched: 20240316_012546
====================================================================================================

0     |Info:    Found file: Main.orp attempting to validate header
0     |Info:    Valid v4 profile found for Main
1001  |Info:    ------------------------------------------------------
1001  |Info:    |               Start device detection               |
1001  |Info:    ------------------------------------------------------
1001  |Info:    Initializing HID interfaces: Success
1005  |Info:    ------------------------------------------------------
1005  |Info:    |             Detecting I2C interfaces               |
1005  |Info:    ------------------------------------------------------
1005  |Info:    Registering I2C interface: /dev/i2c-3 Device 10DE:2482 Subsystem: 1043:880E
1005  |Info:    Registering I2C interface: /dev/i2c-1 Device 10DE:2482 Subsystem: 1043:880E
1005  |Info:    Registering I2C interface: /dev/i2c-6 Device 10DE:2482 Subsystem: 1043:880E
1005  |Info:    Registering I2C interface: /dev/i2c-4 Device 10DE:2482 Subsystem: 1043:880E
1005  |Info:    Registering I2C interface: /dev/i2c-2 Device 10DE:2482 Subsystem: 1043:880E
1005  |Info:    Registering I2C interface: /dev/i2c-0 Device 8086:43A3 Subsystem: 1462:7D07
1005  |Info:    Registering I2C interface: /dev/i2c-5 Device 10DE:2482 Subsystem: 1043:880E
1005  |Info:    ------------------------------------------------------
1005  |Info:    |               Detecting I2C devices                |
1005  |Info:    ------------------------------------------------------
1077  |Info:    [Corsair Vengeance Pro RGB] Registering RGB controller
1100  |Info:    [Corsair Vengeance Pro RGB] Registering RGB controller
1350  |Info:    ------------------------------------------------------
1350  |Info:    |               Detecting I2C PCI devices            |
1350  |Info:    ------------------------------------------------------
1562  |Info:    [ASUS ROG STRIX 3070Ti O8G GAMING] Registering RGB controller
1724  |Info:    ------------------------------------------------------
1724  |Info:    |               Detecting HID devices                |
1724  |Info:    ------------------------------------------------------
1832  |Info:    [Corsair Commander Core] Registering RGB controller
1848  |Info:    [MSI MPG Z590 GAMING EDGE WIFI (MS-7D07)] Registering RGB controller
2236  |Info:    [G502 HERO Gaming Mouse] Registering RGB controller
2246  |Info:    [Razer Goliathus] Registering RGB controller
2246  |Info:    ------------------------------------------------------
2246  |Info:    |            Detecting libusb HID devices            |
2246  |Info:    ------------------------------------------------------
2259  |Info:    [HyperX Quadcast S] Registering RGB controller
2260  |Info:    ------------------------------------------------------
2260  |Info:    |              Detecting other devices               |
2260  |Info:    ------------------------------------------------------
2263  |Info:    ------------------------------------------------------
2263  |Info:    |                Detection completed                 |
2263  |Info:    ------------------------------------------------------
4149  |Info:    Profile loading: Succeeded for Corsair Vengeance Pro RGB @ I2C: /dev/i2c-0, address 0x59
4149  |Info:    Profile loading: Succeeded for Corsair Vengeance Pro RGB @ I2C: /dev/i2c-0, address 0x5B
4149  |Info:    Profile loading: Succeeded for ASUS ROG STRIX 3070Ti O8G GAMING @ I2C: /dev/i2c-1, address 0x67
4149  |Info:    Profile loading: Succeeded for Corsair Commander Core @ HID: /dev/hidraw5
4149  |Info:    Profile loading: Succeeded for MSI MPG Z590 GAMING EDGE WIFI (MS-7D07) @ HID: /dev/hidraw0
4149  |Info:    Profile loading: Succeeded for G502 HERO Gaming Mouse @ HID: /dev/hidraw11 (Receiver) 
Wireless Index: 255
4149  |Info:    Profile loading: Succeeded for Razer Goliathus @ HID: /dev/hidraw8
4149  |Info:    Profile loading: FAILED! for HyperX Quadcast S @ 1-12.1:1.0
