    OpenRGB v0.9
    Commit:  from 
    Launched: 20240313_025751
====================================================================================================

0     |Info:    Found file: Main.orp attempting to validate header
0     |Info:    Valid v4 profile found for Main
1004  |Info:    ------------------------------------------------------
1004  |Info:    |               Start device detection               |
1004  |Info:    ------------------------------------------------------
1004  |Info:    Initializing HID interfaces: Success
1008  |Info:    ------------------------------------------------------
1008  |Info:    |             Detecting I2C interfaces               |
1008  |Info:    ------------------------------------------------------
1008  |Info:    Registering I2C interface: /dev/i2c-0 Device 8086:43A3 Subsystem: 1462:7D07
1008  |Info:    ------------------------------------------------------
1008  |Info:    |               Detecting I2C devices                |
1008  |Info:    ------------------------------------------------------
1080  |Info:    [Corsair Vengeance Pro RGB] Registering RGB controller
1102  |Info:    [Corsair Vengeance Pro RGB] Registering RGB controller
1367  |Info:    ------------------------------------------------------
1367  |Info:    |               Detecting I2C PCI devices            |
1367  |Info:    ------------------------------------------------------
1367  |Info:    ------------------------------------------------------
1367  |Info:    |               Detecting HID devices                |
1367  |Info:    ------------------------------------------------------
1478  |Info:    [Corsair Commander Core] Registering RGB controller
1551  |Info:    [MSI MPG Z590 GAMING EDGE WIFI (MS-7D07)] Registering RGB controller
1939  |Info:    [G502 HERO Gaming Mouse] Registering RGB controller
1950  |Info:    [Razer Goliathus] Registering RGB controller
1950  |Info:    ------------------------------------------------------
1950  |Info:    |            Detecting libusb HID devices            |
1950  |Info:    ------------------------------------------------------
1964  |Info:    [HyperX Quadcast S] Registering RGB controller
1964  |Info:    ------------------------------------------------------
1964  |Info:    |              Detecting other devices               |
1964  |Info:    ------------------------------------------------------
1970  |Info:    ------------------------------------------------------
1970  |Info:    |                Detection completed                 |
1970  |Info:    ------------------------------------------------------
8987  |Info:    Profile loading: Succeeded for Corsair Vengeance Pro RGB @ I2C: /dev/i2c-0, address 0x59
8987  |Info:    Profile loading: Succeeded for Corsair Vengeance Pro RGB @ I2C: /dev/i2c-0, address 0x5B
8987  |Info:    Profile loading: Succeeded for Corsair Commander Core @ HID: /dev/hidraw5
8987  |Info:    Profile loading: Succeeded for MSI MPG Z590 GAMING EDGE WIFI (MS-7D07) @ HID: /dev/hidraw0
8987  |Info:    Profile loading: Succeeded for G502 HERO Gaming Mouse @ HID: /dev/hidraw3 (Receiver) 
Wireless Index: 255
8987  |Info:    Profile loading: Succeeded for Razer Goliathus @ HID: /dev/hidraw8
8987  |Info:    Profile loading: FAILED! for HyperX Quadcast S @ 1-12.1:1.0
