    OpenRGB v0.9
    Commit:  from 
    Launched: 20240306_220017
====================================================================================================

0     |Info:    Found file: Main.orp attempting to validate header
0     |Info:    Valid v4 profile found for Main
1014  |Info:    ------------------------------------------------------
1014  |Info:    |               Start device detection               |
1014  |Info:    ------------------------------------------------------
1015  |Info:    Initializing HID interfaces: Success
1026  |Info:    ------------------------------------------------------
1026  |Info:    |             Detecting I2C interfaces               |
1026  |Info:    ------------------------------------------------------
1026  |Info:    Registering I2C interface: /dev/i2c-3 Device 10DE:2482 Subsystem: 1043:880E
1026  |Info:    Registering I2C interface: /dev/i2c-1 Device 10DE:2482 Subsystem: 1043:880E
1026  |Info:    Registering I2C interface: /dev/i2c-6 Device 10DE:2482 Subsystem: 1043:880E
1026  |Info:    Registering I2C interface: /dev/i2c-4 Device 10DE:2482 Subsystem: 1043:880E
1026  |Info:    Registering I2C interface: /dev/i2c-2 Device 10DE:2482 Subsystem: 1043:880E
1026  |Info:    Registering I2C interface: /dev/i2c-0 Device 8086:43A3 Subsystem: 1462:7D07
1026  |Info:    Registering I2C interface: /dev/i2c-5 Device 10DE:2482 Subsystem: 1043:880E
1026  |Info:    ------------------------------------------------------
1026  |Info:    |               Detecting I2C devices                |
1026  |Info:    ------------------------------------------------------
1099  |Info:    [Corsair Vengeance Pro RGB] Registering RGB controller
1121  |Info:    [Corsair Vengeance Pro RGB] Registering RGB controller
1371  |Info:    ------------------------------------------------------
1371  |Info:    |               Detecting I2C PCI devices            |
1371  |Info:    ------------------------------------------------------
1582  |Info:    [ASUS ROG STRIX 3070Ti O8G GAMING] Registering RGB controller
1745  |Info:    ------------------------------------------------------
1745  |Info:    |               Detecting HID devices                |
1745  |Info:    ------------------------------------------------------
1758  |Info:    [KLM] Created new Full 104 key ISO QWERTY with 6 rows and 21 columns containing 105 keys
1758  |Info:    [Razer Cynosa Chroma V2] Registering RGB controller
1896  |Info:    [Corsair Commander Core] Registering RGB controller
1979  |Info:    [MSI MPG Z590 GAMING EDGE WIFI (MS-7D07)] Registering RGB controller
2367  |Info:    [G502 HERO Gaming Mouse] Registering RGB controller
2377  |Info:    [Razer Goliathus] Registering RGB controller
2377  |Info:    ------------------------------------------------------
2377  |Info:    |            Detecting libusb HID devices            |
2377  |Info:    ------------------------------------------------------
2392  |Info:    [HyperX Quadcast S] Registering RGB controller
2392  |Info:    ------------------------------------------------------
2392  |Info:    |              Detecting other devices               |
2392  |Info:    ------------------------------------------------------
2396  |Info:    ------------------------------------------------------
2396  |Info:    |                Detection completed                 |
2396  |Info:    ------------------------------------------------------
6114  |Info:    Profile loading: Succeeded for Corsair Vengeance Pro RGB @ I2C: /dev/i2c-0, address 0x59
6114  |Info:    Profile loading: Succeeded for Corsair Vengeance Pro RGB @ I2C: /dev/i2c-0, address 0x5B
6114  |Info:    Profile loading: Succeeded for ASUS ROG STRIX 3070Ti O8G GAMING @ I2C: /dev/i2c-1, address 0x67
6114  |Info:    Profile loading: Succeeded for Razer Cynosa Chroma V2 @ HID: /dev/hidraw9
6114  |Info:    Profile loading: Succeeded for Corsair Commander Core @ HID: /dev/hidraw11
6114  |Info:    Profile loading: Succeeded for MSI MPG Z590 GAMING EDGE WIFI (MS-7D07) @ HID: /dev/hidraw0
6114  |Info:    Profile loading: Succeeded for G502 HERO Gaming Mouse @ HID: /dev/hidraw3 (Receiver) 
Wireless Index: 255
6114  |Info:    Profile loading: Succeeded for Razer Goliathus @ HID: /dev/hidraw4
6114  |Info:    Profile loading: FAILED! for HyperX Quadcast S @ 1-12.1:1.0
