    OpenRGB v0.9
    Commit:  from 
    Launched: 20240305_001401
====================================================================================================

0     |Info:    Found file: Main.orp attempting to validate header
0     |Info:    Valid v4 profile found for Main
1004  |Info:    ------------------------------------------------------
1004  |Info:    |               Start device detection               |
1004  |Info:    ------------------------------------------------------
1004  |Info:    Initializing HID interfaces: Success
1008  |Info:    ------------------------------------------------------
1008  |Info:    |             Detecting I2C interfaces               |
1008  |Info:    ------------------------------------------------------
1008  |Info:    Registering I2C interface: /dev/i2c-3 Device 10DE:2482 Subsystem: 1043:880E
1008  |Info:    Registering I2C interface: /dev/i2c-1 Device 10DE:2482 Subsystem: 1043:880E
1008  |Info:    Registering I2C interface: /dev/i2c-6 Device 10DE:2482 Subsystem: 1043:880E
1008  |Info:    Registering I2C interface: /dev/i2c-4 Device 10DE:2482 Subsystem: 1043:880E
1008  |Info:    Registering I2C interface: /dev/i2c-2 Device 10DE:2482 Subsystem: 1043:880E
1008  |Info:    Registering I2C interface: /dev/i2c-0 Device 8086:43A3 Subsystem: 1462:7D07
1008  |Info:    Registering I2C interface: /dev/i2c-5 Device 10DE:2482 Subsystem: 1043:880E
1008  |Info:    ------------------------------------------------------
1008  |Info:    |               Detecting I2C devices                |
1008  |Info:    ------------------------------------------------------
1080  |Info:    [Corsair Vengeance Pro RGB] Registering RGB controller
1102  |Info:    [Corsair Vengeance Pro RGB] Registering RGB controller
1351  |Info:    ------------------------------------------------------
1351  |Info:    |               Detecting I2C PCI devices            |
1351  |Info:    ------------------------------------------------------
1602  |Info:    [ASUS ROG STRIX 3070Ti O8G GAMING] Registering RGB controller
1769  |Info:    ------------------------------------------------------
1769  |Info:    |               Detecting HID devices                |
1769  |Info:    ------------------------------------------------------
1782  |Info:    [KLM] Created new Full 104 key ISO QWERTY with 6 rows and 21 columns containing 105 keys
1782  |Info:    [Razer Cynosa Chroma V2] Registering RGB controller
1890  |Info:    [Corsair Commander Core] Registering RGB controller
1960  |Info:    [MSI MPG Z590 GAMING EDGE WIFI (MS-7D07)] Registering RGB controller
2348  |Info:    [G502 HERO Gaming Mouse] Registering RGB controller
2358  |Info:    [Razer Goliathus] Registering RGB controller
2358  |Info:    ------------------------------------------------------
2358  |Info:    |            Detecting libusb HID devices            |
2358  |Info:    ------------------------------------------------------
2374  |Info:    [HyperX Quadcast S] Registering RGB controller
2375  |Info:    ------------------------------------------------------
2375  |Info:    |              Detecting other devices               |
2375  |Info:    ------------------------------------------------------
2378  |Info:    ------------------------------------------------------
2378  |Info:    |                Detection completed                 |
2378  |Info:    ------------------------------------------------------
7286  |Info:    Profile loading: Succeeded for Corsair Vengeance Pro RGB @ I2C: /dev/i2c-0, address 0x59
7286  |Info:    Profile loading: Succeeded for Corsair Vengeance Pro RGB @ I2C: /dev/i2c-0, address 0x5B
7286  |Info:    Profile loading: Succeeded for ASUS ROG STRIX 3070Ti O8G GAMING @ I2C: /dev/i2c-1, address 0x67
7286  |Info:    Profile loading: Succeeded for Razer Cynosa Chroma V2 @ HID: /dev/hidraw9
7286  |Info:    Profile loading: Succeeded for Corsair Commander Core @ HID: /dev/hidraw11
7286  |Info:    Profile loading: Succeeded for MSI MPG Z590 GAMING EDGE WIFI (MS-7D07) @ HID: /dev/hidraw0
7286  |Info:    Profile loading: Succeeded for G502 HERO Gaming Mouse @ HID: /dev/hidraw3 (Receiver) 
Wireless Index: 255
7286  |Info:    Profile loading: Succeeded for Razer Goliathus @ HID: /dev/hidraw4
7286  |Info:    Profile loading: FAILED! for HyperX Quadcast S @ 1-12.1:1.0
