    OpenRGB v0.9
    Commit:  from 
    Launched: 20240423_203618
====================================================================================================

0     |Info:    Found file: Main.orp attempting to validate header
0     |Info:    Valid v4 profile found for Main
1004  |Info:    ------------------------------------------------------
1004  |Info:    |               Start device detection               |
1004  |Info:    ------------------------------------------------------
1004  |Info:    Initializing HID interfaces: Success
1009  |Info:    ------------------------------------------------------
1009  |Info:    |             Detecting I2C interfaces               |
1009  |Info:    ------------------------------------------------------
1009  |Info:    Registering I2C interface: /dev/i2c-3 Device 10DE:2482 Subsystem: 1043:880E
1009  |Info:    Registering I2C interface: /dev/i2c-1 Device 10DE:2482 Subsystem: 1043:880E
1009  |Info:    Registering I2C interface: /dev/i2c-6 Device 10DE:2482 Subsystem: 1043:880E
1010  |Info:    Registering I2C interface: /dev/i2c-4 Device 10DE:2482 Subsystem: 1043:880E
1010  |Info:    Registering I2C interface: /dev/i2c-2 Device 10DE:2482 Subsystem: 1043:880E
1010  |Info:    Registering I2C interface: /dev/i2c-0 Device 8086:43A3 Subsystem: 1462:7D07
1010  |Info:    Registering I2C interface: /dev/i2c-5 Device 10DE:2482 Subsystem: 1043:880E
1010  |Info:    ------------------------------------------------------
1010  |Info:    |               Detecting I2C devices                |
1010  |Info:    ------------------------------------------------------
1083  |Info:    [Corsair Vengeance Pro RGB] Registering RGB controller
1106  |Info:    [Corsair Vengeance Pro RGB] Registering RGB controller
1341  |Info:    ------------------------------------------------------
1341  |Info:    |               Detecting I2C PCI devices            |
1341  |Info:    ------------------------------------------------------
1551  |Info:    [ASUS ROG STRIX 3070Ti O8G GAMING] Registering RGB controller
1714  |Info:    ------------------------------------------------------
1714  |Info:    |               Detecting HID devices                |
1714  |Info:    ------------------------------------------------------
1868  |Info:    [Corsair Commander Core] Registering RGB controller
1952  |Info:    [MSI MPG Z590 GAMING EDGE WIFI (MS-7D07)] Registering RGB controller
2340  |Info:    [G502 HERO Gaming Mouse] Registering RGB controller
2350  |Info:    [Razer Goliathus] Registering RGB controller
2350  |Info:    ------------------------------------------------------
2350  |Info:    |            Detecting libusb HID devices            |
2350  |Info:    ------------------------------------------------------
2364  |Info:    [HyperX Quadcast S] Registering RGB controller
2364  |Info:    ------------------------------------------------------
2364  |Info:    |              Detecting other devices               |
2364  |Info:    ------------------------------------------------------
2369  |Info:    ------------------------------------------------------
2369  |Info:    |                Detection completed                 |
2369  |Info:    ------------------------------------------------------
5242  |Info:    Profile loading: Succeeded for Corsair Vengeance Pro RGB @ I2C: /dev/i2c-0, address 0x59
5242  |Info:    Profile loading: Succeeded for Corsair Vengeance Pro RGB @ I2C: /dev/i2c-0, address 0x5B
5242  |Info:    Profile loading: Succeeded for ASUS ROG STRIX 3070Ti O8G GAMING @ I2C: /dev/i2c-1, address 0x67
5242  |Info:    Profile loading: Succeeded for Corsair Commander Core @ HID: /dev/hidraw6
5242  |Info:    Profile loading: Succeeded for MSI MPG Z590 GAMING EDGE WIFI (MS-7D07) @ HID: /dev/hidraw0
5242  |Info:    Profile loading: Succeeded for G502 HERO Gaming Mouse @ HID: /dev/hidraw3 (Receiver) 
Wireless Index: 255
5242  |Info:    Profile loading: Succeeded for Razer Goliathus @ HID: /dev/hidraw4
5242  |Info:    Profile loading: FAILED! for HyperX Quadcast S @ 1-12.1:1.0
