    OpenRGB v0.9
    Commit:  from 
    Launched: 20240222_070222
====================================================================================================

0     |Info:    Found file: Main.orp attempting to validate header
0     |Info:    Valid v4 profile found for Main
1002  |Info:    ------------------------------------------------------
1003  |Info:    |               Start device detection               |
1003  |Info:    ------------------------------------------------------
1003  |Info:    Initializing HID interfaces: Success
1006  |Info:    ------------------------------------------------------
1006  |Info:    |             Detecting I2C interfaces               |
1006  |Info:    ------------------------------------------------------
1006  |Info:    Registering I2C interface: /dev/i2c-3 Device 10DE:2482 Subsystem: 1043:880E
1006  |Info:    Registering I2C interface: /dev/i2c-1 Device 10DE:2482 Subsystem: 1043:880E
1006  |Info:    Registering I2C interface: /dev/i2c-6 Device 10DE:2482 Subsystem: 1043:880E
1006  |Info:    Registering I2C interface: /dev/i2c-4 Device 10DE:2482 Subsystem: 1043:880E
1006  |Info:    Registering I2C interface: /dev/i2c-2 Device 10DE:2482 Subsystem: 1043:880E
1006  |Info:    Registering I2C interface: /dev/i2c-0 Device 8086:43A3 Subsystem: 1462:7D07
1006  |Info:    Registering I2C interface: /dev/i2c-5 Device 10DE:2482 Subsystem: 1043:880E
1006  |Info:    ------------------------------------------------------
1006  |Info:    |               Detecting I2C devices                |
1006  |Info:    ------------------------------------------------------
1236  |Info:    [Corsair Vengeance Pro RGB] Registering RGB controller
1259  |Info:    [Corsair Vengeance Pro RGB] Registering RGB controller
1350  |Info:    ------------------------------------------------------
1350  |Info:    |               Detecting I2C PCI devices            |
1350  |Info:    ------------------------------------------------------
1666  |Info:    [ASUS ROG STRIX 3070Ti O8G GAMING] Registering RGB controller
1835  |Info:    ------------------------------------------------------
1835  |Info:    |               Detecting HID devices                |
1835  |Info:    ------------------------------------------------------
1848  |Info:    [KLM] Created new Full 104 key ISO QWERTY with 6 rows and 21 columns containing 105 keys
1848  |Info:    [Razer Cynosa Chroma V2] Registering RGB controller
1899  |Info:    [Corsair Commander Core] Registering RGB controller
1915  |Info:    [MSI MPG Z590 GAMING EDGE WIFI (MS-7D07)] Registering RGB controller
2301  |Info:    [G502 HERO Gaming Mouse] Registering RGB controller
2311  |Info:    [Razer Goliathus] Registering RGB controller
2311  |Info:    ------------------------------------------------------
2311  |Info:    |            Detecting libusb HID devices            |
2311  |Info:    ------------------------------------------------------
2326  |Info:    ------------------------------------------------------
2326  |Info:    |              Detecting other devices               |
2326  |Info:    ------------------------------------------------------
2329  |Info:    ------------------------------------------------------
2329  |Info:    |                Detection completed                 |
2329  |Info:    ------------------------------------------------------
4673  |Info:    Profile loading: Succeeded for Corsair Vengeance Pro RGB @ I2C: /dev/i2c-0, address 0x59
4673  |Info:    Profile loading: Succeeded for Corsair Vengeance Pro RGB @ I2C: /dev/i2c-0, address 0x5B
4673  |Info:    Profile loading: Succeeded for ASUS ROG STRIX 3070Ti O8G GAMING @ I2C: /dev/i2c-1, address 0x67
4673  |Info:    Profile loading: Succeeded for Razer Cynosa Chroma V2 @ HID: /dev/hidraw9
4673  |Info:    Profile loading: Succeeded for Corsair Commander Core @ HID: /dev/hidraw11
4673  |Info:    Profile loading: Succeeded for MSI MPG Z590 GAMING EDGE WIFI (MS-7D07) @ HID: /dev/hidraw0
4673  |Info:    Profile loading: Succeeded for G502 HERO Gaming Mouse @ HID: /dev/hidraw3 (Receiver) 
Wireless Index: 255
4673  |Info:    Profile loading: Succeeded for Razer Goliathus @ HID: /dev/hidraw4
