    OpenRGB v0.9
    Commit:  from 
    Launched: 20240211_194136
====================================================================================================

7     |Info:    Found file: Main.orp attempting to validate header
7     |Info:    Valid v4 profile found for Main
1013  |Info:    ------------------------------------------------------
1014  |Info:    |               Start device detection               |
1014  |Info:    ------------------------------------------------------
1014  |Info:    Initializing HID interfaces: Success
1022  |Info:    ------------------------------------------------------
1022  |Info:    |             Detecting I2C interfaces               |
1022  |Info:    ------------------------------------------------------
1022  |Info:    Registering I2C interface: /dev/i2c-3 Device 10DE:2482 Subsystem: 1043:880E
1022  |Info:    Registering I2C interface: /dev/i2c-1 Device 10DE:2482 Subsystem: 1043:880E
1022  |Info:    Registering I2C interface: /dev/i2c-6 Device 10DE:2482 Subsystem: 1043:880E
1022  |Info:    Registering I2C interface: /dev/i2c-4 Device 10DE:2482 Subsystem: 1043:880E
1022  |Info:    Registering I2C interface: /dev/i2c-2 Device 10DE:2482 Subsystem: 1043:880E
1022  |Info:    Registering I2C interface: /dev/i2c-0 Device 8086:43A3 Subsystem: 1462:7D07
1022  |Info:    Registering I2C interface: /dev/i2c-5 Device 10DE:2482 Subsystem: 1043:880E
1022  |Info:    ------------------------------------------------------
1022  |Info:    |               Detecting I2C devices                |
1022  |Info:    ------------------------------------------------------
1253  |Info:    [Corsair Vengeance Pro RGB] Registering RGB controller
1275  |Info:    [Corsair Vengeance Pro RGB] Registering RGB controller
1377  |Info:    ------------------------------------------------------
1377  |Info:    |               Detecting I2C PCI devices            |
1377  |Info:    ------------------------------------------------------
1642  |Info:    [ASUS ROG STRIX 3070Ti O8G GAMING] Registering RGB controller
1809  |Info:    ------------------------------------------------------
1809  |Info:    |               Detecting HID devices                |
1809  |Info:    ------------------------------------------------------
1822  |Info:    [KLM] Created new Full 104 key ISO QWERTY with 6 rows and 21 columns containing 105 keys
1822  |Info:    [Razer Cynosa Chroma V2] Registering RGB controller
2209  |Info:    [G502 HERO Gaming Mouse] Registering RGB controller
2317  |Info:    [Corsair Commander Core] Registering RGB controller
2385  |Info:    [MSI MPG Z590 GAMING EDGE WIFI (MS-7D07)] Registering RGB controller
2395  |Info:    [Razer Goliathus] Registering RGB controller
2395  |Info:    ------------------------------------------------------
2395  |Info:    |            Detecting libusb HID devices            |
2395  |Info:    ------------------------------------------------------
