    OpenRGB v0.9
    Commit:  from 
    Launched: 20240315_033146
====================================================================================================

1     |Info:    Found file: Main.orp attempting to validate header
1     |Info:    Valid v4 profile found for Main
1005  |Info:    ------------------------------------------------------
1005  |Info:    |               Start device detection               |
1005  |Info:    ------------------------------------------------------
1005  |Info:    Initializing HID interfaces: Success
1009  |Info:    ------------------------------------------------------
1009  |Info:    |             Detecting I2C interfaces               |
1009  |Info:    ------------------------------------------------------
1010  |Info:    Registering I2C interface: /dev/i2c-3 Device 10DE:2482 Subsystem: 1043:880E
1010  |Info:    Registering I2C interface: /dev/i2c-1 Device 10DE:2482 Subsystem: 1043:880E
1010  |Info:    Registering I2C interface: /dev/i2c-6 Device 10DE:2482 Subsystem: 1043:880E
1010  |Info:    Registering I2C interface: /dev/i2c-4 Device 10DE:2482 Subsystem: 1043:880E
1010  |Info:    Registering I2C interface: /dev/i2c-2 Device 10DE:2482 Subsystem: 1043:880E
1010  |Info:    Registering I2C interface: /dev/i2c-0 Device 8086:43A3 Subsystem: 1462:7D07
1010  |Info:    Registering I2C interface: /dev/i2c-5 Device 10DE:2482 Subsystem: 1043:880E
1010  |Info:    ------------------------------------------------------
1010  |Info:    |               Detecting I2C devices                |
1010  |Info:    ------------------------------------------------------
1082  |Info:    [Corsair Vengeance Pro RGB] Registering RGB controller
1104  |Info:    [Corsair Vengeance Pro RGB] Registering RGB controller
1356  |Info:    ------------------------------------------------------
1356  |Info:    |               Detecting I2C PCI devices            |
1356  |Info:    ------------------------------------------------------
1569  |Info:    [ASUS ROG STRIX 3070Ti O8G GAMING] Registering RGB controller
1731  |Info:    ------------------------------------------------------
1731  |Info:    |               Detecting HID devices                |
1731  |Info:    ------------------------------------------------------
1837  |Info:    [Corsair Commander Core] Registering RGB controller
1907  |Info:    [MSI MPG Z590 GAMING EDGE WIFI (MS-7D07)] Registering RGB controller
2295  |Info:    [G502 HERO Gaming Mouse] Registering RGB controller
2305  |Info:    [Razer Goliathus] Registering RGB controller
2305  |Info:    ------------------------------------------------------
2305  |Info:    |            Detecting libusb HID devices            |
2305  |Info:    ------------------------------------------------------
2326  |Info:    [HyperX Quadcast S] Registering RGB controller
2326  |Info:    ------------------------------------------------------
2326  |Info:    |              Detecting other devices               |
2326  |Info:    ------------------------------------------------------
2331  |Info:    ------------------------------------------------------
2331  |Info:    |                Detection completed                 |
2331  |Info:    ------------------------------------------------------
