    OpenRGB v0.9
    Commit:  from 
    Launched: 20240417_051310
====================================================================================================

0     |Info:    Found file: Main.orp attempting to validate header
0     |Info:    Valid v4 profile found for Main
1001  |Info:    ------------------------------------------------------
1001  |Info:    |               Start device detection               |
1001  |Info:    ------------------------------------------------------
1001  |Info:    Initializing HID interfaces: Success
1005  |Info:    ------------------------------------------------------
1005  |Info:    |             Detecting I2C interfaces               |
1005  |Info:    ------------------------------------------------------
1005  |Info:    Registering I2C interface: /dev/i2c-3 Device 10DE:2482 Subsystem: 1043:880E
1005  |Info:    Registering I2C interface: /dev/i2c-1 Device 10DE:2482 Subsystem: 1043:880E
1005  |Info:    Registering I2C interface: /dev/i2c-6 Device 10DE:2482 Subsystem: 1043:880E
1005  |Info:    Registering I2C interface: /dev/i2c-4 Device 10DE:2482 Subsystem: 1043:880E
1005  |Info:    Registering I2C interface: /dev/i2c-2 Device 10DE:2482 Subsystem: 1043:880E
1005  |Info:    Registering I2C interface: /dev/i2c-0 Device 8086:43A3 Subsystem: 1462:7D07
1005  |Info:    Registering I2C interface: /dev/i2c-5 Device 10DE:2482 Subsystem: 1043:880E
1005  |Info:    ------------------------------------------------------
1005  |Info:    |               Detecting I2C devices                |
1005  |Info:    ------------------------------------------------------
1078  |Info:    [Corsair Vengeance Pro RGB] Registering RGB controller
1100  |Info:    [Corsair Vengeance Pro RGB] Registering RGB controller
1339  |Info:    ------------------------------------------------------
1339  |Info:    |               Detecting I2C PCI devices            |
1339  |Info:    ------------------------------------------------------
1553  |Info:    [ASUS ROG STRIX 3070Ti O8G GAMING] Registering RGB controller
1716  |Info:    ------------------------------------------------------
1716  |Info:    |               Detecting HID devices                |
1716  |Info:    ------------------------------------------------------
1824  |Info:    [Corsair Commander Core] Registering RGB controller
1894  |Info:    [MSI MPG Z590 GAMING EDGE WIFI (MS-7D07)] Registering RGB controller
2282  |Info:    [G502 HERO Gaming Mouse] Registering RGB controller
2292  |Info:    [Razer Goliathus] Registering RGB controller
2292  |Info:    ------------------------------------------------------
2292  |Info:    |            Detecting libusb HID devices            |
2292  |Info:    ------------------------------------------------------
2308  |Info:    [HyperX Quadcast S] Registering RGB controller
2308  |Info:    ------------------------------------------------------
2308  |Info:    |              Detecting other devices               |
2308  |Info:    ------------------------------------------------------
2312  |Info:    ------------------------------------------------------
2312  |Info:    |                Detection completed                 |
2312  |Info:    ------------------------------------------------------
4542  |Info:    Profile loading: Succeeded for Corsair Vengeance Pro RGB @ I2C: /dev/i2c-0, address 0x59
4542  |Info:    Profile loading: Succeeded for Corsair Vengeance Pro RGB @ I2C: /dev/i2c-0, address 0x5B
4542  |Info:    Profile loading: Succeeded for ASUS ROG STRIX 3070Ti O8G GAMING @ I2C: /dev/i2c-1, address 0x67
4542  |Info:    Profile loading: Succeeded for Corsair Commander Core @ HID: /dev/hidraw5
4542  |Info:    Profile loading: Succeeded for MSI MPG Z590 GAMING EDGE WIFI (MS-7D07) @ HID: /dev/hidraw0
4542  |Info:    Profile loading: Succeeded for G502 HERO Gaming Mouse @ HID: /dev/hidraw12 (Receiver) 
Wireless Index: 255
4542  |Info:    Profile loading: Succeeded for Razer Goliathus @ HID: /dev/hidraw8
4542  |Info:    Profile loading: FAILED! for HyperX Quadcast S @ 1-12.1:1.0
