    OpenRGB v0.9
    Commit:  from 
    Launched: 20240211_194129
====================================================================================================

7     |Info:    Found file: Main.orp attempting to validate header
7     |Info:    Valid v4 profile found for Main
1013  |Info:    ------------------------------------------------------
1013  |Info:    |               Start device detection               |
1013  |Info:    ------------------------------------------------------
1014  |Info:    Initializing HID interfaces: Success
1021  |Info:    ------------------------------------------------------
1021  |Info:    |             Detecting I2C interfaces               |
1021  |Info:    ------------------------------------------------------
1021  |Info:    Registering I2C interface: /dev/i2c-3 Device 10DE:2482 Subsystem: 1043:880E
1021  |Info:    Registering I2C interface: /dev/i2c-1 Device 10DE:2482 Subsystem: 1043:880E
1021  |Info:    Registering I2C interface: /dev/i2c-6 Device 10DE:2482 Subsystem: 1043:880E
1021  |Info:    Registering I2C interface: /dev/i2c-4 Device 10DE:2482 Subsystem: 1043:880E
1021  |Info:    Registering I2C interface: /dev/i2c-2 Device 10DE:2482 Subsystem: 1043:880E
1021  |Info:    Registering I2C interface: /dev/i2c-0 Device 8086:43A3 Subsystem: 1462:7D07
1021  |Info:    Registering I2C interface: /dev/i2c-5 Device 10DE:2482 Subsystem: 1043:880E
1021  |Info:    ------------------------------------------------------
1021  |Info:    |               Detecting I2C devices                |
1021  |Info:    ------------------------------------------------------
1260  |Info:    [Corsair Vengeance Pro RGB] Registering RGB controller
1283  |Info:    [Corsair Vengeance Pro RGB] Registering RGB controller
1386  |Info:    ------------------------------------------------------
1386  |Info:    |               Detecting I2C PCI devices            |
1386  |Info:    ------------------------------------------------------
1644  |Info:    [ASUS ROG STRIX 3070Ti O8G GAMING] Registering RGB controller
1811  |Info:    ------------------------------------------------------
1811  |Info:    |               Detecting HID devices                |
1811  |Info:    ------------------------------------------------------
1824  |Info:    [KLM] Created new Full 104 key ISO QWERTY with 6 rows and 21 columns containing 105 keys
1824  |Info:    [Razer Cynosa Chroma V2] Registering RGB controller
2212  |Info:    [G502 HERO Gaming Mouse] Registering RGB controller
2319  |Info:    [Corsair Commander Core] Registering RGB controller
2390  |Info:    [MSI MPG Z590 GAMING EDGE WIFI (MS-7D07)] Registering RGB controller
2400  |Info:    [Razer Goliathus] Registering RGB controller
2400  |Info:    ------------------------------------------------------
2400  |Info:    |            Detecting libusb HID devices            |
2400  |Info:    ------------------------------------------------------
