    OpenRGB v0.9
    Commit:  from 
    Launched: 20240315_041726
====================================================================================================

3     |Info:    Found file: Main.orp attempting to validate header
4     |Info:    Valid v4 profile found for Main
1008  |Info:    ------------------------------------------------------
1008  |Info:    |               Start device detection               |
1008  |Info:    ------------------------------------------------------
1009  |Info:    Initializing HID interfaces: Success
1012  |Info:    ------------------------------------------------------
1012  |Info:    |             Detecting I2C interfaces               |
1012  |Info:    ------------------------------------------------------
1013  |Info:    Registering I2C interface: /dev/i2c-3 Device 10DE:2482 Subsystem: 1043:880E
1013  |Info:    Registering I2C interface: /dev/i2c-1 Device 10DE:2482 Subsystem: 1043:880E
1013  |Info:    Registering I2C interface: /dev/i2c-6 Device 10DE:2482 Subsystem: 1043:880E
1013  |Info:    Registering I2C interface: /dev/i2c-4 Device 10DE:2482 Subsystem: 1043:880E
1013  |Info:    Registering I2C interface: /dev/i2c-2 Device 10DE:2482 Subsystem: 1043:880E
1013  |Info:    Registering I2C interface: /dev/i2c-0 Device 8086:43A3 Subsystem: 1462:7D07
1013  |Info:    Registering I2C interface: /dev/i2c-5 Device 10DE:2482 Subsystem: 1043:880E
1013  |Info:    ------------------------------------------------------
1013  |Info:    |               Detecting I2C devices                |
1013  |Info:    ------------------------------------------------------
1085  |Info:    [Corsair Vengeance Pro RGB] Registering RGB controller
1107  |Info:    [Corsair Vengeance Pro RGB] Registering RGB controller
1357  |Info:    ------------------------------------------------------
1357  |Info:    |               Detecting I2C PCI devices            |
1357  |Info:    ------------------------------------------------------
1568  |Info:    [ASUS ROG STRIX 3070Ti O8G GAMING] Registering RGB controller
1731  |Info:    ------------------------------------------------------
1731  |Info:    |               Detecting HID devices                |
1731  |Info:    ------------------------------------------------------
1837  |Info:    [Corsair Commander Core] Registering RGB controller
1912  |Info:    [MSI MPG Z590 GAMING EDGE WIFI (MS-7D07)] Registering RGB controller
2300  |Info:    [G502 HERO Gaming Mouse] Registering RGB controller
2310  |Info:    [Razer Goliathus] Registering RGB controller
2310  |Info:    ------------------------------------------------------
2310  |Info:    |            Detecting libusb HID devices            |
2310  |Info:    ------------------------------------------------------
2326  |Info:    [HyperX Quadcast S] Registering RGB controller
2326  |Info:    ------------------------------------------------------
2326  |Info:    |              Detecting other devices               |
2326  |Info:    ------------------------------------------------------
2330  |Info:    ------------------------------------------------------
2330  |Info:    |                Detection completed                 |
2330  |Info:    ------------------------------------------------------
5203  |Info:    Profile loading: Succeeded for Corsair Vengeance Pro RGB @ I2C: /dev/i2c-0, address 0x59
5203  |Info:    Profile loading: Succeeded for Corsair Vengeance Pro RGB @ I2C: /dev/i2c-0, address 0x5B
5203  |Info:    Profile loading: Succeeded for ASUS ROG STRIX 3070Ti O8G GAMING @ I2C: /dev/i2c-1, address 0x67
5203  |Info:    Profile loading: Succeeded for Corsair Commander Core @ HID: /dev/hidraw5
5203  |Info:    Profile loading: Succeeded for MSI MPG Z590 GAMING EDGE WIFI (MS-7D07) @ HID: /dev/hidraw0
5203  |Info:    Profile loading: Succeeded for G502 HERO Gaming Mouse @ HID: /dev/hidraw3 (Receiver) 
Wireless Index: 255
5203  |Info:    Profile loading: Succeeded for Razer Goliathus @ HID: /dev/hidraw8
5203  |Info:    Profile loading: FAILED! for HyperX Quadcast S @ 1-12.1:1.0
