    OpenRGB v0.9
    Commit:  from 
    Launched: 20240209_210443
====================================================================================================

0     |Info:    Found file: Main.orp attempting to validate header
0     |Info:    Valid v4 profile found for Main
1004  |Info:    ------------------------------------------------------
1004  |Info:    |               Start device detection               |
1004  |Info:    ------------------------------------------------------
1005  |Info:    Initializing HID interfaces: Success
1022  |Info:    ------------------------------------------------------
1022  |Info:    |             Detecting I2C interfaces               |
1022  |Info:    ------------------------------------------------------
1022  |Info:    Registering I2C interface: /dev/i2c-3 Device 10DE:2482 Subsystem: 1043:880E
1022  |Info:    Registering I2C interface: /dev/i2c-1 Device 10DE:2482 Subsystem: 1043:880E
1022  |Info:    Registering I2C interface: /dev/i2c-6 Device 10DE:2482 Subsystem: 1043:880E
1022  |Info:    Registering I2C interface: /dev/i2c-4 Device 10DE:2482 Subsystem: 1043:880E
1022  |Info:    Registering I2C interface: /dev/i2c-2 Device 10DE:2482 Subsystem: 1043:880E
1022  |Info:    Registering I2C interface: /dev/i2c-0 Device 8086:43A3 Subsystem: 1462:7D07
1022  |Info:    Registering I2C interface: /dev/i2c-5 Device 10DE:2482 Subsystem: 1043:880E
1022  |Info:    ------------------------------------------------------
1022  |Info:    |               Detecting I2C devices                |
1022  |Info:    ------------------------------------------------------
1256  |Info:    [Corsair Vengeance Pro RGB] Registering RGB controller
1278  |Info:    [Corsair Vengeance Pro RGB] Registering RGB controller
1376  |Info:    ------------------------------------------------------
1376  |Info:    |               Detecting I2C PCI devices            |
1376  |Info:    ------------------------------------------------------
1687  |Info:    [ASUS ROG STRIX 3070Ti O8G GAMING] Registering RGB controller
1856  |Info:    ------------------------------------------------------
1856  |Info:    |               Detecting HID devices                |
1856  |Info:    ------------------------------------------------------
1869  |Info:    [KLM] Created new Full 104 key ISO QWERTY with 6 rows and 21 columns containing 105 keys
1869  |Info:    [Razer Cynosa Chroma V2] Registering RGB controller
2257  |Info:    [G502 HERO Gaming Mouse] Registering RGB controller
2389  |Info:    [Corsair Commander Core] Registering RGB controller
2460  |Info:    [MSI MPG Z590 GAMING EDGE WIFI (MS-7D07)] Registering RGB controller
2470  |Info:    [Razer Goliathus] Registering RGB controller
2470  |Info:    ------------------------------------------------------
2470  |Info:    |            Detecting libusb HID devices            |
2470  |Info:    ------------------------------------------------------
2493  |Info:    [HyperX Quadcast S] Registering RGB controller
2493  |Info:    ------------------------------------------------------
2493  |Info:    |              Detecting other devices               |
2493  |Info:    ------------------------------------------------------
2497  |Info:    ------------------------------------------------------
2497  |Info:    |                Detection completed                 |
2497  |Info:    ------------------------------------------------------
4304  |Info:    Profile loading: Succeeded for Corsair Vengeance Pro RGB @ I2C: /dev/i2c-0, address 0x59
4304  |Info:    Profile loading: Succeeded for Corsair Vengeance Pro RGB @ I2C: /dev/i2c-0, address 0x5B
4304  |Info:    Profile loading: Succeeded for ASUS ROG STRIX 3070Ti O8G GAMING @ I2C: /dev/i2c-1, address 0x67
4304  |Info:    Profile loading: Succeeded for Razer Cynosa Chroma V2 @ HID: /dev/hidraw8
4304  |Info:    Profile loading: Succeeded for G502 HERO Gaming Mouse @ HID: /dev/hidraw11 (Receiver) 
Wireless Index: 255
4304  |Info:    Profile loading: Succeeded for Corsair Commander Core @ HID: /dev/hidraw12
4304  |Info:    Profile loading: Succeeded for MSI MPG Z590 GAMING EDGE WIFI (MS-7D07) @ HID: /dev/hidraw0
4304  |Info:    Profile loading: Succeeded for Razer Goliathus @ HID: /dev/hidraw2
4304  |Info:    Profile loading: Succeeded for HyperX Quadcast S @ 1-4.1:1.0
