    OpenRGB v0.9
    Commit:  from 
    Launched: 20240216_110728
====================================================================================================

0     |Info:    Found file: Main.orp attempting to validate header
0     |Info:    Valid v4 profile found for Main
1004  |Info:    ------------------------------------------------------
1004  |Info:    |               Start device detection               |
1004  |Info:    ------------------------------------------------------
1005  |Info:    Initializing HID interfaces: Success
1012  |Info:    ------------------------------------------------------
1012  |Info:    |             Detecting I2C interfaces               |
1012  |Info:    ------------------------------------------------------
1012  |Info:    Registering I2C interface: /dev/i2c-3 Device 10DE:2482 Subsystem: 1043:880E
1012  |Info:    Registering I2C interface: /dev/i2c-1 Device 10DE:2482 Subsystem: 1043:880E
1012  |Info:    Registering I2C interface: /dev/i2c-6 Device 10DE:2482 Subsystem: 1043:880E
1013  |Info:    Registering I2C interface: /dev/i2c-4 Device 10DE:2482 Subsystem: 1043:880E
1013  |Info:    Registering I2C interface: /dev/i2c-2 Device 10DE:2482 Subsystem: 1043:880E
1013  |Info:    Registering I2C interface: /dev/i2c-0 Device 8086:43A3 Subsystem: 1462:7D07
1013  |Info:    Registering I2C interface: /dev/i2c-5 Device 10DE:2482 Subsystem: 1043:880E
1013  |Info:    ------------------------------------------------------
1013  |Info:    |               Detecting I2C devices                |
1013  |Info:    ------------------------------------------------------
1250  |Info:    [Corsair Vengeance Pro RGB] Registering RGB controller
1273  |Info:    [Corsair Vengeance Pro RGB] Registering RGB controller
1372  |Info:    ------------------------------------------------------
1372  |Info:    |               Detecting I2C PCI devices            |
1372  |Info:    ------------------------------------------------------
1686  |Info:    [ASUS ROG STRIX 3070Ti O8G GAMING] Registering RGB controller
1855  |Info:    ------------------------------------------------------
1855  |Info:    |               Detecting HID devices                |
1855  |Info:    ------------------------------------------------------
1868  |Info:    [KLM] Created new Full 104 key ISO QWERTY with 6 rows and 21 columns containing 105 keys
1868  |Info:    [Razer Cynosa Chroma V2] Registering RGB controller
2256  |Info:    [G502 HERO Gaming Mouse] Registering RGB controller
2362  |Info:    [Corsair Commander Core] Registering RGB controller
2431  |Info:    [MSI MPG Z590 GAMING EDGE WIFI (MS-7D07)] Registering RGB controller
2441  |Info:    [Razer Goliathus] Registering RGB controller
2441  |Info:    ------------------------------------------------------
2441  |Info:    |            Detecting libusb HID devices            |
2441  |Info:    ------------------------------------------------------
