    OpenRGB v0.9
    Commit:  from 
    Launched: 20240121_202735
====================================================================================================

7     |Info:    Found file: Main.orp attempting to validate header
7     |Info:    Valid v4 profile found for Main
1013  |Info:    ------------------------------------------------------
1013  |Info:    |               Start device detection               |
1013  |Info:    ------------------------------------------------------
1014  |Info:    Initializing HID interfaces: Success
1024  |Info:    ------------------------------------------------------
1024  |Info:    |             Detecting I2C interfaces               |
1024  |Info:    ------------------------------------------------------
1024  |Info:    Registering I2C interface: /dev/i2c-3 Device 10DE:2482 Subsystem: 1043:880E
1024  |Info:    Registering I2C interface: /dev/i2c-1 Device 10DE:2482 Subsystem: 1043:880E
1025  |Info:    Registering I2C interface: /dev/i2c-6 Device 10DE:2482 Subsystem: 1043:880E
1025  |Info:    Registering I2C interface: /dev/i2c-4 Device 10DE:2482 Subsystem: 1043:880E
1025  |Info:    Registering I2C interface: /dev/i2c-2 Device 10DE:2482 Subsystem: 1043:880E
1025  |Info:    Registering I2C interface: /dev/i2c-0 Device 8086:43A3 Subsystem: 1462:7D07
1025  |Info:    Registering I2C interface: /dev/i2c-5 Device 10DE:2482 Subsystem: 1043:880E
1025  |Info:    ------------------------------------------------------
1025  |Info:    |               Detecting I2C devices                |
1025  |Info:    ------------------------------------------------------
1261  |Info:    [Corsair Vengeance Pro RGB] Registering RGB controller
1284  |Info:    [Corsair Vengeance Pro RGB] Registering RGB controller
1388  |Info:    ------------------------------------------------------
1388  |Info:    |               Detecting I2C PCI devices            |
1388  |Info:    ------------------------------------------------------
1703  |Info:    [ASUS ROG STRIX 3070Ti O8G GAMING] Registering RGB controller
1872  |Info:    ------------------------------------------------------
1872  |Info:    |               Detecting HID devices                |
1872  |Info:    ------------------------------------------------------
1886  |Info:    [KLM] Created new Full 104 key ISO QWERTY with 6 rows and 21 columns containing 105 keys
1886  |Info:    [Razer Cynosa Chroma V2] Registering RGB controller
2273  |Info:    [G502 HERO Gaming Mouse] Registering RGB controller
2380  |Info:    [Corsair Commander Core] Registering RGB controller
2451  |Info:    [MSI MPG Z590 GAMING EDGE WIFI (MS-7D07)] Registering RGB controller
2461  |Info:    [Razer Goliathus] Registering RGB controller
2461  |Info:    ------------------------------------------------------
2461  |Info:    |            Detecting libusb HID devices            |
2461  |Info:    ------------------------------------------------------
2477  |Info:    [HyperX Quadcast S] Registering RGB controller
2477  |Info:    ------------------------------------------------------
2477  |Info:    |              Detecting other devices               |
2477  |Info:    ------------------------------------------------------
2481  |Info:    ------------------------------------------------------
2481  |Info:    |                Detection completed                 |
2481  |Info:    ------------------------------------------------------
4238  |Info:    Profile loading: Succeeded for Corsair Vengeance Pro RGB @ I2C: /dev/i2c-0, address 0x59
4238  |Info:    Profile loading: Succeeded for Corsair Vengeance Pro RGB @ I2C: /dev/i2c-0, address 0x5B
4238  |Info:    Profile loading: Succeeded for ASUS ROG STRIX 3070Ti O8G GAMING @ I2C: /dev/i2c-1, address 0x67
4238  |Info:    Profile loading: Succeeded for Razer Cynosa Chroma V2 @ HID: /dev/hidraw8
4238  |Info:    Profile loading: Succeeded for G502 HERO Gaming Mouse @ HID: /dev/hidraw11 (Receiver) 
Wireless Index: 255
4238  |Info:    Profile loading: Succeeded for Corsair Commander Core @ HID: /dev/hidraw12
4238  |Info:    Profile loading: Succeeded for MSI MPG Z590 GAMING EDGE WIFI (MS-7D07) @ HID: /dev/hidraw0
4238  |Info:    Profile loading: Succeeded for Razer Goliathus @ HID: /dev/hidraw2
4238  |Info:    Profile loading: Succeeded for HyperX Quadcast S @ 1-4.1:1.0
