    OpenRGB v0.9
    Commit:  from 
    Launched: 20240309_181351
====================================================================================================

1     |Info:    Found file: Main.orp attempting to validate header
1     |Info:    Valid v4 profile found for Main
1005  |Info:    ------------------------------------------------------
1005  |Info:    |               Start device detection               |
1005  |Info:    ------------------------------------------------------
1005  |Info:    Initializing HID interfaces: Success
1010  |Info:    ------------------------------------------------------
1010  |Info:    |             Detecting I2C interfaces               |
1010  |Info:    ------------------------------------------------------
1010  |Info:    Registering I2C interface: /dev/i2c-3 Device 10DE:2482 Subsystem: 1043:880E
1010  |Info:    Registering I2C interface: /dev/i2c-1 Device 10DE:2482 Subsystem: 1043:880E
1010  |Info:    Registering I2C interface: /dev/i2c-6 Device 10DE:2482 Subsystem: 1043:880E
1010  |Info:    Registering I2C interface: /dev/i2c-4 Device 10DE:2482 Subsystem: 1043:880E
1010  |Info:    Registering I2C interface: /dev/i2c-2 Device 10DE:2482 Subsystem: 1043:880E
1010  |Info:    Registering I2C interface: /dev/i2c-0 Device 8086:43A3 Subsystem: 1462:7D07
1010  |Info:    Registering I2C interface: /dev/i2c-5 Device 10DE:2482 Subsystem: 1043:880E
1010  |Info:    ------------------------------------------------------
1010  |Info:    |               Detecting I2C devices                |
1010  |Info:    ------------------------------------------------------
1083  |Info:    [Corsair Vengeance Pro RGB] Registering RGB controller
1105  |Info:    [Corsair Vengeance Pro RGB] Registering RGB controller
1356  |Info:    ------------------------------------------------------
1356  |Info:    |               Detecting I2C PCI devices            |
1356  |Info:    ------------------------------------------------------
1570  |Info:    [ASUS ROG STRIX 3070Ti O8G GAMING] Registering RGB controller
1735  |Info:    ------------------------------------------------------
1735  |Info:    |               Detecting HID devices                |
1735  |Info:    ------------------------------------------------------
1748  |Info:    [KLM] Created new Full 104 key ISO QWERTY with 6 rows and 21 columns containing 105 keys
1748  |Info:    [Razer Cynosa Chroma V2] Registering RGB controller
1881  |Info:    [Corsair Commander Core] Registering RGB controller
1955  |Info:    [MSI MPG Z590 GAMING EDGE WIFI (MS-7D07)] Registering RGB controller
2343  |Info:    [G502 HERO Gaming Mouse] Registering RGB controller
2353  |Info:    [Razer Goliathus] Registering RGB controller
2353  |Info:    ------------------------------------------------------
2353  |Info:    |            Detecting libusb HID devices            |
2353  |Info:    ------------------------------------------------------
2378  |Info:    [HyperX Quadcast S] Registering RGB controller
2378  |Info:    ------------------------------------------------------
2378  |Info:    |              Detecting other devices               |
2378  |Info:    ------------------------------------------------------
2382  |Info:    ------------------------------------------------------
2382  |Info:    |                Detection completed                 |
2382  |Info:    ------------------------------------------------------
6289  |Info:    Profile loading: Succeeded for Corsair Vengeance Pro RGB @ I2C: /dev/i2c-0, address 0x59
6289  |Info:    Profile loading: Succeeded for Corsair Vengeance Pro RGB @ I2C: /dev/i2c-0, address 0x5B
6289  |Info:    Profile loading: Succeeded for ASUS ROG STRIX 3070Ti O8G GAMING @ I2C: /dev/i2c-1, address 0x67
6289  |Info:    Profile loading: Succeeded for Razer Cynosa Chroma V2 @ HID: /dev/hidraw11
6290  |Info:    Profile loading: Succeeded for Corsair Commander Core @ HID: /dev/hidraw6
6290  |Info:    Profile loading: Succeeded for MSI MPG Z590 GAMING EDGE WIFI (MS-7D07) @ HID: /dev/hidraw0
6290  |Info:    Profile loading: Succeeded for G502 HERO Gaming Mouse @ HID: /dev/hidraw3 (Receiver) 
Wireless Index: 255
6290  |Info:    Profile loading: Succeeded for Razer Goliathus @ HID: /dev/hidraw4
6290  |Info:    Profile loading: FAILED! for HyperX Quadcast S @ 1-12.1:1.0
