    OpenRGB v0.9
    Commit:  from 
    Launched: 20240305_162751
====================================================================================================

1     |Info:    Found file: Main.orp attempting to validate header
1     |Info:    Valid v4 profile found for Main
1006  |Info:    ------------------------------------------------------
1006  |Info:    |               Start device detection               |
1006  |Info:    ------------------------------------------------------
1006  |Info:    Initializing HID interfaces: Success
1010  |Info:    ------------------------------------------------------
1010  |Info:    |             Detecting I2C interfaces               |
1010  |Info:    ------------------------------------------------------
1010  |Info:    Registering I2C interface: /dev/i2c-3 Device 10DE:2482 Subsystem: 1043:880E
1010  |Info:    Registering I2C interface: /dev/i2c-1 Device 10DE:2482 Subsystem: 1043:880E
1010  |Info:    Registering I2C interface: /dev/i2c-6 Device 10DE:2482 Subsystem: 1043:880E
1010  |Info:    Registering I2C interface: /dev/i2c-4 Device 10DE:2482 Subsystem: 1043:880E
1010  |Info:    Registering I2C interface: /dev/i2c-2 Device 10DE:2482 Subsystem: 1043:880E
1010  |Info:    Registering I2C interface: /dev/i2c-0 Device 8086:43A3 Subsystem: 1462:7D07
1010  |Info:    Registering I2C interface: /dev/i2c-5 Device 10DE:2482 Subsystem: 1043:880E
1010  |Info:    ------------------------------------------------------
1010  |Info:    |               Detecting I2C devices                |
1010  |Info:    ------------------------------------------------------
1082  |Info:    [Corsair Vengeance Pro RGB] Registering RGB controller
1104  |Info:    [Corsair Vengeance Pro RGB] Registering RGB controller
1354  |Info:    ------------------------------------------------------
1354  |Info:    |               Detecting I2C PCI devices            |
1354  |Info:    ------------------------------------------------------
1564  |Info:    [ASUS ROG STRIX 3070Ti O8G GAMING] Registering RGB controller
1727  |Info:    ------------------------------------------------------
1727  |Info:    |               Detecting HID devices                |
1727  |Info:    ------------------------------------------------------
1740  |Info:    [KLM] Created new Full 104 key ISO QWERTY with 6 rows and 21 columns containing 105 keys
1740  |Info:    [Razer Cynosa Chroma V2] Registering RGB controller
1849  |Info:    [Corsair Commander Core] Registering RGB controller
1923  |Info:    [MSI MPG Z590 GAMING EDGE WIFI (MS-7D07)] Registering RGB controller
2311  |Info:    [G502 HERO Gaming Mouse] Registering RGB controller
2321  |Info:    [Razer Goliathus] Registering RGB controller
2321  |Info:    ------------------------------------------------------
2321  |Info:    |            Detecting libusb HID devices            |
2321  |Info:    ------------------------------------------------------
2345  |Info:    [HyperX Quadcast S] Registering RGB controller
2345  |Info:    ------------------------------------------------------
2345  |Info:    |              Detecting other devices               |
2345  |Info:    ------------------------------------------------------
2351  |Info:    ------------------------------------------------------
2351  |Info:    |                Detection completed                 |
2351  |Info:    ------------------------------------------------------
28547 |Info:    Profile loading: Succeeded for Corsair Vengeance Pro RGB @ I2C: /dev/i2c-0, address 0x59
28548 |Info:    Profile loading: Succeeded for Corsair Vengeance Pro RGB @ I2C: /dev/i2c-0, address 0x5B
28548 |Info:    Profile loading: Succeeded for ASUS ROG STRIX 3070Ti O8G GAMING @ I2C: /dev/i2c-1, address 0x67
28548 |Info:    Profile loading: Succeeded for Razer Cynosa Chroma V2 @ HID: /dev/hidraw11
28548 |Info:    Profile loading: Succeeded for Corsair Commander Core @ HID: /dev/hidraw6
28548 |Info:    Profile loading: Succeeded for MSI MPG Z590 GAMING EDGE WIFI (MS-7D07) @ HID: /dev/hidraw0
28548 |Info:    Profile loading: Succeeded for G502 HERO Gaming Mouse @ HID: /dev/hidraw3 (Receiver) 
Wireless Index: 255
28548 |Info:    Profile loading: Succeeded for Razer Goliathus @ HID: /dev/hidraw4
28548 |Info:    Profile loading: FAILED! for HyperX Quadcast S @ 1-12.1:1.0
