    OpenRGB v0.9
    Commit:  from 
    Launched: 20240304_225639
====================================================================================================

0     |Info:    Found file: Main.orp attempting to validate header
0     |Info:    Valid v4 profile found for Main
1002  |Info:    ------------------------------------------------------
1002  |Info:    |               Start device detection               |
1002  |Info:    ------------------------------------------------------
1002  |Info:    Initializing HID interfaces: Success
1008  |Info:    ------------------------------------------------------
1008  |Info:    |             Detecting I2C interfaces               |
1008  |Info:    ------------------------------------------------------
1009  |Info:    Registering I2C interface: /dev/i2c-3 Device 10DE:2482 Subsystem: 1043:880E
1009  |Info:    Registering I2C interface: /dev/i2c-1 Device 10DE:2482 Subsystem: 1043:880E
1009  |Info:    Registering I2C interface: /dev/i2c-6 Device 10DE:2482 Subsystem: 1043:880E
1009  |Info:    Registering I2C interface: /dev/i2c-4 Device 10DE:2482 Subsystem: 1043:880E
1009  |Info:    Registering I2C interface: /dev/i2c-2 Device 10DE:2482 Subsystem: 1043:880E
1009  |Info:    Registering I2C interface: /dev/i2c-0 Device 8086:43A3 Subsystem: 1462:7D07
1009  |Info:    Registering I2C interface: /dev/i2c-5 Device 10DE:2482 Subsystem: 1043:880E
1009  |Info:    ------------------------------------------------------
1009  |Info:    |               Detecting I2C devices                |
1009  |Info:    ------------------------------------------------------
1145  |Info:    [Corsair Vengeance Pro RGB] Registering RGB controller
1174  |Info:    [Corsair Vengeance Pro RGB] Registering RGB controller
1482  |Info:    ------------------------------------------------------
1482  |Info:    |               Detecting I2C PCI devices            |
1482  |Info:    ------------------------------------------------------
1778  |Info:    [ASUS ROG STRIX 3070Ti O8G GAMING] Registering RGB controller
1946  |Info:    ------------------------------------------------------
1946  |Info:    |               Detecting HID devices                |
1946  |Info:    ------------------------------------------------------
1973  |Info:    [KLM] Created new Full 104 key ISO QWERTY with 6 rows and 21 columns containing 105 keys
1973  |Info:    [Razer Cynosa Chroma V2] Registering RGB controller
2107  |Info:    [Corsair Commander Core] Registering RGB controller
2183  |Info:    [MSI MPG Z590 GAMING EDGE WIFI (MS-7D07)] Registering RGB controller
2575  |Info:    [G502 HERO Gaming Mouse] Registering RGB controller
2588  |Info:    [Razer Goliathus] Registering RGB controller
2588  |Info:    ------------------------------------------------------
2588  |Info:    |            Detecting libusb HID devices            |
2588  |Info:    ------------------------------------------------------
2648  |Info:    [HyperX Quadcast S] Registering RGB controller
2648  |Info:    ------------------------------------------------------
2648  |Info:    |              Detecting other devices               |
2648  |Info:    ------------------------------------------------------
2680  |Info:    ------------------------------------------------------
2680  |Info:    |                Detection completed                 |
2680  |Info:    ------------------------------------------------------
