    OpenRGB v0.9
    Commit:  from 
    Launched: 20240131_125619
====================================================================================================

0     |Info:    Found file: Main.orp attempting to validate header
0     |Info:    Valid v4 profile found for Main
1002  |Info:    ------------------------------------------------------
1003  |Info:    |               Start device detection               |
1003  |Info:    ------------------------------------------------------
1003  |Info:    Initializing HID interfaces: Success
1011  |Info:    ------------------------------------------------------
1011  |Info:    |             Detecting I2C interfaces               |
1011  |Info:    ------------------------------------------------------
1012  |Info:    Registering I2C interface: /dev/i2c-3 Device 10DE:2482 Subsystem: 1043:880E
1012  |Info:    Registering I2C interface: /dev/i2c-1 Device 10DE:2482 Subsystem: 1043:880E
1012  |Info:    Registering I2C interface: /dev/i2c-6 Device 10DE:2482 Subsystem: 1043:880E
1012  |Info:    Registering I2C interface: /dev/i2c-4 Device 10DE:2482 Subsystem: 1043:880E
1012  |Info:    Registering I2C interface: /dev/i2c-2 Device 10DE:2482 Subsystem: 1043:880E
1012  |Info:    Registering I2C interface: /dev/i2c-0 Device 8086:43A3 Subsystem: 1462:7D07
1012  |Info:    Registering I2C interface: /dev/i2c-5 Device 10DE:2482 Subsystem: 1043:880E
1012  |Info:    ------------------------------------------------------
1012  |Info:    |               Detecting I2C devices                |
1012  |Info:    ------------------------------------------------------
1245  |Info:    [Corsair Vengeance Pro RGB] Registering RGB controller
1268  |Info:    [Corsair Vengeance Pro RGB] Registering RGB controller
1362  |Info:    ------------------------------------------------------
1362  |Info:    |               Detecting I2C PCI devices            |
1362  |Info:    ------------------------------------------------------
1670  |Info:    [ASUS ROG STRIX 3070Ti O8G GAMING] Registering RGB controller
1837  |Info:    ------------------------------------------------------
1837  |Info:    |               Detecting HID devices                |
1837  |Info:    ------------------------------------------------------
1850  |Info:    [KLM] Created new Full 104 key ISO QWERTY with 6 rows and 21 columns containing 105 keys
1850  |Info:    [Razer Cynosa Chroma V2] Registering RGB controller
2238  |Info:    [G502 HERO Gaming Mouse] Registering RGB controller
2346  |Info:    [Corsair Commander Core] Registering RGB controller
2416  |Info:    [MSI MPG Z590 GAMING EDGE WIFI (MS-7D07)] Registering RGB controller
2426  |Info:    [Razer Goliathus] Registering RGB controller
2426  |Info:    ------------------------------------------------------
2426  |Info:    |            Detecting libusb HID devices            |
2426  |Info:    ------------------------------------------------------
