    OpenRGB v0.9
    Commit:  from 
    Launched: 20240117_081237
====================================================================================================

0     |Info:    Found file: Main.orp attempting to validate header
0     |Info:    Valid v4 profile found for Main
1001  |Info:    ------------------------------------------------------
1001  |Info:    |               Start device detection               |
1001  |Info:    ------------------------------------------------------
1002  |Info:    Initializing HID interfaces: Success
1006  |Info:    ------------------------------------------------------
1006  |Info:    |             Detecting I2C interfaces               |
1006  |Info:    ------------------------------------------------------
1006  |Info:    Registering I2C interface: /dev/i2c-3 Device 10DE:2482 Subsystem: 1043:880E
1007  |Info:    Registering I2C interface: /dev/i2c-1 Device 10DE:2482 Subsystem: 1043:880E
1007  |Info:    Registering I2C interface: /dev/i2c-6 Device 10DE:2482 Subsystem: 1043:880E
1007  |Info:    Registering I2C interface: /dev/i2c-4 Device 10DE:2482 Subsystem: 1043:880E
1007  |Info:    Registering I2C interface: /dev/i2c-2 Device 10DE:2482 Subsystem: 1043:880E
1007  |Info:    Registering I2C interface: /dev/i2c-0 Device 8086:43A3 Subsystem: 1462:7D07
1007  |Info:    Registering I2C interface: /dev/i2c-5 Device 10DE:2482 Subsystem: 1043:880E
1007  |Info:    ------------------------------------------------------
1007  |Info:    |               Detecting I2C devices                |
1007  |Info:    ------------------------------------------------------
1238  |Info:    [Corsair Vengeance Pro RGB] Registering RGB controller
1260  |Info:    [Corsair Vengeance Pro RGB] Registering RGB controller
1352  |Info:    ------------------------------------------------------
1352  |Info:    |               Detecting I2C PCI devices            |
1352  |Info:    ------------------------------------------------------
1625  |Info:    [ASUS ROG STRIX 3070Ti O8G GAMING] Registering RGB controller
1795  |Info:    ------------------------------------------------------
1795  |Info:    |               Detecting HID devices                |
1795  |Info:    ------------------------------------------------------
1808  |Info:    [KLM] Created new Full 104 key ISO QWERTY with 6 rows and 21 columns containing 105 keys
1808  |Info:    [Razer Cynosa Chroma V2] Registering RGB controller
2196  |Info:    [G502 HERO Gaming Mouse] Registering RGB controller
2301  |Info:    [Corsair Commander Core] Registering RGB controller
2372  |Info:    [MSI MPG Z590 GAMING EDGE WIFI (MS-7D07)] Registering RGB controller
2382  |Info:    [Razer Goliathus] Registering RGB controller
2382  |Info:    ------------------------------------------------------
2382  |Info:    |            Detecting libusb HID devices            |
2382  |Info:    ------------------------------------------------------
2401  |Info:    [HyperX Quadcast S] Registering RGB controller
2401  |Info:    ------------------------------------------------------
2401  |Info:    |              Detecting other devices               |
2401  |Info:    ------------------------------------------------------
2406  |Info:    ------------------------------------------------------
2406  |Info:    |                Detection completed                 |
2406  |Info:    ------------------------------------------------------
