    OpenRGB v0.9
    Commit:  from 
    Launched: 20240116_141609
====================================================================================================

0     |Info:    Found file: Main.orp attempting to validate header
0     |Info:    Valid v4 profile found for Main
1002  |Info:    ------------------------------------------------------
1002  |Info:    |               Start device detection               |
1002  |Info:    ------------------------------------------------------
1003  |Info:    Initializing HID interfaces: Success
1018  |Info:    ------------------------------------------------------
1018  |Info:    |             Detecting I2C interfaces               |
1018  |Info:    ------------------------------------------------------
1018  |Info:    Registering I2C interface: /dev/i2c-3 Device 10DE:2482 Subsystem: 1043:880E
1018  |Info:    Registering I2C interface: /dev/i2c-1 Device 10DE:2482 Subsystem: 1043:880E
1018  |Info:    Registering I2C interface: /dev/i2c-6 Device 10DE:2482 Subsystem: 1043:880E
1018  |Info:    Registering I2C interface: /dev/i2c-4 Device 10DE:2482 Subsystem: 1043:880E
1018  |Info:    Registering I2C interface: /dev/i2c-2 Device 10DE:2482 Subsystem: 1043:880E
1018  |Info:    Registering I2C interface: /dev/i2c-0 Device 8086:43A3 Subsystem: 1462:7D07
1018  |Info:    Registering I2C interface: /dev/i2c-5 Device 10DE:2482 Subsystem: 1043:880E
1018  |Info:    ------------------------------------------------------
1018  |Info:    |               Detecting I2C devices                |
1018  |Info:    ------------------------------------------------------
1249  |Info:    [Corsair Vengeance Pro RGB] Registering RGB controller
1272  |Info:    [Corsair Vengeance Pro RGB] Registering RGB controller
1365  |Info:    ------------------------------------------------------
1365  |Info:    |               Detecting I2C PCI devices            |
1365  |Info:    ------------------------------------------------------
1623  |Info:    [ASUS ROG STRIX 3070Ti O8G GAMING] Registering RGB controller
1790  |Info:    ------------------------------------------------------
1790  |Info:    |               Detecting HID devices                |
1790  |Info:    ------------------------------------------------------
1803  |Info:    [KLM] Created new Full 104 key ISO QWERTY with 6 rows and 21 columns containing 105 keys
1803  |Info:    [Razer Cynosa Chroma V2] Registering RGB controller
2191  |Info:    [G502 HERO Gaming Mouse] Registering RGB controller
2297  |Info:    [Corsair Commander Core] Registering RGB controller
2368  |Info:    [MSI MPG Z590 GAMING EDGE WIFI (MS-7D07)] Registering RGB controller
2378  |Info:    [Razer Goliathus] Registering RGB controller
2378  |Info:    ------------------------------------------------------
2378  |Info:    |            Detecting libusb HID devices            |
2378  |Info:    ------------------------------------------------------
