    OpenRGB v0.9
    Commit:  from 
    Launched: 20240624_231847
====================================================================================================

0     |Info:    Found file: Main.orp attempting to validate header
0     |Info:    Valid v4 profile found for Main
1007  |Info:    ------------------------------------------------------
1007  |Info:    |               Start device detection               |
1007  |Info:    ------------------------------------------------------
1008  |Info:    Initializing HID interfaces: Success
1026  |Info:    ------------------------------------------------------
1026  |Info:    |             Detecting I2C interfaces               |
1026  |Info:    ------------------------------------------------------
1029  |Info:    Registering I2C interface: /dev/i2c-3 Device 10DE:2482 Subsystem: 1043:880E
1029  |Info:    Registering I2C interface: /dev/i2c-1 Device 10DE:2482 Subsystem: 1043:880E
1029  |Info:    Registering I2C interface: /dev/i2c-6 Device 8086:43A3 Subsystem: 1462:7D07
1029  |Info:    Registering I2C interface: /dev/i2c-4 Device 10DE:2482 Subsystem: 1043:880E
1029  |Info:    Registering I2C interface: /dev/i2c-2 Device 10DE:2482 Subsystem: 1043:880E
1029  |Info:    Registering I2C interface: /dev/i2c-0 Device 10DE:2482 Subsystem: 1043:880E
1030  |Info:    Registering I2C interface: /dev/i2c-5 Device 10DE:2482 Subsystem: 1043:880E
1030  |Info:    ------------------------------------------------------
1030  |Info:    |               Detecting I2C devices                |
1030  |Info:    ------------------------------------------------------
1102  |Info:    [Corsair Vengeance Pro RGB] Registering RGB controller
1125  |Info:    [Corsair Vengeance Pro RGB] Registering RGB controller
1363  |Info:    ------------------------------------------------------
1363  |Info:    |               Detecting I2C PCI devices            |
1363  |Info:    ------------------------------------------------------
1697  |Info:    [ASUS ROG STRIX 3070Ti O8G GAMING] Registering RGB controller
1738  |Info:    ------------------------------------------------------
1738  |Info:    |               Detecting HID devices                |
1738  |Info:    ------------------------------------------------------
1749  |Info:    [Razer Goliathus] Registering RGB controller
1857  |Info:    [Corsair Commander Core] Registering RGB controller
1929  |Info:    [MSI MPG Z590 GAMING EDGE WIFI (MS-7D07)] Registering RGB controller
2317  |Info:    [G502 HERO Gaming Mouse] Registering RGB controller
2317  |Info:    ------------------------------------------------------
2317  |Info:    |            Detecting libusb HID devices            |
2317  |Info:    ------------------------------------------------------
2344  |Info:    [HyperX Quadcast S] Registering RGB controller
2344  |Info:    ------------------------------------------------------
2344  |Info:    |              Detecting other devices               |
2344  |Info:    ------------------------------------------------------
2348  |Info:    ------------------------------------------------------
2348  |Info:    |                Detection completed                 |
2348  |Info:    ------------------------------------------------------
4450  |Info:    Profile loading: Succeeded for Corsair Vengeance Pro RGB @ I2C: /dev/i2c-6, address 0x59
4450  |Info:    Profile loading: Succeeded for Corsair Vengeance Pro RGB @ I2C: /dev/i2c-6, address 0x5B
4450  |Info:    Profile loading: Succeeded for ASUS ROG STRIX 3070Ti O8G GAMING @ I2C: /dev/i2c-0, address 0x67
4450  |Info:    Profile loading: Succeeded for Razer Goliathus @ HID: /dev/hidraw8
4450  |Info:    Profile loading: Succeeded for Corsair Commander Core @ HID: /dev/hidraw5
4450  |Info:    Profile loading: Succeeded for MSI MPG Z590 GAMING EDGE WIFI (MS-7D07) @ HID: /dev/hidraw0
4450  |Info:    Profile loading: Succeeded for G502 HERO Gaming Mouse @ HID: /dev/hidraw3 (Receiver) 
Wireless Index: 255
4450  |Info:    Profile loading: FAILED! for HyperX Quadcast S @ 1-12.1:1.0
