    OpenRGB v0.9
    Commit:  from 
    Launched: 20240313_134551
====================================================================================================

2     |Info:    Found file: Main.orp attempting to validate header
3     |Info:    Valid v4 profile found for Main
1007  |Info:    ------------------------------------------------------
1007  |Info:    |               Start device detection               |
1007  |Info:    ------------------------------------------------------
1007  |Info:    Initializing HID interfaces: Success
1012  |Info:    ------------------------------------------------------
1012  |Info:    |             Detecting I2C interfaces               |
1012  |Info:    ------------------------------------------------------
1012  |Info:    Registering I2C interface: /dev/i2c-3 Device 10DE:2482 Subsystem: 1043:880E
1012  |Info:    Registering I2C interface: /dev/i2c-1 Device 10DE:2482 Subsystem: 1043:880E
1012  |Info:    Registering I2C interface: /dev/i2c-6 Device 10DE:2482 Subsystem: 1043:880E
1013  |Info:    Registering I2C interface: /dev/i2c-4 Device 10DE:2482 Subsystem: 1043:880E
1013  |Info:    Registering I2C interface: /dev/i2c-2 Device 10DE:2482 Subsystem: 1043:880E
1013  |Info:    Registering I2C interface: /dev/i2c-0 Device 8086:43A3 Subsystem: 1462:7D07
1013  |Info:    Registering I2C interface: /dev/i2c-5 Device 10DE:2482 Subsystem: 1043:880E
1013  |Info:    ------------------------------------------------------
1013  |Info:    |               Detecting I2C devices                |
1013  |Info:    ------------------------------------------------------
1084  |Info:    [Corsair Vengeance Pro RGB] Registering RGB controller
1107  |Info:    [Corsair Vengeance Pro RGB] Registering RGB controller
1358  |Info:    ------------------------------------------------------
1358  |Info:    |               Detecting I2C PCI devices            |
1358  |Info:    ------------------------------------------------------
1569  |Info:    [ASUS ROG STRIX 3070Ti O8G GAMING] Registering RGB controller
1733  |Info:    ------------------------------------------------------
1733  |Info:    |               Detecting HID devices                |
1733  |Info:    ------------------------------------------------------
1885  |Info:    [Corsair Commander Core] Registering RGB controller
1956  |Info:    [MSI MPG Z590 GAMING EDGE WIFI (MS-7D07)] Registering RGB controller
2343  |Info:    [G502 HERO Gaming Mouse] Registering RGB controller
2354  |Info:    [Razer Goliathus] Registering RGB controller
2354  |Info:    ------------------------------------------------------
2354  |Info:    |            Detecting libusb HID devices            |
2354  |Info:    ------------------------------------------------------
2368  |Info:    [HyperX Quadcast S] Registering RGB controller
2368  |Info:    ------------------------------------------------------
2368  |Info:    |              Detecting other devices               |
2368  |Info:    ------------------------------------------------------
2372  |Info:    ------------------------------------------------------
2372  |Info:    |                Detection completed                 |
2372  |Info:    ------------------------------------------------------
8425  |Info:    Profile loading: Succeeded for Corsair Vengeance Pro RGB @ I2C: /dev/i2c-0, address 0x59
8425  |Info:    Profile loading: Succeeded for Corsair Vengeance Pro RGB @ I2C: /dev/i2c-0, address 0x5B
8425  |Info:    Profile loading: Succeeded for ASUS ROG STRIX 3070Ti O8G GAMING @ I2C: /dev/i2c-1, address 0x67
8425  |Info:    Profile loading: Succeeded for Corsair Commander Core @ HID: /dev/hidraw5
8425  |Info:    Profile loading: Succeeded for MSI MPG Z590 GAMING EDGE WIFI (MS-7D07) @ HID: /dev/hidraw0
8425  |Info:    Profile loading: Succeeded for G502 HERO Gaming Mouse @ HID: /dev/hidraw3 (Receiver) 
Wireless Index: 255
8425  |Info:    Profile loading: Succeeded for Razer Goliathus @ HID: /dev/hidraw8
8425  |Info:    Profile loading: FAILED! for HyperX Quadcast S @ 1-12.1:1.0
