    OpenRGB v0.9
    Commit:  from 
    Launched: 20240629_040926
====================================================================================================

0     |Info:    Found file: Main.orp attempting to validate header
0     |Info:    Valid v4 profile found for Main
1001  |Info:    ------------------------------------------------------
1001  |Info:    |               Start device detection               |
1001  |Info:    ------------------------------------------------------
1001  |Info:    Initializing HID interfaces: Success
1005  |Info:    ------------------------------------------------------
1005  |Info:    |             Detecting I2C interfaces               |
1005  |Info:    ------------------------------------------------------
1006  |Info:    Registering I2C interface: /dev/i2c-3 Device 10DE:2482 Subsystem: 1043:880E
1006  |Info:    Registering I2C interface: /dev/i2c-1 Device 10DE:2482 Subsystem: 1043:880E
1006  |Info:    Registering I2C interface: /dev/i2c-6 Device 8086:43A3 Subsystem: 1462:7D07
1006  |Info:    Registering I2C interface: /dev/i2c-4 Device 10DE:2482 Subsystem: 1043:880E
1006  |Info:    Registering I2C interface: /dev/i2c-2 Device 10DE:2482 Subsystem: 1043:880E
1006  |Info:    Registering I2C interface: /dev/i2c-0 Device 10DE:2482 Subsystem: 1043:880E
1006  |Info:    Registering I2C interface: /dev/i2c-5 Device 10DE:2482 Subsystem: 1043:880E
1006  |Info:    ------------------------------------------------------
1006  |Info:    |               Detecting I2C devices                |
1006  |Info:    ------------------------------------------------------
1078  |Info:    [Corsair Vengeance Pro RGB] Registering RGB controller
1100  |Info:    [Corsair Vengeance Pro RGB] Registering RGB controller
1337  |Info:    ------------------------------------------------------
1337  |Info:    |               Detecting I2C PCI devices            |
1337  |Info:    ------------------------------------------------------
1762  |Info:    [ASUS ROG STRIX 3070Ti O8G GAMING] Registering RGB controller
1803  |Info:    ------------------------------------------------------
1803  |Info:    |               Detecting HID devices                |
1803  |Info:    ------------------------------------------------------
1814  |Info:    [Razer Goliathus] Registering RGB controller
1923  |Info:    [Corsair Commander Core] Registering RGB controller
1995  |Info:    [MSI MPG Z590 GAMING EDGE WIFI (MS-7D07)] Registering RGB controller
2383  |Info:    [G502 HERO Gaming Mouse] Registering RGB controller
2383  |Info:    ------------------------------------------------------
2383  |Info:    |            Detecting libusb HID devices            |
2383  |Info:    ------------------------------------------------------
2397  |Info:    [HyperX Quadcast S] Registering RGB controller
2397  |Info:    ------------------------------------------------------
2397  |Info:    |              Detecting other devices               |
2397  |Info:    ------------------------------------------------------
2401  |Info:    ------------------------------------------------------
2401  |Info:    |                Detection completed                 |
2401  |Info:    ------------------------------------------------------
3984  |Info:    Profile loading: Succeeded for Corsair Vengeance Pro RGB @ I2C: /dev/i2c-6, address 0x59
3984  |Info:    Profile loading: Succeeded for Corsair Vengeance Pro RGB @ I2C: /dev/i2c-6, address 0x5B
3984  |Info:    Profile loading: Succeeded for ASUS ROG STRIX 3070Ti O8G GAMING @ I2C: /dev/i2c-0, address 0x67
3984  |Info:    Profile loading: Succeeded for Razer Goliathus @ HID: /dev/hidraw8
3984  |Info:    Profile loading: Succeeded for Corsair Commander Core @ HID: /dev/hidraw3
3984  |Info:    Profile loading: Succeeded for MSI MPG Z590 GAMING EDGE WIFI (MS-7D07) @ HID: /dev/hidraw0
3984  |Info:    Profile loading: Succeeded for G502 HERO Gaming Mouse @ HID: /dev/hidraw7 (Receiver) 
Wireless Index: 255
3984  |Info:    Profile loading: FAILED! for HyperX Quadcast S @ 1-12.1:1.0
