    OpenRGB v0.9
    Commit:  from 
    Launched: 20240427_085801
====================================================================================================

0     |Info:    Found file: Main.orp attempting to validate header
0     |Info:    Valid v4 profile found for Main
1001  |Info:    ------------------------------------------------------
1001  |Info:    |               Start device detection               |
1001  |Info:    ------------------------------------------------------
1001  |Info:    Initializing HID interfaces: Success
1006  |Info:    ------------------------------------------------------
1006  |Info:    |             Detecting I2C interfaces               |
1006  |Info:    ------------------------------------------------------
1006  |Info:    Registering I2C interface: /dev/i2c-3 Device 10DE:2482 Subsystem: 1043:880E
1006  |Info:    Registering I2C interface: /dev/i2c-1 Device 10DE:2482 Subsystem: 1043:880E
1006  |Info:    Registering I2C interface: /dev/i2c-6 Device 10DE:2482 Subsystem: 1043:880E
1006  |Info:    Registering I2C interface: /dev/i2c-4 Device 10DE:2482 Subsystem: 1043:880E
1006  |Info:    Registering I2C interface: /dev/i2c-2 Device 10DE:2482 Subsystem: 1043:880E
1006  |Info:    Registering I2C interface: /dev/i2c-0 Device 8086:43A3 Subsystem: 1462:7D07
1006  |Info:    Registering I2C interface: /dev/i2c-5 Device 10DE:2482 Subsystem: 1043:880E
1006  |Info:    ------------------------------------------------------
1006  |Info:    |               Detecting I2C devices                |
1006  |Info:    ------------------------------------------------------
1078  |Info:    [Corsair Vengeance Pro RGB] Registering RGB controller
1101  |Info:    [Corsair Vengeance Pro RGB] Registering RGB controller
1337  |Info:    ------------------------------------------------------
1337  |Info:    |               Detecting I2C PCI devices            |
1337  |Info:    ------------------------------------------------------
1548  |Info:    [ASUS ROG STRIX 3070Ti O8G GAMING] Registering RGB controller
1711  |Info:    ------------------------------------------------------
1711  |Info:    |               Detecting HID devices                |
1711  |Info:    ------------------------------------------------------
1842  |Info:    [Corsair Commander Core] Registering RGB controller
1911  |Info:    [MSI MPG Z590 GAMING EDGE WIFI (MS-7D07)] Registering RGB controller
2297  |Info:    [G502 HERO Gaming Mouse] Registering RGB controller
2308  |Info:    [Razer Goliathus] Registering RGB controller
2308  |Info:    ------------------------------------------------------
2308  |Info:    |            Detecting libusb HID devices            |
2308  |Info:    ------------------------------------------------------
2327  |Info:    [HyperX Quadcast S] Registering RGB controller
2327  |Info:    ------------------------------------------------------
2327  |Info:    |              Detecting other devices               |
2327  |Info:    ------------------------------------------------------
2331  |Info:    ------------------------------------------------------
2331  |Info:    |                Detection completed                 |
2331  |Info:    ------------------------------------------------------
4480  |Info:    Profile loading: Succeeded for Corsair Vengeance Pro RGB @ I2C: /dev/i2c-0, address 0x59
4480  |Info:    Profile loading: Succeeded for Corsair Vengeance Pro RGB @ I2C: /dev/i2c-0, address 0x5B
4480  |Info:    Profile loading: Succeeded for ASUS ROG STRIX 3070Ti O8G GAMING @ I2C: /dev/i2c-1, address 0x67
4480  |Info:    Profile loading: Succeeded for Corsair Commander Core @ HID: /dev/hidraw6
4480  |Info:    Profile loading: Succeeded for MSI MPG Z590 GAMING EDGE WIFI (MS-7D07) @ HID: /dev/hidraw0
4480  |Info:    Profile loading: Succeeded for G502 HERO Gaming Mouse @ HID: /dev/hidraw10 (Receiver) 
Wireless Index: 255
4480  |Info:    Profile loading: Succeeded for Razer Goliathus @ HID: /dev/hidraw4
4480  |Info:    Profile loading: FAILED! for HyperX Quadcast S @ 1-12.1:1.0
