    OpenRGB v0.9
    Commit:  from 
    Launched: 20240315_032703
====================================================================================================

0     |Info:    Found file: Main.orp attempting to validate header
0     |Info:    Valid v4 profile found for Main
1007  |Info:    ------------------------------------------------------
1007  |Info:    |               Start device detection               |
1007  |Info:    ------------------------------------------------------
1007  |Info:    Initializing HID interfaces: Success
1013  |Info:    ------------------------------------------------------
1013  |Info:    |             Detecting I2C interfaces               |
1013  |Info:    ------------------------------------------------------
1014  |Info:    Registering I2C interface: /dev/i2c-3 Device 10DE:2482 Subsystem: 1043:880E
1014  |Info:    Registering I2C interface: /dev/i2c-1 Device 10DE:2482 Subsystem: 1043:880E
1014  |Info:    Registering I2C interface: /dev/i2c-6 Device 10DE:2482 Subsystem: 1043:880E
1014  |Info:    Registering I2C interface: /dev/i2c-4 Device 10DE:2482 Subsystem: 1043:880E
1014  |Info:    Registering I2C interface: /dev/i2c-2 Device 10DE:2482 Subsystem: 1043:880E
1014  |Info:    Registering I2C interface: /dev/i2c-0 Device 8086:43A3 Subsystem: 1462:7D07
1014  |Info:    Registering I2C interface: /dev/i2c-5 Device 10DE:2482 Subsystem: 1043:880E
1014  |Info:    ------------------------------------------------------
1014  |Info:    |               Detecting I2C devices                |
1014  |Info:    ------------------------------------------------------
1086  |Info:    [Corsair Vengeance Pro RGB] Registering RGB controller
1108  |Info:    [Corsair Vengeance Pro RGB] Registering RGB controller
1364  |Info:    ------------------------------------------------------
1364  |Info:    |               Detecting I2C PCI devices            |
1364  |Info:    ------------------------------------------------------
1573  |Info:    [ASUS ROG STRIX 3070Ti O8G GAMING] Registering RGB controller
1735  |Info:    ------------------------------------------------------
1735  |Info:    |               Detecting HID devices                |
1735  |Info:    ------------------------------------------------------
1841  |Info:    [Corsair Commander Core] Registering RGB controller
1884  |Info:    [MSI MPG Z590 GAMING EDGE WIFI (MS-7D07)] Registering RGB controller
2466  |Info:    [G502 HERO Gaming Mouse] Registering RGB controller
2476  |Info:    [Razer Goliathus] Registering RGB controller
2476  |Info:    ------------------------------------------------------
2476  |Info:    |            Detecting libusb HID devices            |
2476  |Info:    ------------------------------------------------------
2497  |Info:    [HyperX Quadcast S] Registering RGB controller
2497  |Info:    ------------------------------------------------------
2497  |Info:    |              Detecting other devices               |
2497  |Info:    ------------------------------------------------------
2501  |Info:    ------------------------------------------------------
2501  |Info:    |                Detection completed                 |
2501  |Info:    ------------------------------------------------------
5122  |Info:    Profile loading: Succeeded for Corsair Vengeance Pro RGB @ I2C: /dev/i2c-0, address 0x59
5122  |Info:    Profile loading: Succeeded for Corsair Vengeance Pro RGB @ I2C: /dev/i2c-0, address 0x5B
5122  |Info:    Profile loading: Succeeded for ASUS ROG STRIX 3070Ti O8G GAMING @ I2C: /dev/i2c-1, address 0x67
5122  |Info:    Profile loading: Succeeded for Corsair Commander Core @ HID: /dev/hidraw5
5122  |Info:    Profile loading: Succeeded for MSI MPG Z590 GAMING EDGE WIFI (MS-7D07) @ HID: /dev/hidraw0
5122  |Info:    Profile loading: Succeeded for G502 HERO Gaming Mouse @ HID: /dev/hidraw3 (Receiver) 
Wireless Index: 255
5122  |Info:    Profile loading: Succeeded for Razer Goliathus @ HID: /dev/hidraw8
5122  |Info:    Profile loading: FAILED! for HyperX Quadcast S @ 1-12.1:1.0
