    OpenRGB v0.9
    Commit:  from 
    Launched: 20240722_094026
====================================================================================================

0     |Info:    Found file: Main.orp attempting to validate header
0     |Info:    Valid v4 profile found for Main
1008  |Info:    ------------------------------------------------------
1008  |Info:    |               Start device detection               |
1008  |Info:    ------------------------------------------------------
1008  |Info:    Initializing HID interfaces: Success
1027  |Info:    ------------------------------------------------------
1028  |Info:    |             Detecting I2C interfaces               |
1028  |Info:    ------------------------------------------------------
1032  |Info:    Registering I2C interface: /dev/i2c-3 Device 10DE:2482 Subsystem: 1043:880E
1032  |Info:    Registering I2C interface: /dev/i2c-1 Device 10DE:2482 Subsystem: 1043:880E
1032  |Info:    Registering I2C interface: /dev/i2c-6 Device 8086:43A3 Subsystem: 1462:7D07
1033  |Info:    Registering I2C interface: /dev/i2c-4 Device 10DE:2482 Subsystem: 1043:880E
1033  |Info:    Registering I2C interface: /dev/i2c-2 Device 10DE:2482 Subsystem: 1043:880E
1033  |Info:    Registering I2C interface: /dev/i2c-0 Device 10DE:2482 Subsystem: 1043:880E
1033  |Info:    Registering I2C interface: /dev/i2c-5 Device 10DE:2482 Subsystem: 1043:880E
1033  |Info:    ------------------------------------------------------
1033  |Info:    |               Detecting I2C devices                |
1033  |Info:    ------------------------------------------------------
1109  |Info:    [Corsair Vengeance Pro RGB] Registering RGB controller
1132  |Info:    [Corsair Vengeance Pro RGB] Registering RGB controller
1375  |Info:    ------------------------------------------------------
1375  |Info:    |               Detecting I2C PCI devices            |
1375  |Info:    ------------------------------------------------------
1842  |Info:    [ASUS ROG STRIX 3070Ti O8G GAMING] Registering RGB controller
1884  |Info:    ------------------------------------------------------
1884  |Info:    |               Detecting HID devices                |
1884  |Info:    ------------------------------------------------------
1895  |Info:    [Razer Goliathus] Registering RGB controller
2029  |Info:    [Corsair Commander Core] Registering RGB controller
2110  |Info:    [MSI MPG Z590 GAMING EDGE WIFI (MS-7D07)] Registering RGB controller
2498  |Info:    [G502 HERO Gaming Mouse] Registering RGB controller
2498  |Info:    ------------------------------------------------------
2498  |Info:    |            Detecting libusb HID devices            |
2498  |Info:    ------------------------------------------------------
2535  |Info:    [HyperX Quadcast S] Registering RGB controller
2535  |Info:    ------------------------------------------------------
2535  |Info:    |              Detecting other devices               |
2535  |Info:    ------------------------------------------------------
2539  |Info:    ------------------------------------------------------
2539  |Info:    |                Detection completed                 |
2539  |Info:    ------------------------------------------------------
3880  |Info:    Profile loading: Succeeded for Corsair Vengeance Pro RGB @ I2C: /dev/i2c-6, address 0x59
3880  |Info:    Profile loading: Succeeded for Corsair Vengeance Pro RGB @ I2C: /dev/i2c-6, address 0x5B
3880  |Info:    Profile loading: Succeeded for ASUS ROG STRIX 3070Ti O8G GAMING @ I2C: /dev/i2c-0, address 0x67
3880  |Info:    Profile loading: Succeeded for Razer Goliathus @ HID: /dev/hidraw8
3880  |Info:    Profile loading: Succeeded for Corsair Commander Core @ HID: /dev/hidraw5
3880  |Info:    Profile loading: Succeeded for MSI MPG Z590 GAMING EDGE WIFI (MS-7D07) @ HID: /dev/hidraw0
3880  |Info:    Profile loading: Succeeded for G502 HERO Gaming Mouse @ HID: /dev/hidraw3 (Receiver) 
Wireless Index: 255
3880  |Info:    Profile loading: FAILED! for HyperX Quadcast S @ 1-12.1:1.0
