    OpenRGB v0.9
    Commit:  from 
    Launched: 20240404_183111
====================================================================================================

0     |Info:    Found file: Main.orp attempting to validate header
0     |Info:    Valid v4 profile found for Main
1004  |Info:    ------------------------------------------------------
1004  |Info:    |               Start device detection               |
1004  |Info:    ------------------------------------------------------
1004  |Info:    Initializing HID interfaces: Success
1009  |Info:    ------------------------------------------------------
1009  |Info:    |             Detecting I2C interfaces               |
1009  |Info:    ------------------------------------------------------
1009  |Info:    Registering I2C interface: /dev/i2c-3 Device 10DE:2482 Subsystem: 1043:880E
1009  |Info:    Registering I2C interface: /dev/i2c-1 Device 10DE:2482 Subsystem: 1043:880E
1009  |Info:    Registering I2C interface: /dev/i2c-6 Device 8086:43A3 Subsystem: 1462:7D07
1009  |Info:    Registering I2C interface: /dev/i2c-4 Device 10DE:2482 Subsystem: 1043:880E
1009  |Info:    Registering I2C interface: /dev/i2c-2 Device 10DE:2482 Subsystem: 1043:880E
1009  |Info:    Registering I2C interface: /dev/i2c-0 Device 10DE:2482 Subsystem: 1043:880E
1009  |Info:    Registering I2C interface: /dev/i2c-5 Device 10DE:2482 Subsystem: 1043:880E
1009  |Info:    ------------------------------------------------------
1009  |Info:    |               Detecting I2C devices                |
1009  |Info:    ------------------------------------------------------
1081  |Info:    [Corsair Vengeance Pro RGB] Registering RGB controller
1103  |Info:    [Corsair Vengeance Pro RGB] Registering RGB controller
1340  |Info:    ------------------------------------------------------
1340  |Info:    |               Detecting I2C PCI devices            |
1340  |Info:    ------------------------------------------------------
1671  |Info:    [ASUS ROG STRIX 3070Ti O8G GAMING] Registering RGB controller
1712  |Info:    ------------------------------------------------------
1712  |Info:    |               Detecting HID devices                |
1712  |Info:    ------------------------------------------------------
1818  |Info:    [Corsair Commander Core] Registering RGB controller
1832  |Info:    [MSI MPG Z590 GAMING EDGE WIFI (MS-7D07)] Registering RGB controller
2220  |Info:    [G502 HERO Gaming Mouse] Registering RGB controller
2230  |Info:    [Razer Goliathus] Registering RGB controller
2230  |Info:    ------------------------------------------------------
2230  |Info:    |            Detecting libusb HID devices            |
2230  |Info:    ------------------------------------------------------
2244  |Info:    [HyperX Quadcast S] Registering RGB controller
2244  |Info:    ------------------------------------------------------
2244  |Info:    |              Detecting other devices               |
2244  |Info:    ------------------------------------------------------
2249  |Info:    ------------------------------------------------------
2249  |Info:    |                Detection completed                 |
2249  |Info:    ------------------------------------------------------
6987  |Info:    Profile loading: Succeeded for Corsair Vengeance Pro RGB @ I2C: /dev/i2c-6, address 0x59
6987  |Info:    Profile loading: Succeeded for Corsair Vengeance Pro RGB @ I2C: /dev/i2c-6, address 0x5B
6987  |Info:    Profile loading: Succeeded for ASUS ROG STRIX 3070Ti O8G GAMING @ I2C: /dev/i2c-0, address 0x67
6987  |Info:    Profile loading: Succeeded for Corsair Commander Core @ HID: /dev/hidraw5
6987  |Info:    Profile loading: Succeeded for MSI MPG Z590 GAMING EDGE WIFI (MS-7D07) @ HID: /dev/hidraw0
6987  |Info:    Profile loading: Succeeded for G502 HERO Gaming Mouse @ HID: /dev/hidraw3 (Receiver) 
Wireless Index: 255
6987  |Info:    Profile loading: Succeeded for Razer Goliathus @ HID: /dev/hidraw8
6987  |Info:    Profile loading: FAILED! for HyperX Quadcast S @ 1-12.1:1.0
