    OpenRGB v0.9
    Commit:  from 
    Launched: 20240315_202023
====================================================================================================

1     |Info:    Found file: Main.orp attempting to validate header
1     |Info:    Valid v4 profile found for Main
1007  |Info:    ------------------------------------------------------
1007  |Info:    |               Start device detection               |
1007  |Info:    ------------------------------------------------------
1007  |Info:    Initializing HID interfaces: Success
1016  |Info:    ------------------------------------------------------
1016  |Info:    |             Detecting I2C interfaces               |
1016  |Info:    ------------------------------------------------------
1016  |Info:    Registering I2C interface: /dev/i2c-3 Device 10DE:2482 Subsystem: 1043:880E
1016  |Info:    Registering I2C interface: /dev/i2c-1 Device 10DE:2482 Subsystem: 1043:880E
1016  |Info:    Registering I2C interface: /dev/i2c-6 Device 10DE:2482 Subsystem: 1043:880E
1016  |Info:    Registering I2C interface: /dev/i2c-4 Device 10DE:2482 Subsystem: 1043:880E
1016  |Info:    Registering I2C interface: /dev/i2c-2 Device 10DE:2482 Subsystem: 1043:880E
1016  |Info:    Registering I2C interface: /dev/i2c-0 Device 8086:43A3 Subsystem: 1462:7D07
1016  |Info:    Registering I2C interface: /dev/i2c-5 Device 10DE:2482 Subsystem: 1043:880E
1016  |Info:    ------------------------------------------------------
1016  |Info:    |               Detecting I2C devices                |
1016  |Info:    ------------------------------------------------------
1087  |Info:    [Corsair Vengeance Pro RGB] Registering RGB controller
1110  |Info:    [Corsair Vengeance Pro RGB] Registering RGB controller
1360  |Info:    ------------------------------------------------------
1360  |Info:    |               Detecting I2C PCI devices            |
1360  |Info:    ------------------------------------------------------
1570  |Info:    [ASUS ROG STRIX 3070Ti O8G GAMING] Registering RGB controller
1733  |Info:    ------------------------------------------------------
1733  |Info:    |               Detecting HID devices                |
1733  |Info:    ------------------------------------------------------
1888  |Info:    [Corsair Commander Core] Registering RGB controller
1958  |Info:    [MSI MPG Z590 GAMING EDGE WIFI (MS-7D07)] Registering RGB controller
2346  |Info:    [G502 HERO Gaming Mouse] Registering RGB controller
2356  |Info:    [Razer Goliathus] Registering RGB controller
2356  |Info:    ------------------------------------------------------
2356  |Info:    |            Detecting libusb HID devices            |
2356  |Info:    ------------------------------------------------------
2370  |Info:    [HyperX Quadcast S] Registering RGB controller
2370  |Info:    ------------------------------------------------------
2370  |Info:    |              Detecting other devices               |
2370  |Info:    ------------------------------------------------------
2374  |Info:    ------------------------------------------------------
2374  |Info:    |                Detection completed                 |
2374  |Info:    ------------------------------------------------------
4168  |Info:    Profile loading: Succeeded for Corsair Vengeance Pro RGB @ I2C: /dev/i2c-0, address 0x59
4168  |Info:    Profile loading: Succeeded for Corsair Vengeance Pro RGB @ I2C: /dev/i2c-0, address 0x5B
4168  |Info:    Profile loading: Succeeded for ASUS ROG STRIX 3070Ti O8G GAMING @ I2C: /dev/i2c-1, address 0x67
4168  |Info:    Profile loading: Succeeded for Corsair Commander Core @ HID: /dev/hidraw5
4168  |Info:    Profile loading: Succeeded for MSI MPG Z590 GAMING EDGE WIFI (MS-7D07) @ HID: /dev/hidraw0
4168  |Info:    Profile loading: Succeeded for G502 HERO Gaming Mouse @ HID: /dev/hidraw3 (Receiver) 
Wireless Index: 255
4168  |Info:    Profile loading: Succeeded for Razer Goliathus @ HID: /dev/hidraw8
4168  |Info:    Profile loading: FAILED! for HyperX Quadcast S @ 1-12.1:1.0
