    OpenRGB v0.9
    Commit:  from 
    Launched: 20240313_140135
====================================================================================================

0     |Info:    Found file: Main.orp attempting to validate header
1     |Info:    Valid v4 profile found for Main
1007  |Info:    ------------------------------------------------------
1007  |Info:    |               Start device detection               |
1007  |Info:    ------------------------------------------------------
1007  |Info:    Initializing HID interfaces: Success
1022  |Info:    ------------------------------------------------------
1022  |Info:    |             Detecting I2C interfaces               |
1022  |Info:    ------------------------------------------------------
1022  |Info:    Registering I2C interface: /dev/i2c-3 Device 10DE:2482 Subsystem: 1043:880E
1022  |Info:    Registering I2C interface: /dev/i2c-1 Device 10DE:2482 Subsystem: 1043:880E
1022  |Info:    Registering I2C interface: /dev/i2c-6 Device 10DE:2482 Subsystem: 1043:880E
1022  |Info:    Registering I2C interface: /dev/i2c-4 Device 10DE:2482 Subsystem: 1043:880E
1023  |Info:    Registering I2C interface: /dev/i2c-2 Device 10DE:2482 Subsystem: 1043:880E
1023  |Info:    Registering I2C interface: /dev/i2c-0 Device 8086:43A3 Subsystem: 1462:7D07
1023  |Info:    Registering I2C interface: /dev/i2c-5 Device 10DE:2482 Subsystem: 1043:880E
1023  |Info:    ------------------------------------------------------
1023  |Info:    |               Detecting I2C devices                |
1023  |Info:    ------------------------------------------------------
1094  |Info:    [Corsair Vengeance Pro RGB] Registering RGB controller
1117  |Info:    [Corsair Vengeance Pro RGB] Registering RGB controller
1367  |Info:    ------------------------------------------------------
1367  |Info:    |               Detecting I2C PCI devices            |
1367  |Info:    ------------------------------------------------------
1581  |Info:    [ASUS ROG STRIX 3070Ti O8G GAMING] Registering RGB controller
1743  |Info:    ------------------------------------------------------
1743  |Info:    |               Detecting HID devices                |
1743  |Info:    ------------------------------------------------------
1853  |Info:    [Corsair Commander Core] Registering RGB controller
1924  |Info:    [MSI MPG Z590 GAMING EDGE WIFI (MS-7D07)] Registering RGB controller
2312  |Info:    [G502 HERO Gaming Mouse] Registering RGB controller
2322  |Info:    [Razer Goliathus] Registering RGB controller
2322  |Info:    ------------------------------------------------------
2322  |Info:    |            Detecting libusb HID devices            |
2322  |Info:    ------------------------------------------------------
2343  |Info:    [HyperX Quadcast S] Registering RGB controller
2343  |Info:    ------------------------------------------------------
2343  |Info:    |              Detecting other devices               |
2343  |Info:    ------------------------------------------------------
2347  |Info:    ------------------------------------------------------
2347  |Info:    |                Detection completed                 |
2347  |Info:    ------------------------------------------------------
5599  |Info:    Profile loading: Succeeded for Corsair Vengeance Pro RGB @ I2C: /dev/i2c-0, address 0x59
5599  |Info:    Profile loading: Succeeded for Corsair Vengeance Pro RGB @ I2C: /dev/i2c-0, address 0x5B
5599  |Info:    Profile loading: Succeeded for ASUS ROG STRIX 3070Ti O8G GAMING @ I2C: /dev/i2c-1, address 0x67
5599  |Info:    Profile loading: Succeeded for Corsair Commander Core @ HID: /dev/hidraw10
5599  |Info:    Profile loading: Succeeded for MSI MPG Z590 GAMING EDGE WIFI (MS-7D07) @ HID: /dev/hidraw0
5599  |Info:    Profile loading: Succeeded for G502 HERO Gaming Mouse @ HID: /dev/hidraw3 (Receiver) 
Wireless Index: 255
5599  |Info:    Profile loading: Succeeded for Razer Goliathus @ HID: /dev/hidraw6
5599  |Info:    Profile loading: FAILED! for HyperX Quadcast S @ 1-12.1:1.0
