    OpenRGB v0.9
    Commit:  from 
    Launched: 20240114_134714
====================================================================================================

0     |Info:    Found file: Main.orp attempting to validate header
0     |Info:    Valid v4 profile found for Main
1002  |Info:    ------------------------------------------------------
1002  |Info:    |               Start device detection               |
1002  |Info:    ------------------------------------------------------
1003  |Info:    Initializing HID interfaces: Success
1019  |Info:    ------------------------------------------------------
1019  |Info:    |             Detecting I2C interfaces               |
1019  |Info:    ------------------------------------------------------
1019  |Info:    Registering I2C interface: /dev/i2c-3 Device 10DE:2482 Subsystem: 1043:880E
1019  |Info:    Registering I2C interface: /dev/i2c-1 Device 10DE:2482 Subsystem: 1043:880E
1019  |Info:    Registering I2C interface: /dev/i2c-6 Device 10DE:2482 Subsystem: 1043:880E
1019  |Info:    Registering I2C interface: /dev/i2c-4 Device 10DE:2482 Subsystem: 1043:880E
1019  |Info:    Registering I2C interface: /dev/i2c-2 Device 10DE:2482 Subsystem: 1043:880E
1019  |Info:    Registering I2C interface: /dev/i2c-0 Device 8086:43A3 Subsystem: 1462:7D07
1019  |Info:    Registering I2C interface: /dev/i2c-5 Device 10DE:2482 Subsystem: 1043:880E
1019  |Info:    ------------------------------------------------------
1019  |Info:    |               Detecting I2C devices                |
1019  |Info:    ------------------------------------------------------
1252  |Info:    [Corsair Vengeance Pro RGB] Registering RGB controller
1274  |Info:    [Corsair Vengeance Pro RGB] Registering RGB controller
1365  |Info:    ------------------------------------------------------
1365  |Info:    |               Detecting I2C PCI devices            |
1365  |Info:    ------------------------------------------------------
1619  |Info:    [ASUS ROG STRIX 3070Ti O8G GAMING] Registering RGB controller
1787  |Info:    ------------------------------------------------------
1787  |Info:    |               Detecting HID devices                |
1787  |Info:    ------------------------------------------------------
1800  |Info:    [KLM] Created new Full 104 key ISO QWERTY with 6 rows and 21 columns containing 105 keys
1800  |Info:    [Razer Cynosa Chroma V2] Registering RGB controller
2188  |Info:    [G502 HERO Gaming Mouse] Registering RGB controller
2299  |Info:    [Corsair Commander Core] Registering RGB controller
2369  |Info:    [MSI MPG Z590 GAMING EDGE WIFI (MS-7D07)] Registering RGB controller
2379  |Info:    [Razer Goliathus] Registering RGB controller
2379  |Info:    ------------------------------------------------------
2379  |Info:    |            Detecting libusb HID devices            |
2379  |Info:    ------------------------------------------------------
2395  |Info:    [HyperX Quadcast S] Registering RGB controller
2395  |Info:    ------------------------------------------------------
2395  |Info:    |              Detecting other devices               |
2395  |Info:    ------------------------------------------------------
2399  |Info:    ------------------------------------------------------
2399  |Info:    |                Detection completed                 |
2399  |Info:    ------------------------------------------------------
6260  |Info:    Profile loading: Succeeded for Corsair Vengeance Pro RGB @ I2C: /dev/i2c-0, address 0x59
6260  |Info:    Profile loading: Succeeded for Corsair Vengeance Pro RGB @ I2C: /dev/i2c-0, address 0x5B
6260  |Info:    Profile loading: Succeeded for ASUS ROG STRIX 3070Ti O8G GAMING @ I2C: /dev/i2c-1, address 0x67
6260  |Info:    Profile loading: Succeeded for Razer Cynosa Chroma V2 @ HID: /dev/hidraw8
6260  |Info:    Profile loading: Succeeded for G502 HERO Gaming Mouse @ HID: /dev/hidraw11 (Receiver) 
Wireless Index: 255
6260  |Info:    Profile loading: Succeeded for Corsair Commander Core @ HID: /dev/hidraw12
6260  |Info:    Profile loading: Succeeded for MSI MPG Z590 GAMING EDGE WIFI (MS-7D07) @ HID: /dev/hidraw0
6260  |Info:    Profile loading: Succeeded for Razer Goliathus @ HID: /dev/hidraw2
6260  |Info:    Profile loading: Succeeded for HyperX Quadcast S @ 1-4.1:1.0
