    OpenRGB v0.9
    Commit:  from 
    Launched: 20240204_132123
====================================================================================================

7     |Info:    Found file: Main.orp attempting to validate header
7     |Info:    Valid v4 profile found for Main
1013  |Info:    ------------------------------------------------------
1014  |Info:    |               Start device detection               |
1014  |Info:    ------------------------------------------------------
1014  |Info:    Initializing HID interfaces: Success
1021  |Info:    ------------------------------------------------------
1021  |Info:    |             Detecting I2C interfaces               |
1021  |Info:    ------------------------------------------------------
1021  |Info:    Registering I2C interface: /dev/i2c-3 Device 10DE:2482 Subsystem: 1043:880E
1021  |Info:    Registering I2C interface: /dev/i2c-1 Device 10DE:2482 Subsystem: 1043:880E
1021  |Info:    Registering I2C interface: /dev/i2c-6 Device 10DE:2482 Subsystem: 1043:880E
1021  |Info:    Registering I2C interface: /dev/i2c-4 Device 10DE:2482 Subsystem: 1043:880E
1021  |Info:    Registering I2C interface: /dev/i2c-2 Device 10DE:2482 Subsystem: 1043:880E
1021  |Info:    Registering I2C interface: /dev/i2c-0 Device 8086:43A3 Subsystem: 1462:7D07
1021  |Info:    Registering I2C interface: /dev/i2c-5 Device 10DE:2482 Subsystem: 1043:880E
1021  |Info:    ------------------------------------------------------
1021  |Info:    |               Detecting I2C devices                |
1021  |Info:    ------------------------------------------------------
1257  |Info:    [Corsair Vengeance Pro RGB] Registering RGB controller
1281  |Info:    [Corsair Vengeance Pro RGB] Registering RGB controller
1381  |Info:    ------------------------------------------------------
1381  |Info:    |               Detecting I2C PCI devices            |
1381  |Info:    ------------------------------------------------------
1697  |Info:    [ASUS ROG STRIX 3070Ti O8G GAMING] Registering RGB controller
1866  |Info:    ------------------------------------------------------
1866  |Info:    |               Detecting HID devices                |
1866  |Info:    ------------------------------------------------------
1880  |Info:    [KLM] Created new Full 104 key ISO QWERTY with 6 rows and 21 columns containing 105 keys
1880  |Info:    [Razer Cynosa Chroma V2] Registering RGB controller
2268  |Info:    [G502 HERO Gaming Mouse] Registering RGB controller
2373  |Info:    [Corsair Commander Core] Registering RGB controller
2446  |Info:    [MSI MPG Z590 GAMING EDGE WIFI (MS-7D07)] Registering RGB controller
2456  |Info:    [Razer Goliathus] Registering RGB controller
2456  |Info:    ------------------------------------------------------
2456  |Info:    |            Detecting libusb HID devices            |
2456  |Info:    ------------------------------------------------------
