2024-02-01 15:36:43 Loading main app package /tmp/.mount_ObsidiS5cjuM/resources/obsidian.asar
2024-02-01 15:36:43 Checking for update using Github
2024-02-01 15:36:43 Success.
2024-02-01 15:36:43 Latest version is 1.5.3
2024-02-01 15:36:43 App is up to date.
2024-02-01 15:39:58 Loading main app package /tmp/.mount_Obsidi8m5llH/resources/obsidian.asar
2024-02-01 15:39:59 Checking for update using Github
2024-02-01 15:39:59 Success.
2024-02-01 15:39:59 Latest version is 1.5.3
2024-02-01 15:39:59 App is up to date.
2024-02-01 15:40:07 Loading main app package /tmp/.mount_Obsidi58HEhG/resources/obsidian.asar
2024-02-01 15:40:07 Checking for update using Github
2024-02-01 15:40:07 Success.
2024-02-01 15:40:07 Latest version is 1.5.3
2024-02-01 15:40:07 App is up to date.
2024-02-01 15:43:21 Loading main app package /tmp/.mount_ObsidiThuHbA/resources/obsidian.asar
2024-02-01 15:43:21 Checking for update using Github
2024-02-01 15:43:21 Success.
2024-02-01 15:43:21 Latest version is 1.5.3
2024-02-01 15:43:21 App is up to date.
2024-02-01 16:43:21 Checking for update using Github
2024-02-01 16:43:21 Success.
2024-02-01 16:43:21 Latest version is 1.5.3
2024-02-01 16:43:21 App is up to date.
2024-02-01 17:43:21 Checking for update using Github
2024-02-01 17:43:21 Success.
2024-02-01 17:43:21 Latest version is 1.5.3
2024-02-01 17:43:21 App is up to date.
2024-02-01 18:43:21 Checking for update using Github
2024-02-01 18:43:21 Success.
2024-02-01 18:43:21 Latest version is 1.5.3
2024-02-01 18:43:21 App is up to date.
2024-02-01 19:43:21 Checking for update using Github
2024-02-01 19:43:21 Success.
2024-02-01 19:43:21 Latest version is 1.5.3
2024-02-01 19:43:21 App is up to date.
2024-02-02 12:55:29 Loading main app package /tmp/.mount_ObsidiCWnSBx/resources/obsidian.asar
2024-02-02 12:55:29 Checking for update using Github
2024-02-02 12:55:29 Success.
2024-02-02 12:55:29 Latest version is 1.5.3
2024-02-02 12:55:29 App is up to date.
2024-02-02 13:55:29 Checking for update using Github
2024-02-02 13:55:29 Success.
2024-02-02 13:55:29 Latest version is 1.5.3
2024-02-02 13:55:29 App is up to date.
2024-02-02 14:55:29 Checking for update using Github
2024-02-02 14:55:29 Success.
2024-02-02 14:55:29 Latest version is 1.5.3
2024-02-02 14:55:29 App is up to date.
2024-02-02 15:55:29 Checking for update using Github
2024-02-02 15:55:29 Success.
2024-02-02 15:55:29 Latest version is 1.5.3
2024-02-02 15:55:29 App is up to date.
2024-02-04 01:28:34 Loading main app package /tmp/.mount_ObsidiXOsNgb/resources/obsidian.asar
2024-02-04 01:28:34 Checking for update using Github
2024-02-04 01:28:34 Success.
2024-02-04 01:28:34 Latest version is 1.5.3
2024-02-04 01:28:34 App is up to date.
2024-02-04 02:28:34 Checking for update using Github
2024-02-04 02:28:34 Success.
2024-02-04 02:28:34 Latest version is 1.5.3
2024-02-04 02:28:34 App is up to date.
2024-02-05 00:43:13 Loading main app package /tmp/.mount_Obsidir1uuG6/resources/obsidian.asar
2024-02-05 00:43:13 Checking for update using Github
2024-02-05 00:43:13 Success.
2024-02-05 00:43:13 Latest version is 1.5.3
2024-02-05 00:43:13 App is up to date.
2024-02-05 01:43:13 Checking for update using Github
2024-02-05 01:43:13 Success.
2024-02-05 01:43:13 Latest version is 1.5.3
2024-02-05 01:43:13 App is up to date.
2024-02-05 02:43:13 Checking for update using Github
2024-02-05 02:43:13 Success.
2024-02-05 02:43:13 Latest version is 1.5.3
2024-02-05 02:43:13 App is up to date.
2024-02-13 00:39:42 Loading main app package /tmp/.mount_ObsidiLny3Ea/resources/obsidian.asar
2024-02-13 00:39:43 Checking for update using Github
2024-02-13 00:39:43 Success.
2024-02-13 00:39:43 Latest version is 1.5.3
2024-02-13 00:39:43 App is up to date.
2024-02-13 01:39:43 Checking for update using Github
2024-02-13 01:39:43 Success.
2024-02-13 01:39:43 Latest version is 1.5.3
2024-02-13 01:39:43 App is up to date.
2024-02-13 02:39:43 Checking for update using Github
2024-02-13 02:39:43 Success.
2024-02-13 02:39:43 Latest version is 1.5.3
2024-02-13 02:39:43 App is up to date.
2024-02-13 03:39:43 Checking for update using Github
2024-02-13 03:39:43 Success.
2024-02-13 03:39:43 Latest version is 1.5.3
2024-02-13 03:39:43 App is up to date.
2024-02-13 04:39:43 Checking for update using Github
2024-02-13 04:39:43 Success.
2024-02-13 04:39:43 Latest version is 1.5.3
2024-02-13 04:39:43 App is up to date.
2024-02-13 05:39:43 Checking for update using Github
2024-02-13 05:39:43 Success.
2024-02-13 05:39:43 Latest version is 1.5.3
2024-02-13 05:39:43 App is up to date.
2024-02-13 06:39:43 Checking for update using Github
2024-02-13 06:39:43 Success.
2024-02-13 06:39:43 Latest version is 1.5.3
2024-02-13 06:39:43 App is up to date.
2024-02-13 07:39:43 Checking for update using Github
2024-02-13 07:39:43 Success.
2024-02-13 07:39:43 Latest version is 1.5.3
2024-02-13 07:39:43 App is up to date.
2024-02-13 08:39:43 Checking for update using Github
2024-02-13 08:39:43 Success.
2024-02-13 08:39:43 Latest version is 1.5.3
2024-02-13 08:39:43 App is up to date.
2024-02-13 09:39:43 Checking for update using Github
2024-02-13 09:39:43 Success.
2024-02-13 09:39:43 Latest version is 1.5.3
2024-02-13 09:39:43 App is up to date.
2024-02-15 07:14:08 Loading main app package /tmp/.mount_Obsidinzfpf4/resources/obsidian.asar
2024-02-15 07:14:08 Checking for update using Github
2024-02-15 07:14:08 Success.
2024-02-15 07:14:08 Latest version is 1.5.3
2024-02-15 07:14:08 App is up to date.
2024-02-19 11:30:03 Loading main app package /tmp/.mount_Obsidi4MEfoV/resources/obsidian.asar
2024-02-19 11:30:04 Checking for update using Github
2024-02-19 11:30:04 Success.
2024-02-19 11:30:04 Latest version is 1.5.3
2024-02-19 11:30:04 App is up to date.
2024-02-20 05:42:36 Loading main app package /tmp/.mount_ObsidizFACvI/resources/obsidian.asar
2024-02-20 05:42:37 Checking for update using Github
2024-02-20 05:42:37 Success.
2024-02-20 05:42:37 Latest version is 1.5.3
2024-02-20 05:42:37 App is up to date.
2024-02-20 06:42:36 Checking for update using Github
2024-02-20 06:42:36 Success.
2024-02-20 06:42:36 Latest version is 1.5.3
2024-02-20 06:42:36 App is up to date.
2024-02-20 07:42:36 Checking for update using Github
2024-02-20 07:42:36 Success.
2024-02-20 07:42:36 Latest version is 1.5.3
2024-02-20 07:42:36 App is up to date.
2024-02-20 08:42:37 Checking for update using Github
2024-02-20 08:42:37 Success.
2024-02-20 08:42:37 Latest version is 1.5.3
2024-02-20 08:42:37 App is up to date.
2024-02-20 09:42:37 Checking for update using Github
2024-02-20 09:42:37 Success.
2024-02-20 09:42:37 Latest version is 1.5.3
2024-02-20 09:42:37 App is up to date.
2024-02-20 10:42:37 Checking for update using Github
2024-02-20 10:42:37 Success.
2024-02-20 10:42:37 Latest version is 1.5.3
2024-02-20 10:42:37 App is up to date.
2024-02-20 11:42:37 Checking for update using Github
2024-02-20 11:42:37 Success.
2024-02-20 11:42:37 Latest version is 1.5.3
2024-02-20 11:42:37 App is up to date.
2024-02-20 12:42:37 Checking for update using Github
2024-02-20 12:42:37 Success.
2024-02-20 12:42:37 Latest version is 1.5.3
2024-02-20 12:42:37 App is up to date.
2024-02-20 13:42:37 Checking for update using Github
2024-02-20 13:42:37 Success.
2024-02-20 13:42:37 Latest version is 1.5.3
2024-02-20 13:42:37 App is up to date.
2024-02-26 14:04:07 Loading main app package /tmp/.mount_ObsidiyyidKw/resources/obsidian.asar
2024-02-26 14:04:07 Checking for update using Github
2024-02-26 14:04:07 Success.
2024-02-26 14:04:07 Latest version is 1.5.8
2024-02-26 14:04:07 Downloading update from https://github.com/obsidianmd/obsidian-releases/releases/download/v1.5.8/obsidian-1.5.8.asar.gz
2024-02-26 14:04:08 Verifying hash & signature. Size= 8652806
2024-02-26 14:04:08 Saving file
2024-02-26 14:04:08 Update complete.
2024-02-27 09:21:12 Loading updated app package /home/BNN/.config/obsidian/obsidian-1.5.8.asar
2024-02-27 09:21:12 Checking for update using Github
2024-02-27 09:21:13 Success.
2024-02-27 09:21:13 Latest version is 1.5.8
2024-02-27 09:21:13 App is up to date.
2024-03-02 12:01:25 Loading main app package /usr/lib/obsidian/obsidian.asar
2024-03-02 12:01:25 Checking for update using Github
2024-03-02 12:01:25 Success.
2024-03-02 12:01:25 Latest version is 1.5.8
2024-03-02 12:01:25 App is up to date.
2024-03-02 15:59:02 Loading main app package /usr/lib/obsidian/obsidian.asar
2024-03-02 15:59:03 Checking for update using Github
2024-03-02 15:59:03 Success.
2024-03-02 15:59:03 Latest version is 1.5.8
2024-03-02 15:59:03 App is up to date.
